7.6409 	EXP 	Created window1 = Window(allowGUI=True, allowStencil=False, autoLog=True, bitsMode=UNKNOWN, blendMode='avg', color=array([ 0.,  0.,  0.]), colorSpace='rgb', fullscr=UNKNOWN, gamma=None, lms=UNKNOWN, monitor=<psychopy.monitors.calibTools.Monitor object at 0x07A7A9F0>, multiSample=False, name='window1', numSamples=2, pos=[0, 0], screen=0, size=array([1920, 1080]), stereo=False, units=u'norm', useFBO=True, useRetina=False, viewOri=0.0, viewPos=None, viewScale=None, waitBlanking=True, winType='pyglet')
7.6410 	EXP 	window1: recordFrameIntervals = False
7.8063 	EXP 	window1: recordFrameIntervals = True
7.9900 	EXP 	window1: recordFrameIntervals = False
8.2868 	EXP 	Created Instructions = TextStim(alignHoriz='center', alignVert='center', antialias=True, autoLog=True, bold=False, color='white', colorSpace='named', contrast=1.0, depth=0.0, flipHoriz=False, flipVert=False, font='Arial', fontFiles=[], height=0.1, italic=False, name='Instructions', opacity=1.0, ori=0, pos=array([ 0.,  0.]), rgb=array([ 255.,  255.,  255.]), text=unicode(...), units=u'norm', win=Window(...), wrapWidth=1)
8.2984 	EXP 	Created leftbox = TextStim(alignHoriz='center', alignVert='center', antialias=True, autoLog=True, bold=False, color='white', colorSpace='named', contrast=1.0, depth=0.0, flipHoriz=False, flipVert=False, font='Times New Roman', fontFiles=[], height=0.094, italic=False, name='leftbox', opacity=1.0, ori=0, pos=array([ 0.5,  0.1]), rgb=array([ 255.,  255.,  255.]), text=u'default text', units=u'norm', win=Window(...), wrapWidth=1)
8.3024 	EXP 	Created rightbox = TextStim(alignHoriz='center', alignVert='center', antialias=True, autoLog=True, bold=False, color='white', colorSpace='named', contrast=1.0, depth=-1.0, flipHoriz=False, flipVert=False, font='Times New Roman', fontFiles=[], height=0.094, italic=False, name='rightbox', opacity=1.0, ori=0, pos=array([-0.5,  0.1]), rgb=array([ 255.,  255.,  255.]), text=u'default text', units=u'norm', win=Window(...), wrapWidth=1)
8.3074 	EXP 	Created money1 = TextStim(alignHoriz='center', alignVert='center', antialias=True, autoLog=True, bold=False, color='white', colorSpace='named', contrast=1.0, depth=-3.0, flipHoriz=False, flipVert=False, font='Arial', fontFiles=[], height=0.1, italic=False, name='money1', opacity=1.0, ori=0, pos=array([ 0.5, -0.5]), rgb=array([ 255.,  255.,  255.]), text=u'default text', units=u'norm', win=Window(...), wrapWidth=1)
8.3113 	EXP 	Created money2 = TextStim(alignHoriz='center', alignVert='center', antialias=True, autoLog=True, bold=False, color='white', colorSpace='named', contrast=1.0, depth=-4.0, flipHoriz=False, flipVert=False, font='Arial', fontFiles=[], height=0.1, italic=False, name='money2', opacity=1.0, ori=0, pos=array([-0.5, -0.5]), rgb=array([ 255.,  255.,  255.]), text=u'default text', units=u'norm', win=Window(...), wrapWidth=1)
8.3118 	EXP 	Created blank = TextStim(alignHoriz='center', alignVert='center', antialias=True, autoLog=True, bold=False, color='white', colorSpace='named', contrast=1.0, depth=-6.0, flipHoriz=False, flipVert=False, font='Arial', fontFiles=[], height=0.1, italic=False, name='blank', opacity=1.0, ori=0, pos=array([ 0.,  0.]), rgb=array([ 255.,  255.,  255.]), text='', units=u'norm', win=Window(...), wrapWidth=1)
8.3147 	EXP 	Created text_3 = TextStim(alignHoriz='center', alignVert='center', antialias=True, autoLog=True, bold=False, color='white', colorSpace='named', contrast=1.0, depth=0.0, flipHoriz=False, flipVert=False, font='Arial', fontFiles=[], height=0.1, italic=False, name='text_3', opacity=1.0, ori=0, pos=array([ 0.,  0.]), rgb=array([ 255.,  255.,  255.]), text=u'+', units=u'norm', win=Window(...), wrapWidth=1)
8.3185 	EXP 	Created leftbox1 = TextStim(alignHoriz='center', alignVert='center', antialias=True, autoLog=True, bold=False, color='white', colorSpace='named', contrast=1.0, depth=0.0, flipHoriz=False, flipVert=False, font='Times New Roman', fontFiles=[], height=0.094, italic=False, name='leftbox1', opacity=1.0, ori=0, pos=array([ 0.5,  0.1]), rgb=array([ 255.,  255.,  255.]), text=u'default text', units=u'norm', win=Window(...), wrapWidth=1)
8.3226 	EXP 	Created rightbox1 = TextStim(alignHoriz='center', alignVert='center', antialias=True, autoLog=True, bold=False, color='white', colorSpace='named', contrast=1.0, depth=-1.0, flipHoriz=False, flipVert=False, font='Times New Roman', fontFiles=[], height=0.094, italic=False, name='rightbox1', opacity=1.0, ori=0, pos=array([-0.5,  0.1]), rgb=array([ 255.,  255.,  255.]), text=u'default text', units=u'norm', win=Window(...), wrapWidth=1)
8.3264 	EXP 	Created money3 = TextStim(alignHoriz='center', alignVert='center', antialias=True, autoLog=True, bold=False, color='white', colorSpace='named', contrast=1.0, depth=-3.0, flipHoriz=False, flipVert=False, font='Arial', fontFiles=[], height=0.1, italic=False, name='money3', opacity=1.0, ori=0, pos=array([ 0.5, -0.5]), rgb=array([ 255.,  255.,  255.]), text=u'default text', units=u'norm', win=Window(...), wrapWidth=1)
8.3302 	EXP 	Created money4 = TextStim(alignHoriz='center', alignVert='center', antialias=True, autoLog=True, bold=False, color='white', colorSpace='named', contrast=1.0, depth=-4.0, flipHoriz=False, flipVert=False, font='Arial', fontFiles=[], height=0.1, italic=False, name='money4', opacity=1.0, ori=0, pos=array([-0.5, -0.5]), rgb=array([ 255.,  255.,  255.]), text=u'default text', units=u'norm', win=Window(...), wrapWidth=1)
8.3308 	EXP 	Created blank1 = TextStim(alignHoriz='center', alignVert='center', antialias=True, autoLog=True, bold=False, color='white', colorSpace='named', contrast=1.0, depth=-6.0, flipHoriz=False, flipVert=False, font='Arial', fontFiles=[], height=0.1, italic=False, name='blank1', opacity=1.0, ori=0, pos=array([ 0.,  0.]), rgb=array([ 255.,  255.,  255.]), text='', units=u'norm', win=Window(...), wrapWidth=1)
8.3328 	EXP 	Created text4 = TextStim(alignHoriz='center', alignVert='center', antialias=True, autoLog=True, bold=False, color='white', colorSpace='named', contrast=1.0, depth=0.0, flipHoriz=False, flipVert=False, font='Arial', fontFiles=[], height=0.1, italic=False, name='text4', opacity=1.0, ori=0, pos=array([ 0.,  0.]), rgb=array([ 255.,  255.,  255.]), text=u'+', units=u'norm', win=Window(...), wrapWidth=1)
8.3367 	EXP 	Created ty = TextStim(alignHoriz='center', alignVert='center', antialias=True, autoLog=True, bold=False, color='white', colorSpace='named', contrast=1.0, depth=0.0, flipHoriz=False, flipVert=False, font='Arial', fontFiles=[], height=0.1, italic=False, name='ty', opacity=1.0, ori=0, pos=array([ 0.,  0.]), rgb=array([ 255.,  255.,  255.]), text=u'default text', units=u'norm', win=Window(...), wrapWidth=1)
8.3493 	EXP 	Created Question1 = TextStim(alignHoriz='center', alignVert='center', antialias=True, autoLog=True, bold=False, color='white', colorSpace='named', contrast=1.0, depth=0.0, flipHoriz=False, flipVert=False, font='Arial', fontFiles=[], height=0.1, italic=False, name='Question1', opacity=1.0, ori=0, pos=array([ 0. ,  0.3]), rgb=array([ 255.,  255.,  255.]), text=unicode(...), units=u'norm', win=Window(...), wrapWidth=1)
8.3601 	EXP 	Created scale_msg1 = TextStim(alignHoriz='center', alignVert='center', antialias=True, autoLog=True, bold=False, color='white', colorSpace='named', contrast=1.0, depth=-1.0, flipHoriz=False, flipVert=False, font='Arial', fontFiles=[], height=0.07, italic=False, name='scale_msg1', opacity=1.0, ori=0, pos=array([-0.5, -0.3]), rgb=array([ 255.,  255.,  255.]), text=u'Very Unlikely (1)', units=u'norm', win=Window(...), wrapWidth=1)
8.3654 	EXP 	Created scale_msg2 = TextStim(alignHoriz='center', alignVert='center', antialias=True, autoLog=True, bold=False, color='white', colorSpace='named', contrast=1.0, depth=-2.0, flipHoriz=False, flipVert=False, font='Arial', fontFiles=[], height=0.07, italic=False, name='scale_msg2', opacity=1.0, ori=0, pos=array([ 0.5, -0.3]), rgb=array([ 255.,  255.,  255.]), text=u'Very Likely (7)', units=u'norm', win=Window(...), wrapWidth=1)
8.3700 	EXP 	Created scale_msg3 = TextStim(alignHoriz='center', alignVert='center', antialias=True, autoLog=True, bold=False, color='white', colorSpace='named', contrast=1.0, depth=-3.0, flipHoriz=False, flipVert=False, font='Arial', fontFiles=[], height=0.07, italic=False, name='scale_msg3', opacity=1.0, ori=0, pos=array([ 0. , -0.3]), rgb=array([ 255.,  255.,  255.]), text=u'Neutral', units=u'norm', win=Window(...), wrapWidth=1)
8.6636 	EXP 	Created rating = RatingScale(acceptKeys=['return'], acceptPreText=UNKNOWN, acceptSize=UNKNOWN, acceptText=u'accept?', autoLog=True, choices=False, depth=0, disappear=False, flipVert=False, high=7, kwargs=UNKNOWN, labels=list(...), leftKeys=['left'], lineColor='White', low=1, marker=ShapeStim(...), markerColor='DarkBlue', markerExpansion=UNKNOWN, markerStart=None, maxTime=0.0, minTime=0.4, mouseOnly=False, name='rating', noMouse=False, pos=[0.0, -0.4], precision=1, respKeys=['1', '2', '3', '4', '5', '6', '7'], rightKeys=['right'], scale='', self=UNKNOWN, showAccept=True, showValue=True, singleClick=False, size=0.8999999999999999, skipKeys=['tab'], stretch=1.0, textColor='LightGray', textFont='Helvetica Bold', textSize=0.18, tickHeight=1.0, tickMarks=6.0, win=Window(...))
8.6757 	EXP 	Created Question2 = TextStim(alignHoriz='center', alignVert='center', antialias=True, autoLog=True, bold=False, color='white', colorSpace='named', contrast=1.0, depth=0.0, flipHoriz=False, flipVert=False, font='Arial', fontFiles=[], height=0.1, italic=False, name='Question2', opacity=1.0, ori=0, pos=array([ 0. ,  0.3]), rgb=array([ 255.,  255.,  255.]), text=unicode(...), units=u'norm', win=Window(...), wrapWidth=1)
8.6810 	EXP 	Created scale1 = TextStim(alignHoriz='center', alignVert='center', antialias=True, autoLog=True, bold=False, color='white', colorSpace='named', contrast=1.0, depth=-1.0, flipHoriz=False, flipVert=False, font='Arial', fontFiles=[], height=0.07, italic=False, name='scale1', opacity=1.0, ori=0, pos=array([-0.5, -0.3]), rgb=array([ 255.,  255.,  255.]), text=u'Very Unlikely (1)', units=u'norm', win=Window(...), wrapWidth=1)
8.6841 	EXP 	Created scale2 = TextStim(alignHoriz='center', alignVert='center', antialias=True, autoLog=True, bold=False, color='white', colorSpace='named', contrast=1.0, depth=-2.0, flipHoriz=False, flipVert=False, font='Arial', fontFiles=[], height=0.07, italic=False, name='scale2', opacity=1.0, ori=0, pos=array([ 0. , -0.3]), rgb=array([ 255.,  255.,  255.]), text=u'Neutral', units=u'norm', win=Window(...), wrapWidth=1)
8.6882 	EXP 	Created text = TextStim(alignHoriz='center', alignVert='center', antialias=True, autoLog=True, bold=False, color='white', colorSpace='named', contrast=1.0, depth=-3.0, flipHoriz=False, flipVert=False, font='Arial', fontFiles=[], height=0.07, italic=False, name='text', opacity=1.0, ori=0, pos=array([ 0.5, -0.3]), rgb=array([ 255.,  255.,  255.]), text=u'Very Likely (7)', units=u'norm', win=Window(...), wrapWidth=1)
8.7017 	EXP 	Created rating_2 = RatingScale(acceptKeys=['return'], acceptPreText=UNKNOWN, acceptSize=UNKNOWN, acceptText=u'accept?', autoLog=True, choices=False, depth=0, disappear=False, flipVert=False, high=7, kwargs=UNKNOWN, labels=list(...), leftKeys=['left'], lineColor='White', low=1, marker=ShapeStim(...), markerColor='DarkBlue', markerExpansion=UNKNOWN, markerStart=None, maxTime=0.0, minTime=0.4, mouseOnly=False, name='rating_2', noMouse=False, pos=[0.0, -0.4], precision=1, respKeys=['1', '2', '3', '4', '5', '6', '7'], rightKeys=['right'], scale='', self=UNKNOWN, showAccept=True, showValue=True, singleClick=False, size=0.8999999999999999, skipKeys=['tab'], stretch=1.0, textColor='LightGray', textFont='Helvetica Bold', textSize=0.18, tickHeight=1.0, tickMarks=6.0, win=Window(...))
8.7147 	EXP 	Created Question3 = TextStim(alignHoriz='center', alignVert='center', antialias=True, autoLog=True, bold=False, color='white', colorSpace='named', contrast=1.0, depth=0.0, flipHoriz=False, flipVert=False, font='Arial', fontFiles=[], height=0.1, italic=False, name='Question3', opacity=1.0, ori=0, pos=array([ 0. ,  0.3]), rgb=array([ 255.,  255.,  255.]), text=unicode(...), units=u'norm', win=Window(...), wrapWidth=1)
8.7191 	EXP 	Created scalemsg1 = TextStim(alignHoriz='center', alignVert='center', antialias=True, autoLog=True, bold=False, color='white', colorSpace='named', contrast=1.0, depth=-1.0, flipHoriz=False, flipVert=False, font='Arial', fontFiles=[], height=0.07, italic=False, name='scalemsg1', opacity=1.0, ori=0, pos=array([-0.5, -0.3]), rgb=array([ 255.,  255.,  255.]), text=u'Very Unlikely (1)', units=u'norm', win=Window(...), wrapWidth=1)
8.7222 	EXP 	Created text_2 = TextStim(alignHoriz='center', alignVert='center', antialias=True, autoLog=True, bold=False, color='white', colorSpace='named', contrast=1.0, depth=-2.0, flipHoriz=False, flipVert=False, font='Arial', fontFiles=[], height=0.07, italic=False, name='text_2', opacity=1.0, ori=0, pos=array([ 0. , -0.3]), rgb=array([ 255.,  255.,  255.]), text=u'Neutral', units=u'norm', win=Window(...), wrapWidth=1)
8.7263 	EXP 	Created text_4 = TextStim(alignHoriz='center', alignVert='center', antialias=True, autoLog=True, bold=False, color='white', colorSpace='named', contrast=1.0, depth=-3.0, flipHoriz=False, flipVert=False, font='Arial', fontFiles=[], height=0.07, italic=False, name='text_4', opacity=1.0, ori=0, pos=array([ 0.5, -0.3]), rgb=array([ 255.,  255.,  255.]), text=u'Very Likely (7)', units=u'norm', win=Window(...), wrapWidth=1)
8.7408 	EXP 	Created rating_3 = RatingScale(acceptKeys=['return'], acceptPreText=UNKNOWN, acceptSize=UNKNOWN, acceptText=u'accept?', autoLog=True, choices=False, depth=0, disappear=False, flipVert=False, high=7, kwargs=UNKNOWN, labels=list(...), leftKeys=['left'], lineColor='White', low=1, marker=ShapeStim(...), markerColor='DarkBlue', markerExpansion=UNKNOWN, markerStart=None, maxTime=0.0, minTime=0.4, mouseOnly=False, name='rating_3', noMouse=False, pos=[0.0, -0.4], precision=1, respKeys=['1', '2', '3', '4', '5', '6', '7'], rightKeys=['right'], scale='', self=UNKNOWN, showAccept=True, showValue=True, singleClick=False, size=0.8999999999999999, skipKeys=['tab'], stretch=1.0, textColor='LightGray', textFont='Helvetica Bold', textSize=0.18, tickHeight=1.0, tickMarks=6.0, win=Window(...))
8.7539 	EXP 	Created Question4 = TextStim(alignHoriz='center', alignVert='center', antialias=True, autoLog=True, bold=False, color='white', colorSpace='named', contrast=1.0, depth=0.0, flipHoriz=False, flipVert=False, font='Arial', fontFiles=[], height=0.1, italic=False, name='Question4', opacity=1.0, ori=0, pos=array([ 0. ,  0.3]), rgb=array([ 255.,  255.,  255.]), text=unicode(...), units=u'norm', win=Window(...), wrapWidth=1)
8.7584 	EXP 	Created scales1 = TextStim(alignHoriz='center', alignVert='center', antialias=True, autoLog=True, bold=False, color='white', colorSpace='named', contrast=1.0, depth=-1.0, flipHoriz=False, flipVert=False, font='Arial', fontFiles=[], height=0.07, italic=False, name='scales1', opacity=1.0, ori=0, pos=array([-0.5, -0.3]), rgb=array([ 255.,  255.,  255.]), text=u'Very Unlikely (1)', units=u'norm', win=Window(...), wrapWidth=1)
8.7613 	EXP 	Created scales2 = TextStim(alignHoriz='center', alignVert='center', antialias=True, autoLog=True, bold=False, color='white', colorSpace='named', contrast=1.0, depth=-2.0, flipHoriz=False, flipVert=False, font='Arial', fontFiles=[], height=0.07, italic=False, name='scales2', opacity=1.0, ori=0, pos=array([ 0. , -0.3]), rgb=array([ 255.,  255.,  255.]), text=u'Neutral', units=u'norm', win=Window(...), wrapWidth=1)
8.7653 	EXP 	Created scales3 = TextStim(alignHoriz='center', alignVert='center', antialias=True, autoLog=True, bold=False, color='white', colorSpace='named', contrast=1.0, depth=-3.0, flipHoriz=False, flipVert=False, font='Arial', fontFiles=[], height=0.07, italic=False, name='scales3', opacity=1.0, ori=0, pos=array([ 0.5, -0.3]), rgb=array([ 255.,  255.,  255.]), text=u'Very Likely (7)', units=u'norm', win=Window(...), wrapWidth=1)
8.7787 	EXP 	Created rating_4 = RatingScale(acceptKeys=['return'], acceptPreText=UNKNOWN, acceptSize=UNKNOWN, acceptText=u'accept?', autoLog=True, choices=False, depth=0, disappear=False, flipVert=False, high=7, kwargs=UNKNOWN, labels=list(...), leftKeys=['left'], lineColor='White', low=1, marker=ShapeStim(...), markerColor='DarkBlue', markerExpansion=UNKNOWN, markerStart=None, maxTime=0.0, minTime=0.4, mouseOnly=False, name='rating_4', noMouse=False, pos=[0.0, -0.4], precision=1, respKeys=['1', '2', '3', '4', '5', '6', '7'], rightKeys=['right'], scale='', self=UNKNOWN, showAccept=True, showValue=True, singleClick=False, size=0.8999999999999999, skipKeys=['tab'], stretch=1.0, textColor='LightGray', textFont='Helvetica Bold', textSize=0.18, tickHeight=1.0, tickMarks=6.0, win=Window(...))
8.7892 	EXP 	Created Question5 = TextStim(alignHoriz='center', alignVert='center', antialias=True, autoLog=True, bold=False, color='white', colorSpace='named', contrast=1.0, depth=0.0, flipHoriz=False, flipVert=False, font='Arial', fontFiles=[], height=0.1, italic=False, name='Question5', opacity=1.0, ori=0, pos=array([ 0. ,  0.3]), rgb=array([ 255.,  255.,  255.]), text=u'How much did you enjoy participating?', units=u'norm', win=Window(...), wrapWidth=1)
8.7939 	EXP 	Created scale_1 = TextStim(alignHoriz='center', alignVert='center', antialias=True, autoLog=True, bold=False, color='white', colorSpace='named', contrast=1.0, depth=-1.0, flipHoriz=False, flipVert=False, font='Arial', fontFiles=[], height=0.07, italic=False, name='scale_1', opacity=1.0, ori=0, pos=array([-0.5, -0.3]), rgb=array([ 255.,  255.,  255.]), text=u'Not at all (1)', units=u'norm', win=Window(...), wrapWidth=1)
8.7968 	EXP 	Created text_5 = TextStim(alignHoriz='center', alignVert='center', antialias=True, autoLog=True, bold=False, color='white', colorSpace='named', contrast=1.0, depth=-2.0, flipHoriz=False, flipVert=False, font='Arial', fontFiles=[], height=0.07, italic=False, name='text_5', opacity=1.0, ori=0, pos=array([ 0. , -0.3]), rgb=array([ 255.,  255.,  255.]), text=u'Neutral', units=u'norm', win=Window(...), wrapWidth=1)
8.8022 	EXP 	Created text_6 = TextStim(alignHoriz='center', alignVert='center', antialias=True, autoLog=True, bold=False, color='white', colorSpace='named', contrast=1.0, depth=-3.0, flipHoriz=False, flipVert=False, font='Arial', fontFiles=[], height=0.07, italic=False, name='text_6', opacity=1.0, ori=0, pos=array([ 0.5, -0.3]), rgb=array([ 255.,  255.,  255.]), text=u'Very Much (7)', units=u'norm', win=Window(...), wrapWidth=1)
8.8151 	EXP 	Created rating_5 = RatingScale(acceptKeys=['return'], acceptPreText=UNKNOWN, acceptSize=UNKNOWN, acceptText=u'accept?', autoLog=True, choices=False, depth=0, disappear=False, flipVert=False, high=7, kwargs=UNKNOWN, labels=list(...), leftKeys=['left'], lineColor='White', low=1, marker=ShapeStim(...), markerColor='DarkBlue', markerExpansion=UNKNOWN, markerStart=None, maxTime=0.0, minTime=0.4, mouseOnly=False, name='rating_5', noMouse=False, pos=[0.0, -0.4], precision=1, respKeys=['1', '2', '3', '4', '5', '6', '7'], rightKeys=['right'], scale='', self=UNKNOWN, showAccept=True, showValue=True, singleClick=False, size=0.8999999999999999, skipKeys=['tab'], stretch=1.0, textColor='LightGray', textFont='Helvetica Bold', textSize=0.18, tickHeight=1.0, tickMarks=6.0, win=Window(...))
8.8163 	EXP 	window1: blendMode = 'avg'
8.8233 	EXP 	rating: flipVert = False
8.8233 	EXP 	rating: autoLog = True
8.8233 	EXP 	rating_2: flipVert = False
8.8233 	EXP 	rating_2: autoLog = True
8.8233 	EXP 	rating_3: flipVert = False
8.8233 	EXP 	rating_3: autoLog = True
8.8233 	EXP 	rating_4: flipVert = False
8.8233 	EXP 	rating_4: autoLog = True
8.8233 	EXP 	rating_5: flipVert = False
8.8233 	EXP 	rating_5: autoLog = True
8.8233 	EXP 	Instructions: autoDraw = True
8.8237 	EXP 	window1: blendMode = 'avg'
8.8397 	EXP 	window1: blendMode = 'avg'
8.8564 	EXP 	window1: blendMode = 'avg'
8.8744 	EXP 	window1: blendMode = 'avg'
8.8910 	EXP 	window1: blendMode = 'avg'
8.9076 	EXP 	window1: blendMode = 'avg'
8.9243 	EXP 	window1: blendMode = 'avg'
8.9410 	EXP 	window1: blendMode = 'avg'
8.9576 	EXP 	window1: blendMode = 'avg'
8.9743 	EXP 	window1: blendMode = 'avg'
8.9910 	EXP 	window1: blendMode = 'avg'
9.0077 	EXP 	window1: blendMode = 'avg'
9.0243 	EXP 	window1: blendMode = 'avg'
9.0410 	EXP 	window1: blendMode = 'avg'
9.0577 	EXP 	window1: blendMode = 'avg'
9.0743 	EXP 	window1: blendMode = 'avg'
9.0911 	EXP 	window1: blendMode = 'avg'
9.1078 	EXP 	window1: blendMode = 'avg'
9.1244 	EXP 	window1: blendMode = 'avg'
9.1410 	EXP 	window1: blendMode = 'avg'
9.1577 	EXP 	window1: blendMode = 'avg'
9.1743 	EXP 	window1: blendMode = 'avg'
9.1910 	EXP 	window1: blendMode = 'avg'
9.2078 	EXP 	window1: blendMode = 'avg'
9.2244 	EXP 	window1: blendMode = 'avg'
9.2410 	EXP 	window1: blendMode = 'avg'
9.2577 	EXP 	window1: blendMode = 'avg'
9.2744 	EXP 	window1: blendMode = 'avg'
9.2910 	EXP 	window1: blendMode = 'avg'
9.3077 	EXP 	window1: blendMode = 'avg'
9.3245 	EXP 	window1: blendMode = 'avg'
9.3412 	EXP 	window1: blendMode = 'avg'
9.3577 	EXP 	window1: blendMode = 'avg'
9.3745 	EXP 	window1: blendMode = 'avg'
9.3911 	EXP 	window1: blendMode = 'avg'
9.4077 	EXP 	window1: blendMode = 'avg'
9.4244 	EXP 	window1: blendMode = 'avg'
9.4412 	EXP 	window1: blendMode = 'avg'
9.4578 	EXP 	window1: blendMode = 'avg'
9.4744 	EXP 	window1: blendMode = 'avg'
9.4911 	EXP 	window1: blendMode = 'avg'
9.5078 	EXP 	window1: blendMode = 'avg'
9.5245 	EXP 	window1: blendMode = 'avg'
9.5412 	EXP 	window1: blendMode = 'avg'
9.5578 	EXP 	window1: blendMode = 'avg'
9.5745 	EXP 	window1: blendMode = 'avg'
9.5911 	EXP 	window1: blendMode = 'avg'
9.6078 	EXP 	window1: blendMode = 'avg'
9.6245 	EXP 	window1: blendMode = 'avg'
9.6405 	DATA 	Keypress: space
9.7251 	EXP 	Imported Activities1.xlsx as conditions, 50 conditions, 4 params
9.7255 	EXP 	Created sequence: random, trialTypes=50, nReps=1, seed=None
9.7258 	EXP 	New trial (rep=0, index=0): {'leftmoney': 0.050000000000000003, 'Right': u'Going to a friend\u2019s \nbirthday party', 'rightmoney': 0.080000000000000002, 'Left': u'Reading a book'}
9.7719 	EXP 	Created unnamed Circle = Circle(autoDraw=False, autoLog=True, closeShape=True, contrast=1.0, depth=0, fillColor=None, fillColorSpace='rgb', fillRGB=None, interpolate=True, lineColor='green', lineColorSpace='named', lineRGB=array([   0.,  128.,    0.]), lineWidth=1.5, name='unnamed Circle', opacity=1.0, ori=array(0.0), pos=array([ 0.5,  0.1]), size=array([ 1.,  1.]), units=u'norm', vertices=ndarray(...), win=Window(...))
9.7758 	EXP 	Created unnamed Circle = Circle(autoDraw=False, autoLog=True, closeShape=True, contrast=1.0, depth=0, fillColor=None, fillColorSpace='rgb', fillRGB=None, interpolate=True, lineColor='green', lineColorSpace='named', lineRGB=array([   0.,  128.,    0.]), lineWidth=1.5, name='unnamed Circle', opacity=1.0, ori=array(0.0), pos=array([-0.5,  0.1]), size=array([ 1.,  1.]), units=u'norm', vertices=ndarray(...), win=Window(...))
9.7763 	EXP 	window1: blendMode = 'avg'
9.7765 	EXP 	window1: blendMode = 'avg'
9.7768 	EXP 	window1: blendMode = 'avg'
9.7773 	EXP 	window1: blendMode = 'avg'
9.7774 	EXP 	window1: blendMode = 'avg'
9.7899 	EXP 	Instructions: autoDraw = False
9.7899 	EXP 	leftbox: text = u'Reading a book'
9.7899 	EXP 	rightbox: text = u'Going to a friend\u2019s \nbirthday party'
9.7899 	EXP 	money1: text = 0.050000000000000003
9.7899 	EXP 	money2: text = 0.080000000000000002
9.7899 	EXP 	blank: text = ''
9.7899 	EXP 	leftbox: autoDraw = True
9.7899 	EXP 	rightbox: autoDraw = True
9.7899 	EXP 	money1: autoDraw = True
9.7899 	EXP 	money2: autoDraw = True
9.7899 	EXP 	blank: autoDraw = True
9.7903 	EXP 	window1: blendMode = 'avg'
9.7905 	EXP 	window1: blendMode = 'avg'
9.7907 	EXP 	window1: blendMode = 'avg'
9.7909 	EXP 	window1: blendMode = 'avg'
9.7910 	EXP 	window1: blendMode = 'avg'
9.8074 	EXP 	window1: blendMode = 'avg'
9.8077 	EXP 	window1: blendMode = 'avg'
9.8082 	EXP 	window1: blendMode = 'avg'
9.8086 	EXP 	window1: blendMode = 'avg'
9.8088 	EXP 	window1: blendMode = 'avg'
9.8239 	EXP 	window1: blendMode = 'avg'
9.8243 	EXP 	window1: blendMode = 'avg'
9.8247 	EXP 	window1: blendMode = 'avg'
9.8251 	EXP 	window1: blendMode = 'avg'
9.8253 	EXP 	window1: blendMode = 'avg'
9.8406 	EXP 	window1: blendMode = 'avg'
9.8410 	EXP 	window1: blendMode = 'avg'
9.8414 	EXP 	window1: blendMode = 'avg'
9.8418 	EXP 	window1: blendMode = 'avg'
9.8420 	EXP 	window1: blendMode = 'avg'
9.8572 	EXP 	window1: blendMode = 'avg'
9.8576 	EXP 	window1: blendMode = 'avg'
9.8580 	EXP 	window1: blendMode = 'avg'
9.8584 	EXP 	window1: blendMode = 'avg'
9.8586 	EXP 	window1: blendMode = 'avg'
9.8739 	EXP 	window1: blendMode = 'avg'
9.8743 	EXP 	window1: blendMode = 'avg'
9.8747 	EXP 	window1: blendMode = 'avg'
9.8751 	EXP 	window1: blendMode = 'avg'
9.8753 	EXP 	window1: blendMode = 'avg'
9.8906 	EXP 	window1: blendMode = 'avg'
9.8910 	EXP 	window1: blendMode = 'avg'
9.8914 	EXP 	window1: blendMode = 'avg'
9.8919 	EXP 	window1: blendMode = 'avg'
9.8920 	EXP 	window1: blendMode = 'avg'
9.9072 	EXP 	window1: blendMode = 'avg'
9.9076 	EXP 	window1: blendMode = 'avg'
9.9080 	EXP 	window1: blendMode = 'avg'
9.9084 	EXP 	window1: blendMode = 'avg'
9.9086 	EXP 	window1: blendMode = 'avg'
9.9246 	EXP 	window1: blendMode = 'avg'
9.9253 	EXP 	window1: blendMode = 'avg'
9.9260 	EXP 	window1: blendMode = 'avg'
9.9268 	EXP 	window1: blendMode = 'avg'
9.9272 	EXP 	window1: blendMode = 'avg'
9.9413 	EXP 	window1: blendMode = 'avg'
9.9420 	EXP 	window1: blendMode = 'avg'
9.9428 	EXP 	window1: blendMode = 'avg'
9.9436 	EXP 	window1: blendMode = 'avg'
9.9439 	EXP 	window1: blendMode = 'avg'
9.9580 	EXP 	window1: blendMode = 'avg'
9.9588 	EXP 	window1: blendMode = 'avg'
9.9596 	EXP 	window1: blendMode = 'avg'
9.9603 	EXP 	window1: blendMode = 'avg'
9.9607 	EXP 	window1: blendMode = 'avg'
9.9747 	EXP 	window1: blendMode = 'avg'
9.9754 	EXP 	window1: blendMode = 'avg'
9.9762 	EXP 	window1: blendMode = 'avg'
9.9770 	EXP 	window1: blendMode = 'avg'
9.9774 	EXP 	window1: blendMode = 'avg'
9.9914 	EXP 	window1: blendMode = 'avg'
9.9921 	EXP 	window1: blendMode = 'avg'
9.9929 	EXP 	window1: blendMode = 'avg'
9.9937 	EXP 	window1: blendMode = 'avg'
9.9941 	EXP 	window1: blendMode = 'avg'
10.0080 	EXP 	window1: blendMode = 'avg'
10.0087 	EXP 	window1: blendMode = 'avg'
10.0095 	EXP 	window1: blendMode = 'avg'
10.0103 	EXP 	window1: blendMode = 'avg'
10.0106 	EXP 	window1: blendMode = 'avg'
10.0246 	EXP 	window1: blendMode = 'avg'
10.0253 	EXP 	window1: blendMode = 'avg'
10.0261 	EXP 	window1: blendMode = 'avg'
10.0269 	EXP 	window1: blendMode = 'avg'
10.0272 	EXP 	window1: blendMode = 'avg'
10.0413 	EXP 	window1: blendMode = 'avg'
10.0420 	EXP 	window1: blendMode = 'avg'
10.0427 	EXP 	window1: blendMode = 'avg'
10.0432 	EXP 	window1: blendMode = 'avg'
10.0435 	EXP 	window1: blendMode = 'avg'
10.0575 	EXP 	window1: blendMode = 'avg'
10.0580 	EXP 	window1: blendMode = 'avg'
10.0585 	EXP 	window1: blendMode = 'avg'
10.0590 	EXP 	window1: blendMode = 'avg'
10.0593 	EXP 	window1: blendMode = 'avg'
10.0742 	EXP 	window1: blendMode = 'avg'
10.0746 	EXP 	window1: blendMode = 'avg'
10.0752 	EXP 	window1: blendMode = 'avg'
10.0757 	EXP 	window1: blendMode = 'avg'
10.0759 	EXP 	window1: blendMode = 'avg'
10.0908 	EXP 	window1: blendMode = 'avg'
10.0913 	EXP 	window1: blendMode = 'avg'
10.0918 	EXP 	window1: blendMode = 'avg'
10.0923 	EXP 	window1: blendMode = 'avg'
10.0926 	EXP 	window1: blendMode = 'avg'
10.1075 	EXP 	window1: blendMode = 'avg'
10.1080 	EXP 	window1: blendMode = 'avg'
10.1085 	EXP 	window1: blendMode = 'avg'
10.1091 	EXP 	window1: blendMode = 'avg'
10.1093 	EXP 	window1: blendMode = 'avg'
10.1242 	EXP 	window1: blendMode = 'avg'
10.1247 	EXP 	window1: blendMode = 'avg'
10.1252 	EXP 	window1: blendMode = 'avg'
10.1258 	EXP 	window1: blendMode = 'avg'
10.1260 	EXP 	window1: blendMode = 'avg'
10.1409 	EXP 	window1: blendMode = 'avg'
10.1413 	EXP 	window1: blendMode = 'avg'
10.1418 	EXP 	window1: blendMode = 'avg'
10.1424 	EXP 	window1: blendMode = 'avg'
10.1427 	EXP 	window1: blendMode = 'avg'
10.1574 	EXP 	window1: blendMode = 'avg'
10.1579 	EXP 	window1: blendMode = 'avg'
10.1585 	EXP 	window1: blendMode = 'avg'
10.1591 	EXP 	window1: blendMode = 'avg'
10.1593 	EXP 	window1: blendMode = 'avg'
10.1742 	EXP 	window1: blendMode = 'avg'
10.1747 	EXP 	window1: blendMode = 'avg'
10.1752 	EXP 	window1: blendMode = 'avg'
10.1757 	EXP 	window1: blendMode = 'avg'
10.1760 	EXP 	window1: blendMode = 'avg'
10.1909 	EXP 	window1: blendMode = 'avg'
10.1914 	EXP 	window1: blendMode = 'avg'
10.1919 	EXP 	window1: blendMode = 'avg'
10.1925 	EXP 	window1: blendMode = 'avg'
10.1927 	EXP 	window1: blendMode = 'avg'
10.2076 	EXP 	window1: blendMode = 'avg'
10.2080 	EXP 	window1: blendMode = 'avg'
10.2086 	EXP 	window1: blendMode = 'avg'
10.2091 	EXP 	window1: blendMode = 'avg'
10.2093 	EXP 	window1: blendMode = 'avg'
10.2246 	EXP 	window1: blendMode = 'avg'
10.2253 	EXP 	window1: blendMode = 'avg'
10.2261 	EXP 	window1: blendMode = 'avg'
10.2269 	EXP 	window1: blendMode = 'avg'
10.2272 	EXP 	window1: blendMode = 'avg'
10.2413 	EXP 	window1: blendMode = 'avg'
10.2420 	EXP 	window1: blendMode = 'avg'
10.2428 	EXP 	window1: blendMode = 'avg'
10.2436 	EXP 	window1: blendMode = 'avg'
10.2440 	EXP 	window1: blendMode = 'avg'
10.2580 	EXP 	window1: blendMode = 'avg'
10.2587 	EXP 	window1: blendMode = 'avg'
10.2594 	EXP 	window1: blendMode = 'avg'
10.2602 	EXP 	window1: blendMode = 'avg'
10.2606 	EXP 	window1: blendMode = 'avg'
10.2747 	EXP 	window1: blendMode = 'avg'
10.2754 	EXP 	window1: blendMode = 'avg'
10.2761 	EXP 	window1: blendMode = 'avg'
10.2769 	EXP 	window1: blendMode = 'avg'
10.2773 	EXP 	window1: blendMode = 'avg'
10.2914 	EXP 	window1: blendMode = 'avg'
10.2921 	EXP 	window1: blendMode = 'avg'
10.2929 	EXP 	window1: blendMode = 'avg'
10.2937 	EXP 	window1: blendMode = 'avg'
10.2940 	EXP 	window1: blendMode = 'avg'
10.3081 	EXP 	window1: blendMode = 'avg'
10.3088 	EXP 	window1: blendMode = 'avg'
10.3096 	EXP 	window1: blendMode = 'avg'
10.3104 	EXP 	window1: blendMode = 'avg'
10.3107 	EXP 	window1: blendMode = 'avg'
10.3247 	EXP 	window1: blendMode = 'avg'
10.3254 	EXP 	window1: blendMode = 'avg'
10.3262 	EXP 	window1: blendMode = 'avg'
10.3270 	EXP 	window1: blendMode = 'avg'
10.3273 	EXP 	window1: blendMode = 'avg'
10.3414 	EXP 	window1: blendMode = 'avg'
10.3421 	EXP 	window1: blendMode = 'avg'
10.3429 	EXP 	window1: blendMode = 'avg'
10.3435 	EXP 	window1: blendMode = 'avg'
10.3438 	EXP 	window1: blendMode = 'avg'
10.3579 	EXP 	window1: blendMode = 'avg'
10.3585 	EXP 	window1: blendMode = 'avg'
10.3592 	EXP 	window1: blendMode = 'avg'
10.3598 	EXP 	window1: blendMode = 'avg'
10.3601 	EXP 	window1: blendMode = 'avg'
10.3746 	EXP 	window1: blendMode = 'avg'
10.3752 	EXP 	window1: blendMode = 'avg'
10.3758 	EXP 	window1: blendMode = 'avg'
10.3764 	EXP 	window1: blendMode = 'avg'
10.3767 	EXP 	window1: blendMode = 'avg'
10.3913 	EXP 	window1: blendMode = 'avg'
10.3918 	EXP 	window1: blendMode = 'avg'
10.3925 	EXP 	window1: blendMode = 'avg'
10.3931 	EXP 	window1: blendMode = 'avg'
10.3934 	EXP 	window1: blendMode = 'avg'
10.4079 	EXP 	window1: blendMode = 'avg'
10.4084 	EXP 	window1: blendMode = 'avg'
10.4091 	EXP 	window1: blendMode = 'avg'
10.4097 	EXP 	window1: blendMode = 'avg'
10.4099 	EXP 	window1: blendMode = 'avg'
10.4245 	EXP 	window1: blendMode = 'avg'
10.4251 	EXP 	window1: blendMode = 'avg'
10.4257 	EXP 	window1: blendMode = 'avg'
10.4263 	EXP 	window1: blendMode = 'avg'
10.4266 	EXP 	window1: blendMode = 'avg'
10.4412 	EXP 	window1: blendMode = 'avg'
10.4417 	EXP 	window1: blendMode = 'avg'
10.4424 	EXP 	window1: blendMode = 'avg'
10.4430 	EXP 	window1: blendMode = 'avg'
10.4434 	EXP 	window1: blendMode = 'avg'
10.4578 	EXP 	window1: blendMode = 'avg'
10.4584 	EXP 	window1: blendMode = 'avg'
10.4591 	EXP 	window1: blendMode = 'avg'
10.4598 	EXP 	window1: blendMode = 'avg'
10.4601 	EXP 	window1: blendMode = 'avg'
10.4744 	EXP 	window1: blendMode = 'avg'
10.4750 	EXP 	window1: blendMode = 'avg'
10.4756 	EXP 	window1: blendMode = 'avg'
10.4763 	EXP 	window1: blendMode = 'avg'
10.4765 	EXP 	window1: blendMode = 'avg'
10.4912 	EXP 	window1: blendMode = 'avg'
10.4918 	EXP 	window1: blendMode = 'avg'
10.4924 	EXP 	window1: blendMode = 'avg'
10.4931 	EXP 	window1: blendMode = 'avg'
10.4933 	EXP 	window1: blendMode = 'avg'
10.5078 	EXP 	window1: blendMode = 'avg'
10.5084 	EXP 	window1: blendMode = 'avg'
10.5091 	EXP 	window1: blendMode = 'avg'
10.5098 	EXP 	window1: blendMode = 'avg'
10.5101 	EXP 	window1: blendMode = 'avg'
10.5246 	EXP 	window1: blendMode = 'avg'
10.5252 	EXP 	window1: blendMode = 'avg'
10.5258 	EXP 	window1: blendMode = 'avg'
10.5264 	EXP 	window1: blendMode = 'avg'
10.5267 	EXP 	window1: blendMode = 'avg'
10.5412 	EXP 	window1: blendMode = 'avg'
10.5418 	EXP 	window1: blendMode = 'avg'
10.5424 	EXP 	window1: blendMode = 'avg'
10.5431 	EXP 	window1: blendMode = 'avg'
10.5434 	EXP 	window1: blendMode = 'avg'
10.5581 	EXP 	window1: blendMode = 'avg'
10.5588 	EXP 	window1: blendMode = 'avg'
10.5597 	EXP 	window1: blendMode = 'avg'
10.5605 	EXP 	window1: blendMode = 'avg'
10.5609 	EXP 	window1: blendMode = 'avg'
10.5750 	EXP 	window1: blendMode = 'avg'
10.5757 	EXP 	window1: blendMode = 'avg'
10.5764 	EXP 	window1: blendMode = 'avg'
10.5772 	EXP 	window1: blendMode = 'avg'
10.5776 	EXP 	window1: blendMode = 'avg'
10.5914 	EXP 	window1: blendMode = 'avg'
10.5922 	EXP 	window1: blendMode = 'avg'
10.5931 	EXP 	window1: blendMode = 'avg'
10.5939 	EXP 	window1: blendMode = 'avg'
10.5942 	EXP 	window1: blendMode = 'avg'
10.6082 	EXP 	window1: blendMode = 'avg'
10.6089 	EXP 	window1: blendMode = 'avg'
10.6097 	EXP 	window1: blendMode = 'avg'
10.6105 	EXP 	window1: blendMode = 'avg'
10.6108 	EXP 	window1: blendMode = 'avg'
10.6248 	EXP 	window1: blendMode = 'avg'
10.6255 	EXP 	window1: blendMode = 'avg'
10.6264 	EXP 	window1: blendMode = 'avg'
10.6272 	EXP 	window1: blendMode = 'avg'
10.6276 	EXP 	window1: blendMode = 'avg'
10.6416 	EXP 	window1: blendMode = 'avg'
10.6423 	EXP 	window1: blendMode = 'avg'
10.6430 	EXP 	window1: blendMode = 'avg'
10.6437 	EXP 	window1: blendMode = 'avg'
10.6440 	EXP 	window1: blendMode = 'avg'
10.6579 	EXP 	window1: blendMode = 'avg'
10.6584 	EXP 	window1: blendMode = 'avg'
10.6591 	EXP 	window1: blendMode = 'avg'
10.6597 	EXP 	window1: blendMode = 'avg'
10.6599 	EXP 	window1: blendMode = 'avg'
10.6741 	EXP 	window1: blendMode = 'avg'
10.6745 	EXP 	window1: blendMode = 'avg'
10.6748 	EXP 	window1: blendMode = 'avg'
10.6752 	EXP 	window1: blendMode = 'avg'
10.6754 	EXP 	window1: blendMode = 'avg'
10.6909 	EXP 	window1: blendMode = 'avg'
10.6912 	EXP 	window1: blendMode = 'avg'
10.6916 	EXP 	window1: blendMode = 'avg'
10.6919 	EXP 	window1: blendMode = 'avg'
10.6921 	EXP 	window1: blendMode = 'avg'
10.7082 	EXP 	window1: blendMode = 'avg'
10.7090 	EXP 	window1: blendMode = 'avg'
10.7098 	EXP 	window1: blendMode = 'avg'
10.7107 	EXP 	window1: blendMode = 'avg'
10.7111 	EXP 	window1: blendMode = 'avg'
10.7250 	EXP 	window1: blendMode = 'avg'
10.7258 	EXP 	window1: blendMode = 'avg'
10.7266 	EXP 	window1: blendMode = 'avg'
10.7274 	EXP 	window1: blendMode = 'avg'
10.7278 	EXP 	window1: blendMode = 'avg'
10.7416 	EXP 	window1: blendMode = 'avg'
10.7423 	EXP 	window1: blendMode = 'avg'
10.7431 	EXP 	window1: blendMode = 'avg'
10.7439 	EXP 	window1: blendMode = 'avg'
10.7443 	EXP 	window1: blendMode = 'avg'
10.7582 	EXP 	window1: blendMode = 'avg'
10.7589 	EXP 	window1: blendMode = 'avg'
10.7597 	EXP 	window1: blendMode = 'avg'
10.7604 	EXP 	window1: blendMode = 'avg'
10.7608 	EXP 	window1: blendMode = 'avg'
10.7748 	EXP 	window1: blendMode = 'avg'
10.7755 	EXP 	window1: blendMode = 'avg'
10.7763 	EXP 	window1: blendMode = 'avg'
10.7771 	EXP 	window1: blendMode = 'avg'
10.7775 	EXP 	window1: blendMode = 'avg'
10.7916 	EXP 	window1: blendMode = 'avg'
10.7923 	EXP 	window1: blendMode = 'avg'
10.7930 	EXP 	window1: blendMode = 'avg'
10.7937 	EXP 	window1: blendMode = 'avg'
10.8070 	EXP 	blank: autoDraw = False
10.8080 	EXP 	window1: blendMode = 'avg'
10.8086 	EXP 	window1: blendMode = 'avg'
10.8092 	EXP 	window1: blendMode = 'avg'
10.8098 	EXP 	window1: blendMode = 'avg'
10.8247 	EXP 	window1: blendMode = 'avg'
10.8252 	EXP 	window1: blendMode = 'avg'
10.8259 	EXP 	window1: blendMode = 'avg'
10.8265 	EXP 	window1: blendMode = 'avg'
10.8413 	EXP 	window1: blendMode = 'avg'
10.8420 	EXP 	window1: blendMode = 'avg'
10.8426 	EXP 	window1: blendMode = 'avg'
10.8432 	EXP 	window1: blendMode = 'avg'
10.8580 	EXP 	window1: blendMode = 'avg'
10.8586 	EXP 	window1: blendMode = 'avg'
10.8592 	EXP 	window1: blendMode = 'avg'
10.8599 	EXP 	window1: blendMode = 'avg'
10.8746 	EXP 	window1: blendMode = 'avg'
10.8752 	EXP 	window1: blendMode = 'avg'
10.8758 	EXP 	window1: blendMode = 'avg'
10.8764 	EXP 	window1: blendMode = 'avg'
10.8914 	EXP 	window1: blendMode = 'avg'
10.8920 	EXP 	window1: blendMode = 'avg'
10.8927 	EXP 	window1: blendMode = 'avg'
10.8933 	EXP 	window1: blendMode = 'avg'
10.9080 	EXP 	window1: blendMode = 'avg'
10.9085 	EXP 	window1: blendMode = 'avg'
10.9092 	EXP 	window1: blendMode = 'avg'
10.9098 	EXP 	window1: blendMode = 'avg'
10.9246 	EXP 	window1: blendMode = 'avg'
10.9252 	EXP 	window1: blendMode = 'avg'
10.9258 	EXP 	window1: blendMode = 'avg'
10.9264 	EXP 	window1: blendMode = 'avg'
10.9413 	EXP 	window1: blendMode = 'avg'
10.9419 	EXP 	window1: blendMode = 'avg'
10.9425 	EXP 	window1: blendMode = 'avg'
10.9432 	EXP 	window1: blendMode = 'avg'
10.9579 	EXP 	window1: blendMode = 'avg'
10.9585 	EXP 	window1: blendMode = 'avg'
10.9591 	EXP 	window1: blendMode = 'avg'
10.9597 	EXP 	window1: blendMode = 'avg'
10.9746 	EXP 	window1: blendMode = 'avg'
10.9752 	EXP 	window1: blendMode = 'avg'
10.9758 	EXP 	window1: blendMode = 'avg'
10.9764 	EXP 	window1: blendMode = 'avg'
10.9913 	EXP 	window1: blendMode = 'avg'
10.9919 	EXP 	window1: blendMode = 'avg'
10.9925 	EXP 	window1: blendMode = 'avg'
10.9932 	EXP 	window1: blendMode = 'avg'
11.0080 	EXP 	window1: blendMode = 'avg'
11.0086 	EXP 	window1: blendMode = 'avg'
11.0092 	EXP 	window1: blendMode = 'avg'
11.0098 	EXP 	window1: blendMode = 'avg'
11.0247 	EXP 	window1: blendMode = 'avg'
11.0252 	EXP 	window1: blendMode = 'avg'
11.0259 	EXP 	window1: blendMode = 'avg'
11.0265 	EXP 	window1: blendMode = 'avg'
11.0413 	EXP 	window1: blendMode = 'avg'
11.0419 	EXP 	window1: blendMode = 'avg'
11.0425 	EXP 	window1: blendMode = 'avg'
11.0431 	EXP 	window1: blendMode = 'avg'
11.0580 	EXP 	window1: blendMode = 'avg'
11.0586 	EXP 	window1: blendMode = 'avg'
11.0592 	EXP 	window1: blendMode = 'avg'
11.0598 	EXP 	window1: blendMode = 'avg'
11.0747 	EXP 	window1: blendMode = 'avg'
11.0752 	EXP 	window1: blendMode = 'avg'
11.0759 	EXP 	window1: blendMode = 'avg'
11.0765 	EXP 	window1: blendMode = 'avg'
11.0913 	EXP 	window1: blendMode = 'avg'
11.0918 	EXP 	window1: blendMode = 'avg'
11.0924 	EXP 	window1: blendMode = 'avg'
11.0931 	EXP 	window1: blendMode = 'avg'
11.1082 	EXP 	window1: blendMode = 'avg'
11.1087 	EXP 	window1: blendMode = 'avg'
11.1094 	EXP 	window1: blendMode = 'avg'
11.1100 	EXP 	window1: blendMode = 'avg'
11.1245 	EXP 	window1: blendMode = 'avg'
11.1249 	EXP 	window1: blendMode = 'avg'
11.1255 	EXP 	window1: blendMode = 'avg'
11.1260 	EXP 	window1: blendMode = 'avg'
11.1411 	EXP 	window1: blendMode = 'avg'
11.1416 	EXP 	window1: blendMode = 'avg'
11.1421 	EXP 	window1: blendMode = 'avg'
11.1426 	EXP 	window1: blendMode = 'avg'
11.1573 	EXP 	window1: blendMode = 'avg'
11.1576 	EXP 	window1: blendMode = 'avg'
11.1579 	EXP 	window1: blendMode = 'avg'
11.1582 	EXP 	window1: blendMode = 'avg'
11.1739 	EXP 	window1: blendMode = 'avg'
11.1742 	EXP 	window1: blendMode = 'avg'
11.1745 	EXP 	window1: blendMode = 'avg'
11.1748 	EXP 	window1: blendMode = 'avg'
11.1904 	EXP 	window1: blendMode = 'avg'
11.1906 	EXP 	window1: blendMode = 'avg'
11.1908 	EXP 	window1: blendMode = 'avg'
11.1910 	EXP 	window1: blendMode = 'avg'
11.2071 	EXP 	window1: blendMode = 'avg'
11.2073 	EXP 	window1: blendMode = 'avg'
11.2075 	EXP 	window1: blendMode = 'avg'
11.2076 	EXP 	window1: blendMode = 'avg'
11.2239 	EXP 	window1: blendMode = 'avg'
11.2240 	EXP 	window1: blendMode = 'avg'
11.2242 	EXP 	window1: blendMode = 'avg'
11.2244 	EXP 	window1: blendMode = 'avg'
11.2404 	EXP 	window1: blendMode = 'avg'
11.2406 	EXP 	window1: blendMode = 'avg'
11.2408 	EXP 	window1: blendMode = 'avg'
11.2409 	EXP 	window1: blendMode = 'avg'
11.2574 	EXP 	window1: blendMode = 'avg'
11.2576 	EXP 	window1: blendMode = 'avg'
11.2578 	EXP 	window1: blendMode = 'avg'
11.2579 	EXP 	window1: blendMode = 'avg'
11.2750 	EXP 	window1: blendMode = 'avg'
11.2757 	EXP 	window1: blendMode = 'avg'
11.2765 	EXP 	window1: blendMode = 'avg'
11.2773 	EXP 	window1: blendMode = 'avg'
11.2917 	EXP 	window1: blendMode = 'avg'
11.2924 	EXP 	window1: blendMode = 'avg'
11.2932 	EXP 	window1: blendMode = 'avg'
11.2939 	EXP 	window1: blendMode = 'avg'
11.3084 	EXP 	window1: blendMode = 'avg'
11.3091 	EXP 	window1: blendMode = 'avg'
11.3099 	EXP 	window1: blendMode = 'avg'
11.3106 	EXP 	window1: blendMode = 'avg'
11.3250 	EXP 	window1: blendMode = 'avg'
11.3257 	EXP 	window1: blendMode = 'avg'
11.3265 	EXP 	window1: blendMode = 'avg'
11.3273 	EXP 	window1: blendMode = 'avg'
11.3417 	EXP 	window1: blendMode = 'avg'
11.3424 	EXP 	window1: blendMode = 'avg'
11.3432 	EXP 	window1: blendMode = 'avg'
11.3440 	EXP 	window1: blendMode = 'avg'
11.3584 	EXP 	window1: blendMode = 'avg'
11.3591 	EXP 	window1: blendMode = 'avg'
11.3599 	EXP 	window1: blendMode = 'avg'
11.3607 	EXP 	window1: blendMode = 'avg'
11.3751 	EXP 	window1: blendMode = 'avg'
11.3760 	EXP 	window1: blendMode = 'avg'
11.3768 	EXP 	window1: blendMode = 'avg'
11.3776 	EXP 	window1: blendMode = 'avg'
11.3918 	EXP 	window1: blendMode = 'avg'
11.3926 	EXP 	window1: blendMode = 'avg'
11.3931 	EXP 	window1: blendMode = 'avg'
11.3936 	EXP 	window1: blendMode = 'avg'
11.4079 	EXP 	window1: blendMode = 'avg'
11.4084 	EXP 	window1: blendMode = 'avg'
11.4089 	EXP 	window1: blendMode = 'avg'
11.4093 	EXP 	window1: blendMode = 'avg'
11.4244 	EXP 	window1: blendMode = 'avg'
11.4249 	EXP 	window1: blendMode = 'avg'
11.4254 	EXP 	window1: blendMode = 'avg'
11.4258 	EXP 	window1: blendMode = 'avg'
11.4412 	EXP 	window1: blendMode = 'avg'
11.4417 	EXP 	window1: blendMode = 'avg'
11.4421 	EXP 	window1: blendMode = 'avg'
11.4426 	EXP 	window1: blendMode = 'avg'
11.4578 	EXP 	window1: blendMode = 'avg'
11.4583 	EXP 	window1: blendMode = 'avg'
11.4588 	EXP 	window1: blendMode = 'avg'
11.4593 	EXP 	window1: blendMode = 'avg'
11.4745 	EXP 	window1: blendMode = 'avg'
11.4750 	EXP 	window1: blendMode = 'avg'
11.4755 	EXP 	window1: blendMode = 'avg'
11.4760 	EXP 	window1: blendMode = 'avg'
11.4911 	EXP 	window1: blendMode = 'avg'
11.4916 	EXP 	window1: blendMode = 'avg'
11.4921 	EXP 	window1: blendMode = 'avg'
11.4926 	EXP 	window1: blendMode = 'avg'
11.5079 	EXP 	window1: blendMode = 'avg'
11.5084 	EXP 	window1: blendMode = 'avg'
11.5089 	EXP 	window1: blendMode = 'avg'
11.5093 	EXP 	window1: blendMode = 'avg'
11.5244 	EXP 	window1: blendMode = 'avg'
11.5249 	EXP 	window1: blendMode = 'avg'
11.5254 	EXP 	window1: blendMode = 'avg'
11.5258 	EXP 	window1: blendMode = 'avg'
11.5412 	EXP 	window1: blendMode = 'avg'
11.5416 	EXP 	window1: blendMode = 'avg'
11.5422 	EXP 	window1: blendMode = 'avg'
11.5427 	EXP 	window1: blendMode = 'avg'
11.5579 	EXP 	window1: blendMode = 'avg'
11.5583 	EXP 	window1: blendMode = 'avg'
11.5588 	EXP 	window1: blendMode = 'avg'
11.5594 	EXP 	window1: blendMode = 'avg'
11.5750 	EXP 	window1: blendMode = 'avg'
11.5758 	EXP 	window1: blendMode = 'avg'
11.5767 	EXP 	window1: blendMode = 'avg'
11.5775 	EXP 	window1: blendMode = 'avg'
11.5918 	EXP 	window1: blendMode = 'avg'
11.5925 	EXP 	window1: blendMode = 'avg'
11.5932 	EXP 	window1: blendMode = 'avg'
11.5940 	EXP 	window1: blendMode = 'avg'
11.6085 	EXP 	window1: blendMode = 'avg'
11.6092 	EXP 	window1: blendMode = 'avg'
11.6100 	EXP 	window1: blendMode = 'avg'
11.6107 	EXP 	window1: blendMode = 'avg'
11.6251 	EXP 	window1: blendMode = 'avg'
11.6258 	EXP 	window1: blendMode = 'avg'
11.6266 	EXP 	window1: blendMode = 'avg'
11.6273 	EXP 	window1: blendMode = 'avg'
11.6419 	EXP 	window1: blendMode = 'avg'
11.6426 	EXP 	window1: blendMode = 'avg'
11.6434 	EXP 	window1: blendMode = 'avg'
11.6441 	EXP 	window1: blendMode = 'avg'
11.6584 	EXP 	window1: blendMode = 'avg'
11.6591 	EXP 	window1: blendMode = 'avg'
11.6599 	EXP 	window1: blendMode = 'avg'
11.6607 	EXP 	window1: blendMode = 'avg'
11.6751 	EXP 	window1: blendMode = 'avg'
11.6758 	EXP 	window1: blendMode = 'avg'
11.6767 	EXP 	window1: blendMode = 'avg'
11.6775 	EXP 	window1: blendMode = 'avg'
11.6918 	EXP 	window1: blendMode = 'avg'
11.6927 	EXP 	window1: blendMode = 'avg'
11.6933 	EXP 	window1: blendMode = 'avg'
11.6939 	EXP 	window1: blendMode = 'avg'
11.7125 	EXP 	window1: blendMode = 'avg'
11.7131 	EXP 	window1: blendMode = 'avg'
11.7137 	EXP 	window1: blendMode = 'avg'
11.7143 	EXP 	window1: blendMode = 'avg'
11.7249 	EXP 	window1: blendMode = 'avg'
11.7255 	EXP 	window1: blendMode = 'avg'
11.7261 	EXP 	window1: blendMode = 'avg'
11.7267 	EXP 	window1: blendMode = 'avg'
11.7415 	EXP 	window1: blendMode = 'avg'
11.7421 	EXP 	window1: blendMode = 'avg'
11.7428 	EXP 	window1: blendMode = 'avg'
11.7434 	EXP 	window1: blendMode = 'avg'
11.7582 	EXP 	window1: blendMode = 'avg'
11.7588 	EXP 	window1: blendMode = 'avg'
11.7594 	EXP 	window1: blendMode = 'avg'
11.7600 	EXP 	window1: blendMode = 'avg'
11.7749 	EXP 	window1: blendMode = 'avg'
11.7754 	EXP 	window1: blendMode = 'avg'
11.7762 	EXP 	window1: blendMode = 'avg'
11.7768 	EXP 	window1: blendMode = 'avg'
11.7915 	EXP 	window1: blendMode = 'avg'
11.7921 	EXP 	window1: blendMode = 'avg'
11.7927 	EXP 	window1: blendMode = 'avg'
11.7933 	EXP 	window1: blendMode = 'avg'
11.8082 	EXP 	window1: blendMode = 'avg'
11.8088 	EXP 	window1: blendMode = 'avg'
11.8094 	EXP 	window1: blendMode = 'avg'
11.8101 	EXP 	window1: blendMode = 'avg'
11.8249 	EXP 	window1: blendMode = 'avg'
11.8254 	EXP 	window1: blendMode = 'avg'
11.8261 	EXP 	window1: blendMode = 'avg'
11.8267 	EXP 	window1: blendMode = 'avg'
11.8416 	EXP 	window1: blendMode = 'avg'
11.8422 	EXP 	window1: blendMode = 'avg'
11.8429 	EXP 	window1: blendMode = 'avg'
11.8435 	EXP 	window1: blendMode = 'avg'
11.8583 	EXP 	window1: blendMode = 'avg'
11.8589 	EXP 	window1: blendMode = 'avg'
11.8595 	EXP 	window1: blendMode = 'avg'
11.8601 	EXP 	window1: blendMode = 'avg'
11.8748 	EXP 	window1: blendMode = 'avg'
11.8754 	EXP 	window1: blendMode = 'avg'
11.8762 	EXP 	window1: blendMode = 'avg'
11.8768 	EXP 	window1: blendMode = 'avg'
11.8916 	EXP 	window1: blendMode = 'avg'
11.8922 	EXP 	window1: blendMode = 'avg'
11.8928 	EXP 	window1: blendMode = 'avg'
11.8934 	EXP 	window1: blendMode = 'avg'
11.9082 	EXP 	window1: blendMode = 'avg'
11.9087 	EXP 	window1: blendMode = 'avg'
11.9094 	EXP 	window1: blendMode = 'avg'
11.9100 	EXP 	window1: blendMode = 'avg'
11.9249 	EXP 	window1: blendMode = 'avg'
11.9255 	EXP 	window1: blendMode = 'avg'
11.9261 	EXP 	window1: blendMode = 'avg'
11.9268 	EXP 	window1: blendMode = 'avg'
11.9417 	EXP 	window1: blendMode = 'avg'
11.9423 	EXP 	window1: blendMode = 'avg'
11.9429 	EXP 	window1: blendMode = 'avg'
11.9435 	EXP 	window1: blendMode = 'avg'
11.9583 	EXP 	window1: blendMode = 'avg'
11.9589 	EXP 	window1: blendMode = 'avg'
11.9595 	EXP 	window1: blendMode = 'avg'
11.9601 	EXP 	window1: blendMode = 'avg'
11.9749 	EXP 	window1: blendMode = 'avg'
11.9755 	EXP 	window1: blendMode = 'avg'
11.9761 	EXP 	window1: blendMode = 'avg'
11.9767 	EXP 	window1: blendMode = 'avg'
11.9916 	EXP 	window1: blendMode = 'avg'
11.9922 	EXP 	window1: blendMode = 'avg'
11.9928 	EXP 	window1: blendMode = 'avg'
11.9935 	EXP 	window1: blendMode = 'avg'
12.0083 	EXP 	window1: blendMode = 'avg'
12.0089 	EXP 	window1: blendMode = 'avg'
12.0095 	EXP 	window1: blendMode = 'avg'
12.0102 	EXP 	window1: blendMode = 'avg'
12.0250 	EXP 	window1: blendMode = 'avg'
12.0256 	EXP 	window1: blendMode = 'avg'
12.0262 	EXP 	window1: blendMode = 'avg'
12.0268 	EXP 	window1: blendMode = 'avg'
12.0417 	EXP 	window1: blendMode = 'avg'
12.0422 	EXP 	window1: blendMode = 'avg'
12.0428 	EXP 	window1: blendMode = 'avg'
12.0435 	EXP 	window1: blendMode = 'avg'
12.0583 	EXP 	window1: blendMode = 'avg'
12.0589 	EXP 	window1: blendMode = 'avg'
12.0595 	EXP 	window1: blendMode = 'avg'
12.0601 	EXP 	window1: blendMode = 'avg'
12.0750 	EXP 	window1: blendMode = 'avg'
12.0756 	EXP 	window1: blendMode = 'avg'
12.0762 	EXP 	window1: blendMode = 'avg'
12.0768 	EXP 	window1: blendMode = 'avg'
12.0917 	EXP 	window1: blendMode = 'avg'
12.0922 	EXP 	window1: blendMode = 'avg'
12.0929 	EXP 	window1: blendMode = 'avg'
12.0935 	EXP 	window1: blendMode = 'avg'
12.1084 	EXP 	window1: blendMode = 'avg'
12.1089 	EXP 	window1: blendMode = 'avg'
12.1095 	EXP 	window1: blendMode = 'avg'
12.1102 	EXP 	window1: blendMode = 'avg'
12.1249 	EXP 	window1: blendMode = 'avg'
12.1255 	EXP 	window1: blendMode = 'avg'
12.1261 	EXP 	window1: blendMode = 'avg'
12.1268 	EXP 	window1: blendMode = 'avg'
12.1417 	EXP 	window1: blendMode = 'avg'
12.1422 	EXP 	window1: blendMode = 'avg'
12.1429 	EXP 	window1: blendMode = 'avg'
12.1435 	EXP 	window1: blendMode = 'avg'
12.1584 	EXP 	window1: blendMode = 'avg'
12.1589 	EXP 	window1: blendMode = 'avg'
12.1596 	EXP 	window1: blendMode = 'avg'
12.1602 	EXP 	window1: blendMode = 'avg'
12.1751 	EXP 	window1: blendMode = 'avg'
12.1756 	EXP 	window1: blendMode = 'avg'
12.1763 	EXP 	window1: blendMode = 'avg'
12.1769 	EXP 	window1: blendMode = 'avg'
12.1917 	EXP 	window1: blendMode = 'avg'
12.1923 	EXP 	window1: blendMode = 'avg'
12.1929 	EXP 	window1: blendMode = 'avg'
12.1935 	EXP 	window1: blendMode = 'avg'
12.2084 	EXP 	window1: blendMode = 'avg'
12.2090 	EXP 	window1: blendMode = 'avg'
12.2096 	EXP 	window1: blendMode = 'avg'
12.2103 	EXP 	window1: blendMode = 'avg'
12.2250 	EXP 	window1: blendMode = 'avg'
12.2255 	EXP 	window1: blendMode = 'avg'
12.2262 	EXP 	window1: blendMode = 'avg'
12.2268 	EXP 	window1: blendMode = 'avg'
12.2417 	EXP 	window1: blendMode = 'avg'
12.2423 	EXP 	window1: blendMode = 'avg'
12.2429 	EXP 	window1: blendMode = 'avg'
12.2435 	EXP 	window1: blendMode = 'avg'
12.2584 	EXP 	window1: blendMode = 'avg'
12.2589 	EXP 	window1: blendMode = 'avg'
12.2596 	EXP 	window1: blendMode = 'avg'
12.2602 	EXP 	window1: blendMode = 'avg'
12.2750 	EXP 	window1: blendMode = 'avg'
12.2756 	EXP 	window1: blendMode = 'avg'
12.2762 	EXP 	window1: blendMode = 'avg'
12.2768 	EXP 	window1: blendMode = 'avg'
12.2917 	EXP 	window1: blendMode = 'avg'
12.2923 	EXP 	window1: blendMode = 'avg'
12.2929 	EXP 	window1: blendMode = 'avg'
12.2935 	EXP 	window1: blendMode = 'avg'
12.3084 	EXP 	window1: blendMode = 'avg'
12.3089 	EXP 	window1: blendMode = 'avg'
12.3096 	EXP 	window1: blendMode = 'avg'
12.3102 	EXP 	window1: blendMode = 'avg'
12.3251 	EXP 	window1: blendMode = 'avg'
12.3256 	EXP 	window1: blendMode = 'avg'
12.3263 	EXP 	window1: blendMode = 'avg'
12.3269 	EXP 	window1: blendMode = 'avg'
12.3411 	DATA 	Keypress: 1
12.3487 	EXP 	window1: blendMode = 'avg'
12.3740 	EXP 	unnamed Circle: autoDraw = True
12.3740 	EXP 	leftbox: autoDraw = False
12.3740 	EXP 	rightbox: autoDraw = False
12.3740 	EXP 	money1: autoDraw = False
12.3740 	EXP 	money2: autoDraw = False
12.3740 	EXP 	blank: autoDraw = False
12.3740 	EXP 	text_3: autoDraw = True
12.3753 	EXP 	window1: blendMode = 'avg'
12.3922 	EXP 	window1: blendMode = 'avg'
12.4089 	EXP 	window1: blendMode = 'avg'
12.4256 	EXP 	window1: blendMode = 'avg'
12.4426 	EXP 	window1: blendMode = 'avg'
12.4589 	EXP 	window1: blendMode = 'avg'
12.4756 	EXP 	window1: blendMode = 'avg'
12.4922 	EXP 	window1: blendMode = 'avg'
12.5089 	EXP 	window1: blendMode = 'avg'
12.5257 	EXP 	window1: blendMode = 'avg'
12.5423 	EXP 	window1: blendMode = 'avg'
12.5589 	EXP 	window1: blendMode = 'avg'
12.5756 	EXP 	window1: blendMode = 'avg'
12.5923 	EXP 	window1: blendMode = 'avg'
12.6090 	EXP 	window1: blendMode = 'avg'
12.6256 	EXP 	window1: blendMode = 'avg'
12.6424 	EXP 	window1: blendMode = 'avg'
12.6589 	EXP 	window1: blendMode = 'avg'
12.6757 	EXP 	window1: blendMode = 'avg'
12.6923 	EXP 	window1: blendMode = 'avg'
12.7090 	EXP 	window1: blendMode = 'avg'
12.7256 	EXP 	window1: blendMode = 'avg'
12.7424 	EXP 	window1: blendMode = 'avg'
12.7590 	EXP 	window1: blendMode = 'avg'
12.7757 	EXP 	window1: blendMode = 'avg'
12.7923 	EXP 	window1: blendMode = 'avg'
12.8091 	EXP 	window1: blendMode = 'avg'
12.8257 	EXP 	window1: blendMode = 'avg'
12.8424 	EXP 	window1: blendMode = 'avg'
12.8590 	EXP 	window1: blendMode = 'avg'
12.8757 	EXP 	window1: blendMode = 'avg'
12.8925 	EXP 	window1: blendMode = 'avg'
12.9091 	EXP 	window1: blendMode = 'avg'
12.9257 	EXP 	window1: blendMode = 'avg'
12.9424 	EXP 	window1: blendMode = 'avg'
12.9590 	EXP 	window1: blendMode = 'avg'
12.9757 	EXP 	window1: blendMode = 'avg'
12.9924 	EXP 	window1: blendMode = 'avg'
13.0090 	EXP 	window1: blendMode = 'avg'
13.0257 	EXP 	window1: blendMode = 'avg'
13.0424 	EXP 	window1: blendMode = 'avg'
13.0590 	EXP 	window1: blendMode = 'avg'
13.0757 	EXP 	window1: blendMode = 'avg'
13.0925 	EXP 	window1: blendMode = 'avg'
13.1091 	EXP 	window1: blendMode = 'avg'
13.1257 	EXP 	window1: blendMode = 'avg'
13.1424 	EXP 	window1: blendMode = 'avg'
13.1591 	EXP 	window1: blendMode = 'avg'
13.1758 	EXP 	window1: blendMode = 'avg'
13.1925 	EXP 	window1: blendMode = 'avg'
13.2092 	EXP 	window1: blendMode = 'avg'
13.2259 	EXP 	window1: blendMode = 'avg'
13.2424 	EXP 	window1: blendMode = 'avg'
13.2592 	EXP 	window1: blendMode = 'avg'
13.2758 	EXP 	window1: blendMode = 'avg'
13.2925 	EXP 	window1: blendMode = 'avg'
13.3092 	EXP 	window1: blendMode = 'avg'
13.3258 	EXP 	window1: blendMode = 'avg'
13.3425 	EXP 	window1: blendMode = 'avg'
13.3592 	EXP 	window1: blendMode = 'avg'
13.3758 	EXP 	window1: blendMode = 'avg'
13.3925 	EXP 	window1: blendMode = 'avg'
13.4092 	EXP 	window1: blendMode = 'avg'
13.4259 	EXP 	window1: blendMode = 'avg'
13.4425 	EXP 	window1: blendMode = 'avg'
13.4592 	EXP 	window1: blendMode = 'avg'
13.4760 	EXP 	window1: blendMode = 'avg'
13.4927 	EXP 	window1: blendMode = 'avg'
13.5091 	EXP 	window1: blendMode = 'avg'
13.5258 	EXP 	window1: blendMode = 'avg'
13.5425 	EXP 	window1: blendMode = 'avg'
13.5590 	EXP 	window1: blendMode = 'avg'
13.5759 	EXP 	window1: blendMode = 'avg'
13.5925 	EXP 	window1: blendMode = 'avg'
13.6092 	EXP 	window1: blendMode = 'avg'
13.6259 	EXP 	window1: blendMode = 'avg'
13.6426 	EXP 	window1: blendMode = 'avg'
13.6593 	EXP 	window1: blendMode = 'avg'
13.6761 	EXP 	window1: blendMode = 'avg'
13.6927 	EXP 	window1: blendMode = 'avg'
13.7093 	EXP 	window1: blendMode = 'avg'
13.7260 	EXP 	window1: blendMode = 'avg'
13.7427 	EXP 	window1: blendMode = 'avg'
13.7593 	EXP 	window1: blendMode = 'avg'
13.7759 	EXP 	window1: blendMode = 'avg'
13.7927 	EXP 	window1: blendMode = 'avg'
13.8095 	EXP 	window1: blendMode = 'avg'
13.8263 	EXP 	window1: blendMode = 'avg'
13.8431 	EXP 	window1: blendMode = 'avg'
13.8595 	EXP 	window1: blendMode = 'avg'
13.8762 	EXP 	window1: blendMode = 'avg'
13.8929 	EXP 	window1: blendMode = 'avg'
13.9096 	EXP 	window1: blendMode = 'avg'
13.9263 	EXP 	window1: blendMode = 'avg'
13.9429 	EXP 	window1: blendMode = 'avg'
13.9596 	EXP 	window1: blendMode = 'avg'
13.9765 	EXP 	window1: blendMode = 'avg'
13.9931 	EXP 	window1: blendMode = 'avg'
14.0097 	EXP 	window1: blendMode = 'avg'
14.0265 	EXP 	window1: blendMode = 'avg'
14.0430 	EXP 	window1: blendMode = 'avg'
14.0596 	EXP 	window1: blendMode = 'avg'
14.0763 	EXP 	window1: blendMode = 'avg'
14.0932 	EXP 	window1: blendMode = 'avg'
14.1097 	EXP 	window1: blendMode = 'avg'
14.1264 	EXP 	window1: blendMode = 'avg'
14.1430 	EXP 	window1: blendMode = 'avg'
14.1594 	EXP 	window1: blendMode = 'avg'
14.1761 	EXP 	window1: blendMode = 'avg'
14.1928 	EXP 	window1: blendMode = 'avg'
14.2094 	EXP 	window1: blendMode = 'avg'
14.2261 	EXP 	window1: blendMode = 'avg'
14.2428 	EXP 	window1: blendMode = 'avg'
14.2594 	EXP 	window1: blendMode = 'avg'
14.2761 	EXP 	window1: blendMode = 'avg'
14.2928 	EXP 	window1: blendMode = 'avg'
14.3094 	EXP 	window1: blendMode = 'avg'
14.3261 	EXP 	window1: blendMode = 'avg'
14.3427 	EXP 	New trial (rep=0, index=1): {'leftmoney': 0.070000000000000007, 'Right': u'Exercising from home', 'rightmoney': 0.040000000000000001, 'Left': u'Attending a Superbowl \nparty'}
14.3987 	EXP 	Created unnamed Circle = Circle(autoDraw=False, autoLog=True, closeShape=True, contrast=1.0, depth=0, fillColor=None, fillColorSpace='rgb', fillRGB=None, interpolate=True, lineColor='green', lineColorSpace='named', lineRGB=array([   0.,  128.,    0.]), lineWidth=1.5, name='unnamed Circle', opacity=1.0, ori=array(0.0), pos=array([ 0.5,  0.1]), size=array([ 1.,  1.]), units=u'norm', vertices=ndarray(...), win=Window(...))
14.4026 	EXP 	Created unnamed Circle = Circle(autoDraw=False, autoLog=True, closeShape=True, contrast=1.0, depth=0, fillColor=None, fillColorSpace='rgb', fillRGB=None, interpolate=True, lineColor='green', lineColorSpace='named', lineRGB=array([   0.,  128.,    0.]), lineWidth=1.5, name='unnamed Circle', opacity=1.0, ori=array(0.0), pos=array([-0.5,  0.1]), size=array([ 1.,  1.]), units=u'norm', vertices=ndarray(...), win=Window(...))
14.4031 	EXP 	window1: blendMode = 'avg'
14.4033 	EXP 	window1: blendMode = 'avg'
14.4037 	EXP 	window1: blendMode = 'avg'
14.4042 	EXP 	window1: blendMode = 'avg'
14.4042 	EXP 	window1: blendMode = 'avg'
14.4243 	EXP 	text_3: autoDraw = False
14.4243 	EXP 	text_3: autoDraw = False
14.4243 	EXP 	leftbox: text = u'Attending a Superbowl \nparty'
14.4243 	EXP 	rightbox: text = u'Exercising from home'
14.4243 	EXP 	money1: text = 0.070000000000000007
14.4243 	EXP 	money2: text = 0.040000000000000001
14.4243 	EXP 	blank: text = ''
14.4243 	EXP 	leftbox: autoDraw = True
14.4243 	EXP 	rightbox: autoDraw = True
14.4243 	EXP 	money1: autoDraw = True
14.4243 	EXP 	money2: autoDraw = True
14.4243 	EXP 	blank: autoDraw = True
14.4248 	EXP 	window1: blendMode = 'avg'
14.4250 	EXP 	window1: blendMode = 'avg'
14.4252 	EXP 	window1: blendMode = 'avg'
14.4254 	EXP 	window1: blendMode = 'avg'
14.4255 	EXP 	window1: blendMode = 'avg'
14.4414 	EXP 	window1: blendMode = 'avg'
14.4416 	EXP 	window1: blendMode = 'avg'
14.4418 	EXP 	window1: blendMode = 'avg'
14.4420 	EXP 	window1: blendMode = 'avg'
14.4420 	EXP 	window1: blendMode = 'avg'
14.4595 	EXP 	window1: blendMode = 'avg'
14.4601 	EXP 	window1: blendMode = 'avg'
14.4609 	EXP 	window1: blendMode = 'avg'
14.4617 	EXP 	window1: blendMode = 'avg'
14.4621 	EXP 	window1: blendMode = 'avg'
14.4763 	EXP 	window1: blendMode = 'avg'
14.4770 	EXP 	window1: blendMode = 'avg'
14.4778 	EXP 	window1: blendMode = 'avg'
14.4786 	EXP 	window1: blendMode = 'avg'
14.4790 	EXP 	window1: blendMode = 'avg'
14.4930 	EXP 	window1: blendMode = 'avg'
14.4937 	EXP 	window1: blendMode = 'avg'
14.4945 	EXP 	window1: blendMode = 'avg'
14.4953 	EXP 	window1: blendMode = 'avg'
14.4957 	EXP 	window1: blendMode = 'avg'
14.5095 	EXP 	window1: blendMode = 'avg'
14.5102 	EXP 	window1: blendMode = 'avg'
14.5111 	EXP 	window1: blendMode = 'avg'
14.5119 	EXP 	window1: blendMode = 'avg'
14.5121 	EXP 	window1: blendMode = 'avg'
14.5257 	EXP 	window1: blendMode = 'avg'
14.5262 	EXP 	window1: blendMode = 'avg'
14.5267 	EXP 	window1: blendMode = 'avg'
14.5272 	EXP 	window1: blendMode = 'avg'
14.5275 	EXP 	window1: blendMode = 'avg'
14.5424 	EXP 	window1: blendMode = 'avg'
14.5428 	EXP 	window1: blendMode = 'avg'
14.5434 	EXP 	window1: blendMode = 'avg'
14.5439 	EXP 	window1: blendMode = 'avg'
14.5441 	EXP 	window1: blendMode = 'avg'
14.5590 	EXP 	window1: blendMode = 'avg'
14.5594 	EXP 	window1: blendMode = 'avg'
14.5599 	EXP 	window1: blendMode = 'avg'
14.5604 	EXP 	window1: blendMode = 'avg'
14.5607 	EXP 	window1: blendMode = 'avg'
14.5758 	EXP 	window1: blendMode = 'avg'
14.5762 	EXP 	window1: blendMode = 'avg'
14.5767 	EXP 	window1: blendMode = 'avg'
14.5774 	EXP 	window1: blendMode = 'avg'
14.5777 	EXP 	window1: blendMode = 'avg'
14.5924 	EXP 	window1: blendMode = 'avg'
14.5928 	EXP 	window1: blendMode = 'avg'
14.5933 	EXP 	window1: blendMode = 'avg'
14.5942 	EXP 	window1: blendMode = 'avg'
14.5945 	EXP 	window1: blendMode = 'avg'
14.6090 	EXP 	window1: blendMode = 'avg'
14.6094 	EXP 	window1: blendMode = 'avg'
14.6100 	EXP 	window1: blendMode = 'avg'
14.6105 	EXP 	window1: blendMode = 'avg'
14.6108 	EXP 	window1: blendMode = 'avg'
14.6257 	EXP 	window1: blendMode = 'avg'
14.6262 	EXP 	window1: blendMode = 'avg'
14.6267 	EXP 	window1: blendMode = 'avg'
14.6272 	EXP 	window1: blendMode = 'avg'
14.6275 	EXP 	window1: blendMode = 'avg'
14.6424 	EXP 	window1: blendMode = 'avg'
14.6429 	EXP 	window1: blendMode = 'avg'
14.6434 	EXP 	window1: blendMode = 'avg'
14.6439 	EXP 	window1: blendMode = 'avg'
14.6442 	EXP 	window1: blendMode = 'avg'
14.6590 	EXP 	window1: blendMode = 'avg'
14.6595 	EXP 	window1: blendMode = 'avg'
14.6600 	EXP 	window1: blendMode = 'avg'
14.6605 	EXP 	window1: blendMode = 'avg'
14.6608 	EXP 	window1: blendMode = 'avg'
14.6758 	EXP 	window1: blendMode = 'avg'
14.6762 	EXP 	window1: blendMode = 'avg'
14.6767 	EXP 	window1: blendMode = 'avg'
14.6773 	EXP 	window1: blendMode = 'avg'
14.6775 	EXP 	window1: blendMode = 'avg'
14.6928 	EXP 	window1: blendMode = 'avg'
14.6935 	EXP 	window1: blendMode = 'avg'
14.6943 	EXP 	window1: blendMode = 'avg'
14.6951 	EXP 	window1: blendMode = 'avg'
14.6954 	EXP 	window1: blendMode = 'avg'
14.7096 	EXP 	window1: blendMode = 'avg'
14.7103 	EXP 	window1: blendMode = 'avg'
14.7111 	EXP 	window1: blendMode = 'avg'
14.7119 	EXP 	window1: blendMode = 'avg'
14.7122 	EXP 	window1: blendMode = 'avg'
14.7263 	EXP 	window1: blendMode = 'avg'
14.7270 	EXP 	window1: blendMode = 'avg'
14.7278 	EXP 	window1: blendMode = 'avg'
14.7286 	EXP 	window1: blendMode = 'avg'
14.7289 	EXP 	window1: blendMode = 'avg'
14.7430 	EXP 	window1: blendMode = 'avg'
14.7437 	EXP 	window1: blendMode = 'avg'
14.7444 	EXP 	window1: blendMode = 'avg'
14.7452 	EXP 	window1: blendMode = 'avg'
14.7456 	EXP 	window1: blendMode = 'avg'
14.7599 	EXP 	window1: blendMode = 'avg'
14.7606 	EXP 	window1: blendMode = 'avg'
14.7615 	EXP 	window1: blendMode = 'avg'
14.7623 	EXP 	window1: blendMode = 'avg'
14.7627 	EXP 	window1: blendMode = 'avg'
14.7763 	EXP 	window1: blendMode = 'avg'
14.7770 	EXP 	window1: blendMode = 'avg'
14.7778 	EXP 	window1: blendMode = 'avg'
14.7787 	EXP 	window1: blendMode = 'avg'
14.7790 	EXP 	window1: blendMode = 'avg'
14.7931 	EXP 	window1: blendMode = 'avg'
14.7938 	EXP 	window1: blendMode = 'avg'
14.7946 	EXP 	window1: blendMode = 'avg'
14.7954 	EXP 	window1: blendMode = 'avg'
14.7958 	EXP 	window1: blendMode = 'avg'
14.8097 	EXP 	window1: blendMode = 'avg'
14.8105 	EXP 	window1: blendMode = 'avg'
14.8113 	EXP 	window1: blendMode = 'avg'
14.8121 	EXP 	window1: blendMode = 'avg'
14.8124 	EXP 	window1: blendMode = 'avg'
14.8264 	EXP 	window1: blendMode = 'avg'
14.8271 	EXP 	window1: blendMode = 'avg'
14.8279 	EXP 	window1: blendMode = 'avg'
14.8287 	EXP 	window1: blendMode = 'avg'
14.8291 	EXP 	window1: blendMode = 'avg'
14.8430 	EXP 	window1: blendMode = 'avg'
14.8437 	EXP 	window1: blendMode = 'avg'
14.8445 	EXP 	window1: blendMode = 'avg'
14.8453 	EXP 	window1: blendMode = 'avg'
14.8456 	EXP 	window1: blendMode = 'avg'
14.8596 	EXP 	window1: blendMode = 'avg'
14.8603 	EXP 	window1: blendMode = 'avg'
14.8611 	EXP 	window1: blendMode = 'avg'
14.8618 	EXP 	window1: blendMode = 'avg'
14.8622 	EXP 	window1: blendMode = 'avg'
14.8763 	EXP 	window1: blendMode = 'avg'
14.8770 	EXP 	window1: blendMode = 'avg'
14.8778 	EXP 	window1: blendMode = 'avg'
14.8786 	EXP 	window1: blendMode = 'avg'
14.8789 	EXP 	window1: blendMode = 'avg'
14.8930 	EXP 	window1: blendMode = 'avg'
14.8937 	EXP 	window1: blendMode = 'avg'
14.8945 	EXP 	window1: blendMode = 'avg'
14.8953 	EXP 	window1: blendMode = 'avg'
14.8956 	EXP 	window1: blendMode = 'avg'
14.9097 	EXP 	window1: blendMode = 'avg'
14.9105 	EXP 	window1: blendMode = 'avg'
14.9113 	EXP 	window1: blendMode = 'avg'
14.9121 	EXP 	window1: blendMode = 'avg'
14.9125 	EXP 	window1: blendMode = 'avg'
14.9264 	EXP 	window1: blendMode = 'avg'
14.9271 	EXP 	window1: blendMode = 'avg'
14.9279 	EXP 	window1: blendMode = 'avg'
14.9287 	EXP 	window1: blendMode = 'avg'
14.9290 	EXP 	window1: blendMode = 'avg'
14.9430 	EXP 	window1: blendMode = 'avg'
14.9437 	EXP 	window1: blendMode = 'avg'
14.9446 	EXP 	window1: blendMode = 'avg'
14.9454 	EXP 	window1: blendMode = 'avg'
14.9458 	EXP 	window1: blendMode = 'avg'
14.9597 	EXP 	window1: blendMode = 'avg'
14.9604 	EXP 	window1: blendMode = 'avg'
14.9612 	EXP 	window1: blendMode = 'avg'
14.9620 	EXP 	window1: blendMode = 'avg'
14.9623 	EXP 	window1: blendMode = 'avg'
14.9764 	EXP 	window1: blendMode = 'avg'
14.9771 	EXP 	window1: blendMode = 'avg'
14.9779 	EXP 	window1: blendMode = 'avg'
14.9786 	EXP 	window1: blendMode = 'avg'
14.9790 	EXP 	window1: blendMode = 'avg'
14.9931 	EXP 	window1: blendMode = 'avg'
14.9938 	EXP 	window1: blendMode = 'avg'
14.9946 	EXP 	window1: blendMode = 'avg'
14.9953 	EXP 	window1: blendMode = 'avg'
14.9957 	EXP 	window1: blendMode = 'avg'
15.0097 	EXP 	window1: blendMode = 'avg'
15.0104 	EXP 	window1: blendMode = 'avg'
15.0112 	EXP 	window1: blendMode = 'avg'
15.0120 	EXP 	window1: blendMode = 'avg'
15.0123 	EXP 	window1: blendMode = 'avg'
15.0264 	EXP 	window1: blendMode = 'avg'
15.0271 	EXP 	window1: blendMode = 'avg'
15.0279 	EXP 	window1: blendMode = 'avg'
15.0286 	EXP 	window1: blendMode = 'avg'
15.0290 	EXP 	window1: blendMode = 'avg'
15.0431 	EXP 	window1: blendMode = 'avg'
15.0437 	EXP 	window1: blendMode = 'avg'
15.0445 	EXP 	window1: blendMode = 'avg'
15.0453 	EXP 	window1: blendMode = 'avg'
15.0457 	EXP 	window1: blendMode = 'avg'
15.0598 	EXP 	window1: blendMode = 'avg'
15.0605 	EXP 	window1: blendMode = 'avg'
15.0613 	EXP 	window1: blendMode = 'avg'
15.0621 	EXP 	window1: blendMode = 'avg'
15.0625 	EXP 	window1: blendMode = 'avg'
15.0764 	EXP 	window1: blendMode = 'avg'
15.0771 	EXP 	window1: blendMode = 'avg'
15.0780 	EXP 	window1: blendMode = 'avg'
15.0788 	EXP 	window1: blendMode = 'avg'
15.0791 	EXP 	window1: blendMode = 'avg'
15.0932 	EXP 	window1: blendMode = 'avg'
15.0939 	EXP 	window1: blendMode = 'avg'
15.0947 	EXP 	window1: blendMode = 'avg'
15.0957 	EXP 	window1: blendMode = 'avg'
15.0961 	EXP 	window1: blendMode = 'avg'
15.1098 	EXP 	window1: blendMode = 'avg'
15.1105 	EXP 	window1: blendMode = 'avg'
15.1112 	EXP 	window1: blendMode = 'avg'
15.1121 	EXP 	window1: blendMode = 'avg'
15.1124 	EXP 	window1: blendMode = 'avg'
15.1264 	EXP 	window1: blendMode = 'avg'
15.1271 	EXP 	window1: blendMode = 'avg'
15.1279 	EXP 	window1: blendMode = 'avg'
15.1287 	EXP 	window1: blendMode = 'avg'
15.1290 	EXP 	window1: blendMode = 'avg'
15.1434 	EXP 	window1: blendMode = 'avg'
15.1441 	EXP 	window1: blendMode = 'avg'
15.1449 	EXP 	window1: blendMode = 'avg'
15.1457 	EXP 	window1: blendMode = 'avg'
15.1461 	EXP 	window1: blendMode = 'avg'
15.1598 	EXP 	window1: blendMode = 'avg'
15.1605 	EXP 	window1: blendMode = 'avg'
15.1613 	EXP 	window1: blendMode = 'avg'
15.1620 	EXP 	window1: blendMode = 'avg'
15.1624 	EXP 	window1: blendMode = 'avg'
15.1764 	EXP 	window1: blendMode = 'avg'
15.1771 	EXP 	window1: blendMode = 'avg'
15.1780 	EXP 	window1: blendMode = 'avg'
15.1788 	EXP 	window1: blendMode = 'avg'
15.1791 	EXP 	window1: blendMode = 'avg'
15.1931 	EXP 	window1: blendMode = 'avg'
15.1938 	EXP 	window1: blendMode = 'avg'
15.1946 	EXP 	window1: blendMode = 'avg'
15.1954 	EXP 	window1: blendMode = 'avg'
15.1957 	EXP 	window1: blendMode = 'avg'
15.2098 	EXP 	window1: blendMode = 'avg'
15.2105 	EXP 	window1: blendMode = 'avg'
15.2113 	EXP 	window1: blendMode = 'avg'
15.2120 	EXP 	window1: blendMode = 'avg'
15.2124 	EXP 	window1: blendMode = 'avg'
15.2264 	EXP 	window1: blendMode = 'avg'
15.2271 	EXP 	window1: blendMode = 'avg'
15.2279 	EXP 	window1: blendMode = 'avg'
15.2287 	EXP 	window1: blendMode = 'avg'
15.2290 	EXP 	window1: blendMode = 'avg'
15.2431 	EXP 	window1: blendMode = 'avg'
15.2438 	EXP 	window1: blendMode = 'avg'
15.2446 	EXP 	window1: blendMode = 'avg'
15.2454 	EXP 	window1: blendMode = 'avg'
15.2457 	EXP 	window1: blendMode = 'avg'
15.2598 	EXP 	window1: blendMode = 'avg'
15.2605 	EXP 	window1: blendMode = 'avg'
15.2613 	EXP 	window1: blendMode = 'avg'
15.2620 	EXP 	window1: blendMode = 'avg'
15.2624 	EXP 	window1: blendMode = 'avg'
15.2765 	EXP 	window1: blendMode = 'avg'
15.2773 	EXP 	window1: blendMode = 'avg'
15.2783 	EXP 	window1: blendMode = 'avg'
15.2791 	EXP 	window1: blendMode = 'avg'
15.2795 	EXP 	window1: blendMode = 'avg'
15.2932 	EXP 	window1: blendMode = 'avg'
15.2939 	EXP 	window1: blendMode = 'avg'
15.2947 	EXP 	window1: blendMode = 'avg'
15.2955 	EXP 	window1: blendMode = 'avg'
15.2958 	EXP 	window1: blendMode = 'avg'
15.3099 	EXP 	window1: blendMode = 'avg'
15.3106 	EXP 	window1: blendMode = 'avg'
15.3116 	EXP 	window1: blendMode = 'avg'
15.3124 	EXP 	window1: blendMode = 'avg'
15.3128 	EXP 	window1: blendMode = 'avg'
15.3265 	EXP 	window1: blendMode = 'avg'
15.3272 	EXP 	window1: blendMode = 'avg'
15.3280 	EXP 	window1: blendMode = 'avg'
15.3287 	EXP 	window1: blendMode = 'avg'
15.3291 	EXP 	window1: blendMode = 'avg'
15.3432 	EXP 	window1: blendMode = 'avg'
15.3439 	EXP 	window1: blendMode = 'avg'
15.3446 	EXP 	window1: blendMode = 'avg'
15.3454 	EXP 	window1: blendMode = 'avg'
15.3458 	EXP 	window1: blendMode = 'avg'
15.3598 	EXP 	window1: blendMode = 'avg'
15.3605 	EXP 	window1: blendMode = 'avg'
15.3613 	EXP 	window1: blendMode = 'avg'
15.3620 	EXP 	window1: blendMode = 'avg'
15.3624 	EXP 	window1: blendMode = 'avg'
15.3765 	EXP 	window1: blendMode = 'avg'
15.3772 	EXP 	window1: blendMode = 'avg'
15.3780 	EXP 	window1: blendMode = 'avg'
15.3787 	EXP 	window1: blendMode = 'avg'
15.3791 	EXP 	window1: blendMode = 'avg'
15.3932 	EXP 	window1: blendMode = 'avg'
15.3939 	EXP 	window1: blendMode = 'avg'
15.3947 	EXP 	window1: blendMode = 'avg'
15.3955 	EXP 	window1: blendMode = 'avg'
15.3959 	EXP 	window1: blendMode = 'avg'
15.4103 	EXP 	window1: blendMode = 'avg'
15.4111 	EXP 	window1: blendMode = 'avg'
15.4119 	EXP 	window1: blendMode = 'avg'
15.4127 	EXP 	window1: blendMode = 'avg'
15.4250 	EXP 	blank: autoDraw = False
15.4267 	EXP 	window1: blendMode = 'avg'
15.4274 	EXP 	window1: blendMode = 'avg'
15.4282 	EXP 	window1: blendMode = 'avg'
15.4290 	EXP 	window1: blendMode = 'avg'
15.4432 	EXP 	window1: blendMode = 'avg'
15.4439 	EXP 	window1: blendMode = 'avg'
15.4447 	EXP 	window1: blendMode = 'avg'
15.4454 	EXP 	window1: blendMode = 'avg'
15.4598 	EXP 	window1: blendMode = 'avg'
15.4605 	EXP 	window1: blendMode = 'avg'
15.4613 	EXP 	window1: blendMode = 'avg'
15.4621 	EXP 	window1: blendMode = 'avg'
15.4766 	EXP 	window1: blendMode = 'avg'
15.4773 	EXP 	window1: blendMode = 'avg'
15.4781 	EXP 	window1: blendMode = 'avg'
15.4789 	EXP 	window1: blendMode = 'avg'
15.4932 	EXP 	window1: blendMode = 'avg'
15.4938 	EXP 	window1: blendMode = 'avg'
15.4946 	EXP 	window1: blendMode = 'avg'
15.4954 	EXP 	window1: blendMode = 'avg'
15.5099 	EXP 	window1: blendMode = 'avg'
15.5106 	EXP 	window1: blendMode = 'avg'
15.5113 	EXP 	window1: blendMode = 'avg'
15.5121 	EXP 	window1: blendMode = 'avg'
15.5266 	EXP 	window1: blendMode = 'avg'
15.5272 	EXP 	window1: blendMode = 'avg'
15.5280 	EXP 	window1: blendMode = 'avg'
15.5288 	EXP 	window1: blendMode = 'avg'
15.5432 	EXP 	window1: blendMode = 'avg'
15.5439 	EXP 	window1: blendMode = 'avg'
15.5447 	EXP 	window1: blendMode = 'avg'
15.5455 	EXP 	window1: blendMode = 'avg'
15.5599 	EXP 	window1: blendMode = 'avg'
15.5606 	EXP 	window1: blendMode = 'avg'
15.5614 	EXP 	window1: blendMode = 'avg'
15.5622 	EXP 	window1: blendMode = 'avg'
15.5766 	EXP 	window1: blendMode = 'avg'
15.5773 	EXP 	window1: blendMode = 'avg'
15.5782 	EXP 	window1: blendMode = 'avg'
15.5792 	EXP 	window1: blendMode = 'avg'
15.5933 	EXP 	window1: blendMode = 'avg'
15.5940 	EXP 	window1: blendMode = 'avg'
15.5948 	EXP 	window1: blendMode = 'avg'
15.5956 	EXP 	window1: blendMode = 'avg'
15.6100 	EXP 	window1: blendMode = 'avg'
15.6107 	EXP 	window1: blendMode = 'avg'
15.6115 	EXP 	window1: blendMode = 'avg'
15.6124 	EXP 	window1: blendMode = 'avg'
15.6266 	EXP 	window1: blendMode = 'avg'
15.6273 	EXP 	window1: blendMode = 'avg'
15.6281 	EXP 	window1: blendMode = 'avg'
15.6288 	EXP 	window1: blendMode = 'avg'
15.6433 	EXP 	window1: blendMode = 'avg'
15.6439 	EXP 	window1: blendMode = 'avg'
15.6447 	EXP 	window1: blendMode = 'avg'
15.6455 	EXP 	window1: blendMode = 'avg'
15.6599 	EXP 	window1: blendMode = 'avg'
15.6606 	EXP 	window1: blendMode = 'avg'
15.6614 	EXP 	window1: blendMode = 'avg'
15.6621 	EXP 	window1: blendMode = 'avg'
15.6766 	EXP 	window1: blendMode = 'avg'
15.6773 	EXP 	window1: blendMode = 'avg'
15.6780 	EXP 	window1: blendMode = 'avg'
15.6788 	EXP 	window1: blendMode = 'avg'
15.6926 	EXP 	window1: blendMode = 'avg'
15.6930 	EXP 	window1: blendMode = 'avg'
15.6935 	EXP 	window1: blendMode = 'avg'
15.6940 	EXP 	window1: blendMode = 'avg'
15.7093 	EXP 	window1: blendMode = 'avg'
15.7098 	EXP 	window1: blendMode = 'avg'
15.7103 	EXP 	window1: blendMode = 'avg'
15.7108 	EXP 	window1: blendMode = 'avg'
15.7259 	EXP 	window1: blendMode = 'avg'
15.7265 	EXP 	window1: blendMode = 'avg'
15.7270 	EXP 	window1: blendMode = 'avg'
15.7275 	EXP 	window1: blendMode = 'avg'
15.7434 	EXP 	window1: blendMode = 'avg'
15.7442 	EXP 	window1: blendMode = 'avg'
15.7450 	EXP 	window1: blendMode = 'avg'
15.7458 	EXP 	window1: blendMode = 'avg'
15.7600 	EXP 	window1: blendMode = 'avg'
15.7608 	EXP 	window1: blendMode = 'avg'
15.7616 	EXP 	window1: blendMode = 'avg'
15.7624 	EXP 	window1: blendMode = 'avg'
15.7766 	EXP 	window1: blendMode = 'avg'
15.7773 	EXP 	window1: blendMode = 'avg'
15.7780 	EXP 	window1: blendMode = 'avg'
15.7788 	EXP 	window1: blendMode = 'avg'
15.7933 	EXP 	window1: blendMode = 'avg'
15.7940 	EXP 	window1: blendMode = 'avg'
15.7947 	EXP 	window1: blendMode = 'avg'
15.7955 	EXP 	window1: blendMode = 'avg'
15.8100 	EXP 	window1: blendMode = 'avg'
15.8107 	EXP 	window1: blendMode = 'avg'
15.8115 	EXP 	window1: blendMode = 'avg'
15.8123 	EXP 	window1: blendMode = 'avg'
15.8266 	EXP 	window1: blendMode = 'avg'
15.8272 	EXP 	window1: blendMode = 'avg'
15.8280 	EXP 	window1: blendMode = 'avg'
15.8288 	EXP 	window1: blendMode = 'avg'
15.8433 	EXP 	window1: blendMode = 'avg'
15.8440 	EXP 	window1: blendMode = 'avg'
15.8448 	EXP 	window1: blendMode = 'avg'
15.8455 	EXP 	window1: blendMode = 'avg'
15.8600 	EXP 	window1: blendMode = 'avg'
15.8607 	EXP 	window1: blendMode = 'avg'
15.8615 	EXP 	window1: blendMode = 'avg'
15.8623 	EXP 	window1: blendMode = 'avg'
15.8766 	EXP 	window1: blendMode = 'avg'
15.8773 	EXP 	window1: blendMode = 'avg'
15.8781 	EXP 	window1: blendMode = 'avg'
15.8789 	EXP 	window1: blendMode = 'avg'
15.8934 	EXP 	window1: blendMode = 'avg'
15.8941 	EXP 	window1: blendMode = 'avg'
15.8948 	EXP 	window1: blendMode = 'avg'
15.8956 	EXP 	window1: blendMode = 'avg'
15.9100 	EXP 	window1: blendMode = 'avg'
15.9154 	EXP 	window1: blendMode = 'avg'
15.9162 	EXP 	window1: blendMode = 'avg'
15.9170 	EXP 	window1: blendMode = 'avg'
15.9266 	EXP 	window1: blendMode = 'avg'
15.9273 	EXP 	window1: blendMode = 'avg'
15.9281 	EXP 	window1: blendMode = 'avg'
15.9289 	EXP 	window1: blendMode = 'avg'
15.9434 	EXP 	window1: blendMode = 'avg'
15.9441 	EXP 	window1: blendMode = 'avg'
15.9449 	EXP 	window1: blendMode = 'avg'
15.9459 	EXP 	window1: blendMode = 'avg'
15.9600 	EXP 	window1: blendMode = 'avg'
15.9607 	EXP 	window1: blendMode = 'avg'
15.9615 	EXP 	window1: blendMode = 'avg'
15.9622 	EXP 	window1: blendMode = 'avg'
15.9766 	EXP 	window1: blendMode = 'avg'
15.9773 	EXP 	window1: blendMode = 'avg'
15.9781 	EXP 	window1: blendMode = 'avg'
15.9789 	EXP 	window1: blendMode = 'avg'
15.9934 	EXP 	window1: blendMode = 'avg'
15.9941 	EXP 	window1: blendMode = 'avg'
15.9948 	EXP 	window1: blendMode = 'avg'
15.9956 	EXP 	window1: blendMode = 'avg'
16.0100 	EXP 	window1: blendMode = 'avg'
16.0107 	EXP 	window1: blendMode = 'avg'
16.0115 	EXP 	window1: blendMode = 'avg'
16.0123 	EXP 	window1: blendMode = 'avg'
16.0266 	EXP 	window1: blendMode = 'avg'
16.0273 	EXP 	window1: blendMode = 'avg'
16.0281 	EXP 	window1: blendMode = 'avg'
16.0289 	EXP 	window1: blendMode = 'avg'
16.0434 	EXP 	window1: blendMode = 'avg'
16.0441 	EXP 	window1: blendMode = 'avg'
16.0449 	EXP 	window1: blendMode = 'avg'
16.0456 	EXP 	window1: blendMode = 'avg'
16.0601 	EXP 	window1: blendMode = 'avg'
16.0608 	EXP 	window1: blendMode = 'avg'
16.0618 	EXP 	window1: blendMode = 'avg'
16.0626 	EXP 	window1: blendMode = 'avg'
16.0767 	EXP 	window1: blendMode = 'avg'
16.0774 	EXP 	window1: blendMode = 'avg'
16.0783 	EXP 	window1: blendMode = 'avg'
16.0790 	EXP 	window1: blendMode = 'avg'
16.0934 	EXP 	window1: blendMode = 'avg'
16.0941 	EXP 	window1: blendMode = 'avg'
16.0950 	EXP 	window1: blendMode = 'avg'
16.0958 	EXP 	window1: blendMode = 'avg'
16.1101 	EXP 	window1: blendMode = 'avg'
16.1108 	EXP 	window1: blendMode = 'avg'
16.1116 	EXP 	window1: blendMode = 'avg'
16.1124 	EXP 	window1: blendMode = 'avg'
16.1267 	EXP 	window1: blendMode = 'avg'
16.1274 	EXP 	window1: blendMode = 'avg'
16.1281 	EXP 	window1: blendMode = 'avg'
16.1289 	EXP 	window1: blendMode = 'avg'
16.1434 	EXP 	window1: blendMode = 'avg'
16.1441 	EXP 	window1: blendMode = 'avg'
16.1449 	EXP 	window1: blendMode = 'avg'
16.1457 	EXP 	window1: blendMode = 'avg'
16.1601 	EXP 	window1: blendMode = 'avg'
16.1608 	EXP 	window1: blendMode = 'avg'
16.1615 	EXP 	window1: blendMode = 'avg'
16.1623 	EXP 	window1: blendMode = 'avg'
16.1767 	EXP 	window1: blendMode = 'avg'
16.1774 	EXP 	window1: blendMode = 'avg'
16.1782 	EXP 	window1: blendMode = 'avg'
16.1789 	EXP 	window1: blendMode = 'avg'
16.1934 	EXP 	window1: blendMode = 'avg'
16.1941 	EXP 	window1: blendMode = 'avg'
16.1948 	EXP 	window1: blendMode = 'avg'
16.1956 	EXP 	window1: blendMode = 'avg'
16.2101 	EXP 	window1: blendMode = 'avg'
16.2108 	EXP 	window1: blendMode = 'avg'
16.2115 	EXP 	window1: blendMode = 'avg'
16.2123 	EXP 	window1: blendMode = 'avg'
16.2267 	EXP 	window1: blendMode = 'avg'
16.2274 	EXP 	window1: blendMode = 'avg'
16.2282 	EXP 	window1: blendMode = 'avg'
16.2290 	EXP 	window1: blendMode = 'avg'
16.2435 	EXP 	window1: blendMode = 'avg'
16.2442 	EXP 	window1: blendMode = 'avg'
16.2450 	EXP 	window1: blendMode = 'avg'
16.2458 	EXP 	window1: blendMode = 'avg'
16.2601 	EXP 	window1: blendMode = 'avg'
16.2608 	EXP 	window1: blendMode = 'avg'
16.2616 	EXP 	window1: blendMode = 'avg'
16.2623 	EXP 	window1: blendMode = 'avg'
16.2767 	EXP 	window1: blendMode = 'avg'
16.2774 	EXP 	window1: blendMode = 'avg'
16.2782 	EXP 	window1: blendMode = 'avg'
16.2789 	EXP 	window1: blendMode = 'avg'
16.2935 	EXP 	window1: blendMode = 'avg'
16.2943 	EXP 	window1: blendMode = 'avg'
16.2952 	EXP 	window1: blendMode = 'avg'
16.2961 	EXP 	window1: blendMode = 'avg'
16.3099 	EXP 	window1: blendMode = 'avg'
16.3106 	EXP 	window1: blendMode = 'avg'
16.3114 	EXP 	window1: blendMode = 'avg'
16.3122 	EXP 	window1: blendMode = 'avg'
16.3268 	EXP 	window1: blendMode = 'avg'
16.3274 	EXP 	window1: blendMode = 'avg'
16.3282 	EXP 	window1: blendMode = 'avg'
16.3290 	EXP 	window1: blendMode = 'avg'
16.3434 	EXP 	window1: blendMode = 'avg'
16.3441 	EXP 	window1: blendMode = 'avg'
16.3449 	EXP 	window1: blendMode = 'avg'
16.3457 	EXP 	window1: blendMode = 'avg'
16.3601 	EXP 	window1: blendMode = 'avg'
16.3608 	EXP 	window1: blendMode = 'avg'
16.3616 	EXP 	window1: blendMode = 'avg'
16.3624 	EXP 	window1: blendMode = 'avg'
16.3768 	EXP 	window1: blendMode = 'avg'
16.3775 	EXP 	window1: blendMode = 'avg'
16.3782 	EXP 	window1: blendMode = 'avg'
16.3790 	EXP 	window1: blendMode = 'avg'
16.3934 	EXP 	window1: blendMode = 'avg'
16.3941 	EXP 	window1: blendMode = 'avg'
16.3949 	EXP 	window1: blendMode = 'avg'
16.3957 	EXP 	window1: blendMode = 'avg'
16.4103 	EXP 	window1: blendMode = 'avg'
16.4110 	EXP 	window1: blendMode = 'avg'
16.4118 	EXP 	window1: blendMode = 'avg'
16.4126 	EXP 	window1: blendMode = 'avg'
16.4268 	EXP 	window1: blendMode = 'avg'
16.4275 	EXP 	window1: blendMode = 'avg'
16.4283 	EXP 	window1: blendMode = 'avg'
16.4290 	EXP 	window1: blendMode = 'avg'
16.4435 	EXP 	window1: blendMode = 'avg'
16.4441 	EXP 	window1: blendMode = 'avg'
16.4449 	EXP 	window1: blendMode = 'avg'
16.4457 	EXP 	window1: blendMode = 'avg'
16.4601 	EXP 	window1: blendMode = 'avg'
16.4608 	EXP 	window1: blendMode = 'avg'
16.4616 	EXP 	window1: blendMode = 'avg'
16.4624 	EXP 	window1: blendMode = 'avg'
16.4768 	EXP 	window1: blendMode = 'avg'
16.4775 	EXP 	window1: blendMode = 'avg'
16.4783 	EXP 	window1: blendMode = 'avg'
16.4791 	EXP 	window1: blendMode = 'avg'
16.4935 	EXP 	window1: blendMode = 'avg'
16.4942 	EXP 	window1: blendMode = 'avg'
16.4950 	EXP 	window1: blendMode = 'avg'
16.4958 	EXP 	window1: blendMode = 'avg'
16.5102 	EXP 	window1: blendMode = 'avg'
16.5109 	EXP 	window1: blendMode = 'avg'
16.5116 	EXP 	window1: blendMode = 'avg'
16.5124 	EXP 	window1: blendMode = 'avg'
16.5269 	EXP 	window1: blendMode = 'avg'
16.5277 	EXP 	window1: blendMode = 'avg'
16.5285 	EXP 	window1: blendMode = 'avg'
16.5294 	EXP 	window1: blendMode = 'avg'
16.5436 	EXP 	window1: blendMode = 'avg'
16.5443 	EXP 	window1: blendMode = 'avg'
16.5452 	EXP 	window1: blendMode = 'avg'
16.5460 	EXP 	window1: blendMode = 'avg'
16.5603 	EXP 	window1: blendMode = 'avg'
16.5611 	EXP 	window1: blendMode = 'avg'
16.5619 	EXP 	window1: blendMode = 'avg'
16.5627 	EXP 	window1: blendMode = 'avg'
16.5770 	EXP 	window1: blendMode = 'avg'
16.5777 	EXP 	window1: blendMode = 'avg'
16.5786 	EXP 	window1: blendMode = 'avg'
16.5794 	EXP 	window1: blendMode = 'avg'
16.5937 	EXP 	window1: blendMode = 'avg'
16.5945 	EXP 	window1: blendMode = 'avg'
16.5953 	EXP 	window1: blendMode = 'avg'
16.5962 	EXP 	window1: blendMode = 'avg'
16.6100 	EXP 	window1: blendMode = 'avg'
16.6107 	EXP 	window1: blendMode = 'avg'
16.6115 	EXP 	window1: blendMode = 'avg'
16.6123 	EXP 	window1: blendMode = 'avg'
16.6269 	EXP 	window1: blendMode = 'avg'
16.6275 	EXP 	window1: blendMode = 'avg'
16.6283 	EXP 	window1: blendMode = 'avg'
16.6291 	EXP 	window1: blendMode = 'avg'
16.6435 	EXP 	window1: blendMode = 'avg'
16.6442 	EXP 	window1: blendMode = 'avg'
16.6450 	EXP 	window1: blendMode = 'avg'
16.6458 	EXP 	window1: blendMode = 'avg'
16.6603 	EXP 	window1: blendMode = 'avg'
16.6610 	EXP 	window1: blendMode = 'avg'
16.6618 	EXP 	window1: blendMode = 'avg'
16.6625 	EXP 	window1: blendMode = 'avg'
16.6770 	EXP 	window1: blendMode = 'avg'
16.6777 	EXP 	window1: blendMode = 'avg'
16.6785 	EXP 	window1: blendMode = 'avg'
16.6792 	EXP 	window1: blendMode = 'avg'
16.6935 	EXP 	window1: blendMode = 'avg'
16.6942 	EXP 	window1: blendMode = 'avg'
16.6950 	EXP 	window1: blendMode = 'avg'
16.6958 	EXP 	window1: blendMode = 'avg'
16.7103 	EXP 	window1: blendMode = 'avg'
16.7110 	EXP 	window1: blendMode = 'avg'
16.7118 	EXP 	window1: blendMode = 'avg'
16.7125 	EXP 	window1: blendMode = 'avg'
16.7269 	EXP 	window1: blendMode = 'avg'
16.7276 	EXP 	window1: blendMode = 'avg'
16.7284 	EXP 	window1: blendMode = 'avg'
16.7291 	EXP 	window1: blendMode = 'avg'
16.7437 	EXP 	window1: blendMode = 'avg'
16.7444 	EXP 	window1: blendMode = 'avg'
16.7452 	EXP 	window1: blendMode = 'avg'
16.7460 	EXP 	window1: blendMode = 'avg'
16.7602 	EXP 	window1: blendMode = 'avg'
16.7609 	EXP 	window1: blendMode = 'avg'
16.7617 	EXP 	window1: blendMode = 'avg'
16.7625 	EXP 	window1: blendMode = 'avg'
16.7769 	EXP 	window1: blendMode = 'avg'
16.7776 	EXP 	window1: blendMode = 'avg'
16.7784 	EXP 	window1: blendMode = 'avg'
16.7791 	EXP 	window1: blendMode = 'avg'
16.7936 	EXP 	window1: blendMode = 'avg'
16.7943 	EXP 	window1: blendMode = 'avg'
16.7951 	EXP 	window1: blendMode = 'avg'
16.7958 	EXP 	window1: blendMode = 'avg'
16.8103 	EXP 	window1: blendMode = 'avg'
16.8109 	EXP 	window1: blendMode = 'avg'
16.8117 	EXP 	window1: blendMode = 'avg'
16.8125 	EXP 	window1: blendMode = 'avg'
16.8269 	EXP 	window1: blendMode = 'avg'
16.8276 	EXP 	window1: blendMode = 'avg'
16.8284 	EXP 	window1: blendMode = 'avg'
16.8291 	EXP 	window1: blendMode = 'avg'
16.8436 	EXP 	window1: blendMode = 'avg'
16.8443 	EXP 	window1: blendMode = 'avg'
16.8451 	EXP 	window1: blendMode = 'avg'
16.8458 	EXP 	window1: blendMode = 'avg'
16.8603 	EXP 	window1: blendMode = 'avg'
16.8610 	EXP 	window1: blendMode = 'avg'
16.8617 	EXP 	window1: blendMode = 'avg'
16.8625 	EXP 	window1: blendMode = 'avg'
16.8769 	EXP 	window1: blendMode = 'avg'
16.8776 	EXP 	window1: blendMode = 'avg'
16.8784 	EXP 	window1: blendMode = 'avg'
16.8792 	EXP 	window1: blendMode = 'avg'
16.8936 	EXP 	window1: blendMode = 'avg'
16.8943 	EXP 	window1: blendMode = 'avg'
16.8951 	EXP 	window1: blendMode = 'avg'
16.8959 	EXP 	window1: blendMode = 'avg'
16.9103 	EXP 	window1: blendMode = 'avg'
16.9110 	EXP 	window1: blendMode = 'avg'
16.9118 	EXP 	window1: blendMode = 'avg'
16.9125 	EXP 	window1: blendMode = 'avg'
16.9270 	EXP 	window1: blendMode = 'avg'
16.9276 	EXP 	window1: blendMode = 'avg'
16.9284 	EXP 	window1: blendMode = 'avg'
16.9292 	EXP 	window1: blendMode = 'avg'
16.9436 	EXP 	window1: blendMode = 'avg'
16.9443 	EXP 	window1: blendMode = 'avg'
16.9451 	EXP 	window1: blendMode = 'avg'
16.9458 	EXP 	window1: blendMode = 'avg'
16.9603 	EXP 	window1: blendMode = 'avg'
16.9609 	EXP 	window1: blendMode = 'avg'
16.9617 	EXP 	window1: blendMode = 'avg'
16.9625 	EXP 	window1: blendMode = 'avg'
16.9771 	EXP 	window1: blendMode = 'avg'
16.9779 	EXP 	window1: blendMode = 'avg'
16.9787 	EXP 	window1: blendMode = 'avg'
16.9796 	EXP 	window1: blendMode = 'avg'
16.9936 	EXP 	window1: blendMode = 'avg'
16.9943 	EXP 	window1: blendMode = 'avg'
16.9951 	EXP 	window1: blendMode = 'avg'
16.9959 	EXP 	window1: blendMode = 'avg'
17.0104 	EXP 	window1: blendMode = 'avg'
17.0111 	EXP 	window1: blendMode = 'avg'
17.0118 	EXP 	window1: blendMode = 'avg'
17.0126 	EXP 	window1: blendMode = 'avg'
17.0271 	EXP 	window1: blendMode = 'avg'
17.0278 	EXP 	window1: blendMode = 'avg'
17.0286 	EXP 	window1: blendMode = 'avg'
17.0294 	EXP 	window1: blendMode = 'avg'
17.0438 	EXP 	window1: blendMode = 'avg'
17.0445 	EXP 	window1: blendMode = 'avg'
17.0453 	EXP 	window1: blendMode = 'avg'
17.0461 	EXP 	window1: blendMode = 'avg'
17.0604 	EXP 	window1: blendMode = 'avg'
17.0611 	EXP 	window1: blendMode = 'avg'
17.0619 	EXP 	window1: blendMode = 'avg'
17.0627 	EXP 	window1: blendMode = 'avg'
17.0770 	EXP 	window1: blendMode = 'avg'
17.0777 	EXP 	window1: blendMode = 'avg'
17.0785 	EXP 	window1: blendMode = 'avg'
17.0793 	EXP 	window1: blendMode = 'avg'
17.0938 	EXP 	window1: blendMode = 'avg'
17.0945 	EXP 	window1: blendMode = 'avg'
17.0954 	EXP 	window1: blendMode = 'avg'
17.0962 	EXP 	window1: blendMode = 'avg'
17.0970 	DATA 	Keypress: escape
