4.5332 	WARNING 	User requested fullscreen with size [1024  768], but screen is actually [1920, 1080]. Using actual size
5.4849 	EXP 	Created window1 = Window(allowGUI=True, allowStencil=False, args=UNKNOWN, autoLog=True, bitsMode=UNKNOWN, blendMode='avg', color=array([0., 0., 0.]), colorSpace='rgb', fullscr=<method-wrapper '__getattribute__' of attributeSetter object at 0x0000021127FE55C0>, gamma=None, kwargs=UNKNOWN, lms=UNKNOWN, monitor=<psychopy.monitors.calibTools.Monitor object at 0x0000021127C3F6A0>, multiSample=False, name='window1', numSamples=2, pos=[0.0, 0.0], screen=0, size=array([1920, 1080]), stereo=False, units='norm', useFBO=True, useRetina=False, viewOri=0.0, viewPos=None, viewScale=None, waitBlanking=True, winType='pyglet')
5.4850 	EXP 	window1: recordFrameIntervals = False
5.6508 	EXP 	window1: recordFrameIntervals = True
5.8340 	EXP 	window1: recordFrameIntervals = False
5.9669 	EXP 	Created Instructions = TextStim(__class__=<class 'psychopy.visual.text.TextStim'>, alignHoriz='center', alignVert='center', antialias=True, autoLog=True, bold=False, color='white', colorSpace='named', contrast=1.0, depth=0.0, flipHoriz=False, flipVert=False, font='Arial', fontFiles=[], height=0.1, italic=False, languageStyle='LTR', name='Instructions', opacity=1.0, ori=0, pos=array([0., 0.]), rgb=array([255., 255., 255.]), text=str(...), units='norm', win=Window(...), wrapWidth=1)
5.9802 	EXP 	Created leftbox = TextStim(__class__=<class 'psychopy.visual.text.TextStim'>, alignHoriz='center', alignVert='center', antialias=True, autoLog=True, bold=False, color='white', colorSpace='named', contrast=1.0, depth=0.0, flipHoriz=False, flipVert=False, font='Times New Roman', fontFiles=[], height=0.094, italic=False, languageStyle='LTR', name='leftbox', opacity=1.0, ori=0, pos=array([0.5, 0.1]), rgb=array([255., 255., 255.]), text='default text', units='norm', win=Window(...), wrapWidth=1)
5.9836 	EXP 	Created rightbox = TextStim(__class__=<class 'psychopy.visual.text.TextStim'>, alignHoriz='center', alignVert='center', antialias=True, autoLog=True, bold=False, color='white', colorSpace='named', contrast=1.0, depth=-1.0, flipHoriz=False, flipVert=False, font='Times New Roman', fontFiles=[], height=0.094, italic=False, languageStyle='LTR', name='rightbox', opacity=1.0, ori=0, pos=array([-0.5,  0.1]), rgb=array([255., 255., 255.]), text='default text', units='norm', win=Window(...), wrapWidth=1)
5.9886 	EXP 	Created money1 = TextStim(__class__=<class 'psychopy.visual.text.TextStim'>, alignHoriz='center', alignVert='center', antialias=True, autoLog=True, bold=False, color='white', colorSpace='named', contrast=1.0, depth=-3.0, flipHoriz=False, flipVert=False, font='Arial', fontFiles=[], height=0.1, italic=False, languageStyle='LTR', name='money1', opacity=1.0, ori=0, pos=array([ 0.5, -0.5]), rgb=array([255., 255., 255.]), text='default text', units='norm', win=Window(...), wrapWidth=1)
5.9920 	EXP 	Created money2 = TextStim(__class__=<class 'psychopy.visual.text.TextStim'>, alignHoriz='center', alignVert='center', antialias=True, autoLog=True, bold=False, color='white', colorSpace='named', contrast=1.0, depth=-4.0, flipHoriz=False, flipVert=False, font='Arial', fontFiles=[], height=0.1, italic=False, languageStyle='LTR', name='money2', opacity=1.0, ori=0, pos=array([-0.5, -0.5]), rgb=array([255., 255., 255.]), text='default text', units='norm', win=Window(...), wrapWidth=1)
5.9925 	EXP 	Created blank = TextStim(__class__=<class 'psychopy.visual.text.TextStim'>, alignHoriz='center', alignVert='center', antialias=True, autoLog=True, bold=False, color='white', colorSpace='named', contrast=1.0, depth=-6.0, flipHoriz=False, flipVert=False, font='Arial', fontFiles=[], height=0.1, italic=False, languageStyle='LTR', name='blank', opacity=1.0, ori=0, pos=array([0., 0.]), rgb=array([255., 255., 255.]), text='', units='norm', win=Window(...), wrapWidth=1)
5.9968 	EXP 	Created text_3 = TextStim(__class__=<class 'psychopy.visual.text.TextStim'>, alignHoriz='center', alignVert='center', antialias=True, autoLog=True, bold=False, color='white', colorSpace='named', contrast=1.0, depth=0.0, flipHoriz=False, flipVert=False, font='Arial', fontFiles=[], height=0.1, italic=False, languageStyle='LTR', name='text_3', opacity=1.0, ori=0, pos=array([0., 0.]), rgb=array([255., 255., 255.]), text='+', units='norm', win=Window(...), wrapWidth=1)
6.0038 	EXP 	Instructions: autoDraw = True
6.4017 	DATA 	Keypress: space
6.4366 	EXP 	window1: mouseVisible = True
3.1491 	WARNING 	User requested fullscreen with size [1024  768], but screen is actually [1920, 1080]. Using actual size
4.0769 	EXP 	Created window1 = Window(allowGUI=True, allowStencil=False, args=UNKNOWN, autoLog=True, bitsMode=UNKNOWN, blendMode='avg', color=array([0., 0., 0.]), colorSpace='rgb', fullscr=<method-wrapper '__getattribute__' of attributeSetter object at 0x00000291C16B55C0>, gamma=None, kwargs=UNKNOWN, lms=UNKNOWN, monitor=<psychopy.monitors.calibTools.Monitor object at 0x00000291C130F6A0>, multiSample=False, name='window1', numSamples=2, pos=[0.0, 0.0], screen=0, size=array([1920, 1080]), stereo=False, units='norm', useFBO=True, useRetina=False, viewOri=0.0, viewPos=None, viewScale=None, waitBlanking=True, winType='pyglet')
4.0770 	EXP 	window1: recordFrameIntervals = False
4.2426 	EXP 	window1: recordFrameIntervals = True
4.4263 	EXP 	window1: recordFrameIntervals = False
4.5679 	EXP 	Created Instructions = TextStim(__class__=<class 'psychopy.visual.text.TextStim'>, alignHoriz='center', alignVert='center', antialias=True, autoLog=True, bold=False, color='white', colorSpace='named', contrast=1.0, depth=0.0, flipHoriz=False, flipVert=False, font='Arial', fontFiles=[], height=0.1, italic=False, languageStyle='LTR', name='Instructions', opacity=1.0, ori=0, pos=array([0., 0.]), rgb=array([255., 255., 255.]), text=str(...), units='norm', win=Window(...), wrapWidth=1)
4.5811 	EXP 	Created leftbox = TextStim(__class__=<class 'psychopy.visual.text.TextStim'>, alignHoriz='center', alignVert='center', antialias=True, autoLog=True, bold=False, color='white', colorSpace='named', contrast=1.0, depth=0.0, flipHoriz=False, flipVert=False, font='Times New Roman', fontFiles=[], height=0.094, italic=False, languageStyle='LTR', name='leftbox', opacity=1.0, ori=0, pos=array([0.5, 0.1]), rgb=array([255., 255., 255.]), text='default text', units='norm', win=Window(...), wrapWidth=1)
4.5843 	EXP 	Created rightbox = TextStim(__class__=<class 'psychopy.visual.text.TextStim'>, alignHoriz='center', alignVert='center', antialias=True, autoLog=True, bold=False, color='white', colorSpace='named', contrast=1.0, depth=-1.0, flipHoriz=False, flipVert=False, font='Times New Roman', fontFiles=[], height=0.094, italic=False, languageStyle='LTR', name='rightbox', opacity=1.0, ori=0, pos=array([-0.5,  0.1]), rgb=array([255., 255., 255.]), text='default text', units='norm', win=Window(...), wrapWidth=1)
4.5900 	EXP 	Created money1 = TextStim(__class__=<class 'psychopy.visual.text.TextStim'>, alignHoriz='center', alignVert='center', antialias=True, autoLog=True, bold=False, color='white', colorSpace='named', contrast=1.0, depth=-3.0, flipHoriz=False, flipVert=False, font='Arial', fontFiles=[], height=0.1, italic=False, languageStyle='LTR', name='money1', opacity=1.0, ori=0, pos=array([ 0.5, -0.5]), rgb=array([255., 255., 255.]), text='default text', units='norm', win=Window(...), wrapWidth=1)
4.5933 	EXP 	Created money2 = TextStim(__class__=<class 'psychopy.visual.text.TextStim'>, alignHoriz='center', alignVert='center', antialias=True, autoLog=True, bold=False, color='white', colorSpace='named', contrast=1.0, depth=-4.0, flipHoriz=False, flipVert=False, font='Arial', fontFiles=[], height=0.1, italic=False, languageStyle='LTR', name='money2', opacity=1.0, ori=0, pos=array([-0.5, -0.5]), rgb=array([255., 255., 255.]), text='default text', units='norm', win=Window(...), wrapWidth=1)
4.5937 	EXP 	Created blank = TextStim(__class__=<class 'psychopy.visual.text.TextStim'>, alignHoriz='center', alignVert='center', antialias=True, autoLog=True, bold=False, color='white', colorSpace='named', contrast=1.0, depth=-6.0, flipHoriz=False, flipVert=False, font='Arial', fontFiles=[], height=0.1, italic=False, languageStyle='LTR', name='blank', opacity=1.0, ori=0, pos=array([0., 0.]), rgb=array([255., 255., 255.]), text='', units='norm', win=Window(...), wrapWidth=1)
4.5978 	EXP 	Created text_3 = TextStim(__class__=<class 'psychopy.visual.text.TextStim'>, alignHoriz='center', alignVert='center', antialias=True, autoLog=True, bold=False, color='white', colorSpace='named', contrast=1.0, depth=0.0, flipHoriz=False, flipVert=False, font='Arial', fontFiles=[], height=0.1, italic=False, languageStyle='LTR', name='text_3', opacity=1.0, ori=0, pos=array([0., 0.]), rgb=array([255., 255., 255.]), text='+', units='norm', win=Window(...), wrapWidth=1)
4.6046 	EXP 	Instructions: autoDraw = True
4.9749 	DATA 	Keypress: space
4.9907 	EXP 	Imported Examples\Activities1_DF2.xlsx as conditions, 3 conditions, 4 params
4.9910 	EXP 	Created sequence: random, trialTypes=3, nReps=1, seed=None
4.9913 	EXP 	New trial (rep=0, index=0): OrderedDict([('LeftEx', 'Going for a run\nby yourself'), ('RightEx', 'Having lunch with\na significant other'), ('LMoneyEx', 0.05), ('RMoneyEx', 0.05)])
5.0246 	EXP 	Created unnamed Circle = Circle(__class__=<class 'psychopy.visual.circle.Circle'>, autoDraw=False, autoLog=True, closeShape=True, color=method-wrapper(...), colorSpace=None, contrast=1.0, depth=0, fillColor=None, fillColorSpace='rgb', fillRGB=None, interpolate=True, lineColor='green', lineColorSpace='named', lineRGB=array([  0., 128.,   0.]), lineWidth=1.5, name='unnamed Circle', opacity=1.0, ori=array(0.), pos=array([0.5, 0.1]), size=array([1., 1.]), units='norm', vertices=ndarray(...), win=Window(...))
5.0274 	EXP 	Created unnamed Circle = Circle(__class__=<class 'psychopy.visual.circle.Circle'>, autoDraw=False, autoLog=True, closeShape=True, color=method-wrapper(...), colorSpace=None, contrast=1.0, depth=0, fillColor=None, fillColorSpace='rgb', fillRGB=None, interpolate=True, lineColor='green', lineColorSpace='named', lineRGB=array([  0., 128.,   0.]), lineWidth=1.5, name='unnamed Circle', opacity=1.0, ori=array(0.), pos=array([-0.5,  0.1]), size=array([1., 1.]), units='norm', vertices=ndarray(...), win=Window(...))
5.0353 	EXP 	Instructions: autoDraw = False
5.0353 	EXP 	leftbox: text = 'Going for a run\nby yourself'
5.0353 	EXP 	rightbox: text = 'Having lunch with\na significant other'
5.0353 	EXP 	money1: text = 0.05
5.0353 	EXP 	money2: text = 0.05
5.0353 	EXP 	blank: text = ''
5.0353 	EXP 	leftbox: autoDraw = True
5.0353 	EXP 	rightbox: autoDraw = True
5.0353 	EXP 	money1: autoDraw = True
5.0353 	EXP 	money2: autoDraw = True
5.0353 	EXP 	blank: autoDraw = True
5.9789 	DATA 	Keypress: 2
6.0086 	EXP 	unnamed Circle: autoDraw = True
6.0254 	EXP 	unnamed Circle: autoDraw = True
6.0419 	EXP 	unnamed Circle: autoDraw = True
6.0585 	EXP 	unnamed Circle: autoDraw = True
6.0585 	EXP 	blank: autoDraw = False
6.0754 	EXP 	unnamed Circle: autoDraw = True
6.0920 	EXP 	unnamed Circle: autoDraw = True
6.1085 	EXP 	unnamed Circle: autoDraw = True
6.1256 	EXP 	unnamed Circle: autoDraw = True
6.1427 	EXP 	unnamed Circle: autoDraw = True
6.1586 	EXP 	unnamed Circle: autoDraw = True
6.1757 	EXP 	unnamed Circle: autoDraw = True
6.1927 	EXP 	unnamed Circle: autoDraw = True
6.2097 	EXP 	unnamed Circle: autoDraw = True
6.2266 	EXP 	unnamed Circle: autoDraw = True
6.2429 	EXP 	unnamed Circle: autoDraw = True
6.2594 	EXP 	unnamed Circle: autoDraw = True
6.2763 	EXP 	unnamed Circle: autoDraw = True
6.2935 	EXP 	unnamed Circle: autoDraw = True
6.3088 	EXP 	unnamed Circle: autoDraw = True
6.3254 	EXP 	unnamed Circle: autoDraw = True
6.3422 	EXP 	unnamed Circle: autoDraw = True
6.3586 	EXP 	unnamed Circle: autoDraw = True
6.3758 	EXP 	unnamed Circle: autoDraw = True
6.3920 	EXP 	unnamed Circle: autoDraw = True
6.4087 	EXP 	unnamed Circle: autoDraw = True
6.4254 	EXP 	unnamed Circle: autoDraw = True
6.4420 	EXP 	unnamed Circle: autoDraw = True
6.4586 	EXP 	unnamed Circle: autoDraw = True
6.4757 	EXP 	unnamed Circle: autoDraw = True
6.4919 	EXP 	unnamed Circle: autoDraw = True
6.5086 	EXP 	unnamed Circle: autoDraw = True
6.5253 	EXP 	unnamed Circle: autoDraw = True
6.5423 	EXP 	unnamed Circle: autoDraw = True
6.5588 	EXP 	unnamed Circle: autoDraw = True
6.5755 	EXP 	unnamed Circle: autoDraw = True
6.5921 	EXP 	unnamed Circle: autoDraw = True
6.6086 	EXP 	unnamed Circle: autoDraw = True
6.6252 	EXP 	unnamed Circle: autoDraw = True
6.6421 	EXP 	unnamed Circle: autoDraw = True
6.6586 	EXP 	unnamed Circle: autoDraw = True
6.6755 	EXP 	unnamed Circle: autoDraw = True
6.6920 	EXP 	unnamed Circle: autoDraw = True
6.7087 	EXP 	unnamed Circle: autoDraw = True
6.7253 	EXP 	unnamed Circle: autoDraw = True
6.7424 	EXP 	unnamed Circle: autoDraw = True
6.7587 	EXP 	unnamed Circle: autoDraw = True
6.7754 	EXP 	unnamed Circle: autoDraw = True
6.7920 	EXP 	unnamed Circle: autoDraw = True
6.8088 	EXP 	unnamed Circle: autoDraw = True
6.8254 	EXP 	unnamed Circle: autoDraw = True
6.8420 	EXP 	unnamed Circle: autoDraw = True
6.8587 	EXP 	unnamed Circle: autoDraw = True
6.8752 	EXP 	unnamed Circle: autoDraw = True
6.8922 	EXP 	unnamed Circle: autoDraw = True
6.9086 	EXP 	unnamed Circle: autoDraw = True
6.9254 	EXP 	unnamed Circle: autoDraw = True
6.9421 	EXP 	unnamed Circle: autoDraw = True
6.9581 	EXP 	unnamed Circle: autoDraw = True
6.9750 	EXP 	unnamed Circle: autoDraw = True
6.9915 	EXP 	unnamed Circle: autoDraw = True
7.0081 	EXP 	unnamed Circle: autoDraw = True
7.0251 	EXP 	unnamed Circle: autoDraw = True
7.0416 	EXP 	unnamed Circle: autoDraw = True
7.0582 	EXP 	unnamed Circle: autoDraw = True
7.0752 	EXP 	unnamed Circle: autoDraw = True
7.0919 	EXP 	unnamed Circle: autoDraw = True
7.1082 	EXP 	unnamed Circle: autoDraw = True
7.1248 	EXP 	unnamed Circle: autoDraw = True
7.1418 	EXP 	unnamed Circle: autoDraw = True
7.1580 	EXP 	unnamed Circle: autoDraw = True
7.1749 	EXP 	unnamed Circle: autoDraw = True
7.1916 	EXP 	unnamed Circle: autoDraw = True
7.2081 	EXP 	unnamed Circle: autoDraw = True
7.2248 	EXP 	unnamed Circle: autoDraw = True
7.2416 	EXP 	unnamed Circle: autoDraw = True
7.2583 	EXP 	unnamed Circle: autoDraw = True
7.2749 	EXP 	unnamed Circle: autoDraw = True
7.2916 	EXP 	unnamed Circle: autoDraw = True
7.3082 	EXP 	unnamed Circle: autoDraw = True
7.3249 	EXP 	unnamed Circle: autoDraw = True
7.3415 	EXP 	unnamed Circle: autoDraw = True
7.3580 	EXP 	unnamed Circle: autoDraw = True
7.3749 	EXP 	unnamed Circle: autoDraw = True
7.3916 	EXP 	unnamed Circle: autoDraw = True
7.4082 	EXP 	unnamed Circle: autoDraw = True
7.4249 	EXP 	unnamed Circle: autoDraw = True
7.4416 	EXP 	unnamed Circle: autoDraw = True
7.4582 	EXP 	unnamed Circle: autoDraw = True
7.4749 	EXP 	unnamed Circle: autoDraw = True
7.4917 	EXP 	unnamed Circle: autoDraw = True
7.5081 	EXP 	unnamed Circle: autoDraw = True
7.5250 	EXP 	unnamed Circle: autoDraw = True
7.5417 	EXP 	unnamed Circle: autoDraw = True
7.5580 	EXP 	unnamed Circle: autoDraw = True
7.5749 	EXP 	unnamed Circle: autoDraw = True
7.5916 	EXP 	unnamed Circle: autoDraw = True
7.6081 	EXP 	unnamed Circle: autoDraw = True
7.6248 	EXP 	unnamed Circle: autoDraw = True
7.6418 	EXP 	unnamed Circle: autoDraw = True
7.6581 	EXP 	unnamed Circle: autoDraw = True
7.6749 	EXP 	unnamed Circle: autoDraw = True
7.6918 	EXP 	unnamed Circle: autoDraw = True
7.7080 	EXP 	unnamed Circle: autoDraw = True
7.7250 	EXP 	unnamed Circle: autoDraw = True
7.7413 	EXP 	unnamed Circle: autoDraw = True
7.7579 	EXP 	unnamed Circle: autoDraw = True
7.7747 	EXP 	unnamed Circle: autoDraw = True
7.7913 	EXP 	unnamed Circle: autoDraw = True
7.8082 	EXP 	unnamed Circle: autoDraw = True
7.8249 	EXP 	unnamed Circle: autoDraw = True
7.8417 	EXP 	unnamed Circle: autoDraw = True
7.8580 	EXP 	unnamed Circle: autoDraw = True
7.8748 	EXP 	unnamed Circle: autoDraw = True
7.8916 	EXP 	unnamed Circle: autoDraw = True
7.9081 	EXP 	unnamed Circle: autoDraw = True
7.9249 	EXP 	unnamed Circle: autoDraw = True
7.9418 	EXP 	unnamed Circle: autoDraw = True
7.9580 	EXP 	unnamed Circle: autoDraw = True
7.9749 	EXP 	unnamed Circle: autoDraw = True
7.9914 	EXP 	unnamed Circle: autoDraw = True
8.0081 	EXP 	unnamed Circle: autoDraw = True
8.0250 	EXP 	unnamed Circle: autoDraw = True
8.0414 	EXP 	unnamed Circle: autoDraw = True
8.0582 	EXP 	unnamed Circle: autoDraw = True
8.0750 	EXP 	unnamed Circle: autoDraw = True
8.0915 	EXP 	unnamed Circle: autoDraw = True
8.1080 	EXP 	unnamed Circle: autoDraw = True
8.1252 	EXP 	unnamed Circle: autoDraw = True
8.1415 	EXP 	unnamed Circle: autoDraw = True
8.1581 	EXP 	unnamed Circle: autoDraw = True
8.1749 	EXP 	unnamed Circle: autoDraw = True
8.1917 	EXP 	unnamed Circle: autoDraw = True
8.2082 	EXP 	unnamed Circle: autoDraw = True
8.2251 	EXP 	unnamed Circle: autoDraw = True
8.2416 	EXP 	unnamed Circle: autoDraw = True
8.2580 	EXP 	unnamed Circle: autoDraw = True
8.2749 	EXP 	unnamed Circle: autoDraw = True
8.2915 	EXP 	unnamed Circle: autoDraw = True
8.3081 	EXP 	unnamed Circle: autoDraw = True
8.3248 	EXP 	unnamed Circle: autoDraw = True
8.3415 	EXP 	unnamed Circle: autoDraw = True
8.3581 	EXP 	unnamed Circle: autoDraw = True
8.3749 	EXP 	unnamed Circle: autoDraw = True
8.3915 	EXP 	unnamed Circle: autoDraw = True
8.4082 	EXP 	unnamed Circle: autoDraw = True
8.4251 	EXP 	unnamed Circle: autoDraw = True
8.4416 	EXP 	unnamed Circle: autoDraw = True
8.4580 	EXP 	unnamed Circle: autoDraw = True
8.4750 	EXP 	unnamed Circle: autoDraw = True
8.4917 	EXP 	unnamed Circle: autoDraw = True
8.5082 	EXP 	unnamed Circle: autoDraw = True
8.5248 	EXP 	unnamed Circle: autoDraw = True
8.5415 	EXP 	unnamed Circle: autoDraw = True
8.5582 	EXP 	unnamed Circle: autoDraw = True
8.5747 	EXP 	unnamed Circle: autoDraw = True
8.5918 	EXP 	unnamed Circle: autoDraw = True
8.6080 	EXP 	unnamed Circle: autoDraw = True
8.6249 	EXP 	unnamed Circle: autoDraw = True
8.6416 	EXP 	unnamed Circle: autoDraw = True
8.6582 	EXP 	unnamed Circle: autoDraw = True
8.6748 	EXP 	unnamed Circle: autoDraw = True
8.6918 	EXP 	unnamed Circle: autoDraw = True
8.7092 	EXP 	unnamed Circle: autoDraw = True
8.7260 	EXP 	unnamed Circle: autoDraw = True
8.7427 	EXP 	unnamed Circle: autoDraw = True
8.7594 	EXP 	unnamed Circle: autoDraw = True
8.7767 	EXP 	unnamed Circle: autoDraw = True
8.7926 	EXP 	unnamed Circle: autoDraw = True
8.8098 	EXP 	unnamed Circle: autoDraw = True
8.8258 	EXP 	unnamed Circle: autoDraw = True
8.8426 	EXP 	unnamed Circle: autoDraw = True
8.8596 	EXP 	unnamed Circle: autoDraw = True
8.8763 	EXP 	unnamed Circle: autoDraw = True
8.8927 	EXP 	unnamed Circle: autoDraw = True
8.9092 	EXP 	unnamed Circle: autoDraw = True
8.9259 	EXP 	unnamed Circle: autoDraw = True
8.9427 	EXP 	unnamed Circle: autoDraw = True
8.9592 	EXP 	unnamed Circle: autoDraw = True
8.9760 	EXP 	unnamed Circle: autoDraw = True
8.9927 	EXP 	unnamed Circle: autoDraw = True
9.0093 	EXP 	leftbox: autoDraw = False
9.0093 	EXP 	rightbox: autoDraw = False
9.0093 	EXP 	money1: autoDraw = False
9.0093 	EXP 	money2: autoDraw = False
9.0093 	EXP 	unnamed Circle: autoDraw = True
9.0093 	EXP 	unnamed Circle: autoDraw = False
9.0093 	EXP 	unnamed Circle: autoDraw = False
9.0093 	EXP 	leftbox: autoDraw = False
9.0093 	EXP 	rightbox: autoDraw = False
9.0093 	EXP 	money1: autoDraw = False
9.0093 	EXP 	money2: autoDraw = False
9.0093 	EXP 	blank: autoDraw = False
9.0093 	EXP 	text_3: autoDraw = True
10.9930 	EXP 	New trial (rep=0, index=1): OrderedDict([('LeftEx', 'Going to a family\nbarbeque'), ('RightEx', 'Going shopping\nby yourself'), ('LMoneyEx', 0.03), ('RMoneyEx', 0.02)])
11.0467 	EXP 	Created unnamed Circle = Circle(__class__=<class 'psychopy.visual.circle.Circle'>, autoDraw=False, autoLog=True, closeShape=True, color=method-wrapper(...), colorSpace=None, contrast=1.0, depth=0, fillColor=None, fillColorSpace='rgb', fillRGB=None, interpolate=True, lineColor='green', lineColorSpace='named', lineRGB=array([  0., 128.,   0.]), lineWidth=1.5, name='unnamed Circle', opacity=1.0, ori=array(0.), pos=array([0.5, 0.1]), size=array([1., 1.]), units='norm', vertices=ndarray(...), win=Window(...))
11.0513 	EXP 	Created unnamed Circle = Circle(__class__=<class 'psychopy.visual.circle.Circle'>, autoDraw=False, autoLog=True, closeShape=True, color=method-wrapper(...), colorSpace=None, contrast=1.0, depth=0, fillColor=None, fillColorSpace='rgb', fillRGB=None, interpolate=True, lineColor='green', lineColorSpace='named', lineRGB=array([  0., 128.,   0.]), lineWidth=1.5, name='unnamed Circle', opacity=1.0, ori=array(0.), pos=array([-0.5,  0.1]), size=array([1., 1.]), units='norm', vertices=ndarray(...), win=Window(...))
11.0603 	EXP 	text_3: autoDraw = False
11.0603 	EXP 	text_3: autoDraw = False
11.0603 	EXP 	leftbox: text = 'Going to a family\nbarbeque'
11.0603 	EXP 	rightbox: text = 'Going shopping\nby yourself'
11.0603 	EXP 	money1: text = 0.03
11.0603 	EXP 	money2: text = 0.02
11.0603 	EXP 	blank: text = ''
11.0603 	EXP 	leftbox: autoDraw = True
11.0603 	EXP 	rightbox: autoDraw = True
11.0603 	EXP 	money1: autoDraw = True
11.0603 	EXP 	money2: autoDraw = True
11.0603 	EXP 	blank: autoDraw = True
11.7752 	DATA 	Keypress: 1
11.7914 	EXP 	unnamed Circle: autoDraw = True
11.8080 	EXP 	unnamed Circle: autoDraw = True
11.8247 	EXP 	unnamed Circle: autoDraw = True
11.8415 	EXP 	unnamed Circle: autoDraw = True
11.8579 	EXP 	unnamed Circle: autoDraw = True
11.8748 	EXP 	unnamed Circle: autoDraw = True
11.8915 	EXP 	unnamed Circle: autoDraw = True
11.9080 	EXP 	unnamed Circle: autoDraw = True
11.9247 	EXP 	unnamed Circle: autoDraw = True
11.9416 	EXP 	unnamed Circle: autoDraw = True
11.9580 	EXP 	unnamed Circle: autoDraw = True
11.9748 	EXP 	unnamed Circle: autoDraw = True
11.9914 	EXP 	unnamed Circle: autoDraw = True
12.0080 	EXP 	unnamed Circle: autoDraw = True
12.0248 	EXP 	unnamed Circle: autoDraw = True
12.0413 	EXP 	unnamed Circle: autoDraw = True
12.0582 	EXP 	unnamed Circle: autoDraw = True
12.0747 	EXP 	unnamed Circle: autoDraw = True
12.0747 	EXP 	blank: autoDraw = False
12.0914 	EXP 	unnamed Circle: autoDraw = True
12.1081 	EXP 	unnamed Circle: autoDraw = True
12.1248 	EXP 	unnamed Circle: autoDraw = True
12.1417 	EXP 	unnamed Circle: autoDraw = True
12.1580 	EXP 	unnamed Circle: autoDraw = True
12.1747 	EXP 	unnamed Circle: autoDraw = True
12.1913 	EXP 	unnamed Circle: autoDraw = True
12.2080 	EXP 	unnamed Circle: autoDraw = True
12.2247 	EXP 	unnamed Circle: autoDraw = True
12.2415 	EXP 	unnamed Circle: autoDraw = True
12.2579 	EXP 	unnamed Circle: autoDraw = True
12.2747 	EXP 	unnamed Circle: autoDraw = True
12.2913 	EXP 	unnamed Circle: autoDraw = True
12.3080 	EXP 	unnamed Circle: autoDraw = True
12.3248 	EXP 	unnamed Circle: autoDraw = True
12.3416 	EXP 	unnamed Circle: autoDraw = True
12.3579 	EXP 	unnamed Circle: autoDraw = True
12.3747 	EXP 	unnamed Circle: autoDraw = True
12.3914 	EXP 	unnamed Circle: autoDraw = True
12.4080 	EXP 	unnamed Circle: autoDraw = True
12.4250 	EXP 	unnamed Circle: autoDraw = True
12.4417 	EXP 	unnamed Circle: autoDraw = True
12.4580 	EXP 	unnamed Circle: autoDraw = True
12.4748 	EXP 	unnamed Circle: autoDraw = True
12.4914 	EXP 	unnamed Circle: autoDraw = True
12.5080 	EXP 	unnamed Circle: autoDraw = True
12.5248 	EXP 	unnamed Circle: autoDraw = True
12.5415 	EXP 	unnamed Circle: autoDraw = True
12.5581 	EXP 	unnamed Circle: autoDraw = True
12.5748 	EXP 	unnamed Circle: autoDraw = True
12.5915 	EXP 	unnamed Circle: autoDraw = True
12.6080 	EXP 	unnamed Circle: autoDraw = True
12.6248 	EXP 	unnamed Circle: autoDraw = True
12.6414 	EXP 	unnamed Circle: autoDraw = True
12.6580 	EXP 	unnamed Circle: autoDraw = True
12.6748 	EXP 	unnamed Circle: autoDraw = True
12.6913 	EXP 	unnamed Circle: autoDraw = True
12.7081 	EXP 	unnamed Circle: autoDraw = True
12.7246 	EXP 	unnamed Circle: autoDraw = True
12.7415 	EXP 	unnamed Circle: autoDraw = True
12.7579 	EXP 	unnamed Circle: autoDraw = True
12.7748 	EXP 	unnamed Circle: autoDraw = True
12.7913 	EXP 	unnamed Circle: autoDraw = True
12.8080 	EXP 	unnamed Circle: autoDraw = True
12.8246 	EXP 	unnamed Circle: autoDraw = True
12.8413 	EXP 	unnamed Circle: autoDraw = True
12.8580 	EXP 	unnamed Circle: autoDraw = True
12.8748 	EXP 	unnamed Circle: autoDraw = True
12.8912 	EXP 	unnamed Circle: autoDraw = True
12.9079 	EXP 	unnamed Circle: autoDraw = True
12.9247 	EXP 	unnamed Circle: autoDraw = True
12.9414 	EXP 	unnamed Circle: autoDraw = True
12.9580 	EXP 	unnamed Circle: autoDraw = True
12.9747 	EXP 	unnamed Circle: autoDraw = True
12.9913 	EXP 	unnamed Circle: autoDraw = True
13.0079 	EXP 	unnamed Circle: autoDraw = True
13.0248 	EXP 	unnamed Circle: autoDraw = True
13.0414 	EXP 	unnamed Circle: autoDraw = True
13.0583 	EXP 	unnamed Circle: autoDraw = True
13.0747 	EXP 	unnamed Circle: autoDraw = True
13.0915 	EXP 	unnamed Circle: autoDraw = True
13.1080 	EXP 	unnamed Circle: autoDraw = True
13.1248 	EXP 	unnamed Circle: autoDraw = True
13.1417 	EXP 	unnamed Circle: autoDraw = True
13.1581 	EXP 	unnamed Circle: autoDraw = True
13.1747 	EXP 	unnamed Circle: autoDraw = True
13.1914 	EXP 	unnamed Circle: autoDraw = True
13.2080 	EXP 	unnamed Circle: autoDraw = True
13.2247 	EXP 	unnamed Circle: autoDraw = True
13.2414 	EXP 	unnamed Circle: autoDraw = True
13.2581 	EXP 	unnamed Circle: autoDraw = True
13.2748 	EXP 	unnamed Circle: autoDraw = True
13.2915 	EXP 	unnamed Circle: autoDraw = True
13.3082 	EXP 	unnamed Circle: autoDraw = True
13.3247 	EXP 	unnamed Circle: autoDraw = True
13.3415 	EXP 	unnamed Circle: autoDraw = True
13.3581 	EXP 	unnamed Circle: autoDraw = True
13.3750 	EXP 	unnamed Circle: autoDraw = True
13.3915 	EXP 	unnamed Circle: autoDraw = True
13.4079 	EXP 	unnamed Circle: autoDraw = True
13.4247 	EXP 	unnamed Circle: autoDraw = True
13.4414 	EXP 	unnamed Circle: autoDraw = True
13.4579 	EXP 	unnamed Circle: autoDraw = True
13.4747 	EXP 	unnamed Circle: autoDraw = True
13.4914 	EXP 	unnamed Circle: autoDraw = True
13.5079 	EXP 	unnamed Circle: autoDraw = True
13.5249 	EXP 	unnamed Circle: autoDraw = True
13.5413 	EXP 	unnamed Circle: autoDraw = True
13.5579 	EXP 	unnamed Circle: autoDraw = True
13.5748 	EXP 	unnamed Circle: autoDraw = True
13.5913 	EXP 	unnamed Circle: autoDraw = True
13.6080 	EXP 	unnamed Circle: autoDraw = True
13.6247 	EXP 	unnamed Circle: autoDraw = True
13.6414 	EXP 	unnamed Circle: autoDraw = True
13.6579 	EXP 	unnamed Circle: autoDraw = True
13.6747 	EXP 	unnamed Circle: autoDraw = True
13.6914 	EXP 	unnamed Circle: autoDraw = True
13.7079 	EXP 	unnamed Circle: autoDraw = True
13.7247 	EXP 	unnamed Circle: autoDraw = True
13.7414 	EXP 	unnamed Circle: autoDraw = True
13.7580 	EXP 	unnamed Circle: autoDraw = True
13.7748 	EXP 	unnamed Circle: autoDraw = True
13.7914 	EXP 	unnamed Circle: autoDraw = True
13.8079 	EXP 	unnamed Circle: autoDraw = True
13.8250 	EXP 	unnamed Circle: autoDraw = True
13.8413 	EXP 	unnamed Circle: autoDraw = True
13.8579 	EXP 	unnamed Circle: autoDraw = True
13.8747 	EXP 	unnamed Circle: autoDraw = True
13.8916 	EXP 	unnamed Circle: autoDraw = True
13.9079 	EXP 	unnamed Circle: autoDraw = True
13.9248 	EXP 	unnamed Circle: autoDraw = True
13.9417 	EXP 	unnamed Circle: autoDraw = True
13.9580 	EXP 	unnamed Circle: autoDraw = True
13.9747 	EXP 	unnamed Circle: autoDraw = True
13.9914 	EXP 	unnamed Circle: autoDraw = True
14.0080 	EXP 	unnamed Circle: autoDraw = True
14.0246 	EXP 	unnamed Circle: autoDraw = True
14.0414 	EXP 	unnamed Circle: autoDraw = True
14.0579 	EXP 	unnamed Circle: autoDraw = True
14.0748 	EXP 	unnamed Circle: autoDraw = True
14.0913 	EXP 	unnamed Circle: autoDraw = True
14.1079 	EXP 	unnamed Circle: autoDraw = True
14.1247 	EXP 	unnamed Circle: autoDraw = True
14.1415 	EXP 	unnamed Circle: autoDraw = True
14.1580 	EXP 	unnamed Circle: autoDraw = True
14.1749 	EXP 	unnamed Circle: autoDraw = True
14.1913 	EXP 	unnamed Circle: autoDraw = True
14.2078 	EXP 	unnamed Circle: autoDraw = True
14.2247 	EXP 	unnamed Circle: autoDraw = True
14.2413 	EXP 	unnamed Circle: autoDraw = True
14.2579 	EXP 	unnamed Circle: autoDraw = True
14.2749 	EXP 	unnamed Circle: autoDraw = True
14.2913 	EXP 	unnamed Circle: autoDraw = True
14.3080 	EXP 	unnamed Circle: autoDraw = True
14.3248 	EXP 	unnamed Circle: autoDraw = True
14.3413 	EXP 	unnamed Circle: autoDraw = True
14.3579 	EXP 	unnamed Circle: autoDraw = True
14.3748 	EXP 	unnamed Circle: autoDraw = True
14.3916 	EXP 	unnamed Circle: autoDraw = True
14.4081 	EXP 	unnamed Circle: autoDraw = True
14.4247 	EXP 	unnamed Circle: autoDraw = True
14.4413 	EXP 	unnamed Circle: autoDraw = True
14.4580 	EXP 	unnamed Circle: autoDraw = True
14.4749 	EXP 	unnamed Circle: autoDraw = True
14.4915 	EXP 	unnamed Circle: autoDraw = True
14.5082 	EXP 	unnamed Circle: autoDraw = True
14.5250 	EXP 	unnamed Circle: autoDraw = True
14.5415 	EXP 	unnamed Circle: autoDraw = True
14.5581 	EXP 	unnamed Circle: autoDraw = True
14.5748 	EXP 	unnamed Circle: autoDraw = True
14.5914 	EXP 	unnamed Circle: autoDraw = True
14.6079 	EXP 	unnamed Circle: autoDraw = True
14.6247 	EXP 	unnamed Circle: autoDraw = True
14.6413 	EXP 	unnamed Circle: autoDraw = True
14.6583 	EXP 	unnamed Circle: autoDraw = True
14.6747 	EXP 	unnamed Circle: autoDraw = True
14.6914 	EXP 	unnamed Circle: autoDraw = True
14.7079 	EXP 	unnamed Circle: autoDraw = True
14.7247 	EXP 	unnamed Circle: autoDraw = True
14.7413 	EXP 	unnamed Circle: autoDraw = True
14.7581 	EXP 	unnamed Circle: autoDraw = True
14.7747 	EXP 	unnamed Circle: autoDraw = True
14.7914 	EXP 	unnamed Circle: autoDraw = True
14.8083 	EXP 	unnamed Circle: autoDraw = True
14.8247 	EXP 	unnamed Circle: autoDraw = True
14.8413 	EXP 	unnamed Circle: autoDraw = True
14.8580 	EXP 	unnamed Circle: autoDraw = True
14.8747 	EXP 	unnamed Circle: autoDraw = True
14.8914 	EXP 	unnamed Circle: autoDraw = True
14.9080 	EXP 	unnamed Circle: autoDraw = True
14.9247 	EXP 	unnamed Circle: autoDraw = True
14.9252 	DATA 	Keypress: 2
14.9414 	EXP 	unnamed Circle: autoDraw = True
14.9580 	EXP 	unnamed Circle: autoDraw = True
14.9746 	EXP 	unnamed Circle: autoDraw = True
14.9914 	EXP 	unnamed Circle: autoDraw = True
15.0081 	EXP 	leftbox: autoDraw = False
15.0081 	EXP 	rightbox: autoDraw = False
15.0081 	EXP 	money1: autoDraw = False
15.0081 	EXP 	money2: autoDraw = False
15.0081 	EXP 	unnamed Circle: autoDraw = True
15.0081 	EXP 	unnamed Circle: autoDraw = False
15.0081 	EXP 	unnamed Circle: autoDraw = False
15.0081 	EXP 	leftbox: autoDraw = False
15.0081 	EXP 	rightbox: autoDraw = False
15.0081 	EXP 	money1: autoDraw = False
15.0081 	EXP 	money2: autoDraw = False
15.0081 	EXP 	blank: autoDraw = False
15.0081 	EXP 	text_3: autoDraw = True
16.9920 	EXP 	New trial (rep=0, index=2): OrderedDict([('LeftEx', 'Helping a friend\nstudy for a test'), ('RightEx', 'Watching television\nat home'), ('LMoneyEx', 0.01), ('RMoneyEx', 0.04)])
17.0297 	EXP 	Created unnamed Circle = Circle(__class__=<class 'psychopy.visual.circle.Circle'>, autoDraw=False, autoLog=True, closeShape=True, color=method-wrapper(...), colorSpace=None, contrast=1.0, depth=0, fillColor=None, fillColorSpace='rgb', fillRGB=None, interpolate=True, lineColor='green', lineColorSpace='named', lineRGB=array([  0., 128.,   0.]), lineWidth=1.5, name='unnamed Circle', opacity=1.0, ori=array(0.), pos=array([0.5, 0.1]), size=array([1., 1.]), units='norm', vertices=ndarray(...), win=Window(...))
17.0333 	EXP 	Created unnamed Circle = Circle(__class__=<class 'psychopy.visual.circle.Circle'>, autoDraw=False, autoLog=True, closeShape=True, color=method-wrapper(...), colorSpace=None, contrast=1.0, depth=0, fillColor=None, fillColorSpace='rgb', fillRGB=None, interpolate=True, lineColor='green', lineColorSpace='named', lineRGB=array([  0., 128.,   0.]), lineWidth=1.5, name='unnamed Circle', opacity=1.0, ori=array(0.), pos=array([-0.5,  0.1]), size=array([1., 1.]), units='norm', vertices=ndarray(...), win=Window(...))
17.0418 	EXP 	text_3: autoDraw = False
17.0418 	EXP 	text_3: autoDraw = False
17.0418 	EXP 	leftbox: text = 'Helping a friend\nstudy for a test'
17.0418 	EXP 	rightbox: text = 'Watching television\nat home'
17.0418 	EXP 	money1: text = 0.01
17.0418 	EXP 	money2: text = 0.04
17.0418 	EXP 	blank: text = ''
17.0418 	EXP 	leftbox: autoDraw = True
17.0418 	EXP 	rightbox: autoDraw = True
17.0418 	EXP 	money1: autoDraw = True
17.0418 	EXP 	money2: autoDraw = True
17.0418 	EXP 	blank: autoDraw = True
17.4749 	DATA 	Keypress: 1
17.4910 	EXP 	unnamed Circle: autoDraw = True
17.5078 	EXP 	unnamed Circle: autoDraw = True
17.5246 	EXP 	unnamed Circle: autoDraw = True
17.5412 	EXP 	unnamed Circle: autoDraw = True
17.5578 	EXP 	unnamed Circle: autoDraw = True
17.5746 	EXP 	unnamed Circle: autoDraw = True
17.5910 	EXP 	unnamed Circle: autoDraw = True
17.6079 	EXP 	unnamed Circle: autoDraw = True
17.6246 	EXP 	unnamed Circle: autoDraw = True
17.6411 	EXP 	unnamed Circle: autoDraw = True
17.6579 	EXP 	unnamed Circle: autoDraw = True
17.6745 	EXP 	unnamed Circle: autoDraw = True
17.6911 	EXP 	unnamed Circle: autoDraw = True
17.7078 	EXP 	unnamed Circle: autoDraw = True
17.7246 	EXP 	unnamed Circle: autoDraw = True
17.7411 	EXP 	unnamed Circle: autoDraw = True
17.7579 	EXP 	unnamed Circle: autoDraw = True
17.7746 	EXP 	unnamed Circle: autoDraw = True
17.7911 	EXP 	unnamed Circle: autoDraw = True
17.8080 	EXP 	unnamed Circle: autoDraw = True
17.8245 	EXP 	unnamed Circle: autoDraw = True
17.8410 	EXP 	unnamed Circle: autoDraw = True
17.8579 	EXP 	unnamed Circle: autoDraw = True
17.8746 	EXP 	unnamed Circle: autoDraw = True
17.8910 	EXP 	unnamed Circle: autoDraw = True
17.9079 	EXP 	unnamed Circle: autoDraw = True
17.9246 	EXP 	unnamed Circle: autoDraw = True
17.9413 	EXP 	unnamed Circle: autoDraw = True
17.9578 	EXP 	unnamed Circle: autoDraw = True
17.9746 	EXP 	unnamed Circle: autoDraw = True
17.9912 	EXP 	unnamed Circle: autoDraw = True
18.0079 	EXP 	unnamed Circle: autoDraw = True
18.0245 	EXP 	unnamed Circle: autoDraw = True
18.0412 	EXP 	unnamed Circle: autoDraw = True
18.0580 	EXP 	unnamed Circle: autoDraw = True
18.0580 	EXP 	blank: autoDraw = False
18.0745 	EXP 	unnamed Circle: autoDraw = True
18.0911 	EXP 	unnamed Circle: autoDraw = True
18.1079 	EXP 	unnamed Circle: autoDraw = True
18.1247 	EXP 	unnamed Circle: autoDraw = True
18.1412 	EXP 	unnamed Circle: autoDraw = True
18.1578 	EXP 	unnamed Circle: autoDraw = True
18.1745 	EXP 	unnamed Circle: autoDraw = True
18.1912 	EXP 	unnamed Circle: autoDraw = True
18.2078 	EXP 	unnamed Circle: autoDraw = True
18.2245 	EXP 	unnamed Circle: autoDraw = True
18.2411 	EXP 	unnamed Circle: autoDraw = True
18.2579 	EXP 	unnamed Circle: autoDraw = True
18.2744 	EXP 	unnamed Circle: autoDraw = True
18.2912 	EXP 	unnamed Circle: autoDraw = True
18.3078 	EXP 	unnamed Circle: autoDraw = True
18.3246 	EXP 	unnamed Circle: autoDraw = True
18.3412 	EXP 	unnamed Circle: autoDraw = True
18.3579 	EXP 	unnamed Circle: autoDraw = True
18.3746 	EXP 	unnamed Circle: autoDraw = True
18.3911 	EXP 	unnamed Circle: autoDraw = True
18.4078 	EXP 	unnamed Circle: autoDraw = True
18.4245 	EXP 	unnamed Circle: autoDraw = True
18.4411 	EXP 	unnamed Circle: autoDraw = True
18.4579 	EXP 	unnamed Circle: autoDraw = True
18.4744 	EXP 	unnamed Circle: autoDraw = True
18.4912 	EXP 	unnamed Circle: autoDraw = True
18.5081 	EXP 	unnamed Circle: autoDraw = True
18.5246 	EXP 	unnamed Circle: autoDraw = True
18.5412 	EXP 	unnamed Circle: autoDraw = True
18.5579 	EXP 	unnamed Circle: autoDraw = True
18.5746 	EXP 	unnamed Circle: autoDraw = True
18.5911 	EXP 	unnamed Circle: autoDraw = True
18.6080 	EXP 	unnamed Circle: autoDraw = True
18.6247 	EXP 	unnamed Circle: autoDraw = True
18.6410 	EXP 	unnamed Circle: autoDraw = True
18.6578 	EXP 	unnamed Circle: autoDraw = True
18.6744 	EXP 	unnamed Circle: autoDraw = True
18.6911 	EXP 	unnamed Circle: autoDraw = True
18.7079 	EXP 	unnamed Circle: autoDraw = True
18.7246 	EXP 	unnamed Circle: autoDraw = True
18.7411 	EXP 	unnamed Circle: autoDraw = True
18.7580 	EXP 	unnamed Circle: autoDraw = True
18.7745 	EXP 	unnamed Circle: autoDraw = True
18.7913 	EXP 	unnamed Circle: autoDraw = True
18.8080 	EXP 	unnamed Circle: autoDraw = True
18.8246 	EXP 	unnamed Circle: autoDraw = True
18.8410 	EXP 	unnamed Circle: autoDraw = True
18.8579 	EXP 	unnamed Circle: autoDraw = True
18.8746 	EXP 	unnamed Circle: autoDraw = True
18.8913 	EXP 	unnamed Circle: autoDraw = True
18.9079 	EXP 	unnamed Circle: autoDraw = True
18.9245 	EXP 	unnamed Circle: autoDraw = True
18.9412 	EXP 	unnamed Circle: autoDraw = True
18.9579 	EXP 	unnamed Circle: autoDraw = True
18.9744 	EXP 	unnamed Circle: autoDraw = True
18.9912 	EXP 	unnamed Circle: autoDraw = True
19.0079 	EXP 	unnamed Circle: autoDraw = True
19.0245 	EXP 	unnamed Circle: autoDraw = True
19.0410 	EXP 	unnamed Circle: autoDraw = True
19.0581 	EXP 	unnamed Circle: autoDraw = True
19.0744 	EXP 	unnamed Circle: autoDraw = True
19.0910 	EXP 	unnamed Circle: autoDraw = True
19.1079 	EXP 	unnamed Circle: autoDraw = True
19.1245 	EXP 	unnamed Circle: autoDraw = True
19.1411 	EXP 	unnamed Circle: autoDraw = True
19.1580 	EXP 	unnamed Circle: autoDraw = True
19.1749 	EXP 	unnamed Circle: autoDraw = True
19.1909 	EXP 	unnamed Circle: autoDraw = True
19.2079 	EXP 	unnamed Circle: autoDraw = True
19.2246 	EXP 	unnamed Circle: autoDraw = True
19.2417 	EXP 	unnamed Circle: autoDraw = True
19.2584 	EXP 	unnamed Circle: autoDraw = True
19.2750 	EXP 	unnamed Circle: autoDraw = True
19.2916 	EXP 	unnamed Circle: autoDraw = True
19.3083 	EXP 	unnamed Circle: autoDraw = True
19.3249 	EXP 	unnamed Circle: autoDraw = True
19.3416 	EXP 	unnamed Circle: autoDraw = True
19.3584 	EXP 	unnamed Circle: autoDraw = True
19.3750 	EXP 	unnamed Circle: autoDraw = True
19.3918 	EXP 	unnamed Circle: autoDraw = True
19.4086 	EXP 	unnamed Circle: autoDraw = True
19.4250 	EXP 	unnamed Circle: autoDraw = True
19.4416 	EXP 	unnamed Circle: autoDraw = True
19.4584 	EXP 	unnamed Circle: autoDraw = True
19.4750 	EXP 	unnamed Circle: autoDraw = True
19.4917 	EXP 	unnamed Circle: autoDraw = True
19.5087 	EXP 	unnamed Circle: autoDraw = True
19.5263 	EXP 	unnamed Circle: autoDraw = True
19.5438 	EXP 	unnamed Circle: autoDraw = True
19.5587 	EXP 	unnamed Circle: autoDraw = True
19.5757 	EXP 	unnamed Circle: autoDraw = True
19.5919 	EXP 	unnamed Circle: autoDraw = True
19.6089 	EXP 	unnamed Circle: autoDraw = True
19.6254 	EXP 	unnamed Circle: autoDraw = True
19.6421 	EXP 	unnamed Circle: autoDraw = True
19.6587 	EXP 	unnamed Circle: autoDraw = True
19.6753 	EXP 	unnamed Circle: autoDraw = True
19.6924 	EXP 	unnamed Circle: autoDraw = True
19.7087 	EXP 	unnamed Circle: autoDraw = True
19.7253 	EXP 	unnamed Circle: autoDraw = True
19.7420 	EXP 	unnamed Circle: autoDraw = True
19.7590 	EXP 	unnamed Circle: autoDraw = True
19.7758 	EXP 	unnamed Circle: autoDraw = True
19.7921 	EXP 	unnamed Circle: autoDraw = True
19.8086 	EXP 	unnamed Circle: autoDraw = True
19.8253 	EXP 	unnamed Circle: autoDraw = True
19.8421 	EXP 	unnamed Circle: autoDraw = True
19.8587 	EXP 	unnamed Circle: autoDraw = True
19.8757 	EXP 	unnamed Circle: autoDraw = True
19.8918 	EXP 	unnamed Circle: autoDraw = True
19.9087 	EXP 	unnamed Circle: autoDraw = True
19.9254 	EXP 	unnamed Circle: autoDraw = True
19.9418 	EXP 	unnamed Circle: autoDraw = True
19.9587 	EXP 	unnamed Circle: autoDraw = True
19.9759 	EXP 	unnamed Circle: autoDraw = True
19.9919 	EXP 	unnamed Circle: autoDraw = True
20.0090 	EXP 	unnamed Circle: autoDraw = True
20.0253 	EXP 	unnamed Circle: autoDraw = True
20.0419 	EXP 	unnamed Circle: autoDraw = True
20.0587 	EXP 	unnamed Circle: autoDraw = True
20.0753 	EXP 	unnamed Circle: autoDraw = True
20.0919 	EXP 	unnamed Circle: autoDraw = True
20.1086 	EXP 	unnamed Circle: autoDraw = True
20.1255 	EXP 	unnamed Circle: autoDraw = True
20.1419 	EXP 	unnamed Circle: autoDraw = True
20.1587 	EXP 	unnamed Circle: autoDraw = True
20.1754 	EXP 	unnamed Circle: autoDraw = True
20.1920 	EXP 	unnamed Circle: autoDraw = True
20.2087 	EXP 	unnamed Circle: autoDraw = True
20.2253 	EXP 	unnamed Circle: autoDraw = True
20.2420 	EXP 	unnamed Circle: autoDraw = True
20.2587 	EXP 	unnamed Circle: autoDraw = True
20.2753 	EXP 	unnamed Circle: autoDraw = True
20.2920 	EXP 	unnamed Circle: autoDraw = True
20.3086 	EXP 	unnamed Circle: autoDraw = True
20.3253 	EXP 	unnamed Circle: autoDraw = True
20.3419 	EXP 	unnamed Circle: autoDraw = True
20.3587 	EXP 	unnamed Circle: autoDraw = True
20.3754 	EXP 	unnamed Circle: autoDraw = True
20.3921 	EXP 	unnamed Circle: autoDraw = True
20.4086 	EXP 	unnamed Circle: autoDraw = True
20.4254 	EXP 	unnamed Circle: autoDraw = True
20.4424 	EXP 	unnamed Circle: autoDraw = True
20.4587 	EXP 	unnamed Circle: autoDraw = True
20.4753 	EXP 	unnamed Circle: autoDraw = True
20.4920 	EXP 	unnamed Circle: autoDraw = True
20.5090 	EXP 	unnamed Circle: autoDraw = True
20.5251 	EXP 	unnamed Circle: autoDraw = True
20.5419 	EXP 	unnamed Circle: autoDraw = True
20.5586 	EXP 	unnamed Circle: autoDraw = True
20.5753 	EXP 	unnamed Circle: autoDraw = True
20.5924 	EXP 	unnamed Circle: autoDraw = True
20.6089 	EXP 	unnamed Circle: autoDraw = True
20.6261 	EXP 	unnamed Circle: autoDraw = True
20.6414 	EXP 	unnamed Circle: autoDraw = True
20.6580 	EXP 	unnamed Circle: autoDraw = True
20.6749 	EXP 	unnamed Circle: autoDraw = True
20.6913 	EXP 	unnamed Circle: autoDraw = True
20.7079 	EXP 	unnamed Circle: autoDraw = True
20.7246 	EXP 	unnamed Circle: autoDraw = True
20.7413 	EXP 	unnamed Circle: autoDraw = True
20.7583 	EXP 	unnamed Circle: autoDraw = True
20.7748 	EXP 	unnamed Circle: autoDraw = True
20.7915 	EXP 	unnamed Circle: autoDraw = True
20.8082 	EXP 	unnamed Circle: autoDraw = True
20.8246 	EXP 	unnamed Circle: autoDraw = True
20.8413 	EXP 	unnamed Circle: autoDraw = True
20.8579 	EXP 	unnamed Circle: autoDraw = True
20.8746 	EXP 	unnamed Circle: autoDraw = True
20.8914 	EXP 	unnamed Circle: autoDraw = True
20.9080 	EXP 	unnamed Circle: autoDraw = True
20.9246 	EXP 	unnamed Circle: autoDraw = True
20.9412 	EXP 	unnamed Circle: autoDraw = True
20.9580 	EXP 	unnamed Circle: autoDraw = True
20.9745 	EXP 	unnamed Circle: autoDraw = True
20.9912 	EXP 	unnamed Circle: autoDraw = True
21.0079 	EXP 	leftbox: autoDraw = False
21.0079 	EXP 	rightbox: autoDraw = False
21.0079 	EXP 	money1: autoDraw = False
21.0079 	EXP 	money2: autoDraw = False
21.0079 	EXP 	unnamed Circle: autoDraw = True
21.0079 	EXP 	unnamed Circle: autoDraw = False
21.0079 	EXP 	unnamed Circle: autoDraw = False
21.0079 	EXP 	leftbox: autoDraw = False
21.0079 	EXP 	rightbox: autoDraw = False
21.0079 	EXP 	money1: autoDraw = False
21.0079 	EXP 	money2: autoDraw = False
21.0079 	EXP 	blank: autoDraw = False
21.0079 	EXP 	text_3: autoDraw = True
23.0537 	EXP 	window1: mouseVisible = True
