4.8799 	WARNING 	User requested fullscreen with size [1024  768], but screen is actually [1920, 1080]. Using actual size
5.8120 	EXP 	Created window1 = Window(allowGUI=True, allowStencil=False, args=UNKNOWN, autoLog=True, bitsMode=UNKNOWN, blendMode='avg', color=array([0., 0., 0.]), colorSpace='rgb', fullscr=<method-wrapper '__getattribute__' of attributeSetter object at 0x0000017D5E4CB5F8>, gamma=None, kwargs=UNKNOWN, lms=UNKNOWN, monitor=<psychopy.monitors.calibTools.Monitor object at 0x0000017D5E10F6A0>, multiSample=False, name='window1', numSamples=2, pos=[0.0, 0.0], screen=0, size=array([1920, 1080]), stereo=False, units='norm', useFBO=True, useRetina=False, viewOri=0.0, viewPos=None, viewScale=None, waitBlanking=True, winType='pyglet')
5.8120 	EXP 	window1: recordFrameIntervals = False
5.9775 	EXP 	window1: recordFrameIntervals = True
6.1627 	EXP 	window1: recordFrameIntervals = False
6.3000 	EXP 	Created Instructions = TextStim(__class__=<class 'psychopy.visual.text.TextStim'>, alignHoriz='center', alignVert='center', antialias=True, autoLog=True, bold=False, color='white', colorSpace='named', contrast=1.0, depth=0.0, flipHoriz=False, flipVert=False, font='Arial', fontFiles=[], height=0.1, italic=False, languageStyle='LTR', name='Instructions', opacity=1.0, ori=0, pos=array([0., 0.]), rgb=array([255., 255., 255.]), text=str(...), units='norm', win=Window(...), wrapWidth=1)
6.3122 	EXP 	Created leftbox = TextStim(__class__=<class 'psychopy.visual.text.TextStim'>, alignHoriz='center', alignVert='center', antialias=True, autoLog=True, bold=False, color='white', colorSpace='named', contrast=1.0, depth=0.0, flipHoriz=False, flipVert=False, font='Times New Roman', fontFiles=[], height=0.094, italic=False, languageStyle='LTR', name='leftbox', opacity=1.0, ori=0, pos=array([0.5, 0.1]), rgb=array([255., 255., 255.]), text='default text', units='norm', win=Window(...), wrapWidth=1)
6.3154 	EXP 	Created rightbox = TextStim(__class__=<class 'psychopy.visual.text.TextStim'>, alignHoriz='center', alignVert='center', antialias=True, autoLog=True, bold=False, color='white', colorSpace='named', contrast=1.0, depth=-1.0, flipHoriz=False, flipVert=False, font='Times New Roman', fontFiles=[], height=0.094, italic=False, languageStyle='LTR', name='rightbox', opacity=1.0, ori=0, pos=array([-0.5,  0.1]), rgb=array([255., 255., 255.]), text='default text', units='norm', win=Window(...), wrapWidth=1)
6.3201 	EXP 	Created money1 = TextStim(__class__=<class 'psychopy.visual.text.TextStim'>, alignHoriz='center', alignVert='center', antialias=True, autoLog=True, bold=False, color='white', colorSpace='named', contrast=1.0, depth=-3.0, flipHoriz=False, flipVert=False, font='Arial', fontFiles=[], height=0.1, italic=False, languageStyle='LTR', name='money1', opacity=1.0, ori=0, pos=array([ 0.5, -0.5]), rgb=array([255., 255., 255.]), text='default text', units='norm', win=Window(...), wrapWidth=1)
6.3236 	EXP 	Created money2 = TextStim(__class__=<class 'psychopy.visual.text.TextStim'>, alignHoriz='center', alignVert='center', antialias=True, autoLog=True, bold=False, color='white', colorSpace='named', contrast=1.0, depth=-4.0, flipHoriz=False, flipVert=False, font='Arial', fontFiles=[], height=0.1, italic=False, languageStyle='LTR', name='money2', opacity=1.0, ori=0, pos=array([-0.5, -0.5]), rgb=array([255., 255., 255.]), text='default text', units='norm', win=Window(...), wrapWidth=1)
6.3241 	EXP 	Created blank = TextStim(__class__=<class 'psychopy.visual.text.TextStim'>, alignHoriz='center', alignVert='center', antialias=True, autoLog=True, bold=False, color='white', colorSpace='named', contrast=1.0, depth=-6.0, flipHoriz=False, flipVert=False, font='Arial', fontFiles=[], height=0.1, italic=False, languageStyle='LTR', name='blank', opacity=1.0, ori=0, pos=array([0., 0.]), rgb=array([255., 255., 255.]), text='', units='norm', win=Window(...), wrapWidth=1)
6.3278 	EXP 	Created text_3 = TextStim(__class__=<class 'psychopy.visual.text.TextStim'>, alignHoriz='center', alignVert='center', antialias=True, autoLog=True, bold=False, color='white', colorSpace='named', contrast=1.0, depth=0.0, flipHoriz=False, flipVert=False, font='Arial', fontFiles=[], height=0.1, italic=False, languageStyle='LTR', name='text_3', opacity=1.0, ori=0, pos=array([0., 0.]), rgb=array([255., 255., 255.]), text='+', units='norm', win=Window(...), wrapWidth=1)
6.3342 	EXP 	Instructions: autoDraw = True
6.9284 	DATA 	Keypress: space
6.9543 	EXP 	Imported Activities1_DF2.csv as conditions, 51 conditions, 4 params
6.9553 	EXP 	Created sequence: random, trialTypes=51, nReps=1, seed=None
6.9563 	EXP 	New trial (rep=0, index=0): OrderedDict([('LeftEx', None), ('RightEx', None), ('LMoneyEx', None), ('RMoneyEx', None)])
6.9903 	EXP 	Created unnamed Circle = Circle(__class__=<class 'psychopy.visual.circle.Circle'>, autoDraw=False, autoLog=True, closeShape=True, color=method-wrapper(...), colorSpace=None, contrast=1.0, depth=0, fillColor=None, fillColorSpace='rgb', fillRGB=None, interpolate=True, lineColor='green', lineColorSpace='named', lineRGB=array([  0., 128.,   0.]), lineWidth=1.5, name='unnamed Circle', opacity=1.0, ori=array(0.), pos=array([0.5, 0.1]), size=array([1., 1.]), units='norm', vertices=ndarray(...), win=Window(...))
6.9937 	EXP 	Created unnamed Circle = Circle(__class__=<class 'psychopy.visual.circle.Circle'>, autoDraw=False, autoLog=True, closeShape=True, color=method-wrapper(...), colorSpace=None, contrast=1.0, depth=0, fillColor=None, fillColorSpace='rgb', fillRGB=None, interpolate=True, lineColor='green', lineColorSpace='named', lineRGB=array([  0., 128.,   0.]), lineWidth=1.5, name='unnamed Circle', opacity=1.0, ori=array(0.), pos=array([-0.5,  0.1]), size=array([1., 1.]), units='norm', vertices=ndarray(...), win=Window(...))
7.0007 	EXP 	Instructions: autoDraw = False
7.0007 	EXP 	leftbox: text = 'default text'
7.0007 	EXP 	rightbox: text = 'default text'
7.0007 	EXP 	money1: text = 'default text'
7.0007 	EXP 	money2: text = 'default text'
7.0007 	EXP 	blank: text = ''
7.0007 	EXP 	leftbox: autoDraw = True
7.0007 	EXP 	rightbox: autoDraw = True
7.0007 	EXP 	money1: autoDraw = True
7.0007 	EXP 	money2: autoDraw = True
7.0007 	EXP 	blank: autoDraw = True
8.0269 	EXP 	blank: autoDraw = False
9.3775 	DATA 	Keypress: 1
9.3936 	EXP 	unnamed Circle: autoDraw = True
9.4104 	EXP 	unnamed Circle: autoDraw = True
9.4270 	EXP 	unnamed Circle: autoDraw = True
9.4436 	EXP 	unnamed Circle: autoDraw = True
9.4603 	EXP 	unnamed Circle: autoDraw = True
9.4772 	EXP 	unnamed Circle: autoDraw = True
9.4936 	EXP 	unnamed Circle: autoDraw = True
9.5104 	EXP 	unnamed Circle: autoDraw = True
9.5269 	EXP 	unnamed Circle: autoDraw = True
9.5435 	EXP 	unnamed Circle: autoDraw = True
9.5601 	EXP 	unnamed Circle: autoDraw = True
9.5771 	EXP 	unnamed Circle: autoDraw = True
9.5935 	EXP 	unnamed Circle: autoDraw = True
9.6104 	EXP 	unnamed Circle: autoDraw = True
9.6268 	EXP 	unnamed Circle: autoDraw = True
9.6437 	EXP 	unnamed Circle: autoDraw = True
9.6606 	EXP 	unnamed Circle: autoDraw = True
9.6772 	EXP 	unnamed Circle: autoDraw = True
9.6937 	EXP 	unnamed Circle: autoDraw = True
9.7102 	EXP 	unnamed Circle: autoDraw = True
9.7271 	EXP 	unnamed Circle: autoDraw = True
9.7435 	EXP 	unnamed Circle: autoDraw = True
9.7604 	EXP 	unnamed Circle: autoDraw = True
9.7770 	EXP 	unnamed Circle: autoDraw = True
9.7935 	EXP 	unnamed Circle: autoDraw = True
9.8104 	EXP 	unnamed Circle: autoDraw = True
9.8269 	EXP 	unnamed Circle: autoDraw = True
9.8436 	EXP 	unnamed Circle: autoDraw = True
9.8602 	EXP 	unnamed Circle: autoDraw = True
9.8770 	EXP 	unnamed Circle: autoDraw = True
9.8935 	EXP 	unnamed Circle: autoDraw = True
9.9103 	EXP 	unnamed Circle: autoDraw = True
9.9270 	EXP 	unnamed Circle: autoDraw = True
9.9435 	EXP 	unnamed Circle: autoDraw = True
9.9604 	EXP 	unnamed Circle: autoDraw = True
9.9771 	EXP 	unnamed Circle: autoDraw = True
9.9936 	EXP 	unnamed Circle: autoDraw = True
10.0104 	EXP 	unnamed Circle: autoDraw = True
10.0270 	EXP 	unnamed Circle: autoDraw = True
10.0435 	EXP 	unnamed Circle: autoDraw = True
10.0601 	EXP 	unnamed Circle: autoDraw = True
10.0770 	EXP 	unnamed Circle: autoDraw = True
10.0951 	EXP 	unnamed Circle: autoDraw = True
10.1116 	EXP 	unnamed Circle: autoDraw = True
10.1284 	EXP 	unnamed Circle: autoDraw = True
10.1451 	EXP 	unnamed Circle: autoDraw = True
10.1617 	EXP 	unnamed Circle: autoDraw = True
10.1780 	EXP 	unnamed Circle: autoDraw = True
10.1941 	EXP 	unnamed Circle: autoDraw = True
10.2109 	EXP 	unnamed Circle: autoDraw = True
10.2276 	EXP 	unnamed Circle: autoDraw = True
10.2442 	EXP 	unnamed Circle: autoDraw = True
10.2608 	EXP 	unnamed Circle: autoDraw = True
10.2777 	EXP 	unnamed Circle: autoDraw = True
10.2942 	EXP 	unnamed Circle: autoDraw = True
10.3110 	EXP 	unnamed Circle: autoDraw = True
10.3275 	EXP 	unnamed Circle: autoDraw = True
10.3441 	EXP 	unnamed Circle: autoDraw = True
10.3609 	EXP 	unnamed Circle: autoDraw = True
10.3775 	EXP 	unnamed Circle: autoDraw = True
10.3941 	EXP 	unnamed Circle: autoDraw = True
10.4109 	EXP 	unnamed Circle: autoDraw = True
10.4276 	EXP 	unnamed Circle: autoDraw = True
10.4442 	EXP 	unnamed Circle: autoDraw = True
10.4613 	EXP 	unnamed Circle: autoDraw = True
10.4776 	EXP 	unnamed Circle: autoDraw = True
10.4942 	EXP 	unnamed Circle: autoDraw = True
10.5110 	EXP 	unnamed Circle: autoDraw = True
10.5276 	EXP 	unnamed Circle: autoDraw = True
10.5440 	EXP 	unnamed Circle: autoDraw = True
10.5608 	EXP 	unnamed Circle: autoDraw = True
10.5776 	EXP 	unnamed Circle: autoDraw = True
10.5941 	EXP 	unnamed Circle: autoDraw = True
10.6109 	EXP 	unnamed Circle: autoDraw = True
10.6274 	EXP 	unnamed Circle: autoDraw = True
10.6442 	EXP 	unnamed Circle: autoDraw = True
10.6609 	EXP 	unnamed Circle: autoDraw = True
10.6777 	EXP 	unnamed Circle: autoDraw = True
10.6942 	EXP 	unnamed Circle: autoDraw = True
10.7108 	EXP 	unnamed Circle: autoDraw = True
10.7275 	EXP 	unnamed Circle: autoDraw = True
10.7441 	EXP 	unnamed Circle: autoDraw = True
10.7613 	EXP 	unnamed Circle: autoDraw = True
10.7770 	EXP 	unnamed Circle: autoDraw = True
10.7938 	EXP 	unnamed Circle: autoDraw = True
10.8103 	EXP 	unnamed Circle: autoDraw = True
10.8268 	EXP 	unnamed Circle: autoDraw = True
10.8435 	EXP 	unnamed Circle: autoDraw = True
10.8602 	EXP 	unnamed Circle: autoDraw = True
10.8769 	EXP 	unnamed Circle: autoDraw = True
10.8936 	EXP 	unnamed Circle: autoDraw = True
10.9103 	EXP 	unnamed Circle: autoDraw = True
10.9269 	EXP 	unnamed Circle: autoDraw = True
10.9435 	EXP 	unnamed Circle: autoDraw = True
10.9602 	EXP 	unnamed Circle: autoDraw = True
10.9769 	EXP 	leftbox: autoDraw = False
10.9769 	EXP 	rightbox: autoDraw = False
10.9769 	EXP 	money1: autoDraw = False
10.9769 	EXP 	money2: autoDraw = False
10.9769 	EXP 	unnamed Circle: autoDraw = True
10.9769 	EXP 	unnamed Circle: autoDraw = False
10.9769 	EXP 	unnamed Circle: autoDraw = False
10.9769 	EXP 	leftbox: autoDraw = False
10.9769 	EXP 	rightbox: autoDraw = False
10.9769 	EXP 	money1: autoDraw = False
10.9769 	EXP 	money2: autoDraw = False
10.9769 	EXP 	blank: autoDraw = False
10.9769 	EXP 	text_3: autoDraw = True
12.9618 	EXP 	New trial (rep=0, index=1): OrderedDict([('LeftEx', None), ('RightEx', None), ('LMoneyEx', None), ('RMoneyEx', None)])
13.0029 	EXP 	Created unnamed Circle = Circle(__class__=<class 'psychopy.visual.circle.Circle'>, autoDraw=False, autoLog=True, closeShape=True, color=method-wrapper(...), colorSpace=None, contrast=1.0, depth=0, fillColor=None, fillColorSpace='rgb', fillRGB=None, interpolate=True, lineColor='green', lineColorSpace='named', lineRGB=array([  0., 128.,   0.]), lineWidth=1.5, name='unnamed Circle', opacity=1.0, ori=array(0.), pos=array([0.5, 0.1]), size=array([1., 1.]), units='norm', vertices=ndarray(...), win=Window(...))
13.0084 	EXP 	Created unnamed Circle = Circle(__class__=<class 'psychopy.visual.circle.Circle'>, autoDraw=False, autoLog=True, closeShape=True, color=method-wrapper(...), colorSpace=None, contrast=1.0, depth=0, fillColor=None, fillColorSpace='rgb', fillRGB=None, interpolate=True, lineColor='green', lineColorSpace='named', lineRGB=array([  0., 128.,   0.]), lineWidth=1.5, name='unnamed Circle', opacity=1.0, ori=array(0.), pos=array([-0.5,  0.1]), size=array([1., 1.]), units='norm', vertices=ndarray(...), win=Window(...))
13.0165 	EXP 	text_3: autoDraw = False
13.0165 	EXP 	text_3: autoDraw = False
13.0165 	EXP 	leftbox: text = 'default text'
13.0165 	EXP 	rightbox: text = 'default text'
13.0165 	EXP 	money1: text = 'default text'
13.0165 	EXP 	money2: text = 'default text'
13.0165 	EXP 	blank: text = ''
13.0165 	EXP 	leftbox: autoDraw = True
13.0165 	EXP 	rightbox: autoDraw = True
13.0165 	EXP 	money1: autoDraw = True
13.0165 	EXP 	money2: autoDraw = True
13.0165 	EXP 	blank: autoDraw = True
14.0269 	EXP 	blank: autoDraw = False
16.3951 	DATA 	Keypress: escape
16.4771 	EXP 	window1: mouseVisible = True
