4.2049 	WARNING 	User requested fullscreen with size [1024  768], but screen is actually [1920, 1080]. Using actual size
5.1490 	EXP 	Created window1 = Window(allowGUI=True, allowStencil=False, args=UNKNOWN, autoLog=True, bitsMode=UNKNOWN, blendMode='avg', color=array([0., 0., 0.]), colorSpace='rgb', fullscr=<method-wrapper '__getattribute__' of attributeSetter object at 0x0000023B767455C0>, gamma=None, kwargs=UNKNOWN, lms=UNKNOWN, monitor=<psychopy.monitors.calibTools.Monitor object at 0x0000023B7639F6A0>, multiSample=False, name='window1', numSamples=2, pos=[0.0, 0.0], screen=0, size=array([1920, 1080]), stereo=False, units='norm', useFBO=True, useRetina=False, viewOri=0.0, viewPos=None, viewScale=None, waitBlanking=True, winType='pyglet')
5.1491 	EXP 	window1: recordFrameIntervals = False
5.3128 	EXP 	window1: recordFrameIntervals = True
5.4965 	EXP 	window1: recordFrameIntervals = False
5.6248 	EXP 	Created Instructions = TextStim(__class__=<class 'psychopy.visual.text.TextStim'>, alignHoriz='center', alignVert='center', antialias=True, autoLog=True, bold=False, color='white', colorSpace='named', contrast=1.0, depth=0.0, flipHoriz=False, flipVert=False, font='Arial', fontFiles=[], height=0.1, italic=False, languageStyle='LTR', name='Instructions', opacity=1.0, ori=0, pos=array([0., 0.]), rgb=array([255., 255., 255.]), text=str(...), units='norm', win=Window(...), wrapWidth=1)
5.6378 	EXP 	Created leftbox = TextStim(__class__=<class 'psychopy.visual.text.TextStim'>, alignHoriz='center', alignVert='center', antialias=True, autoLog=True, bold=False, color='white', colorSpace='named', contrast=1.0, depth=0.0, flipHoriz=False, flipVert=False, font='Times New Roman', fontFiles=[], height=0.094, italic=False, languageStyle='LTR', name='leftbox', opacity=1.0, ori=0, pos=array([0.5, 0.1]), rgb=array([255., 255., 255.]), text='default text', units='norm', win=Window(...), wrapWidth=1)
5.6413 	EXP 	Created rightbox = TextStim(__class__=<class 'psychopy.visual.text.TextStim'>, alignHoriz='center', alignVert='center', antialias=True, autoLog=True, bold=False, color='white', colorSpace='named', contrast=1.0, depth=-1.0, flipHoriz=False, flipVert=False, font='Times New Roman', fontFiles=[], height=0.094, italic=False, languageStyle='LTR', name='rightbox', opacity=1.0, ori=0, pos=array([-0.5,  0.1]), rgb=array([255., 255., 255.]), text='default text', units='norm', win=Window(...), wrapWidth=1)
5.6467 	EXP 	Created money1 = TextStim(__class__=<class 'psychopy.visual.text.TextStim'>, alignHoriz='center', alignVert='center', antialias=True, autoLog=True, bold=False, color='white', colorSpace='named', contrast=1.0, depth=-3.0, flipHoriz=False, flipVert=False, font='Arial', fontFiles=[], height=0.1, italic=False, languageStyle='LTR', name='money1', opacity=1.0, ori=0, pos=array([ 0.5, -0.5]), rgb=array([255., 255., 255.]), text='default text', units='norm', win=Window(...), wrapWidth=1)
5.6501 	EXP 	Created money2 = TextStim(__class__=<class 'psychopy.visual.text.TextStim'>, alignHoriz='center', alignVert='center', antialias=True, autoLog=True, bold=False, color='white', colorSpace='named', contrast=1.0, depth=-4.0, flipHoriz=False, flipVert=False, font='Arial', fontFiles=[], height=0.1, italic=False, languageStyle='LTR', name='money2', opacity=1.0, ori=0, pos=array([-0.5, -0.5]), rgb=array([255., 255., 255.]), text='default text', units='norm', win=Window(...), wrapWidth=1)
5.6505 	EXP 	Created blank = TextStim(__class__=<class 'psychopy.visual.text.TextStim'>, alignHoriz='center', alignVert='center', antialias=True, autoLog=True, bold=False, color='white', colorSpace='named', contrast=1.0, depth=-6.0, flipHoriz=False, flipVert=False, font='Arial', fontFiles=[], height=0.1, italic=False, languageStyle='LTR', name='blank', opacity=1.0, ori=0, pos=array([0., 0.]), rgb=array([255., 255., 255.]), text='', units='norm', win=Window(...), wrapWidth=1)
5.6544 	EXP 	Created text_3 = TextStim(__class__=<class 'psychopy.visual.text.TextStim'>, alignHoriz='center', alignVert='center', antialias=True, autoLog=True, bold=False, color='white', colorSpace='named', contrast=1.0, depth=0.0, flipHoriz=False, flipVert=False, font='Arial', fontFiles=[], height=0.1, italic=False, languageStyle='LTR', name='text_3', opacity=1.0, ori=0, pos=array([0., 0.]), rgb=array([255., 255., 255.]), text='+', units='norm', win=Window(...), wrapWidth=1)
5.6613 	EXP 	Instructions: autoDraw = True
5.9475 	DATA 	Keypress: space
5.9630 	EXP 	Imported Activities1_DF2.xlsx as conditions, 3 conditions, 4 params
5.9633 	EXP 	Created sequence: random, trialTypes=3, nReps=1, seed=None
5.9636 	EXP 	New trial (rep=0, index=0): OrderedDict([('LeftEx', 'Going for a run\nby yourself'), ('RightEx', 'Having lunch with\na significant other'), ('LMoneyEx', 0.05), ('RMoneyEx', 0.05)])
5.9982 	EXP 	Created unnamed Circle = Circle(__class__=<class 'psychopy.visual.circle.Circle'>, autoDraw=False, autoLog=True, closeShape=True, color=method-wrapper(...), colorSpace=None, contrast=1.0, depth=0, fillColor=None, fillColorSpace='rgb', fillRGB=None, interpolate=True, lineColor='green', lineColorSpace='named', lineRGB=array([  0., 128.,   0.]), lineWidth=1.5, name='unnamed Circle', opacity=1.0, ori=array(0.), pos=array([0.5, 0.1]), size=array([1., 1.]), units='norm', vertices=ndarray(...), win=Window(...))
6.0009 	EXP 	Created unnamed Circle = Circle(__class__=<class 'psychopy.visual.circle.Circle'>, autoDraw=False, autoLog=True, closeShape=True, color=method-wrapper(...), colorSpace=None, contrast=1.0, depth=0, fillColor=None, fillColorSpace='rgb', fillRGB=None, interpolate=True, lineColor='green', lineColorSpace='named', lineRGB=array([  0., 128.,   0.]), lineWidth=1.5, name='unnamed Circle', opacity=1.0, ori=array(0.), pos=array([-0.5,  0.1]), size=array([1., 1.]), units='norm', vertices=ndarray(...), win=Window(...))
6.0095 	EXP 	Instructions: autoDraw = False
6.0095 	EXP 	leftbox: text = 'Going for a run\nby yourself'
6.0095 	EXP 	rightbox: text = 'Having lunch with\na significant other'
6.0095 	EXP 	money1: text = 0.05
6.0095 	EXP 	money2: text = 0.05
6.0095 	EXP 	blank: text = ''
6.0095 	EXP 	leftbox: autoDraw = True
6.0095 	EXP 	rightbox: autoDraw = True
6.0095 	EXP 	money1: autoDraw = True
6.0095 	EXP 	money2: autoDraw = True
6.0095 	EXP 	blank: autoDraw = True
7.0297 	EXP 	blank: autoDraw = False
7.8489 	DATA 	Keypress: 2
7.8791 	EXP 	unnamed Circle: autoDraw = True
7.8958 	EXP 	unnamed Circle: autoDraw = True
7.9130 	EXP 	unnamed Circle: autoDraw = True
7.9291 	EXP 	unnamed Circle: autoDraw = True
7.9463 	EXP 	unnamed Circle: autoDraw = True
7.9627 	EXP 	unnamed Circle: autoDraw = True
7.9791 	EXP 	unnamed Circle: autoDraw = True
7.9959 	EXP 	unnamed Circle: autoDraw = True
8.0125 	EXP 	unnamed Circle: autoDraw = True
8.0295 	EXP 	unnamed Circle: autoDraw = True
8.0458 	EXP 	unnamed Circle: autoDraw = True
8.0626 	EXP 	unnamed Circle: autoDraw = True
8.0791 	EXP 	unnamed Circle: autoDraw = True
8.0958 	EXP 	unnamed Circle: autoDraw = True
8.1125 	EXP 	unnamed Circle: autoDraw = True
8.1291 	EXP 	unnamed Circle: autoDraw = True
8.1459 	EXP 	unnamed Circle: autoDraw = True
8.1626 	EXP 	unnamed Circle: autoDraw = True
8.1791 	EXP 	unnamed Circle: autoDraw = True
8.1963 	EXP 	unnamed Circle: autoDraw = True
8.2125 	EXP 	unnamed Circle: autoDraw = True
8.2291 	EXP 	unnamed Circle: autoDraw = True
8.2459 	EXP 	unnamed Circle: autoDraw = True
8.2625 	EXP 	unnamed Circle: autoDraw = True
8.2792 	EXP 	unnamed Circle: autoDraw = True
8.2958 	EXP 	unnamed Circle: autoDraw = True
8.3126 	EXP 	unnamed Circle: autoDraw = True
8.3291 	EXP 	unnamed Circle: autoDraw = True
8.3461 	EXP 	unnamed Circle: autoDraw = True
8.3627 	EXP 	unnamed Circle: autoDraw = True
8.3788 	EXP 	unnamed Circle: autoDraw = True
8.3958 	EXP 	unnamed Circle: autoDraw = True
8.4133 	EXP 	unnamed Circle: autoDraw = True
8.4305 	EXP 	unnamed Circle: autoDraw = True
8.4475 	EXP 	unnamed Circle: autoDraw = True
8.4626 	EXP 	unnamed Circle: autoDraw = True
8.4792 	EXP 	unnamed Circle: autoDraw = True
8.4958 	EXP 	unnamed Circle: autoDraw = True
8.5126 	EXP 	unnamed Circle: autoDraw = True
8.5292 	EXP 	unnamed Circle: autoDraw = True
8.5460 	EXP 	unnamed Circle: autoDraw = True
8.5626 	EXP 	unnamed Circle: autoDraw = True
8.5791 	EXP 	unnamed Circle: autoDraw = True
8.5959 	EXP 	unnamed Circle: autoDraw = True
8.6126 	EXP 	unnamed Circle: autoDraw = True
8.6292 	EXP 	unnamed Circle: autoDraw = True
8.6458 	EXP 	unnamed Circle: autoDraw = True
8.6630 	EXP 	unnamed Circle: autoDraw = True
8.6791 	EXP 	unnamed Circle: autoDraw = True
8.6961 	EXP 	unnamed Circle: autoDraw = True
8.7134 	EXP 	unnamed Circle: autoDraw = True
8.7298 	EXP 	unnamed Circle: autoDraw = True
8.7467 	EXP 	unnamed Circle: autoDraw = True
8.7633 	EXP 	unnamed Circle: autoDraw = True
8.7798 	EXP 	unnamed Circle: autoDraw = True
8.7966 	EXP 	unnamed Circle: autoDraw = True
8.8132 	EXP 	unnamed Circle: autoDraw = True
8.8301 	EXP 	unnamed Circle: autoDraw = True
8.8469 	EXP 	unnamed Circle: autoDraw = True
8.8638 	EXP 	unnamed Circle: autoDraw = True
8.8800 	EXP 	unnamed Circle: autoDraw = True
8.8965 	EXP 	unnamed Circle: autoDraw = True
8.9133 	EXP 	unnamed Circle: autoDraw = True
8.9301 	EXP 	unnamed Circle: autoDraw = True
8.9465 	EXP 	unnamed Circle: autoDraw = True
8.9634 	EXP 	unnamed Circle: autoDraw = True
8.9803 	EXP 	unnamed Circle: autoDraw = True
8.9967 	EXP 	unnamed Circle: autoDraw = True
9.0135 	EXP 	unnamed Circle: autoDraw = True
9.0299 	EXP 	unnamed Circle: autoDraw = True
9.0469 	EXP 	unnamed Circle: autoDraw = True
9.0626 	EXP 	unnamed Circle: autoDraw = True
9.0791 	EXP 	unnamed Circle: autoDraw = True
9.0958 	EXP 	unnamed Circle: autoDraw = True
9.1125 	EXP 	unnamed Circle: autoDraw = True
9.1290 	EXP 	unnamed Circle: autoDraw = True
9.1461 	EXP 	unnamed Circle: autoDraw = True
9.1633 	EXP 	unnamed Circle: autoDraw = True
9.1799 	EXP 	unnamed Circle: autoDraw = True
9.1967 	EXP 	unnamed Circle: autoDraw = True
9.2132 	EXP 	unnamed Circle: autoDraw = True
9.2298 	EXP 	unnamed Circle: autoDraw = True
9.2468 	EXP 	unnamed Circle: autoDraw = True
9.2638 	EXP 	unnamed Circle: autoDraw = True
9.2790 	EXP 	unnamed Circle: autoDraw = True
9.2958 	EXP 	unnamed Circle: autoDraw = True
9.3125 	EXP 	unnamed Circle: autoDraw = True
9.3297 	EXP 	unnamed Circle: autoDraw = True
9.3465 	EXP 	unnamed Circle: autoDraw = True
9.3634 	EXP 	unnamed Circle: autoDraw = True
9.3798 	EXP 	unnamed Circle: autoDraw = True
9.3967 	EXP 	unnamed Circle: autoDraw = True
9.4133 	EXP 	unnamed Circle: autoDraw = True
9.4300 	EXP 	unnamed Circle: autoDraw = True
9.4465 	EXP 	unnamed Circle: autoDraw = True
9.4635 	EXP 	unnamed Circle: autoDraw = True
9.4799 	EXP 	unnamed Circle: autoDraw = True
9.4965 	EXP 	unnamed Circle: autoDraw = True
9.5134 	EXP 	unnamed Circle: autoDraw = True
9.5305 	EXP 	unnamed Circle: autoDraw = True
9.5471 	EXP 	unnamed Circle: autoDraw = True
9.5637 	EXP 	unnamed Circle: autoDraw = True
9.5790 	EXP 	unnamed Circle: autoDraw = True
9.5958 	EXP 	unnamed Circle: autoDraw = True
9.6125 	EXP 	unnamed Circle: autoDraw = True
9.6291 	EXP 	unnamed Circle: autoDraw = True
9.6459 	EXP 	unnamed Circle: autoDraw = True
9.6626 	EXP 	unnamed Circle: autoDraw = True
9.6791 	EXP 	unnamed Circle: autoDraw = True
9.6958 	EXP 	unnamed Circle: autoDraw = True
9.7126 	EXP 	unnamed Circle: autoDraw = True
9.7291 	EXP 	unnamed Circle: autoDraw = True
9.7457 	EXP 	unnamed Circle: autoDraw = True
9.7625 	EXP 	unnamed Circle: autoDraw = True
9.7791 	EXP 	unnamed Circle: autoDraw = True
9.7958 	EXP 	unnamed Circle: autoDraw = True
9.8126 	EXP 	unnamed Circle: autoDraw = True
9.8292 	EXP 	unnamed Circle: autoDraw = True
9.8458 	EXP 	unnamed Circle: autoDraw = True
9.8625 	EXP 	unnamed Circle: autoDraw = True
9.8790 	EXP 	unnamed Circle: autoDraw = True
9.8958 	EXP 	unnamed Circle: autoDraw = True
9.9124 	EXP 	unnamed Circle: autoDraw = True
9.9291 	EXP 	unnamed Circle: autoDraw = True
9.9462 	EXP 	unnamed Circle: autoDraw = True
9.9625 	EXP 	unnamed Circle: autoDraw = True
9.9791 	EXP 	leftbox: autoDraw = False
9.9791 	EXP 	rightbox: autoDraw = False
9.9791 	EXP 	money1: autoDraw = False
9.9791 	EXP 	money2: autoDraw = False
9.9791 	EXP 	unnamed Circle: autoDraw = True
9.9791 	EXP 	unnamed Circle: autoDraw = False
9.9791 	EXP 	unnamed Circle: autoDraw = False
9.9791 	EXP 	leftbox: autoDraw = False
9.9791 	EXP 	rightbox: autoDraw = False
9.9791 	EXP 	money1: autoDraw = False
9.9791 	EXP 	money2: autoDraw = False
9.9791 	EXP 	blank: autoDraw = False
9.9791 	EXP 	text_3: autoDraw = True
11.9635 	EXP 	New trial (rep=0, index=1): OrderedDict([('LeftEx', 'Helping a friend\nstudy for a test'), ('RightEx', 'Watching television\nat home'), ('LMoneyEx', 0.01), ('RMoneyEx', 0.04)])
12.0118 	EXP 	Created unnamed Circle = Circle(__class__=<class 'psychopy.visual.circle.Circle'>, autoDraw=False, autoLog=True, closeShape=True, color=method-wrapper(...), colorSpace=None, contrast=1.0, depth=0, fillColor=None, fillColorSpace='rgb', fillRGB=None, interpolate=True, lineColor='green', lineColorSpace='named', lineRGB=array([  0., 128.,   0.]), lineWidth=1.5, name='unnamed Circle', opacity=1.0, ori=array(0.), pos=array([0.5, 0.1]), size=array([1., 1.]), units='norm', vertices=ndarray(...), win=Window(...))
12.0157 	EXP 	Created unnamed Circle = Circle(__class__=<class 'psychopy.visual.circle.Circle'>, autoDraw=False, autoLog=True, closeShape=True, color=method-wrapper(...), colorSpace=None, contrast=1.0, depth=0, fillColor=None, fillColorSpace='rgb', fillRGB=None, interpolate=True, lineColor='green', lineColorSpace='named', lineRGB=array([  0., 128.,   0.]), lineWidth=1.5, name='unnamed Circle', opacity=1.0, ori=array(0.), pos=array([-0.5,  0.1]), size=array([1., 1.]), units='norm', vertices=ndarray(...), win=Window(...))
12.0242 	EXP 	text_3: autoDraw = False
12.0242 	EXP 	text_3: autoDraw = False
12.0242 	EXP 	leftbox: text = 'Helping a friend\nstudy for a test'
12.0242 	EXP 	rightbox: text = 'Watching television\nat home'
12.0242 	EXP 	money1: text = 0.01
12.0242 	EXP 	money2: text = 0.04
12.0242 	EXP 	blank: text = ''
12.0242 	EXP 	leftbox: autoDraw = True
12.0242 	EXP 	rightbox: autoDraw = True
12.0242 	EXP 	money1: autoDraw = True
12.0242 	EXP 	money2: autoDraw = True
12.0242 	EXP 	blank: autoDraw = True
13.0451 	EXP 	blank: autoDraw = False
13.0622 	DATA 	Keypress: 1
13.0784 	EXP 	unnamed Circle: autoDraw = True
13.0952 	EXP 	unnamed Circle: autoDraw = True
13.1133 	EXP 	unnamed Circle: autoDraw = True
13.1298 	EXP 	unnamed Circle: autoDraw = True
13.1470 	EXP 	unnamed Circle: autoDraw = True
13.1633 	EXP 	unnamed Circle: autoDraw = True
13.1798 	EXP 	unnamed Circle: autoDraw = True
13.1963 	EXP 	unnamed Circle: autoDraw = True
13.2137 	EXP 	unnamed Circle: autoDraw = True
13.2296 	EXP 	unnamed Circle: autoDraw = True
13.2466 	EXP 	unnamed Circle: autoDraw = True
13.2632 	EXP 	unnamed Circle: autoDraw = True
13.2799 	EXP 	unnamed Circle: autoDraw = True
13.2965 	EXP 	unnamed Circle: autoDraw = True
13.3133 	EXP 	unnamed Circle: autoDraw = True
13.3294 	EXP 	unnamed Circle: autoDraw = True
13.3459 	EXP 	unnamed Circle: autoDraw = True
13.3625 	EXP 	unnamed Circle: autoDraw = True
13.3791 	EXP 	unnamed Circle: autoDraw = True
13.3959 	EXP 	unnamed Circle: autoDraw = True
13.4125 	EXP 	unnamed Circle: autoDraw = True
13.4291 	EXP 	unnamed Circle: autoDraw = True
13.4459 	EXP 	unnamed Circle: autoDraw = True
13.4626 	EXP 	unnamed Circle: autoDraw = True
13.4791 	EXP 	unnamed Circle: autoDraw = True
13.4959 	EXP 	unnamed Circle: autoDraw = True
13.5126 	EXP 	unnamed Circle: autoDraw = True
13.5301 	EXP 	unnamed Circle: autoDraw = True
13.5466 	EXP 	unnamed Circle: autoDraw = True
13.5634 	EXP 	unnamed Circle: autoDraw = True
13.5798 	EXP 	unnamed Circle: autoDraw = True
13.5965 	EXP 	unnamed Circle: autoDraw = True
13.6137 	EXP 	unnamed Circle: autoDraw = True
13.6299 	EXP 	unnamed Circle: autoDraw = True
13.6468 	EXP 	unnamed Circle: autoDraw = True
13.6631 	EXP 	unnamed Circle: autoDraw = True
13.6799 	EXP 	unnamed Circle: autoDraw = True
13.6968 	EXP 	unnamed Circle: autoDraw = True
13.7139 	EXP 	unnamed Circle: autoDraw = True
13.7302 	EXP 	unnamed Circle: autoDraw = True
13.7472 	EXP 	unnamed Circle: autoDraw = True
13.7637 	EXP 	unnamed Circle: autoDraw = True
13.7799 	EXP 	unnamed Circle: autoDraw = True
13.7966 	EXP 	unnamed Circle: autoDraw = True
13.8134 	EXP 	unnamed Circle: autoDraw = True
13.8304 	EXP 	unnamed Circle: autoDraw = True
13.8465 	EXP 	unnamed Circle: autoDraw = True
13.8633 	EXP 	unnamed Circle: autoDraw = True
13.8797 	EXP 	unnamed Circle: autoDraw = True
13.8964 	EXP 	unnamed Circle: autoDraw = True
13.9136 	EXP 	unnamed Circle: autoDraw = True
13.9299 	EXP 	unnamed Circle: autoDraw = True
13.9465 	EXP 	unnamed Circle: autoDraw = True
13.9637 	EXP 	unnamed Circle: autoDraw = True
13.9799 	EXP 	unnamed Circle: autoDraw = True
13.9965 	EXP 	unnamed Circle: autoDraw = True
14.0135 	EXP 	unnamed Circle: autoDraw = True
14.0298 	EXP 	unnamed Circle: autoDraw = True
14.0466 	EXP 	unnamed Circle: autoDraw = True
14.0631 	EXP 	unnamed Circle: autoDraw = True
14.0801 	EXP 	unnamed Circle: autoDraw = True
14.0965 	EXP 	unnamed Circle: autoDraw = True
14.1133 	EXP 	unnamed Circle: autoDraw = True
14.1306 	EXP 	unnamed Circle: autoDraw = True
14.1474 	EXP 	unnamed Circle: autoDraw = True
14.1625 	EXP 	unnamed Circle: autoDraw = True
14.1790 	EXP 	unnamed Circle: autoDraw = True
14.1957 	EXP 	unnamed Circle: autoDraw = True
14.2125 	EXP 	unnamed Circle: autoDraw = True
14.2290 	EXP 	unnamed Circle: autoDraw = True
14.2458 	EXP 	unnamed Circle: autoDraw = True
14.2624 	EXP 	unnamed Circle: autoDraw = True
14.2790 	EXP 	unnamed Circle: autoDraw = True
14.2957 	EXP 	unnamed Circle: autoDraw = True
14.3125 	EXP 	unnamed Circle: autoDraw = True
14.3291 	EXP 	unnamed Circle: autoDraw = True
14.3458 	EXP 	unnamed Circle: autoDraw = True
14.3624 	EXP 	unnamed Circle: autoDraw = True
14.3790 	EXP 	unnamed Circle: autoDraw = True
14.3957 	EXP 	unnamed Circle: autoDraw = True
14.4124 	EXP 	unnamed Circle: autoDraw = True
14.4292 	EXP 	unnamed Circle: autoDraw = True
14.4457 	EXP 	unnamed Circle: autoDraw = True
14.4627 	EXP 	unnamed Circle: autoDraw = True
14.4790 	EXP 	unnamed Circle: autoDraw = True
14.4958 	EXP 	unnamed Circle: autoDraw = True
14.5125 	EXP 	unnamed Circle: autoDraw = True
14.5290 	EXP 	unnamed Circle: autoDraw = True
14.5457 	EXP 	unnamed Circle: autoDraw = True
14.5625 	EXP 	unnamed Circle: autoDraw = True
14.5795 	EXP 	unnamed Circle: autoDraw = True
14.5961 	EXP 	unnamed Circle: autoDraw = True
14.6124 	EXP 	unnamed Circle: autoDraw = True
14.6290 	EXP 	unnamed Circle: autoDraw = True
14.6457 	EXP 	unnamed Circle: autoDraw = True
14.6627 	EXP 	unnamed Circle: autoDraw = True
14.6790 	EXP 	unnamed Circle: autoDraw = True
14.6961 	EXP 	unnamed Circle: autoDraw = True
14.7124 	EXP 	unnamed Circle: autoDraw = True
14.7291 	EXP 	unnamed Circle: autoDraw = True
14.7458 	EXP 	unnamed Circle: autoDraw = True
14.7626 	EXP 	unnamed Circle: autoDraw = True
14.7790 	EXP 	unnamed Circle: autoDraw = True
14.7957 	EXP 	unnamed Circle: autoDraw = True
14.8125 	EXP 	unnamed Circle: autoDraw = True
14.8291 	EXP 	unnamed Circle: autoDraw = True
14.8459 	EXP 	unnamed Circle: autoDraw = True
14.8624 	EXP 	unnamed Circle: autoDraw = True
14.8790 	EXP 	unnamed Circle: autoDraw = True
14.8959 	EXP 	unnamed Circle: autoDraw = True
14.9125 	EXP 	unnamed Circle: autoDraw = True
14.9290 	EXP 	unnamed Circle: autoDraw = True
14.9457 	EXP 	unnamed Circle: autoDraw = True
14.9624 	EXP 	unnamed Circle: autoDraw = True
14.9790 	EXP 	unnamed Circle: autoDraw = True
14.9957 	EXP 	unnamed Circle: autoDraw = True
15.0125 	EXP 	unnamed Circle: autoDraw = True
15.0290 	EXP 	unnamed Circle: autoDraw = True
15.0458 	EXP 	unnamed Circle: autoDraw = True
15.0624 	EXP 	unnamed Circle: autoDraw = True
15.0791 	EXP 	unnamed Circle: autoDraw = True
15.0962 	EXP 	unnamed Circle: autoDraw = True
15.1126 	EXP 	unnamed Circle: autoDraw = True
15.1290 	EXP 	unnamed Circle: autoDraw = True
15.1457 	EXP 	unnamed Circle: autoDraw = True
15.1623 	EXP 	unnamed Circle: autoDraw = True
15.1790 	EXP 	unnamed Circle: autoDraw = True
15.1958 	EXP 	unnamed Circle: autoDraw = True
15.2125 	EXP 	unnamed Circle: autoDraw = True
15.2290 	EXP 	unnamed Circle: autoDraw = True
15.2458 	EXP 	unnamed Circle: autoDraw = True
15.2625 	EXP 	unnamed Circle: autoDraw = True
15.2791 	EXP 	unnamed Circle: autoDraw = True
15.2958 	EXP 	unnamed Circle: autoDraw = True
15.3124 	EXP 	unnamed Circle: autoDraw = True
15.3291 	EXP 	unnamed Circle: autoDraw = True
15.3458 	EXP 	unnamed Circle: autoDraw = True
15.3620 	EXP 	unnamed Circle: autoDraw = True
15.3786 	EXP 	unnamed Circle: autoDraw = True
15.3953 	EXP 	unnamed Circle: autoDraw = True
15.4120 	EXP 	unnamed Circle: autoDraw = True
15.4297 	EXP 	unnamed Circle: autoDraw = True
15.4463 	EXP 	unnamed Circle: autoDraw = True
15.4639 	EXP 	unnamed Circle: autoDraw = True
15.4794 	EXP 	unnamed Circle: autoDraw = True
15.4956 	EXP 	unnamed Circle: autoDraw = True
15.5119 	EXP 	unnamed Circle: autoDraw = True
15.5285 	EXP 	unnamed Circle: autoDraw = True
15.5454 	EXP 	unnamed Circle: autoDraw = True
15.5619 	EXP 	unnamed Circle: autoDraw = True
15.5785 	EXP 	unnamed Circle: autoDraw = True
15.5953 	EXP 	unnamed Circle: autoDraw = True
15.6120 	EXP 	unnamed Circle: autoDraw = True
15.6285 	EXP 	unnamed Circle: autoDraw = True
15.6452 	EXP 	unnamed Circle: autoDraw = True
15.6620 	EXP 	unnamed Circle: autoDraw = True
15.6786 	EXP 	unnamed Circle: autoDraw = True
15.6953 	EXP 	unnamed Circle: autoDraw = True
15.7119 	EXP 	unnamed Circle: autoDraw = True
15.7286 	EXP 	unnamed Circle: autoDraw = True
15.7452 	EXP 	unnamed Circle: autoDraw = True
15.7620 	EXP 	unnamed Circle: autoDraw = True
15.7785 	EXP 	unnamed Circle: autoDraw = True
15.7954 	EXP 	unnamed Circle: autoDraw = True
15.8119 	EXP 	unnamed Circle: autoDraw = True
15.8286 	EXP 	unnamed Circle: autoDraw = True
15.8452 	EXP 	unnamed Circle: autoDraw = True
15.8620 	EXP 	unnamed Circle: autoDraw = True
15.8784 	EXP 	unnamed Circle: autoDraw = True
15.8954 	EXP 	unnamed Circle: autoDraw = True
15.9120 	EXP 	unnamed Circle: autoDraw = True
15.9284 	EXP 	unnamed Circle: autoDraw = True
15.9453 	EXP 	unnamed Circle: autoDraw = True
15.9618 	EXP 	unnamed Circle: autoDraw = True
15.9786 	EXP 	leftbox: autoDraw = False
15.9786 	EXP 	rightbox: autoDraw = False
15.9786 	EXP 	money1: autoDraw = False
15.9786 	EXP 	money2: autoDraw = False
15.9786 	EXP 	unnamed Circle: autoDraw = True
15.9786 	EXP 	unnamed Circle: autoDraw = False
15.9786 	EXP 	unnamed Circle: autoDraw = False
15.9786 	EXP 	leftbox: autoDraw = False
15.9786 	EXP 	rightbox: autoDraw = False
15.9786 	EXP 	money1: autoDraw = False
15.9786 	EXP 	money2: autoDraw = False
15.9786 	EXP 	blank: autoDraw = False
15.9786 	EXP 	text_3: autoDraw = True
17.9645 	EXP 	New trial (rep=0, index=2): OrderedDict([('LeftEx', 'Going to a family\nbarbeque'), ('RightEx', 'Going shopping\nby yourself'), ('LMoneyEx', 0.03), ('RMoneyEx', 0.02)])
18.0275 	EXP 	Created unnamed Circle = Circle(__class__=<class 'psychopy.visual.circle.Circle'>, autoDraw=False, autoLog=True, closeShape=True, color=method-wrapper(...), colorSpace=None, contrast=1.0, depth=0, fillColor=None, fillColorSpace='rgb', fillRGB=None, interpolate=True, lineColor='green', lineColorSpace='named', lineRGB=array([  0., 128.,   0.]), lineWidth=1.5, name='unnamed Circle', opacity=1.0, ori=array(0.), pos=array([0.5, 0.1]), size=array([1., 1.]), units='norm', vertices=ndarray(...), win=Window(...))
18.0302 	EXP 	Created unnamed Circle = Circle(__class__=<class 'psychopy.visual.circle.Circle'>, autoDraw=False, autoLog=True, closeShape=True, color=method-wrapper(...), colorSpace=None, contrast=1.0, depth=0, fillColor=None, fillColorSpace='rgb', fillRGB=None, interpolate=True, lineColor='green', lineColorSpace='named', lineRGB=array([  0., 128.,   0.]), lineWidth=1.5, name='unnamed Circle', opacity=1.0, ori=array(0.), pos=array([-0.5,  0.1]), size=array([1., 1.]), units='norm', vertices=ndarray(...), win=Window(...))
18.0385 	EXP 	text_3: autoDraw = False
18.0385 	EXP 	leftbox: text = 'Going to a family\nbarbeque'
18.0385 	EXP 	rightbox: text = 'Going shopping\nby yourself'
18.0385 	EXP 	money1: text = 0.03
18.0385 	EXP 	money2: text = 0.02
18.0385 	EXP 	blank: text = ''
18.0385 	EXP 	leftbox: autoDraw = True
18.0385 	EXP 	rightbox: autoDraw = True
18.0385 	EXP 	money1: autoDraw = True
18.0385 	EXP 	money2: autoDraw = True
18.0385 	EXP 	blank: autoDraw = True
19.0630 	EXP 	blank: autoDraw = False
19.2471 	DATA 	Keypress: 2
19.2629 	EXP 	unnamed Circle: autoDraw = True
19.2797 	EXP 	unnamed Circle: autoDraw = True
19.2961 	EXP 	unnamed Circle: autoDraw = True
19.3130 	EXP 	unnamed Circle: autoDraw = True
19.3299 	EXP 	unnamed Circle: autoDraw = True
19.3462 	EXP 	unnamed Circle: autoDraw = True
19.3628 	EXP 	unnamed Circle: autoDraw = True
19.3795 	EXP 	unnamed Circle: autoDraw = True
19.3962 	EXP 	unnamed Circle: autoDraw = True
19.4134 	EXP 	unnamed Circle: autoDraw = True
19.4297 	EXP 	unnamed Circle: autoDraw = True
19.4464 	EXP 	unnamed Circle: autoDraw = True
19.4628 	EXP 	unnamed Circle: autoDraw = True
19.4799 	EXP 	unnamed Circle: autoDraw = True
19.4962 	EXP 	unnamed Circle: autoDraw = True
19.5130 	EXP 	unnamed Circle: autoDraw = True
19.5297 	EXP 	unnamed Circle: autoDraw = True
19.5464 	EXP 	unnamed Circle: autoDraw = True
19.5628 	EXP 	unnamed Circle: autoDraw = True
19.5795 	EXP 	unnamed Circle: autoDraw = True
19.5966 	EXP 	unnamed Circle: autoDraw = True
19.6134 	EXP 	unnamed Circle: autoDraw = True
19.6287 	EXP 	unnamed Circle: autoDraw = True
19.6453 	EXP 	unnamed Circle: autoDraw = True
19.6621 	EXP 	unnamed Circle: autoDraw = True
19.6786 	EXP 	unnamed Circle: autoDraw = True
19.6954 	EXP 	unnamed Circle: autoDraw = True
19.7120 	EXP 	unnamed Circle: autoDraw = True
19.7284 	EXP 	unnamed Circle: autoDraw = True
19.7454 	EXP 	unnamed Circle: autoDraw = True
19.7621 	EXP 	unnamed Circle: autoDraw = True
19.7786 	EXP 	unnamed Circle: autoDraw = True
19.7953 	EXP 	unnamed Circle: autoDraw = True
19.8123 	EXP 	unnamed Circle: autoDraw = True
19.8285 	EXP 	unnamed Circle: autoDraw = True
19.8453 	EXP 	unnamed Circle: autoDraw = True
19.8620 	EXP 	unnamed Circle: autoDraw = True
19.8782 	EXP 	unnamed Circle: autoDraw = True
19.8954 	EXP 	unnamed Circle: autoDraw = True
19.9121 	EXP 	unnamed Circle: autoDraw = True
19.9287 	EXP 	unnamed Circle: autoDraw = True
19.9455 	EXP 	unnamed Circle: autoDraw = True
19.9621 	EXP 	unnamed Circle: autoDraw = True
19.9786 	EXP 	unnamed Circle: autoDraw = True
19.9954 	EXP 	unnamed Circle: autoDraw = True
20.0122 	EXP 	unnamed Circle: autoDraw = True
20.0286 	EXP 	unnamed Circle: autoDraw = True
20.0453 	EXP 	unnamed Circle: autoDraw = True
20.0620 	EXP 	unnamed Circle: autoDraw = True
20.0787 	EXP 	unnamed Circle: autoDraw = True
20.0953 	EXP 	unnamed Circle: autoDraw = True
20.1122 	EXP 	unnamed Circle: autoDraw = True
20.1285 	EXP 	unnamed Circle: autoDraw = True
20.1453 	EXP 	unnamed Circle: autoDraw = True
20.1620 	EXP 	unnamed Circle: autoDraw = True
20.1786 	EXP 	unnamed Circle: autoDraw = True
20.1954 	EXP 	unnamed Circle: autoDraw = True
20.2121 	EXP 	unnamed Circle: autoDraw = True
20.2286 	EXP 	unnamed Circle: autoDraw = True
20.2454 	EXP 	unnamed Circle: autoDraw = True
20.2620 	EXP 	unnamed Circle: autoDraw = True
20.2786 	EXP 	unnamed Circle: autoDraw = True
20.2954 	EXP 	unnamed Circle: autoDraw = True
20.3121 	EXP 	unnamed Circle: autoDraw = True
20.3289 	EXP 	unnamed Circle: autoDraw = True
20.3453 	EXP 	unnamed Circle: autoDraw = True
20.3621 	EXP 	unnamed Circle: autoDraw = True
20.3786 	EXP 	unnamed Circle: autoDraw = True
20.3954 	EXP 	unnamed Circle: autoDraw = True
20.4120 	EXP 	unnamed Circle: autoDraw = True
20.4286 	EXP 	unnamed Circle: autoDraw = True
20.4454 	EXP 	unnamed Circle: autoDraw = True
20.4621 	EXP 	unnamed Circle: autoDraw = True
20.4785 	EXP 	unnamed Circle: autoDraw = True
20.4953 	EXP 	unnamed Circle: autoDraw = True
20.5121 	EXP 	unnamed Circle: autoDraw = True
20.5286 	EXP 	unnamed Circle: autoDraw = True
20.5454 	EXP 	unnamed Circle: autoDraw = True
20.5620 	EXP 	unnamed Circle: autoDraw = True
20.5789 	EXP 	unnamed Circle: autoDraw = True
20.5954 	EXP 	unnamed Circle: autoDraw = True
20.6119 	EXP 	unnamed Circle: autoDraw = True
20.6286 	EXP 	unnamed Circle: autoDraw = True
20.6452 	EXP 	unnamed Circle: autoDraw = True
20.6619 	EXP 	unnamed Circle: autoDraw = True
20.6787 	EXP 	unnamed Circle: autoDraw = True
20.6953 	EXP 	unnamed Circle: autoDraw = True
20.7120 	EXP 	unnamed Circle: autoDraw = True
20.7286 	EXP 	unnamed Circle: autoDraw = True
20.7454 	EXP 	unnamed Circle: autoDraw = True
20.7622 	EXP 	unnamed Circle: autoDraw = True
20.7787 	EXP 	unnamed Circle: autoDraw = True
20.7954 	EXP 	unnamed Circle: autoDraw = True
20.8120 	EXP 	unnamed Circle: autoDraw = True
20.8286 	EXP 	unnamed Circle: autoDraw = True
20.8453 	EXP 	unnamed Circle: autoDraw = True
20.8621 	EXP 	unnamed Circle: autoDraw = True
20.8784 	EXP 	unnamed Circle: autoDraw = True
20.8953 	EXP 	unnamed Circle: autoDraw = True
20.9121 	EXP 	unnamed Circle: autoDraw = True
20.9286 	EXP 	unnamed Circle: autoDraw = True
20.9452 	EXP 	unnamed Circle: autoDraw = True
20.9620 	EXP 	unnamed Circle: autoDraw = True
20.9786 	EXP 	unnamed Circle: autoDraw = True
20.9953 	EXP 	unnamed Circle: autoDraw = True
21.0121 	EXP 	unnamed Circle: autoDraw = True
21.0287 	EXP 	unnamed Circle: autoDraw = True
21.0454 	EXP 	unnamed Circle: autoDraw = True
21.0620 	EXP 	unnamed Circle: autoDraw = True
21.0786 	EXP 	unnamed Circle: autoDraw = True
21.0953 	EXP 	unnamed Circle: autoDraw = True
21.1121 	EXP 	unnamed Circle: autoDraw = True
21.1286 	EXP 	unnamed Circle: autoDraw = True
21.1453 	EXP 	unnamed Circle: autoDraw = True
21.1639 	EXP 	unnamed Circle: autoDraw = True
21.1800 	EXP 	unnamed Circle: autoDraw = True
21.1965 	EXP 	unnamed Circle: autoDraw = True
21.2124 	EXP 	unnamed Circle: autoDraw = True
21.2291 	EXP 	unnamed Circle: autoDraw = True
21.2457 	EXP 	unnamed Circle: autoDraw = True
21.2631 	EXP 	unnamed Circle: autoDraw = True
21.2787 	EXP 	unnamed Circle: autoDraw = True
21.2952 	EXP 	unnamed Circle: autoDraw = True
21.3120 	EXP 	unnamed Circle: autoDraw = True
21.3285 	EXP 	unnamed Circle: autoDraw = True
21.3453 	EXP 	unnamed Circle: autoDraw = True
21.3619 	EXP 	unnamed Circle: autoDraw = True
21.3785 	EXP 	unnamed Circle: autoDraw = True
21.3958 	EXP 	unnamed Circle: autoDraw = True
21.4124 	EXP 	unnamed Circle: autoDraw = True
21.4289 	EXP 	unnamed Circle: autoDraw = True
21.4457 	EXP 	unnamed Circle: autoDraw = True
21.4629 	EXP 	unnamed Circle: autoDraw = True
21.4785 	EXP 	unnamed Circle: autoDraw = True
21.4953 	EXP 	unnamed Circle: autoDraw = True
21.5120 	EXP 	unnamed Circle: autoDraw = True
21.5286 	EXP 	unnamed Circle: autoDraw = True
21.5454 	EXP 	unnamed Circle: autoDraw = True
21.5620 	EXP 	unnamed Circle: autoDraw = True
21.5785 	EXP 	unnamed Circle: autoDraw = True
21.5953 	EXP 	unnamed Circle: autoDraw = True
21.6119 	EXP 	unnamed Circle: autoDraw = True
21.6284 	EXP 	unnamed Circle: autoDraw = True
21.6452 	EXP 	unnamed Circle: autoDraw = True
21.6624 	EXP 	unnamed Circle: autoDraw = True
21.6789 	EXP 	unnamed Circle: autoDraw = True
21.6957 	EXP 	unnamed Circle: autoDraw = True
21.7124 	EXP 	unnamed Circle: autoDraw = True
21.7292 	EXP 	unnamed Circle: autoDraw = True
21.7457 	EXP 	unnamed Circle: autoDraw = True
21.7625 	EXP 	unnamed Circle: autoDraw = True
21.7790 	EXP 	unnamed Circle: autoDraw = True
21.7961 	EXP 	unnamed Circle: autoDraw = True
21.8123 	EXP 	unnamed Circle: autoDraw = True
21.8290 	EXP 	unnamed Circle: autoDraw = True
21.8458 	EXP 	unnamed Circle: autoDraw = True
21.8625 	EXP 	unnamed Circle: autoDraw = True
21.8790 	EXP 	unnamed Circle: autoDraw = True
21.8959 	EXP 	unnamed Circle: autoDraw = True
21.9123 	EXP 	unnamed Circle: autoDraw = True
21.9290 	EXP 	unnamed Circle: autoDraw = True
21.9457 	EXP 	unnamed Circle: autoDraw = True
21.9625 	EXP 	unnamed Circle: autoDraw = True
21.9789 	EXP 	leftbox: autoDraw = False
21.9789 	EXP 	rightbox: autoDraw = False
21.9789 	EXP 	money1: autoDraw = False
21.9789 	EXP 	money2: autoDraw = False
21.9789 	EXP 	unnamed Circle: autoDraw = True
21.9789 	EXP 	unnamed Circle: autoDraw = False
21.9789 	EXP 	unnamed Circle: autoDraw = False
21.9789 	EXP 	leftbox: autoDraw = False
21.9789 	EXP 	rightbox: autoDraw = False
21.9789 	EXP 	money1: autoDraw = False
21.9789 	EXP 	money2: autoDraw = False
21.9789 	EXP 	blank: autoDraw = False
21.9789 	EXP 	text_3: autoDraw = True
23.1629 	DATA 	Keypress: escape
23.2381 	EXP 	window1: mouseVisible = True
