9.9728 	WARNING 	User requested fullscreen with size [1024  768], but screen is actually [1920, 1080]. Using actual size
11.4167 	EXP 	Created window1 = Window(allowGUI=True, allowStencil=False, args=UNKNOWN, autoLog=True, bitsMode=UNKNOWN, blendMode='avg', color=array([0., 0., 0.]), colorSpace='rgb', fullscr=<method-wrapper '__getattribute__' of attributeSetter object at 0x000000001AB91BA8>, gamma=None, kwargs=UNKNOWN, lms=UNKNOWN, monitor=<psychopy.monitors.calibTools.Monitor object at 0x000000001ABDEA20>, multiSample=False, name='window1', numSamples=2, pos=[0.0, 0.0], screen=0, size=array([1920, 1080]), stereo=False, units='height', useFBO=True, useRetina=False, viewOri=0.0, viewPos=None, viewScale=None, waitBlanking=True, winType='pyglet')
11.4168 	EXP 	window1: recordFrameIntervals = False
11.5819 	EXP 	window1: recordFrameIntervals = True
11.7657 	EXP 	window1: recordFrameIntervals = False
12.3221 	EXP 	Created Instructions = TextStim(__class__=<class 'psychopy.visual.text.TextStim'>, alignHoriz='center', alignVert='center', antialias=True, autoLog=True, bold=False, color='white', colorSpace='named', contrast=1.0, depth=0.0, flipHoriz=False, flipVert=False, font='Arial', fontFiles=[], height=0.07, italic=False, languageStyle='LTR', name='Instructions', opacity=1.0, ori=0, pos=array([0., 0.]), rgb=array([255., 255., 255.]), text=str(...), units='height', win=Window(...), wrapWidth=1)
13.8931 	EXP 	Created text = TextStim(__class__=<class 'psychopy.visual.text.TextStim'>, alignHoriz='center', alignVert='center', antialias=True, autoLog=True, bold=False, color='white', colorSpace='named', contrast=1.0, depth=0.0, flipHoriz=False, flipVert=False, font='Arial', fontFiles=[], height=1.0, italic=False, languageStyle='LTR', name='text', opacity=1.0, ori=0, pos=array([0., 0.]), rgb=array([255., 255., 255.]), text='default text', units='height', win=Window(...), wrapWidth=1)
13.9719 	EXP 	Created rating = RatingScale(__class__=type(...), acceptKeys=['return'], acceptPreText=UNKNOWN, acceptSize=UNKNOWN, acceptText='accept?', autoLog=True, choices=list(...), depth=0, disappear=False, flipVert=False, high=5, kwargs=UNKNOWN, labels=list(...), leftKeys=['left'], lineColor='White', low=0, marker=ShapeStim(...), markerColor='DarkBlue', markerExpansion=UNKNOWN, markerStart=None, maxTime=0.0, minTime=0.4, mouseOnly=False, name='rating', noMouse=False, pos=[0.0, -0.3], precision=1, respKeys=['0', '1', '2', '3', '4', '5'], rightKeys=['right'], scale='<default>', self=UNKNOWN, showAccept=True, showValue=True, singleClick=False, size=1.02, skipKeys=['tab'], stretch=1.0, textColor='LightGray', textFont='Helvetica Bold', textSize=0.20400000000000001, tickHeight=-1, tickMarks=5.0, win=Window(...))
14.0171 	EXP 	Created text_2 = TextStim(__class__=<class 'psychopy.visual.text.TextStim'>, alignHoriz='center', alignVert='center', antialias=True, autoLog=True, bold=False, color='white', colorSpace='named', contrast=1.0, depth=0.0, flipHoriz=False, flipVert=False, font='Arial', fontFiles=[], height=0.1, italic=False, languageStyle='LTR', name='text_2', opacity=1.0, ori=0, pos=array([0., 0.]), rgb=array([255., 255., 255.]), text=str(...), units='height', win=Window(...), wrapWidth=1)
14.0487 	EXP 	rating: flipVert = False
14.0487 	EXP 	rating: autoLog = True
14.0487 	EXP 	Instructions: autoDraw = True
62.0521 	EXP 	Imported ChoiceText.xlsx as conditions, 50 conditions, 1 params
62.0524 	EXP 	Created sequence: random, trialTypes=50, nReps=1, seed=None
62.0527 	EXP 	New trial (rep=0, index=0): OrderedDict([('choices', 'Baking a cake for a \nfamily memberís birthday')])
63.3413 	EXP 	RatingScale rating: reset()
63.3803 	DATA 	Keypress: space
63.3961 	EXP 	Instructions: autoDraw = False
63.3961 	EXP 	text: color = '[1. 1. 1.] (rgb)'
63.3961 	EXP 	text: pos = array([0.  , 0.07])
63.3961 	EXP 	text: text = 'Baking a cake for a \nfamily memberís birthday'
63.3961 	EXP 	text: font = 'Arial'
63.3961 	EXP 	text: height = 0.08
63.3961 	EXP 	text: autoDraw = True
63.3961 	EXP 	rating: autoDraw = True
63.3961 	EXP 	text: text = 'Baking a cake for a \nfamily memberís birthday'
75.8077 	DATA 	Mouse: Left button down, pos=(1448,378)
75.9265 	DATA 	Mouse:  Left button up, pos=(1448,378)
76.9248 	DATA 	Mouse: Left button down, pos=(1106,192)
76.9252 	DATA 	RatingScale rating: (mouse response) rating=$1.00
76.9253 	DATA 	RatingScale rating: rating RT=13.551
76.9253 	DATA 	RatingScale rating: history=[(None, 0.0), ('$1.00', 12.434), ('$1.00', 13.551)]
76.9388 	EXP 	New trial (rep=0, index=1): OrderedDict([('choices', 'Getting ice cream\nwith friends')])
76.9779 	EXP 	RatingScale rating: reset()
77.0000 	EXP 	text: autoDraw = False
77.0000 	EXP 	rating: autoDraw = False
77.0000 	EXP 	text: color = '[1. 1. 1.] (rgb)'
77.0000 	EXP 	text: pos = array([0.  , 0.07])
77.0000 	EXP 	text: text = 'Getting ice cream\nwith friends'
77.0000 	EXP 	text: font = 'Arial'
77.0000 	EXP 	text: height = 0.08
77.0000 	EXP 	text: autoDraw = True
77.0000 	EXP 	rating: autoDraw = True
77.0000 	EXP 	text: text = 'Getting ice cream\nwith friends'
77.0591 	DATA 	Mouse:  Left button up, pos=(1106,192)
82.1931 	DATA 	Mouse: Left button down, pos=(857,372)
82.3094 	DATA 	Mouse:  Left button up, pos=(857,372)
82.7935 	DATA 	Mouse: Left button down, pos=(985,174)
82.7940 	DATA 	RatingScale rating: (mouse response) rating=$0.40
82.7940 	DATA 	RatingScale rating: rating RT=5.804
82.7940 	DATA 	RatingScale rating: history=[(None, 0.0), ('$0.40', 5.203), ('$0.40', 5.804)]
82.8065 	EXP 	New trial (rep=0, index=2): OrderedDict([('choices', 'Eating dinner at a \nrestaurant with family')])
82.8458 	EXP 	RatingScale rating: reset()
82.8853 	EXP 	text: autoDraw = False
82.8853 	EXP 	rating: autoDraw = False
82.8853 	EXP 	text: color = '[1. 1. 1.] (rgb)'
82.8853 	EXP 	text: pos = array([0.  , 0.07])
82.8853 	EXP 	text: text = 'Eating dinner at a \nrestaurant with family'
82.8853 	EXP 	text: font = 'Arial'
82.8853 	EXP 	text: height = 0.08
82.8853 	EXP 	text: autoDraw = True
82.8853 	EXP 	rating: autoDraw = True
82.8853 	EXP 	text: text = 'Eating dinner at a \nrestaurant with family'
82.8891 	DATA 	Mouse:  Left button up, pos=(985,174)
85.1941 	DATA 	Mouse: Left button down, pos=(1447,366)
85.3116 	DATA 	Mouse:  Left button up, pos=(1447,366)
85.8618 	DATA 	Mouse: Left button down, pos=(943,168)
85.8623 	DATA 	RatingScale rating: (mouse response) rating=$1.00
85.8624 	DATA 	RatingScale rating: rating RT=2.997
85.8624 	DATA 	RatingScale rating: history=[(None, 0.0), ('$1.00', 2.329), ('$1.00', 2.997)]
85.8741 	EXP 	New trial (rep=0, index=3): OrderedDict([('choices', 'Taking your friend \nto the spa')])
85.9077 	EXP 	RatingScale rating: reset()
85.9359 	EXP 	text: autoDraw = False
85.9359 	EXP 	rating: autoDraw = False
85.9359 	EXP 	text: color = '[1. 1. 1.] (rgb)'
85.9359 	EXP 	text: pos = array([0.  , 0.07])
85.9359 	EXP 	text: text = 'Taking your friend \nto the spa'
85.9359 	EXP 	text: font = 'Arial'
85.9359 	EXP 	text: height = 0.08
85.9359 	EXP 	text: autoDraw = True
85.9359 	EXP 	rating: autoDraw = True
85.9359 	EXP 	text: text = 'Taking your friend \nto the spa'
85.9561 	DATA 	Mouse:  Left button up, pos=(943,168)
90.0943 	DATA 	Mouse: Left button down, pos=(866,375)
90.2120 	DATA 	Mouse:  Left button up, pos=(866,375)
90.6626 	DATA 	Mouse: Left button down, pos=(915,166)
90.6631 	DATA 	RatingScale rating: (mouse response) rating=$0.40
90.6631 	DATA 	RatingScale rating: rating RT=4.741
90.6631 	DATA 	RatingScale rating: history=[(None, 0.0), ('$0.40', 4.172), ('$0.40', 4.741)]
90.6747 	EXP 	New trial (rep=0, index=4): OrderedDict([('choices', 'Talking over the phone\nwith a significant other')])
90.7106 	EXP 	RatingScale rating: reset()
90.7375 	EXP 	text: autoDraw = False
90.7375 	EXP 	rating: autoDraw = False
90.7375 	EXP 	text: color = '[1. 1. 1.] (rgb)'
90.7375 	EXP 	text: pos = array([0.  , 0.07])
90.7375 	EXP 	text: text = 'Talking over the phone\nwith a significant other'
90.7375 	EXP 	text: font = 'Arial'
90.7375 	EXP 	text: height = 0.08
90.7375 	EXP 	text: autoDraw = True
90.7375 	EXP 	rating: autoDraw = True
90.7375 	EXP 	text: text = 'Talking over the phone\nwith a significant other'
90.7939 	DATA 	Mouse:  Left button up, pos=(915,166)
95.2636 	DATA 	Mouse: Left button down, pos=(462,371)
95.3979 	DATA 	Mouse:  Left button up, pos=(462,371)
95.8481 	DATA 	Mouse: Left button down, pos=(852,187)
95.8486 	DATA 	RatingScale rating: (mouse response) rating=$0
95.8487 	DATA 	RatingScale rating: rating RT=5.121
95.8487 	DATA 	RatingScale rating: history=[(None, 0.0), ('$0', 4.536), ('$0', 5.121)]
95.8603 	EXP 	New trial (rep=0, index=5): OrderedDict([('choices', 'Playing videogames \nwith friends')])
95.8963 	EXP 	RatingScale rating: reset()
95.9223 	EXP 	text: autoDraw = False
95.9223 	EXP 	rating: autoDraw = False
95.9223 	EXP 	text: color = '[1. 1. 1.] (rgb)'
95.9223 	EXP 	text: pos = array([0.  , 0.07])
95.9223 	EXP 	text: text = 'Playing videogames \nwith friends'
95.9223 	EXP 	text: font = 'Arial'
95.9223 	EXP 	text: height = 0.08
95.9223 	EXP 	text: autoDraw = True
95.9223 	EXP 	rating: autoDraw = True
95.9223 	EXP 	text: text = 'Playing videogames \nwith friends'
95.9254 	DATA 	Mouse:  Left button up, pos=(852,187)
98.3145 	DATA 	Mouse: Left button down, pos=(482,383)
98.4319 	DATA 	Mouse:  Left button up, pos=(482,383)
99.0660 	DATA 	Mouse: Left button down, pos=(857,194)
99.0665 	DATA 	RatingScale rating: (mouse response) rating=$0
99.0666 	DATA 	RatingScale rating: rating RT=3.154
99.0666 	DATA 	RatingScale rating: history=[(None, 0.0), ('$0', 2.402), ('$0', 3.154)]
99.0784 	EXP 	New trial (rep=0, index=6): OrderedDict([('choices', 'Going sight-seeing\nwith family')])
99.1203 	EXP 	RatingScale rating: reset()
99.1563 	EXP 	text: autoDraw = False
99.1563 	EXP 	rating: autoDraw = False
99.1563 	EXP 	text: color = '[1. 1. 1.] (rgb)'
99.1563 	EXP 	text: pos = array([0.  , 0.07])
99.1563 	EXP 	text: text = 'Going sight-seeing\nwith family'
99.1563 	EXP 	text: font = 'Arial'
99.1563 	EXP 	text: height = 0.08
99.1563 	EXP 	text: autoDraw = True
99.1563 	EXP 	rating: autoDraw = True
99.1563 	EXP 	text: text = 'Going sight-seeing\nwith family'
99.1816 	DATA 	Mouse:  Left button up, pos=(857,194)
100.9499 	DATA 	Mouse: Left button down, pos=(673,346)
101.0806 	DATA 	Mouse:  Left button up, pos=(673,346)
101.6979 	DATA 	Mouse: Left button down, pos=(915,130)
101.6982 	DATA 	RatingScale rating: (mouse response) rating=$0.20
101.6982 	DATA 	RatingScale rating: rating RT=2.561
101.6983 	DATA 	RatingScale rating: history=[(None, 0.0), ('$0.20', 1.813), ('$0.20', 2.561)]
101.7106 	EXP 	New trial (rep=0, index=7): OrderedDict([('choices', 'Getting drinks \nwith co-workers')])
101.7360 	EXP 	RatingScale rating: reset()
101.7737 	EXP 	text: autoDraw = False
101.7737 	EXP 	rating: autoDraw = False
101.7737 	EXP 	text: color = '[1. 1. 1.] (rgb)'
101.7737 	EXP 	text: pos = array([0.  , 0.07])
101.7737 	EXP 	text: text = 'Getting drinks \nwith co-workers'
101.7737 	EXP 	text: font = 'Arial'
101.7737 	EXP 	text: height = 0.08
101.7737 	EXP 	text: autoDraw = True
101.7737 	EXP 	rating: autoDraw = True
101.7737 	EXP 	text: text = 'Getting drinks \nwith co-workers'
101.8151 	DATA 	Mouse:  Left button up, pos=(915,130)
104.6842 	DATA 	Mouse: Left button down, pos=(664,378)
104.8157 	DATA 	Mouse:  Left button up, pos=(666,379)
105.3500 	DATA 	Mouse: Left button down, pos=(852,178)
105.3505 	DATA 	RatingScale rating: (mouse response) rating=$0.20
105.3505 	DATA 	RatingScale rating: rating RT=3.598
105.3505 	DATA 	RatingScale rating: history=[(None, 0.0), ('$0.20', 2.932), ('$0.20', 3.598)]
105.3622 	EXP 	New trial (rep=0, index=8): OrderedDict([('choices', 'Going on a blind date')])
105.3891 	EXP 	RatingScale rating: reset()
105.4092 	EXP 	text: autoDraw = False
105.4092 	EXP 	rating: autoDraw = False
105.4092 	EXP 	text: color = '[1. 1. 1.] (rgb)'
105.4092 	EXP 	text: pos = array([0.  , 0.07])
105.4092 	EXP 	text: text = 'Going on a blind date'
105.4092 	EXP 	text: font = 'Arial'
105.4092 	EXP 	text: height = 0.08
105.4092 	EXP 	text: autoDraw = True
105.4092 	EXP 	rating: autoDraw = True
105.4092 	EXP 	text: text = 'Going on a blind date'
105.4839 	DATA 	Mouse:  Left button up, pos=(852,178)
107.8837 	DATA 	Mouse: Left button down, pos=(482,365)
108.0013 	DATA 	Mouse:  Left button up, pos=(482,365)
108.4684 	DATA 	Mouse: Left button down, pos=(955,165)
108.4689 	DATA 	RatingScale rating: (mouse response) rating=$0
108.4689 	DATA 	RatingScale rating: rating RT=3.068
108.4690 	DATA 	RatingScale rating: history=[(None, 0.0), ('$0', 2.483), ('$0', 3.068)]
108.4807 	EXP 	New trial (rep=0, index=9): OrderedDict([('choices', "Watching friends'\nSnapchat stories")])
108.5257 	EXP 	RatingScale rating: reset()
108.5590 	EXP 	text: autoDraw = False
108.5590 	EXP 	rating: autoDraw = False
108.5590 	EXP 	text: color = '[1. 1. 1.] (rgb)'
108.5590 	EXP 	text: pos = array([0.  , 0.07])
108.5590 	EXP 	text: text = "Watching friends'\nSnapchat stories"
108.5590 	EXP 	text: font = 'Arial'
108.5590 	EXP 	text: height = 0.08
108.5590 	EXP 	text: autoDraw = True
108.5590 	EXP 	rating: autoDraw = True
108.5590 	EXP 	text: text = "Watching friends'\nSnapchat stories"
108.5787 	DATA 	Mouse:  Left button up, pos=(955,165)
110.9008 	DATA 	Mouse: Left button down, pos=(478,354)
111.0194 	DATA 	Mouse:  Left button up, pos=(478,354)
111.5025 	DATA 	Mouse: Left button down, pos=(936,139)
111.5030 	DATA 	RatingScale rating: (mouse response) rating=$0
111.5031 	DATA 	RatingScale rating: rating RT=2.961
111.5031 	DATA 	RatingScale rating: history=[(None, 0.0), ('$0', 2.359), ('$0', 2.961)]
111.5148 	EXP 	New trial (rep=0, index=10): OrderedDict([('choices', 'Taking your friend \non a cruise')])
111.5495 	EXP 	RatingScale rating: reset()
111.5765 	EXP 	text: autoDraw = False
111.5765 	EXP 	rating: autoDraw = False
111.5765 	EXP 	text: color = '[1. 1. 1.] (rgb)'
111.5765 	EXP 	text: pos = array([0.  , 0.07])
111.5765 	EXP 	text: text = 'Taking your friend \non a cruise'
111.5765 	EXP 	text: font = 'Arial'
111.5765 	EXP 	text: height = 0.08
111.5765 	EXP 	text: autoDraw = True
111.5765 	EXP 	rating: autoDraw = True
111.5765 	EXP 	text: text = 'Taking your friend \non a cruise'
111.6138 	DATA 	Mouse:  Left button up, pos=(936,139)
114.0204 	DATA 	Mouse: Left button down, pos=(855,335)
114.1366 	DATA 	Mouse:  Left button up, pos=(855,335)
114.5367 	DATA 	Mouse: Left button down, pos=(916,149)
114.5372 	DATA 	RatingScale rating: (mouse response) rating=$0.40
114.5373 	DATA 	RatingScale rating: rating RT=2.970
114.5373 	DATA 	RatingScale rating: history=[(None, 0.0), ('$0.40', 2.454), ('$0.40', 2.97)]
114.5489 	EXP 	New trial (rep=0, index=11): OrderedDict([('choices', 'Posting Instagram stories')])
114.5819 	EXP 	RatingScale rating: reset()
114.6109 	EXP 	text: autoDraw = False
114.6109 	EXP 	rating: autoDraw = False
114.6109 	EXP 	text: color = '[1. 1. 1.] (rgb)'
114.6109 	EXP 	text: pos = array([0.  , 0.07])
114.6109 	EXP 	text: text = 'Posting Instagram stories'
114.6109 	EXP 	text: font = 'Arial'
114.6109 	EXP 	text: height = 0.08
114.6109 	EXP 	text: autoDraw = True
114.6109 	EXP 	rating: autoDraw = True
114.6109 	EXP 	text: text = 'Posting Instagram stories'
114.6676 	DATA 	Mouse:  Left button up, pos=(916,149)
117.0521 	DATA 	Mouse: Left button down, pos=(462,370)
117.1694 	DATA 	Mouse:  Left button up, pos=(462,370)
117.8036 	DATA 	Mouse: Left button down, pos=(918,190)
117.8041 	DATA 	RatingScale rating: (mouse response) rating=$0
117.8041 	DATA 	RatingScale rating: rating RT=3.206
117.8041 	DATA 	RatingScale rating: history=[(None, 0.0), ('$0', 2.454), ('$0', 3.206)]
117.8165 	EXP 	New trial (rep=0, index=12): OrderedDict([('choices', 'Going to a parade \nwith family')])
117.8484 	EXP 	RatingScale rating: reset()
117.8786 	EXP 	text: autoDraw = False
117.8786 	EXP 	rating: autoDraw = False
117.8786 	EXP 	text: color = '[1. 1. 1.] (rgb)'
117.8786 	EXP 	text: pos = array([0.  , 0.07])
117.8786 	EXP 	text: text = 'Going to a parade \nwith family'
117.8786 	EXP 	text: font = 'Arial'
117.8786 	EXP 	text: height = 0.08
117.8786 	EXP 	text: autoDraw = True
117.8786 	EXP 	rating: autoDraw = True
117.8786 	EXP 	text: text = 'Going to a parade \nwith family'
117.8992 	DATA 	Mouse:  Left button up, pos=(918,190)
120.0042 	DATA 	Mouse: Left button down, pos=(458,366)
120.1216 	DATA 	Mouse:  Left button up, pos=(458,366)
120.5219 	DATA 	Mouse: Left button down, pos=(900,167)
120.5224 	DATA 	RatingScale rating: (mouse response) rating=$0
120.5225 	DATA 	RatingScale rating: rating RT=2.657
120.5225 	DATA 	RatingScale rating: history=[(None, 0.0), ('$0', 2.139), ('$0', 2.657)]
120.5341 	EXP 	New trial (rep=0, index=13): OrderedDict([('choices', 'Going dancing with\na significant other')])
120.5716 	EXP 	RatingScale rating: reset()
120.5960 	EXP 	text: autoDraw = False
120.5960 	EXP 	rating: autoDraw = False
120.5960 	EXP 	text: color = '[1. 1. 1.] (rgb)'
120.5960 	EXP 	text: pos = array([0.  , 0.07])
120.5960 	EXP 	text: text = 'Going dancing with\na significant other'
120.5960 	EXP 	text: font = 'Arial'
120.5960 	EXP 	text: height = 0.08
120.5960 	EXP 	text: autoDraw = True
120.5960 	EXP 	rating: autoDraw = True
120.5960 	EXP 	text: text = 'Going dancing with\na significant other'
120.6161 	DATA 	Mouse:  Left button up, pos=(900,167)
122.5042 	DATA 	Mouse: Left button down, pos=(672,354)
122.6227 	DATA 	Mouse:  Left button up, pos=(672,354)
123.2728 	DATA 	Mouse: Left button down, pos=(943,159)
123.2733 	DATA 	RatingScale rating: (mouse response) rating=$0.20
123.2734 	DATA 	RatingScale rating: rating RT=2.686
123.2734 	DATA 	RatingScale rating: history=[(None, 0.0), ('$0.20', 1.917), ('$0.20', 2.686)]
123.2851 	EXP 	New trial (rep=0, index=14): OrderedDict([('choices', 'Getting verified on \nInstagram')])
123.3153 	EXP 	RatingScale rating: reset()
123.3468 	EXP 	text: autoDraw = False
123.3468 	EXP 	rating: autoDraw = False
123.3468 	EXP 	text: color = '[1. 1. 1.] (rgb)'
123.3468 	EXP 	text: pos = array([0.  , 0.07])
123.3468 	EXP 	text: text = 'Getting verified on \nInstagram'
123.3468 	EXP 	text: font = 'Arial'
123.3468 	EXP 	text: height = 0.08
123.3468 	EXP 	text: autoDraw = True
123.3468 	EXP 	rating: autoDraw = True
123.3468 	EXP 	text: text = 'Getting verified on \nInstagram'
123.4029 	DATA 	Mouse:  Left button up, pos=(943,159)
125.4040 	DATA 	Mouse: Left button down, pos=(649,335)
125.5553 	DATA 	Mouse:  Left button up, pos=(649,335)
126.0723 	DATA 	Mouse: Left button down, pos=(848,157)
126.0727 	DATA 	RatingScale rating: (mouse response) rating=$0.20
126.0727 	DATA 	RatingScale rating: rating RT=2.742
126.0727 	DATA 	RatingScale rating: history=[(None, 0.0), ('$0.20', 2.073), ('$0.20', 2.742)]
126.0846 	EXP 	New trial (rep=0, index=15): OrderedDict([('choices', 'Learning to drive \nwith a family member')])
126.1213 	EXP 	RatingScale rating: reset()
126.1473 	EXP 	text: autoDraw = False
126.1473 	EXP 	rating: autoDraw = False
126.1473 	EXP 	text: color = '[1. 1. 1.] (rgb)'
126.1473 	EXP 	text: pos = array([0.  , 0.07])
126.1473 	EXP 	text: text = 'Learning to drive \nwith a family member'
126.1473 	EXP 	text: font = 'Arial'
126.1473 	EXP 	text: height = 0.08
126.1473 	EXP 	text: autoDraw = True
126.1473 	EXP 	rating: autoDraw = True
126.1473 	EXP 	text: text = 'Learning to drive \nwith a family member'
126.1871 	DATA 	Mouse:  Left button up, pos=(848,157)
127.9894 	DATA 	Mouse: Left button down, pos=(441,339)
128.1210 	DATA 	Mouse:  Left button up, pos=(441,339)
128.8556 	DATA 	Mouse: Left button down, pos=(1134,138)
128.8559 	DATA 	RatingScale rating: (mouse response) rating=$0
128.8560 	DATA 	RatingScale rating: rating RT=2.718
128.8560 	DATA 	RatingScale rating: history=[(None, 0.0), ('$0', 1.852), ('$0', 2.718)]
128.8684 	EXP 	New trial (rep=0, index=16): OrderedDict([('choices', 'Playing ping-pong\nwith friends')])
128.9016 	EXP 	RatingScale rating: reset()
128.9317 	EXP 	text: autoDraw = False
128.9317 	EXP 	rating: autoDraw = False
128.9317 	EXP 	text: color = '[1. 1. 1.] (rgb)'
128.9317 	EXP 	text: pos = array([0.  , 0.07])
128.9317 	EXP 	text: text = 'Playing ping-pong\nwith friends'
128.9317 	EXP 	text: font = 'Arial'
128.9317 	EXP 	text: height = 0.08
128.9317 	EXP 	text: autoDraw = True
128.9317 	EXP 	rating: autoDraw = True
128.9317 	EXP 	text: text = 'Playing ping-pong\nwith friends'
128.9710 	DATA 	Mouse:  Left button up, pos=(1134,138)
131.0881 	DATA 	Mouse: Left button down, pos=(470,355)
131.1550 	DATA 	Mouse:  Left button up, pos=(470,355)
131.8722 	DATA 	Mouse: Left button down, pos=(971,150)
131.8725 	DATA 	RatingScale rating: (mouse response) rating=$0
131.8725 	DATA 	RatingScale rating: rating RT=2.958
131.8726 	DATA 	RatingScale rating: history=[(None, 0.0), ('$0', 2.174), ('$0', 2.958)]
131.8863 	EXP 	New trial (rep=0, index=17): OrderedDict([('choices', 'Playing icebreakers\nwith classmates')])
131.9125 	EXP 	RatingScale rating: reset()
131.9490 	EXP 	text: autoDraw = False
131.9490 	EXP 	rating: autoDraw = False
131.9490 	EXP 	text: color = '[1. 1. 1.] (rgb)'
131.9490 	EXP 	text: pos = array([0.  , 0.07])
131.9490 	EXP 	text: text = 'Playing icebreakers\nwith classmates'
131.9490 	EXP 	text: font = 'Arial'
131.9490 	EXP 	text: height = 0.08
131.9490 	EXP 	text: autoDraw = True
131.9490 	EXP 	rating: autoDraw = True
131.9490 	EXP 	text: text = 'Playing icebreakers\nwith classmates'
131.9744 	DATA 	Mouse:  Left button up, pos=(972,150)
133.4745 	DATA 	Mouse: Left button down, pos=(464,358)
133.5922 	DATA 	Mouse:  Left button up, pos=(464,358)
134.0897 	DATA 	Mouse: Left button down, pos=(808,160)
134.0901 	DATA 	RatingScale rating: (mouse response) rating=$0
134.0901 	DATA 	RatingScale rating: rating RT=2.160
134.0901 	DATA 	RatingScale rating: history=[(None, 0.0), ('$0', 1.545), ('$0', 2.16)]
134.1036 	EXP 	New trial (rep=0, index=18): OrderedDict([('choices', 'Getting likes on a \nFacebook status')])
134.1346 	EXP 	RatingScale rating: reset()
134.1665 	EXP 	text: autoDraw = False
134.1665 	EXP 	rating: autoDraw = False
134.1665 	EXP 	text: color = '[1. 1. 1.] (rgb)'
134.1665 	EXP 	text: pos = array([0.  , 0.07])
134.1665 	EXP 	text: text = 'Getting likes on a \nFacebook status'
134.1665 	EXP 	text: font = 'Arial'
134.1665 	EXP 	text: height = 0.08
134.1665 	EXP 	text: autoDraw = True
134.1665 	EXP 	rating: autoDraw = True
134.1665 	EXP 	text: text = 'Getting likes on a \nFacebook status'
134.2062 	DATA 	Mouse:  Left button up, pos=(808,160)
135.7600 	DATA 	Mouse: Left button down, pos=(478,361)
135.8779 	DATA 	Mouse:  Left button up, pos=(478,361)
136.5602 	DATA 	Mouse: Left button down, pos=(824,167)
136.5608 	DATA 	RatingScale rating: (mouse response) rating=$0
136.5608 	DATA 	RatingScale rating: rating RT=2.407
136.5608 	DATA 	RatingScale rating: history=[(None, 0.0), ('$0', 1.607), ('$0', 2.407)]
136.5725 	EXP 	New trial (rep=0, index=19): OrderedDict([('choices', 'Taking a family member\n on a shopping trip')])
136.6068 	EXP 	RatingScale rating: reset()
136.6339 	EXP 	text: autoDraw = False
136.6339 	EXP 	rating: autoDraw = False
136.6339 	EXP 	text: color = '[1. 1. 1.] (rgb)'
136.6339 	EXP 	text: pos = array([0.  , 0.07])
136.6339 	EXP 	text: text = 'Taking a family member\n on a shopping trip'
136.6339 	EXP 	text: font = 'Arial'
136.6339 	EXP 	text: height = 0.08
136.6339 	EXP 	text: autoDraw = True
136.6339 	EXP 	rating: autoDraw = True
136.6339 	EXP 	text: text = 'Taking a family member\n on a shopping trip'
136.6905 	DATA 	Mouse:  Left button up, pos=(824,167)
139.5259 	DATA 	Mouse: Left button down, pos=(1443,325)
139.6761 	DATA 	Mouse:  Left button up, pos=(1444,325)
140.2101 	DATA 	Mouse: Left button down, pos=(1083,192)
140.2105 	DATA 	RatingScale rating: (mouse response) rating=$1.00
140.2106 	DATA 	RatingScale rating: rating RT=3.587
140.2106 	DATA 	RatingScale rating: history=[(None, 0.0), ('$1.00', 2.903), ('$1.00', 3.587)]
140.2222 	EXP 	New trial (rep=0, index=20): OrderedDict([('choices', 'Getting likes on an\nInstagram picture')])
140.2569 	EXP 	RatingScale rating: reset()
140.2866 	EXP 	text: autoDraw = False
140.2866 	EXP 	rating: autoDraw = False
140.2866 	EXP 	text: color = '[1. 1. 1.] (rgb)'
140.2866 	EXP 	text: pos = array([0.  , 0.07])
140.2866 	EXP 	text: text = 'Getting likes on an\nInstagram picture'
140.2866 	EXP 	text: font = 'Arial'
140.2866 	EXP 	text: height = 0.08
140.2866 	EXP 	text: autoDraw = True
140.2866 	EXP 	rating: autoDraw = True
140.2866 	EXP 	text: text = 'Getting likes on an\nInstagram picture'
140.3224 	DATA 	Mouse:  Left button up, pos=(1083,192)
141.7768 	DATA 	Mouse: Left button down, pos=(510,364)
141.8914 	DATA 	Mouse:  Left button up, pos=(510,364)
142.3585 	DATA 	Mouse: Left button down, pos=(885,171)
142.3588 	DATA 	RatingScale rating: (mouse response) rating=$0
142.3589 	DATA 	RatingScale rating: rating RT=2.080
142.3589 	DATA 	RatingScale rating: history=[(None, 0.0), ('$0', 1.498), ('$0', 2.08)]
142.3726 	EXP 	New trial (rep=0, index=21): OrderedDict([('choices', 'Eating dinner at a\nrestaurant with friends ')])
142.4074 	EXP 	RatingScale rating: reset()
142.4353 	EXP 	text: autoDraw = False
142.4353 	EXP 	rating: autoDraw = False
142.4353 	EXP 	text: color = '[1. 1. 1.] (rgb)'
142.4353 	EXP 	text: pos = array([0.  , 0.07])
142.4353 	EXP 	text: text = 'Eating dinner at a\nrestaurant with friends '
142.4353 	EXP 	text: font = 'Arial'
142.4353 	EXP 	text: height = 0.08
142.4353 	EXP 	text: autoDraw = True
142.4353 	EXP 	rating: autoDraw = True
142.4353 	EXP 	text: text = 'Eating dinner at a\nrestaurant with friends '
142.4751 	DATA 	Mouse:  Left button up, pos=(885,171)
145.4099 	DATA 	Mouse: Left button down, pos=(1078,330)
145.4941 	DATA 	Mouse:  Left button up, pos=(1078,330)
145.9782 	DATA 	Mouse: Left button down, pos=(1082,168)
145.9786 	DATA 	RatingScale rating: (mouse response) rating=$0.60
145.9787 	DATA 	RatingScale rating: rating RT=3.555
145.9787 	DATA 	RatingScale rating: history=[(None, 0.0), ('$0.60', 2.986), ('$0.60', 3.555)]
145.9903 	EXP 	New trial (rep=0, index=22): OrderedDict([('choices', 'Going to a flea market\nwith family')])
146.0184 	EXP 	RatingScale rating: reset()
146.0532 	EXP 	text: autoDraw = False
146.0532 	EXP 	rating: autoDraw = False
146.0532 	EXP 	text: color = '[1. 1. 1.] (rgb)'
146.0532 	EXP 	text: pos = array([0.  , 0.07])
146.0532 	EXP 	text: text = 'Going to a flea market\nwith family'
146.0532 	EXP 	text: font = 'Arial'
146.0532 	EXP 	text: height = 0.08
146.0532 	EXP 	text: autoDraw = True
146.0532 	EXP 	rating: autoDraw = True
146.0532 	EXP 	text: text = 'Going to a flea market\nwith family'
146.0900 	DATA 	Mouse:  Left button up, pos=(1082,168)
148.4280 	DATA 	Mouse: Left button down, pos=(1446,296)
148.5787 	DATA 	Mouse:  Left button up, pos=(1447,296)
149.1949 	DATA 	Mouse: Left button down, pos=(1477,350)
149.2964 	DATA 	Mouse:  Left button up, pos=(1477,350)
149.9978 	DATA 	Mouse: Left button down, pos=(1147,165)
149.9983 	DATA 	RatingScale rating: (mouse response) rating=$1.00
149.9983 	DATA 	RatingScale rating: rating RT=3.963
149.9984 	DATA 	RatingScale rating: history=[(None, 0.0), ('$1.00', 3.16), ('$1.00', 3.963)]
150.0099 	EXP 	New trial (rep=0, index=23): OrderedDict([('choices', 'Going to a karaoke\nbar with friends')])
150.0448 	EXP 	RatingScale rating: reset()
150.0710 	EXP 	text: autoDraw = False
150.0710 	EXP 	rating: autoDraw = False
150.0710 	EXP 	text: color = '[1. 1. 1.] (rgb)'
150.0710 	EXP 	text: pos = array([0.  , 0.07])
150.0710 	EXP 	text: text = 'Going to a karaoke\nbar with friends'
150.0710 	EXP 	text: font = 'Arial'
150.0710 	EXP 	text: height = 0.08
150.0710 	EXP 	text: autoDraw = True
150.0710 	EXP 	rating: autoDraw = True
150.0710 	EXP 	text: text = 'Going to a karaoke\nbar with friends'
150.1276 	DATA 	Mouse:  Left button up, pos=(1147,165)
152.0630 	DATA 	Mouse: Left button down, pos=(682,315)
152.1806 	DATA 	Mouse:  Left button up, pos=(682,315)
152.8816 	DATA 	Mouse: Left button down, pos=(853,171)
152.8821 	DATA 	RatingScale rating: (mouse response) rating=$0.20
152.8821 	DATA 	RatingScale rating: rating RT=2.821
152.8822 	DATA 	RatingScale rating: history=[(None, 0.0), ('$0.20', 2.003), ('$0.20', 2.821)]
152.8940 	EXP 	New trial (rep=0, index=24): OrderedDict([('choices', 'Going to a music\nfestival with friends')])
152.9289 	EXP 	RatingScale rating: reset()
152.9552 	EXP 	text: autoDraw = False
152.9552 	EXP 	rating: autoDraw = False
152.9552 	EXP 	text: color = '[1. 1. 1.] (rgb)'
152.9552 	EXP 	text: pos = array([0.  , 0.07])
152.9552 	EXP 	text: text = 'Going to a music\nfestival with friends'
152.9552 	EXP 	text: font = 'Arial'
152.9552 	EXP 	text: height = 0.08
152.9552 	EXP 	text: autoDraw = True
152.9552 	EXP 	rating: autoDraw = True
152.9552 	EXP 	text: text = 'Going to a music\nfestival with friends'
153.0120 	DATA 	Mouse:  Left button up, pos=(853,171)
154.4985 	DATA 	Mouse: Left button down, pos=(664,271)
154.6143 	DATA 	Mouse:  Left button up, pos=(664,271)
155.0985 	DATA 	Mouse: Left button down, pos=(877,246)
155.1985 	DATA 	Mouse:  Left button up, pos=(877,246)
155.7116 	DATA 	Mouse: Left button down, pos=(850,360)
155.8272 	DATA 	Mouse:  Left button up, pos=(850,360)
156.2597 	DATA 	Mouse: Left button down, pos=(919,116)
156.3599 	DATA 	Mouse:  Left button up, pos=(919,116)
156.6440 	DATA 	Mouse: Left button down, pos=(927,142)
156.6442 	DATA 	RatingScale rating: (mouse response) rating=$0.40
156.6442 	DATA 	RatingScale rating: rating RT=3.699
156.6442 	DATA 	RatingScale rating: history=[(None, 0.0), ('$0.40', 2.767), ('$0.40', 3.699)]
156.6581 	EXP 	New trial (rep=0, index=25): OrderedDict([('choices', 'Baking cookies for\na neighbor')])
156.6715 	EXP 	RatingScale rating: reset()
156.6893 	EXP 	text: autoDraw = False
156.6893 	EXP 	rating: autoDraw = False
156.6893 	EXP 	text: color = '[1. 1. 1.] (rgb)'
156.6893 	EXP 	text: pos = array([0.  , 0.07])
156.6893 	EXP 	text: text = 'Baking cookies for\na neighbor'
156.6893 	EXP 	text: font = 'Arial'
156.6893 	EXP 	text: height = 0.08
156.6893 	EXP 	text: autoDraw = True
156.6893 	EXP 	rating: autoDraw = True
156.6893 	EXP 	text: text = 'Baking cookies for\na neighbor'
156.7262 	DATA 	Mouse:  Left button up, pos=(927,142)
159.0811 	DATA 	Mouse: Left button down, pos=(665,334)
159.2166 	DATA 	Mouse:  Left button up, pos=(665,334)
160.3498 	DATA 	Mouse: Left button down, pos=(1000,129)
160.3504 	DATA 	RatingScale rating: (mouse response) rating=$0.20
160.3504 	DATA 	RatingScale rating: rating RT=3.669
160.3504 	DATA 	RatingScale rating: history=[(None, 0.0), ('$0.20', 2.4), ('$0.20', 3.669)]
160.3620 	EXP 	New trial (rep=0, index=26): OrderedDict([('choices', 'Getting retweeted by \na celebrity')])
160.4083 	EXP 	RatingScale rating: reset()
160.4406 	EXP 	text: autoDraw = False
160.4406 	EXP 	rating: autoDraw = False
160.4406 	EXP 	text: color = '[1. 1. 1.] (rgb)'
160.4406 	EXP 	text: pos = array([0.  , 0.07])
160.4406 	EXP 	text: text = 'Getting retweeted by \na celebrity'
160.4406 	EXP 	text: font = 'Arial'
160.4406 	EXP 	text: height = 0.08
160.4406 	EXP 	text: autoDraw = True
160.4406 	EXP 	rating: autoDraw = True
160.4406 	EXP 	text: text = 'Getting retweeted by \na celebrity'
160.4799 	DATA 	Mouse:  Left button up, pos=(1000,129)
162.5496 	DATA 	Mouse: Left button down, pos=(463,386)
162.7011 	DATA 	Mouse:  Left button up, pos=(463,386)
163.2181 	DATA 	Mouse: Left button down, pos=(914,146)
163.2186 	DATA 	RatingScale rating: (mouse response) rating=$0
163.2186 	DATA 	RatingScale rating: rating RT=2.792
163.2187 	DATA 	RatingScale rating: history=[(None, 0.0), ('$0', 2.123), ('$0', 2.792)]
163.2292 	EXP 	New trial (rep=0, index=27): OrderedDict([('choices', 'Getting a slice of \npizza with a friend')])
163.2600 	EXP 	RatingScale rating: reset()
163.2915 	EXP 	text: autoDraw = False
163.2915 	EXP 	rating: autoDraw = False
163.2915 	EXP 	text: color = '[1. 1. 1.] (rgb)'
163.2915 	EXP 	text: pos = array([0.  , 0.07])
163.2915 	EXP 	text: text = 'Getting a slice of \npizza with a friend'
163.2915 	EXP 	text: font = 'Arial'
163.2915 	EXP 	text: height = 0.08
163.2915 	EXP 	text: autoDraw = True
163.2915 	EXP 	rating: autoDraw = True
163.2915 	EXP 	text: text = 'Getting a slice of \npizza with a friend'
163.3679 	DATA 	Mouse:  Left button up, pos=(914,146)
166.3834 	DATA 	Mouse: Left button down, pos=(662,378)
166.5180 	DATA 	Mouse:  Left button up, pos=(662,378)
166.9168 	DATA 	Mouse: Left button down, pos=(824,184)
166.9173 	DATA 	RatingScale rating: (mouse response) rating=$0.20
166.9174 	DATA 	RatingScale rating: rating RT=3.640
166.9174 	DATA 	RatingScale rating: history=[(None, 0.0), ('$0.20', 3.106), ('$0.20', 3.64)]
166.9304 	EXP 	New trial (rep=0, index=28): OrderedDict([('choices', 'Buying flowers for \na significant other')])
166.9661 	EXP 	RatingScale rating: reset()
166.9925 	EXP 	text: autoDraw = False
166.9925 	EXP 	rating: autoDraw = False
166.9925 	EXP 	text: color = '[1. 1. 1.] (rgb)'
166.9925 	EXP 	text: pos = array([0.  , 0.07])
166.9925 	EXP 	text: text = 'Buying flowers for \na significant other'
166.9925 	EXP 	text: font = 'Arial'
166.9925 	EXP 	text: height = 0.08
166.9925 	EXP 	text: autoDraw = True
166.9925 	EXP 	rating: autoDraw = True
166.9925 	EXP 	text: text = 'Buying flowers for \na significant other'
167.0295 	DATA 	Mouse:  Left button up, pos=(824,184)
169.9675 	DATA 	Mouse: Left button down, pos=(1254,384)
170.1018 	DATA 	Mouse:  Left button up, pos=(1256,382)
170.5519 	DATA 	Mouse: Left button down, pos=(1126,164)
170.5524 	DATA 	RatingScale rating: (mouse response) rating=$0.80
170.5524 	DATA 	RatingScale rating: rating RT=3.570
170.5524 	DATA 	RatingScale rating: history=[(None, 0.0), ('$0.80', 2.985), ('$0.80', 3.57)]
170.5641 	EXP 	New trial (rep=0, index=29): OrderedDict([('choices', 'Working on a group\nproject with classmates')])
170.6021 	EXP 	RatingScale rating: reset()
170.6267 	EXP 	text: autoDraw = False
170.6267 	EXP 	rating: autoDraw = False
170.6267 	EXP 	text: color = '[1. 1. 1.] (rgb)'
170.6267 	EXP 	text: pos = array([0.  , 0.07])
170.6267 	EXP 	text: text = 'Working on a group\nproject with classmates'
170.6267 	EXP 	text: font = 'Arial'
170.6267 	EXP 	text: height = 0.08
170.6267 	EXP 	text: autoDraw = True
170.6267 	EXP 	rating: autoDraw = True
170.6267 	EXP 	text: text = 'Working on a group\nproject with classmates'
170.6859 	DATA 	Mouse:  Left button up, pos=(1126,164)
173.6189 	DATA 	Mouse: Left button down, pos=(456,380)
173.7703 	DATA 	Mouse:  Left button up, pos=(460,379)
174.3546 	DATA 	Mouse: Left button down, pos=(887,163)
174.3551 	DATA 	RatingScale rating: (mouse response) rating=$0
174.3551 	DATA 	RatingScale rating: rating RT=3.736
174.3552 	DATA 	RatingScale rating: history=[(None, 0.0), ('$0', 3.0), ('$0', 3.736)]
174.3666 	EXP 	New trial (rep=0, index=30): OrderedDict([('choices', 'Celebrating holidays \nwith family')])
174.4055 	EXP 	RatingScale rating: reset()
174.4302 	EXP 	text: autoDraw = False
174.4302 	EXP 	rating: autoDraw = False
174.4302 	EXP 	text: color = '[1. 1. 1.] (rgb)'
174.4302 	EXP 	text: pos = array([0.  , 0.07])
174.4302 	EXP 	text: text = 'Celebrating holidays \nwith family'
174.4302 	EXP 	text: font = 'Arial'
174.4302 	EXP 	text: height = 0.08
174.4302 	EXP 	text: autoDraw = True
174.4302 	EXP 	rating: autoDraw = True
174.4302 	EXP 	text: text = 'Celebrating holidays \nwith family'
174.4843 	DATA 	Mouse:  Left button up, pos=(894,164)
176.9189 	DATA 	Mouse: Left button down, pos=(866,381)
177.0201 	DATA 	Mouse:  Left button up, pos=(866,381)
177.5872 	DATA 	Mouse: Left button down, pos=(986,164)
177.5876 	DATA 	RatingScale rating: (mouse response) rating=$0.40
177.5877 	DATA 	RatingScale rating: rating RT=3.165
177.5877 	DATA 	RatingScale rating: history=[(None, 0.0), ('$0.40', 2.496), ('$0.40', 3.165)]
177.5993 	EXP 	New trial (rep=0, index=31): OrderedDict([('choices', 'Taking classes with a friend')])
177.6298 	EXP 	RatingScale rating: reset()
177.6623 	EXP 	text: autoDraw = False
177.6623 	EXP 	rating: autoDraw = False
177.6623 	EXP 	text: color = '[1. 1. 1.] (rgb)'
177.6623 	EXP 	text: pos = array([0.  , 0.07])
177.6623 	EXP 	text: text = 'Taking classes with a friend'
177.6623 	EXP 	text: font = 'Arial'
177.6623 	EXP 	text: height = 0.08
177.6623 	EXP 	text: autoDraw = True
177.6623 	EXP 	rating: autoDraw = True
177.6623 	EXP 	text: text = 'Taking classes with a friend'
177.6664 	DATA 	Mouse:  Left button up, pos=(986,164)
179.3028 	DATA 	Mouse: Left button down, pos=(464,372)
179.4041 	DATA 	Mouse:  Left button up, pos=(464,372)
179.9374 	DATA 	Mouse: Left button down, pos=(845,162)
179.9377 	DATA 	RatingScale rating: (mouse response) rating=$0
179.9378 	DATA 	RatingScale rating: rating RT=2.292
179.9378 	DATA 	RatingScale rating: history=[(None, 0.0), ('$0', 1.657), ('$0', 2.292)]
179.9503 	EXP 	New trial (rep=0, index=32): OrderedDict([('choices', 'Making cookies to \ngive to a friend')])
179.9818 	EXP 	RatingScale rating: reset()
180.0129 	EXP 	text: autoDraw = False
180.0129 	EXP 	rating: autoDraw = False
180.0129 	EXP 	text: color = '[1. 1. 1.] (rgb)'
180.0129 	EXP 	text: pos = array([0.  , 0.07])
180.0129 	EXP 	text: text = 'Making cookies to \ngive to a friend'
180.0129 	EXP 	text: font = 'Arial'
180.0129 	EXP 	text: height = 0.08
180.0129 	EXP 	text: autoDraw = True
180.0129 	EXP 	rating: autoDraw = True
180.0129 	EXP 	text: text = 'Making cookies to \ngive to a friend'
180.0500 	DATA 	Mouse:  Left button up, pos=(845,162)
183.0041 	DATA 	Mouse: Left button down, pos=(659,374)
183.1223 	DATA 	Mouse:  Left button up, pos=(659,374)
183.6554 	DATA 	Mouse: Left button down, pos=(852,176)
183.6558 	DATA 	RatingScale rating: (mouse response) rating=$0.20
183.6558 	DATA 	RatingScale rating: rating RT=3.659
183.6558 	DATA 	RatingScale rating: history=[(None, 0.0), ('$0.20', 3.007), ('$0.20', 3.659)]
183.6685 	EXP 	New trial (rep=0, index=33): OrderedDict([('choices', 'Making a friendís \nfavorite dinner')])
183.6972 	EXP 	RatingScale rating: reset()
183.7305 	EXP 	text: autoDraw = False
183.7305 	EXP 	rating: autoDraw = False
183.7305 	EXP 	text: color = '[1. 1. 1.] (rgb)'
183.7305 	EXP 	text: pos = array([0.  , 0.07])
183.7305 	EXP 	text: text = 'Making a friendís \nfavorite dinner'
183.7305 	EXP 	text: font = 'Arial'
183.7305 	EXP 	text: height = 0.08
183.7305 	EXP 	text: autoDraw = True
183.7305 	EXP 	rating: autoDraw = True
183.7305 	EXP 	text: text = 'Making a friendís \nfavorite dinner'
183.7866 	DATA 	Mouse:  Left button up, pos=(852,176)
186.1905 	DATA 	Mouse: Left button down, pos=(861,367)
186.3052 	DATA 	Mouse:  Left button up, pos=(861,367)
187.1872 	DATA 	Mouse: Left button down, pos=(938,134)
187.1875 	DATA 	RatingScale rating: (mouse response) rating=$0.40
187.1875 	DATA 	RatingScale rating: rating RT=3.472
187.1876 	DATA 	RatingScale rating: history=[(None, 0.0), ('$0.40', 2.475), ('$0.40', 3.472)]
187.2010 	EXP 	New trial (rep=0, index=34): OrderedDict([('choices', 'Going on a first date \nto the movies')])
187.2161 	EXP 	RatingScale rating: reset()
187.2480 	EXP 	text: autoDraw = False
187.2480 	EXP 	rating: autoDraw = False
187.2480 	EXP 	text: color = '[1. 1. 1.] (rgb)'
187.2480 	EXP 	text: pos = array([0.  , 0.07])
187.2480 	EXP 	text: text = 'Going on a first date \nto the movies'
187.2480 	EXP 	text: font = 'Arial'
187.2480 	EXP 	text: height = 0.08
187.2480 	EXP 	text: autoDraw = True
187.2480 	EXP 	rating: autoDraw = True
187.2480 	EXP 	text: text = 'Going on a first date \nto the movies'
187.3243 	DATA 	Mouse:  Left button up, pos=(938,134)
189.4070 	DATA 	Mouse: Left button down, pos=(668,368)
189.5085 	DATA 	Mouse:  Left button up, pos=(668,368)
190.0088 	DATA 	Mouse: Left button down, pos=(945,146)
190.0093 	DATA 	RatingScale rating: (mouse response) rating=$0.20
190.0093 	DATA 	RatingScale rating: rating RT=2.780
190.0094 	DATA 	RatingScale rating: history=[(None, 0.0), ('$0.20', 2.178), ('$0.20', 2.78)]
190.0211 	EXP 	New trial (rep=0, index=35): OrderedDict([('choices', 'Talking over the phone\nwith a friend')])
190.0594 	EXP 	RatingScale rating: reset()
190.0991 	EXP 	text: autoDraw = False
190.0991 	EXP 	rating: autoDraw = False
190.0991 	EXP 	text: color = '[1. 1. 1.] (rgb)'
190.0991 	EXP 	text: pos = array([0.  , 0.07])
190.0991 	EXP 	text: text = 'Talking over the phone\nwith a friend'
190.0991 	EXP 	text: font = 'Arial'
190.0991 	EXP 	text: height = 0.08
190.0991 	EXP 	text: autoDraw = True
190.0991 	EXP 	rating: autoDraw = True
190.0991 	EXP 	text: text = 'Talking over the phone\nwith a friend'
190.1032 	DATA 	Mouse:  Left button up, pos=(945,146)
191.9564 	DATA 	Mouse: Left button down, pos=(477,364)
192.0917 	DATA 	Mouse:  Left button up, pos=(479,360)
192.4539 	DATA 	Mouse: Left button down, pos=(879,176)
192.4541 	DATA 	RatingScale rating: (mouse response) rating=$0
192.4541 	DATA 	RatingScale rating: rating RT=2.376
192.4541 	DATA 	RatingScale rating: history=[(None, 0.0), ('$0', 1.878), ('$0', 2.376)]
192.4692 	EXP 	New trial (rep=0, index=36): OrderedDict([('choices', 'Talking to a friend \nover Skype')])
192.4857 	EXP 	RatingScale rating: reset()
192.5163 	EXP 	text: autoDraw = False
192.5163 	EXP 	rating: autoDraw = False
192.5163 	EXP 	text: color = '[1. 1. 1.] (rgb)'
192.5163 	EXP 	text: pos = array([0.  , 0.07])
192.5163 	EXP 	text: text = 'Talking to a friend \nover Skype'
192.5163 	EXP 	text: font = 'Arial'
192.5163 	EXP 	text: height = 0.08
192.5163 	EXP 	text: autoDraw = True
192.5163 	EXP 	rating: autoDraw = True
192.5163 	EXP 	text: text = 'Talking to a friend \nover Skype'
192.5533 	DATA 	Mouse:  Left button up, pos=(879,176)
193.9913 	DATA 	Mouse: Left button down, pos=(479,373)
194.1208 	DATA 	Mouse:  Left button up, pos=(479,373)
194.5569 	DATA 	Mouse: Left button down, pos=(802,207)
194.5572 	DATA 	RatingScale rating: (mouse response) rating=$0
194.5573 	DATA 	RatingScale rating: rating RT=2.058
194.5573 	DATA 	RatingScale rating: history=[(None, 0.0), ('$0', 1.494), ('$0', 2.058)]
194.5702 	EXP 	New trial (rep=0, index=37): OrderedDict([('choices', "Sleeping over at \na friend's house")])
194.6033 	EXP 	RatingScale rating: reset()
194.6335 	EXP 	text: autoDraw = False
194.6335 	EXP 	rating: autoDraw = False
194.6335 	EXP 	text: color = '[1. 1. 1.] (rgb)'
194.6335 	EXP 	text: pos = array([0.  , 0.07])
194.6335 	EXP 	text: text = "Sleeping over at \na friend's house"
194.6335 	EXP 	text: font = 'Arial'
194.6335 	EXP 	text: height = 0.08
194.6335 	EXP 	text: autoDraw = True
194.6335 	EXP 	rating: autoDraw = True
194.6335 	EXP 	text: text = "Sleeping over at \na friend's house"
194.6532 	DATA 	Mouse:  Left button up, pos=(803,207)
196.4755 	DATA 	Mouse: Left button down, pos=(461,368)
196.5941 	DATA 	Mouse:  Left button up, pos=(461,368)
197.0612 	DATA 	Mouse: Left button down, pos=(830,172)
197.0617 	DATA 	RatingScale rating: (mouse response) rating=$0
197.0618 	DATA 	RatingScale rating: rating RT=2.443
197.0618 	DATA 	RatingScale rating: history=[(None, 0.0), ('$0', 1.857), ('$0', 2.443)]
197.0733 	EXP 	New trial (rep=0, index=38): OrderedDict([('choices', 'Going to a street fair\nwith friends')])
197.1078 	EXP 	RatingScale rating: reset()
197.1344 	EXP 	text: autoDraw = False
197.1344 	EXP 	rating: autoDraw = False
197.1344 	EXP 	text: color = '[1. 1. 1.] (rgb)'
197.1344 	EXP 	text: pos = array([0.  , 0.07])
197.1344 	EXP 	text: text = 'Going to a street fair\nwith friends'
197.1344 	EXP 	text: font = 'Arial'
197.1344 	EXP 	text: height = 0.08
197.1344 	EXP 	text: autoDraw = True
197.1344 	EXP 	rating: autoDraw = True
197.1344 	EXP 	text: text = 'Going to a street fair\nwith friends'
197.1543 	DATA 	Mouse:  Left button up, pos=(830,172)
201.7104 	DATA 	Mouse: Left button down, pos=(857,375)
201.8280 	DATA 	Mouse:  Left button up, pos=(857,375)
202.3951 	DATA 	Mouse: Left button down, pos=(881,188)
202.3957 	DATA 	RatingScale rating: (mouse response) rating=$0.40
202.3957 	DATA 	RatingScale rating: rating RT=5.270
202.3957 	DATA 	RatingScale rating: history=[(None, 0.0), ('$0.40', 4.585), ('$0.40', 5.27)]
202.4074 	EXP 	New trial (rep=0, index=39): OrderedDict([('choices', 'Going to a bar \nwith friends')])
202.4420 	EXP 	RatingScale rating: reset()
202.4693 	EXP 	text: autoDraw = False
202.4693 	EXP 	rating: autoDraw = False
202.4693 	EXP 	text: color = '[1. 1. 1.] (rgb)'
202.4693 	EXP 	text: pos = array([0.  , 0.07])
202.4693 	EXP 	text: text = 'Going to a bar \nwith friends'
202.4693 	EXP 	text: font = 'Arial'
202.4693 	EXP 	text: height = 0.08
202.4693 	EXP 	text: autoDraw = True
202.4693 	EXP 	rating: autoDraw = True
202.4693 	EXP 	text: text = 'Going to a bar \nwith friends'
202.4895 	DATA 	Mouse:  Left button up, pos=(881,188)
204.8118 	DATA 	Mouse: Left button down, pos=(1259,357)
204.9462 	DATA 	Mouse:  Left button up, pos=(1264,360)
205.3464 	DATA 	Mouse: Left button down, pos=(1099,179)
205.3469 	DATA 	RatingScale rating: (mouse response) rating=$0.80
205.3469 	DATA 	RatingScale rating: rating RT=2.887
205.3470 	DATA 	RatingScale rating: history=[(None, 0.0), ('$0.80', 2.352), ('$0.80', 2.887)]
205.3585 	EXP 	New trial (rep=0, index=40): OrderedDict([('choices', 'Having a Tweet go viral')])
205.3889 	EXP 	RatingScale rating: reset()
205.4200 	EXP 	text: autoDraw = False
205.4200 	EXP 	rating: autoDraw = False
205.4200 	EXP 	text: color = '[1. 1. 1.] (rgb)'
205.4200 	EXP 	text: pos = array([0.  , 0.07])
205.4200 	EXP 	text: text = 'Having a Tweet go viral'
205.4200 	EXP 	text: font = 'Arial'
205.4200 	EXP 	text: height = 0.08
205.4200 	EXP 	text: autoDraw = True
205.4200 	EXP 	rating: autoDraw = True
205.4200 	EXP 	text: text = 'Having a Tweet go viral'
205.4566 	DATA 	Mouse:  Left button up, pos=(1099,179)
207.1789 	DATA 	Mouse: Left button down, pos=(490,357)
207.2932 	DATA 	Mouse:  Left button up, pos=(490,357)
207.8444 	DATA 	Mouse: Left button down, pos=(966,135)
207.8447 	DATA 	RatingScale rating: (mouse response) rating=$0
207.8448 	DATA 	RatingScale rating: rating RT=2.441
207.8448 	DATA 	RatingScale rating: history=[(None, 0.0), ('$0', 1.775), ('$0', 2.441)]
207.8575 	EXP 	New trial (rep=0, index=41): OrderedDict([('choices', 'Playing volleyball\nwith friends')])
207.8878 	EXP 	RatingScale rating: reset()
207.9206 	EXP 	text: autoDraw = False
207.9206 	EXP 	rating: autoDraw = False
207.9206 	EXP 	text: color = '[1. 1. 1.] (rgb)'
207.9206 	EXP 	text: pos = array([0.  , 0.07])
207.9206 	EXP 	text: text = 'Playing volleyball\nwith friends'
207.9206 	EXP 	text: font = 'Arial'
207.9206 	EXP 	text: height = 0.08
207.9206 	EXP 	text: autoDraw = True
207.9206 	EXP 	rating: autoDraw = True
207.9206 	EXP 	text: text = 'Playing volleyball\nwith friends'
207.9776 	DATA 	Mouse:  Left button up, pos=(966,135)
209.3788 	DATA 	Mouse: Left button down, pos=(469,340)
209.5302 	DATA 	Mouse:  Left button up, pos=(469,340)
209.9314 	DATA 	Mouse: Left button down, pos=(841,155)
209.9319 	DATA 	RatingScale rating: (mouse response) rating=$0
209.9320 	DATA 	RatingScale rating: rating RT=2.030
209.9320 	DATA 	RatingScale rating: history=[(None, 0.0), ('$0', 1.477), ('$0', 2.03)]
209.9436 	EXP 	New trial (rep=0, index=42): OrderedDict([('choices', 'Going to a comedy show \nwith a significant other')])
209.9849 	EXP 	RatingScale rating: reset()
210.0215 	EXP 	text: autoDraw = False
210.0215 	EXP 	rating: autoDraw = False
210.0215 	EXP 	text: color = '[1. 1. 1.] (rgb)'
210.0215 	EXP 	text: pos = array([0.  , 0.07])
210.0215 	EXP 	text: text = 'Going to a comedy show \nwith a significant other'
210.0215 	EXP 	text: font = 'Arial'
210.0215 	EXP 	text: height = 0.08
210.0215 	EXP 	text: autoDraw = True
210.0215 	EXP 	rating: autoDraw = True
210.0215 	EXP 	text: text = 'Going to a comedy show \nwith a significant other'
210.0247 	DATA 	Mouse:  Left button up, pos=(841,155)
212.4143 	DATA 	Mouse: Left button down, pos=(481,383)
212.5183 	DATA 	Mouse:  Left button up, pos=(481,383)
213.2642 	DATA 	Mouse: Left button down, pos=(776,168)
213.2646 	DATA 	RatingScale rating: (mouse response) rating=$0
213.2647 	DATA 	RatingScale rating: rating RT=3.261
213.2647 	DATA 	RatingScale rating: history=[(None, 0.0), ('$0', 2.411), ('$0', 3.261)]
213.2764 	EXP 	New trial (rep=0, index=43): OrderedDict([('choices', 'Walking around Central \nPark with family')])
213.3103 	EXP 	RatingScale rating: reset()
213.3391 	EXP 	text: autoDraw = False
213.3391 	EXP 	rating: autoDraw = False
213.3391 	EXP 	text: color = '[1. 1. 1.] (rgb)'
213.3391 	EXP 	text: pos = array([0.  , 0.07])
213.3391 	EXP 	text: text = 'Walking around Central \nPark with family'
213.3391 	EXP 	text: font = 'Arial'
213.3391 	EXP 	text: height = 0.08
213.3391 	EXP 	text: autoDraw = True
213.3391 	EXP 	rating: autoDraw = True
213.3391 	EXP 	text: text = 'Walking around Central \nPark with family'
213.3588 	DATA 	Mouse:  Left button up, pos=(776,168)
215.1129 	DATA 	Mouse: Left button down, pos=(466,360)
215.2312 	DATA 	Mouse:  Left button up, pos=(466,360)
215.8486 	DATA 	Mouse: Left button down, pos=(912,157)
215.8491 	DATA 	RatingScale rating: (mouse response) rating=$0
215.8491 	DATA 	RatingScale rating: rating RT=2.520
215.8491 	DATA 	RatingScale rating: history=[(None, 0.0), ('$0', 1.784), ('$0', 2.519)]
215.8603 	EXP 	New trial (rep=0, index=44): OrderedDict([('choices', 'Going to an amusement \npark with a friend')])
215.8926 	EXP 	RatingScale rating: reset()
215.9231 	EXP 	text: autoDraw = False
215.9231 	EXP 	rating: autoDraw = False
215.9231 	EXP 	text: color = '[1. 1. 1.] (rgb)'
215.9231 	EXP 	text: pos = array([0.  , 0.07])
215.9231 	EXP 	text: text = 'Going to an amusement \npark with a friend'
215.9231 	EXP 	text: font = 'Arial'
215.9231 	EXP 	text: height = 0.08
215.9231 	EXP 	text: autoDraw = True
215.9231 	EXP 	rating: autoDraw = True
215.9231 	EXP 	text: text = 'Going to an amusement \npark with a friend'
215.9600 	DATA 	Mouse:  Left button up, pos=(916,155)
217.6296 	DATA 	Mouse: Left button down, pos=(671,365)
217.7648 	DATA 	Mouse:  Left button up, pos=(671,365)
218.4479 	DATA 	Mouse: Left button down, pos=(879,134)
218.4483 	DATA 	RatingScale rating: (mouse response) rating=$0.20
218.4483 	DATA 	RatingScale rating: rating RT=2.539
218.4484 	DATA 	RatingScale rating: history=[(None, 0.0), ('$0.20', 1.72), ('$0.20', 2.539)]
218.4613 	EXP 	New trial (rep=0, index=45): OrderedDict([('choices', 'Planning a surprise \nparty for a family member')])
218.4989 	EXP 	RatingScale rating: reset()
218.5259 	EXP 	text: autoDraw = False
218.5259 	EXP 	rating: autoDraw = False
218.5259 	EXP 	text: color = '[1. 1. 1.] (rgb)'
218.5259 	EXP 	text: pos = array([0.  , 0.07])
218.5259 	EXP 	text: text = 'Planning a surprise \nparty for a family member'
218.5259 	EXP 	text: font = 'Arial'
218.5259 	EXP 	text: height = 0.08
218.5259 	EXP 	text: autoDraw = True
218.5259 	EXP 	rating: autoDraw = True
218.5259 	EXP 	text: text = 'Planning a surprise \nparty for a family member'
218.5974 	DATA 	Mouse:  Left button up, pos=(879,134)
220.9159 	DATA 	Mouse: Left button down, pos=(1050,349)
221.0491 	DATA 	Mouse:  Left button up, pos=(1050,349)
221.4326 	DATA 	Mouse: Left button down, pos=(1046,192)
221.4330 	DATA 	RatingScale rating: (mouse response) rating=$0.60
221.4330 	DATA 	RatingScale rating: rating RT=2.914
221.4331 	DATA 	RatingScale rating: history=[(None, 0.0), ('$0.60', 2.397), ('$0.60', 2.914)]
221.4455 	EXP 	New trial (rep=0, index=46): OrderedDict([('choices', 'Going to a coffee \nshop with friends')])
221.4829 	EXP 	RatingScale rating: reset()
221.5078 	EXP 	text: autoDraw = False
221.5078 	EXP 	rating: autoDraw = False
221.5078 	EXP 	text: color = '[1. 1. 1.] (rgb)'
221.5078 	EXP 	text: pos = array([0.  , 0.07])
221.5078 	EXP 	text: text = 'Going to a coffee \nshop with friends'
221.5078 	EXP 	text: font = 'Arial'
221.5078 	EXP 	text: height = 0.08
221.5078 	EXP 	text: autoDraw = True
221.5078 	EXP 	rating: autoDraw = True
221.5078 	EXP 	text: text = 'Going to a coffee \nshop with friends'
221.5504 	DATA 	Mouse:  Left button up, pos=(1046,192)
223.4152 	DATA 	Mouse: Left button down, pos=(886,348)
223.5006 	DATA 	Mouse:  Left button up, pos=(889,348)
223.9165 	DATA 	Mouse: Left button down, pos=(930,185)
223.9169 	DATA 	RatingScale rating: (mouse response) rating=$0.40
223.9169 	DATA 	RatingScale rating: rating RT=2.420
223.9170 	DATA 	RatingScale rating: history=[(None, 0.0), ('$0.40', 1.918), ('$0.40', 2.42)]
223.9298 	EXP 	New trial (rep=0, index=47): OrderedDict([('choices', 'Going on a weekend\ngetaway with family')])
223.9597 	EXP 	RatingScale rating: reset()
223.9919 	EXP 	text: autoDraw = False
223.9919 	EXP 	rating: autoDraw = False
223.9919 	EXP 	text: color = '[1. 1. 1.] (rgb)'
223.9919 	EXP 	text: pos = array([0.  , 0.07])
223.9919 	EXP 	text: text = 'Going on a weekend\ngetaway with family'
223.9919 	EXP 	text: font = 'Arial'
223.9919 	EXP 	text: height = 0.08
223.9919 	EXP 	text: autoDraw = True
223.9919 	EXP 	rating: autoDraw = True
223.9919 	EXP 	text: text = 'Going on a weekend\ngetaway with family'
224.0120 	DATA 	Mouse:  Left button up, pos=(933,185)
228.2834 	DATA 	Mouse: Left button down, pos=(1248,377)
228.3846 	DATA 	Mouse:  Left button up, pos=(1248,377)
228.7687 	DATA 	Mouse: Left button down, pos=(1007,155)
228.7691 	DATA 	RatingScale rating: (mouse response) rating=$0.80
228.7691 	DATA 	RatingScale rating: rating RT=4.792
228.7691 	DATA 	RatingScale rating: history=[(None, 0.0), ('$0.80', 4.307), ('$0.80', 4.792)]
228.7807 	EXP 	New trial (rep=0, index=48): OrderedDict([('choices', 'Getting tagged in \nInstagram pictures')])
228.8155 	EXP 	RatingScale rating: reset()
228.8432 	EXP 	text: autoDraw = False
228.8432 	EXP 	rating: autoDraw = False
228.8432 	EXP 	text: color = '[1. 1. 1.] (rgb)'
228.8432 	EXP 	text: pos = array([0.  , 0.07])
228.8432 	EXP 	text: text = 'Getting tagged in \nInstagram pictures'
228.8432 	EXP 	text: font = 'Arial'
228.8432 	EXP 	text: height = 0.08
228.8432 	EXP 	text: autoDraw = True
228.8432 	EXP 	rating: autoDraw = True
228.8432 	EXP 	text: text = 'Getting tagged in \nInstagram pictures'
228.8632 	DATA 	Mouse:  Left button up, pos=(1007,155)
230.4669 	DATA 	Mouse: Left button down, pos=(466,368)
230.5852 	DATA 	Mouse:  Left button up, pos=(466,368)
231.3044 	DATA 	Mouse: Left button down, pos=(960,151)
231.3050 	DATA 	RatingScale rating: (mouse response) rating=$0
231.3050 	DATA 	RatingScale rating: rating RT=2.470
231.3051 	DATA 	RatingScale rating: history=[(None, 0.0), ('$0', 1.632), ('$0', 2.47)]
231.3163 	EXP 	New trial (rep=0, index=49): OrderedDict([('choices', 'Taking an art class \nwith friends')])
231.3562 	EXP 	RatingScale rating: reset()
231.3940 	EXP 	text: autoDraw = False
231.3940 	EXP 	rating: autoDraw = False
231.3940 	EXP 	text: color = '[1. 1. 1.] (rgb)'
231.3940 	EXP 	text: pos = array([0.  , 0.07])
231.3940 	EXP 	text: text = 'Taking an art class \nwith friends'
231.3940 	EXP 	text: font = 'Arial'
231.3940 	EXP 	text: height = 0.08
231.3940 	EXP 	text: autoDraw = True
231.3940 	EXP 	rating: autoDraw = True
231.3940 	EXP 	text: text = 'Taking an art class \nwith friends'
231.3972 	DATA 	Mouse:  Left button up, pos=(960,151)
233.6024 	DATA 	Mouse: Left button down, pos=(664,352)
233.7350 	DATA 	Mouse:  Left button up, pos=(664,352)
234.1856 	DATA 	Mouse: Left button down, pos=(830,131)
234.1860 	DATA 	RatingScale rating: (mouse response) rating=$0.20
234.1860 	DATA 	RatingScale rating: rating RT=2.813
234.1860 	DATA 	RatingScale rating: history=[(None, 0.0), ('$0.20', 2.23), ('$0.20', 2.813)]
234.2117 	EXP 	text: autoDraw = False
234.2117 	EXP 	rating: autoDraw = False
234.2117 	EXP 	text_2: autoDraw = True
234.3324 	DATA 	Mouse:  Left button up, pos=(830,131)
235.2121 	EXP 	text_2: autoDraw = False
238.1656 	DATA 	Keypress: space
238.1797 	EXP 	text_2: autoDraw = False
238.2856 	EXP 	window1: mouseVisible = True
