17.6105 	WARNING 	User requested fullscreen with size [1024  768], but screen is actually [1920, 1080]. Using actual size
18.7096 	EXP 	Created window1 = Window(allowGUI=False, allowStencil=False, args=UNKNOWN, autoLog=True, bitsMode=UNKNOWN, blendMode='avg', color=array([0., 0., 0.]), colorSpace='rgb', fullscr=<method-wrapper '__getattribute__' of attributeSetter object at 0x000000001AB6E048>, gamma=None, kwargs=UNKNOWN, lms=UNKNOWN, monitor=<psychopy.monitors.calibTools.Monitor object at 0x000000001ABB3E10>, multiSample=False, name='window1', numSamples=2, pos=[0.0, 0.0], screen=0, size=array([1920, 1080]), stereo=False, units='norm', useFBO=True, useRetina=False, viewOri=0.0, viewPos=None, viewScale=None, waitBlanking=True, winType='pyglet')
18.7096 	EXP 	window1: recordFrameIntervals = False
18.8760 	EXP 	window1: recordFrameIntervals = True
19.0598 	EXP 	window1: recordFrameIntervals = False
19.4400 	EXP 	Created Welcome = TextStim(__class__=<class 'psychopy.visual.text.TextStim'>, alignHoriz='center', alignVert='center', antialias=True, autoLog=True, bold=False, color='white', colorSpace='named', contrast=1.0, depth=0.0, flipHoriz=False, flipVert=False, font='Arial', fontFiles=[], height=0.1, italic=False, languageStyle='LTR', name='Welcome', opacity=1.0, ori=0, pos=array([0., 0.]), rgb=array([255., 255., 255.]), text=str(...), units='norm', win=Window(...), wrapWidth=1)
19.4431 	EXP 	Created firstTrialITI = TextStim(__class__=<class 'psychopy.visual.text.TextStim'>, alignHoriz='center', alignVert='center', antialias=True, autoLog=True, bold=False, color='white', colorSpace='named', contrast=1.0, depth=0.0, flipHoriz=False, flipVert=False, font='Arial', fontFiles=[], height=0.1, italic=False, languageStyle='LTR', name='firstTrialITI', opacity=1.0, ori=0, pos=array([0., 0.]), rgb=array([255., 255., 255.]), text='+', units='norm', win=Window(...), wrapWidth=1)
19.4449 	EXP 	Created polygon = Rect(__class__=<class 'psychopy.visual.rect.Rect'>, autoDraw=False, autoLog=True, closeShape=True, color=method-wrapper(...), colorSpace=None, contrast=1.0, depth=0.0, fillColor=array([0., 0., 0.]), fillColorSpace='rgb', fillRGB=array([0., 0., 0.]), interpolate=True, lineColor=array([1., 1., 1.]), lineColorSpace='rgb', lineRGB=array([1., 1., 1.]), lineWidth=5, name='polygon', opacity=1.0, ori=array(0.), pos=array([0., 0.]), size=array([1., 1.]), units='norm', vertices=ndarray(...), win=Window(...))
19.4477 	EXP 	Created text = TextStim(__class__=<class 'psychopy.visual.text.TextStim'>, alignHoriz='center', alignVert='center', antialias=True, autoLog=True, bold=False, color='white', colorSpace='named', contrast=1.0, depth=-1.0, flipHoriz=False, flipVert=False, font='Arial', fontFiles=[], height=0.1, italic=False, languageStyle='LTR', name='text', opacity=1.0, ori=0, pos=array([0., 0.]), rgb=array([255., 255., 255.]), text='?', units='norm', win=Window(...), wrapWidth=1)
19.4494 	EXP 	Created ISI = TextStim(__class__=<class 'psychopy.visual.text.TextStim'>, alignHoriz='center', alignVert='center', antialias=True, autoLog=True, bold=False, color='white', colorSpace='named', contrast=1.0, depth=-4.0, flipHoriz=False, flipVert=False, font='Arial', fontFiles=[], height=0.1, italic=False, languageStyle='LTR', name='ISI', opacity=1.0, ori=0, pos=array([0., 0.]), rgb=array([255., 255., 255.]), text='+', units='norm', win=Window(...), wrapWidth=1)
19.4504 	EXP 	Created polygon2_2 = Rect(__class__=<class 'psychopy.visual.rect.Rect'>, autoDraw=False, autoLog=True, closeShape=True, color=method-wrapper(...), colorSpace=None, contrast=1.0, depth=0.0, fillColor=array([0., 0., 0.]), fillColorSpace='rgb', fillRGB=array([0., 0., 0.]), interpolate=True, lineColor=array([1., 1., 1.]), lineColorSpace='rgb', lineRGB=array([1., 1., 1.]), lineWidth=5, name='polygon2_2', opacity=1.0, ori=array(0.), pos=array([0., 0.]), size=array([1., 1.]), units='norm', vertices=ndarray(...), win=Window(...))
19.4554 	EXP 	Created feedback1_2 = TextStim(__class__=<class 'psychopy.visual.text.TextStim'>, alignHoriz='center', alignVert='center', antialias=True, autoLog=True, bold=False, color='white', colorSpace='named', contrast=1.0, depth=-1.0, flipHoriz=False, flipVert=False, font='Arial', fontFiles=[], height=0.1, italic=False, languageStyle='LTR', name='feedback1_2', opacity=1.0, ori=0, pos=array([0., 0.]), rgb=array([255., 255., 255.]), text='default text', units='norm', win=Window(...), wrapWidth=1)
19.4593 	EXP 	Created arrow1_2 = TextStim(__class__=<class 'psychopy.visual.text.TextStim'>, alignHoriz='center', alignVert='center', antialias=True, autoLog=True, bold=False, color='white', colorSpace='named', contrast=1.0, depth=-2.0, flipHoriz=False, flipVert=False, font='Arial', fontFiles=[], height=0.1, italic=False, languageStyle='LTR', name='arrow1_2', opacity=1.0, ori=0, pos=array([0., 0.]), rgb=array([255., 255., 255.]), text='default text', units='norm', win=Window(...), wrapWidth=1)
19.4612 	EXP 	Created ITI_2 = TextStim(__class__=<class 'psychopy.visual.text.TextStim'>, alignHoriz='center', alignVert='center', antialias=True, autoLog=True, bold=False, color='white', colorSpace='named', contrast=1.0, depth=-3.0, flipHoriz=False, flipVert=False, font='Arial', fontFiles=[], height=0.1, italic=False, languageStyle='LTR', name='ITI_2', opacity=1.0, ori=0, pos=array([0., 0.]), rgb=array([255., 255., 255.]), text='+', units='norm', win=Window(...), wrapWidth=1)
19.4622 	EXP 	Created rectangle = Rect(__class__=<class 'psychopy.visual.rect.Rect'>, autoDraw=False, autoLog=True, closeShape=True, color=method-wrapper(...), colorSpace=None, contrast=1.0, depth=0.0, fillColor=array([0., 0., 0.]), fillColorSpace='rgb', fillRGB=array([0., 0., 0.]), interpolate=True, lineColor=array([1., 1., 1.]), lineColorSpace='rgb', lineRGB=array([1., 1., 1.]), lineWidth=5, name='rectangle', opacity=1.0, ori=array(0.), pos=array([0., 0.]), size=array([1., 1.]), units='norm', vertices=ndarray(...), win=Window(...))
19.4639 	EXP 	Created text1 = TextStim(__class__=<class 'psychopy.visual.text.TextStim'>, alignHoriz='center', alignVert='center', antialias=True, autoLog=True, bold=False, color='white', colorSpace='named', contrast=1.0, depth=-1.0, flipHoriz=False, flipVert=False, font='Arial', fontFiles=[], height=0.1, italic=False, languageStyle='LTR', name='text1', opacity=1.0, ori=0, pos=array([0., 0.]), rgb=array([255., 255., 255.]), text='?', units='norm', win=Window(...), wrapWidth=1)
19.4657 	EXP 	Created ISI2 = TextStim(__class__=<class 'psychopy.visual.text.TextStim'>, alignHoriz='center', alignVert='center', antialias=True, autoLog=True, bold=False, color='white', colorSpace='named', contrast=1.0, depth=-4.0, flipHoriz=False, flipVert=False, font='Arial', fontFiles=[], height=0.1, italic=False, languageStyle='LTR', name='ISI2', opacity=1.0, ori=0, pos=array([0., 0.]), rgb=array([255., 255., 255.]), text='+', units='norm', win=Window(...), wrapWidth=1)
19.4667 	EXP 	Created rectangle2_2 = Rect(__class__=<class 'psychopy.visual.rect.Rect'>, autoDraw=False, autoLog=True, closeShape=True, color=method-wrapper(...), colorSpace=None, contrast=1.0, depth=0.0, fillColor=array([0., 0., 0.]), fillColorSpace='rgb', fillRGB=array([0., 0., 0.]), interpolate=True, lineColor=array([1., 1., 1.]), lineColorSpace='rgb', lineRGB=array([1., 1., 1.]), lineWidth=5, name='rectangle2_2', opacity=1.0, ori=array(0.), pos=array([0., 0.]), size=array([1., 1.]), units='norm', vertices=ndarray(...), win=Window(...))
19.4709 	EXP 	Created feedback2_2 = TextStim(__class__=<class 'psychopy.visual.text.TextStim'>, alignHoriz='center', alignVert='center', antialias=True, autoLog=True, bold=False, color=array([1., 1., 1.]), colorSpace='rgb', contrast=1.0, depth=-1.0, flipHoriz=False, flipVert=False, font='Arial', fontFiles=[], height=0.1, italic=False, languageStyle='LTR', name='feedback2_2', opacity=1.0, ori=0, pos=array([0., 0.]), rgb=array([1., 1., 1.]), text='default text', units='norm', win=Window(...), wrapWidth=1)
19.4750 	EXP 	Created arrow2_2 = TextStim(__class__=<class 'psychopy.visual.text.TextStim'>, alignHoriz='center', alignVert='center', antialias=True, autoLog=True, bold=False, color='white', colorSpace='named', contrast=1.0, depth=-2.0, flipHoriz=False, flipVert=False, font='Arial', fontFiles=[], height=0.1, italic=False, languageStyle='LTR', name='arrow2_2', opacity=1.0, ori=0, pos=array([0., 0.]), rgb=array([255., 255., 255.]), text='default text', units='norm', win=Window(...), wrapWidth=0.2)
19.4768 	EXP 	Created ITI2_2 = TextStim(__class__=<class 'psychopy.visual.text.TextStim'>, alignHoriz='center', alignVert='center', antialias=True, autoLog=True, bold=False, color='white', colorSpace='named', contrast=1.0, depth=-3.0, flipHoriz=False, flipVert=False, font='Arial', fontFiles=[], height=0.1, italic=False, languageStyle='LTR', name='ITI2_2', opacity=1.0, ori=0, pos=array([0., 0.]), rgb=array([255., 255., 255.]), text='+', units='norm', win=Window(...), wrapWidth=1)
19.4985 	EXP 	Created Finished = TextStim(__class__=<class 'psychopy.visual.text.TextStim'>, alignHoriz='center', alignVert='center', antialias=True, autoLog=True, bold=False, color='white', colorSpace='named', contrast=1.0, depth=0.0, flipHoriz=False, flipVert=False, font='Arial', fontFiles=[], height=0.1, italic=False, languageStyle='LTR', name='Finished', opacity=1.0, ori=0, pos=array([0., 0.]), rgb=array([255., 255., 255.]), text=str(...), units='norm', win=Window(...), wrapWidth=1)
19.5483 	EXP 	Welcome: autoDraw = True
22.7637 	DATA 	Keypress: space
22.7768 	EXP 	Welcome: autoDraw = False
22.7768 	EXP 	firstTrialITI: autoDraw = True
28.8703 	EXP 	Imported spreadsheet5.xlsx as conditions, 25 conditions, 1 params
28.8706 	EXP 	Created sequence: fullRandom, trialTypes=25, nReps=1, seed=None
28.8708 	EXP 	New trial (rep=0, index=0): OrderedDict([('selectBlock', 1)])
28.8715 	EXP 	Created sequence: sequential, trialTypes=1, nReps=1, seed=None
28.8717 	EXP 	New trial (rep=0, index=0): None
28.8816 	EXP 	firstTrialITI: autoDraw = False
28.8816 	EXP 	polygon: autoDraw = True
28.8816 	EXP 	text: autoDraw = True
30.5479 	DATA 	Keypress: 1
30.8795 	EXP 	polygon: autoDraw = False
30.8795 	EXP 	text: autoDraw = False
30.8962 	EXP 	ISI: autoDraw = True
32.8800 	EXP 	ISI: autoDraw = False
32.8800 	EXP 	polygon: autoDraw = False
32.8800 	EXP 	text: autoDraw = False
32.8800 	EXP 	ISI: autoDraw = False
32.8800 	EXP 	arrow1_2: color = '[-1.  1. -1.] (rgb)'
32.8800 	EXP 	arrow1_2: text = '+$0.50'
32.8800 	EXP 	polygon2_2: autoDraw = True
32.8800 	EXP 	feedback1_2: autoDraw = True
33.8802 	EXP 	feedback1_2: autoDraw = False
33.8971 	EXP 	arrow1_2: autoDraw = True
34.8805 	EXP 	polygon2_2: autoDraw = False
34.8805 	EXP 	arrow1_2: autoDraw = False
34.8972 	EXP 	ITI_2: autoDraw = True
36.8699 	EXP 	Created sequence: random, trialTypes=1, nReps=0, seed=None
36.8706 	EXP 	New trial (rep=0, index=1): OrderedDict([('selectBlock', 1)])
36.8722 	EXP 	Created sequence: sequential, trialTypes=1, nReps=1, seed=None
36.8728 	EXP 	New trial (rep=0, index=0): None
36.8813 	EXP 	ITI_2: autoDraw = False
36.8813 	EXP 	polygon2_2: autoDraw = False
36.8813 	EXP 	feedback1_2: autoDraw = False
36.8813 	EXP 	arrow1_2: autoDraw = False
36.8813 	EXP 	ITI_2: autoDraw = False
36.8813 	EXP 	polygon: autoDraw = True
36.8813 	EXP 	text: autoDraw = True
37.8348 	DATA 	Keypress: 2
38.8819 	EXP 	polygon: autoDraw = False
38.8819 	EXP 	text: autoDraw = False
38.8986 	EXP 	ISI: autoDraw = True
40.8992 	EXP 	ISI: autoDraw = False
40.8992 	EXP 	polygon: autoDraw = False
40.8992 	EXP 	text: autoDraw = False
40.8992 	EXP 	ISI: autoDraw = False
40.8992 	EXP 	arrow1_2: color = '[-1.  1. -1.] (rgb)'
40.8992 	EXP 	arrow1_2: text = '+$0.50'
40.8992 	EXP 	polygon2_2: autoDraw = True
40.8992 	EXP 	feedback1_2: autoDraw = True
41.9159 	EXP 	feedback1_2: autoDraw = False
41.9159 	EXP 	arrow1_2: autoDraw = True
42.8831 	EXP 	polygon2_2: autoDraw = False
42.8831 	EXP 	arrow1_2: autoDraw = False
42.8998 	EXP 	ITI_2: autoDraw = True
44.8720 	EXP 	Created sequence: random, trialTypes=1, nReps=0, seed=None
44.8727 	EXP 	New trial (rep=0, index=2): OrderedDict([('selectBlock', 1)])
44.8748 	EXP 	Created sequence: sequential, trialTypes=1, nReps=1, seed=None
44.8755 	EXP 	New trial (rep=0, index=0): None
44.8856 	EXP 	ITI_2: autoDraw = False
44.8856 	EXP 	polygon2_2: autoDraw = False
44.8856 	EXP 	feedback1_2: autoDraw = False
44.8856 	EXP 	arrow1_2: autoDraw = False
44.8856 	EXP 	ITI_2: autoDraw = False
44.8856 	EXP 	polygon: autoDraw = True
44.8856 	EXP 	text: autoDraw = True
45.6877 	DATA 	Keypress: 1
46.8840 	EXP 	polygon: autoDraw = False
46.8840 	EXP 	text: autoDraw = False
46.9010 	EXP 	ISI: autoDraw = True
48.8850 	EXP 	ISI: autoDraw = False
48.8850 	EXP 	polygon: autoDraw = False
48.8850 	EXP 	text: autoDraw = False
48.8850 	EXP 	ISI: autoDraw = False
48.8850 	EXP 	arrow1_2: color = '[-1.  1. -1.] (rgb)'
48.8850 	EXP 	arrow1_2: text = '+$0.50'
48.8850 	EXP 	polygon2_2: autoDraw = True
48.8850 	EXP 	feedback1_2: autoDraw = True
49.8850 	EXP 	feedback1_2: autoDraw = False
49.9019 	EXP 	arrow1_2: autoDraw = True
50.8856 	EXP 	polygon2_2: autoDraw = False
50.8856 	EXP 	arrow1_2: autoDraw = False
50.9021 	EXP 	ITI_2: autoDraw = True
52.8712 	EXP 	Created sequence: random, trialTypes=1, nReps=0, seed=None
52.8714 	EXP 	New trial (rep=0, index=3): OrderedDict([('selectBlock', 1)])
52.8723 	EXP 	Created sequence: sequential, trialTypes=1, nReps=1, seed=None
52.8725 	EXP 	New trial (rep=0, index=0): None
52.8859 	EXP 	ITI_2: autoDraw = False
52.8859 	EXP 	polygon2_2: autoDraw = False
52.8859 	EXP 	feedback1_2: autoDraw = False
52.8859 	EXP 	arrow1_2: autoDraw = False
52.8859 	EXP 	ITI_2: autoDraw = False
52.8859 	EXP 	polygon: autoDraw = True
52.8859 	EXP 	text: autoDraw = True
54.5222 	DATA 	Keypress: 2
54.8867 	EXP 	polygon: autoDraw = False
54.8867 	EXP 	text: autoDraw = False
54.9034 	EXP 	ISI: autoDraw = True
56.9038 	EXP 	ISI: autoDraw = False
56.9038 	EXP 	polygon: autoDraw = False
56.9038 	EXP 	text: autoDraw = False
56.9038 	EXP 	ISI: autoDraw = False
56.9038 	EXP 	arrow1_2: color = '[-1.  1. -1.] (rgb)'
56.9038 	EXP 	arrow1_2: text = '+$0.50'
56.9038 	EXP 	polygon2_2: autoDraw = True
56.9038 	EXP 	feedback1_2: autoDraw = True
57.8875 	EXP 	feedback1_2: autoDraw = False
57.9042 	EXP 	arrow1_2: autoDraw = True
58.8879 	EXP 	polygon2_2: autoDraw = False
58.8879 	EXP 	arrow1_2: autoDraw = False
58.9048 	EXP 	ITI_2: autoDraw = True
60.8768 	EXP 	Created sequence: random, trialTypes=1, nReps=0, seed=None
60.8775 	EXP 	New trial (rep=0, index=4): OrderedDict([('selectBlock', 1)])
60.8795 	EXP 	Created sequence: sequential, trialTypes=1, nReps=1, seed=None
60.8801 	EXP 	New trial (rep=0, index=0): None
60.8903 	EXP 	ITI_2: autoDraw = False
60.8903 	EXP 	polygon2_2: autoDraw = False
60.8903 	EXP 	feedback1_2: autoDraw = False
60.8903 	EXP 	arrow1_2: autoDraw = False
60.8903 	EXP 	ITI_2: autoDraw = False
60.8903 	EXP 	polygon: autoDraw = True
60.8903 	EXP 	text: autoDraw = True
62.0914 	DATA 	Keypress: 2
62.8891 	EXP 	polygon: autoDraw = False
62.8891 	EXP 	text: autoDraw = False
62.9058 	EXP 	ISI: autoDraw = True
64.8896 	EXP 	ISI: autoDraw = False
64.8896 	EXP 	polygon: autoDraw = False
64.8896 	EXP 	text: autoDraw = False
64.8896 	EXP 	ISI: autoDraw = False
64.8896 	EXP 	arrow1_2: color = '[-1.  1. -1.] (rgb)'
64.8896 	EXP 	arrow1_2: text = '+$0.50'
64.8896 	EXP 	polygon2_2: autoDraw = True
64.8896 	EXP 	feedback1_2: autoDraw = True
65.8898 	EXP 	feedback1_2: autoDraw = False
65.9064 	EXP 	arrow1_2: autoDraw = True
66.8902 	EXP 	polygon2_2: autoDraw = False
66.8902 	EXP 	arrow1_2: autoDraw = False
66.9070 	EXP 	ITI_2: autoDraw = True
68.1418 	DATA 	Keypress: 1
68.8772 	EXP 	Created sequence: random, trialTypes=1, nReps=0, seed=None
68.8776 	EXP 	New trial (rep=0, index=5): OrderedDict([('selectBlock', 2)])
68.8783 	EXP 	Created sequence: sequential, trialTypes=1, nReps=0, seed=None
68.8788 	EXP 	Created sequence: random, trialTypes=1, nReps=1, seed=None
68.8791 	EXP 	New trial (rep=0, index=0): None
68.8909 	EXP 	ITI_2: autoDraw = False
68.8909 	EXP 	polygon2_2: autoDraw = False
68.8909 	EXP 	feedback1_2: autoDraw = False
68.8909 	EXP 	arrow1_2: autoDraw = False
68.8909 	EXP 	ITI_2: autoDraw = False
68.8909 	EXP 	rectangle: autoDraw = True
68.8909 	EXP 	text1: autoDraw = True
70.8915 	EXP 	rectangle: autoDraw = False
70.8915 	EXP 	text1: autoDraw = False
70.9082 	EXP 	ISI2: autoDraw = True
72.8936 	EXP 	ISI2: autoDraw = False
72.8936 	EXP 	rectangle: autoDraw = False
72.8936 	EXP 	text1: autoDraw = False
72.8936 	EXP 	ISI2: autoDraw = False
72.8936 	EXP 	feedback2_2: text = 'No Response'
72.8936 	EXP 	arrow2_2: color = '[1. 1. 1.] (rgb)'
72.8936 	EXP 	arrow2_2: text = '#'
72.8936 	EXP 	rectangle2_2: autoDraw = True
72.8936 	EXP 	feedback2_2: autoDraw = True
73.8925 	EXP 	feedback2_2: autoDraw = False
73.9089 	EXP 	arrow2_2: autoDraw = True
74.8926 	EXP 	rectangle2_2: autoDraw = False
74.8926 	EXP 	arrow2_2: autoDraw = False
74.9093 	EXP 	ITI2_2: autoDraw = True
75.9108 	DATA 	Keypress: 1
76.8783 	EXP 	New trial (rep=0, index=6): OrderedDict([('selectBlock', 2)])
76.8794 	EXP 	Created sequence: sequential, trialTypes=1, nReps=0, seed=None
76.8796 	EXP 	Created sequence: random, trialTypes=1, nReps=1, seed=None
76.8797 	EXP 	New trial (rep=0, index=0): None
76.8931 	EXP 	ITI2_2: autoDraw = False
76.8931 	EXP 	rectangle2_2: autoDraw = False
76.8931 	EXP 	feedback2_2: autoDraw = False
76.8931 	EXP 	arrow2_2: autoDraw = False
76.8931 	EXP 	ITI2_2: autoDraw = False
76.8931 	EXP 	rectangle: autoDraw = True
76.8931 	EXP 	text1: autoDraw = True
77.9293 	DATA 	Keypress: 1
78.8939 	EXP 	rectangle: autoDraw = False
78.8939 	EXP 	text1: autoDraw = False
78.9104 	EXP 	ISI2: autoDraw = True
80.9112 	EXP 	ISI2: autoDraw = False
80.9112 	EXP 	rectangle: autoDraw = False
80.9112 	EXP 	text1: autoDraw = False
80.9112 	EXP 	ISI2: autoDraw = False
80.9112 	EXP 	feedback2_2: text = 6
80.9112 	EXP 	arrow2_2: color = '[ 1. -1. -1.] (rgb)'
80.9112 	EXP 	arrow2_2: text = '-$0.25'
80.9112 	EXP 	rectangle2_2: autoDraw = True
80.9112 	EXP 	feedback2_2: autoDraw = True
81.8948 	EXP 	feedback2_2: autoDraw = False
81.9115 	EXP 	arrow2_2: autoDraw = True
82.8950 	EXP 	rectangle2_2: autoDraw = False
82.8950 	EXP 	arrow2_2: autoDraw = False
82.9115 	EXP 	ITI2_2: autoDraw = True
84.8835 	EXP 	New trial (rep=0, index=7): OrderedDict([('selectBlock', 1)])
84.8852 	EXP 	Created sequence: sequential, trialTypes=1, nReps=1, seed=None
84.8858 	EXP 	New trial (rep=0, index=0): None
84.8956 	EXP 	ITI2_2: autoDraw = False
84.8956 	EXP 	rectangle2_2: autoDraw = False
84.8956 	EXP 	feedback2_2: autoDraw = False
84.8956 	EXP 	arrow2_2: autoDraw = False
84.8956 	EXP 	ITI2_2: autoDraw = False
84.8956 	EXP 	polygon: autoDraw = True
84.8956 	EXP 	text: autoDraw = True
85.8483 	DATA 	Keypress: 1
86.8962 	EXP 	polygon: autoDraw = False
86.8962 	EXP 	text: autoDraw = False
86.9128 	EXP 	ISI: autoDraw = True
88.8967 	EXP 	ISI: autoDraw = False
88.8967 	EXP 	polygon: autoDraw = False
88.8967 	EXP 	text: autoDraw = False
88.8967 	EXP 	ISI: autoDraw = False
88.8967 	EXP 	arrow1_2: color = '[-1.  1. -1.] (rgb)'
88.8967 	EXP 	arrow1_2: text = '+$0.50'
88.8967 	EXP 	polygon2_2: autoDraw = True
88.8967 	EXP 	feedback1_2: autoDraw = True
89.8969 	EXP 	feedback1_2: autoDraw = False
89.9137 	EXP 	arrow1_2: autoDraw = True
90.8975 	EXP 	polygon2_2: autoDraw = False
90.8975 	EXP 	arrow1_2: autoDraw = False
90.9142 	EXP 	ITI_2: autoDraw = True
92.8830 	EXP 	Created sequence: random, trialTypes=1, nReps=0, seed=None
92.8832 	EXP 	New trial (rep=0, index=8): OrderedDict([('selectBlock', 2)])
92.8845 	EXP 	Created sequence: sequential, trialTypes=1, nReps=0, seed=None
92.8853 	EXP 	Created sequence: random, trialTypes=1, nReps=1, seed=None
92.8859 	EXP 	New trial (rep=0, index=0): None
92.8981 	EXP 	ITI_2: autoDraw = False
92.8981 	EXP 	polygon2_2: autoDraw = False
92.8981 	EXP 	feedback1_2: autoDraw = False
92.8981 	EXP 	arrow1_2: autoDraw = False
92.8981 	EXP 	ITI_2: autoDraw = False
92.8981 	EXP 	rectangle: autoDraw = True
92.8981 	EXP 	text1: autoDraw = True
93.6841 	DATA 	Keypress: 2
94.0677 	DATA 	Keypress: 2
94.2007 	DATA 	Keypress: 2
94.8987 	EXP 	rectangle: autoDraw = False
94.8987 	EXP 	text1: autoDraw = False
94.9154 	EXP 	ISI2: autoDraw = True
96.8991 	EXP 	ISI2: autoDraw = False
96.8991 	EXP 	rectangle: autoDraw = False
96.8991 	EXP 	text1: autoDraw = False
96.8991 	EXP 	ISI2: autoDraw = False
96.8991 	EXP 	feedback2_2: text = 2
96.8991 	EXP 	arrow2_2: color = '[ 1. -1. -1.] (rgb)'
96.8991 	EXP 	arrow2_2: text = '-$0.25'
96.8991 	EXP 	rectangle2_2: autoDraw = True
96.8991 	EXP 	feedback2_2: autoDraw = True
97.8994 	EXP 	feedback2_2: autoDraw = False
97.9161 	EXP 	arrow2_2: autoDraw = True
98.8997 	EXP 	rectangle2_2: autoDraw = False
98.8997 	EXP 	arrow2_2: autoDraw = False
98.9163 	EXP 	ITI2_2: autoDraw = True
100.4178 	DATA 	Keypress: 2
100.8883 	EXP 	New trial (rep=0, index=9): OrderedDict([('selectBlock', 1)])
100.8903 	EXP 	Created sequence: sequential, trialTypes=1, nReps=1, seed=None
100.8909 	EXP 	New trial (rep=0, index=0): None
100.9012 	EXP 	ITI2_2: autoDraw = False
100.9012 	EXP 	rectangle2_2: autoDraw = False
100.9012 	EXP 	feedback2_2: autoDraw = False
100.9012 	EXP 	arrow2_2: autoDraw = False
100.9012 	EXP 	ITI2_2: autoDraw = False
100.9012 	EXP 	polygon: autoDraw = True
100.9012 	EXP 	text: autoDraw = True
101.5040 	DATA 	Keypress: 2
101.8860 	DATA 	Keypress: 2
102.1034 	DATA 	Keypress: 2
102.9011 	EXP 	polygon: autoDraw = False
102.9011 	EXP 	text: autoDraw = False
102.9178 	EXP 	ISI: autoDraw = True
104.9182 	EXP 	ISI: autoDraw = False
104.9182 	EXP 	polygon: autoDraw = False
104.9182 	EXP 	text: autoDraw = False
104.9182 	EXP 	ISI: autoDraw = False
104.9182 	EXP 	arrow1_2: color = '[-1.  1. -1.] (rgb)'
104.9182 	EXP 	arrow1_2: text = '+$0.50'
104.9182 	EXP 	polygon2_2: autoDraw = True
104.9182 	EXP 	feedback1_2: autoDraw = True
105.9019 	EXP 	feedback1_2: autoDraw = False
105.9184 	EXP 	arrow1_2: autoDraw = True
106.9021 	EXP 	polygon2_2: autoDraw = False
106.9021 	EXP 	arrow1_2: autoDraw = False
106.9187 	EXP 	ITI_2: autoDraw = True
108.8877 	EXP 	Created sequence: random, trialTypes=1, nReps=0, seed=None
108.8879 	EXP 	New trial (rep=0, index=10): OrderedDict([('selectBlock', 1)])
108.8888 	EXP 	Created sequence: sequential, trialTypes=1, nReps=1, seed=None
108.8889 	EXP 	New trial (rep=0, index=0): None
108.9026 	EXP 	ITI_2: autoDraw = False
108.9026 	EXP 	polygon2_2: autoDraw = False
108.9026 	EXP 	feedback1_2: autoDraw = False
108.9026 	EXP 	arrow1_2: autoDraw = False
108.9026 	EXP 	ITI_2: autoDraw = False
108.9026 	EXP 	polygon: autoDraw = True
108.9026 	EXP 	text: autoDraw = True
110.0054 	DATA 	Keypress: 1
110.9035 	EXP 	polygon: autoDraw = False
110.9035 	EXP 	text: autoDraw = False
110.9202 	EXP 	ISI: autoDraw = True
112.9046 	EXP 	ISI: autoDraw = False
112.9046 	EXP 	polygon: autoDraw = False
112.9046 	EXP 	text: autoDraw = False
112.9046 	EXP 	ISI: autoDraw = False
112.9046 	EXP 	arrow1_2: color = '[-1.  1. -1.] (rgb)'
112.9046 	EXP 	arrow1_2: text = '+$0.50'
112.9046 	EXP 	polygon2_2: autoDraw = True
112.9046 	EXP 	feedback1_2: autoDraw = True
113.9044 	EXP 	feedback1_2: autoDraw = False
113.9211 	EXP 	arrow1_2: autoDraw = True
114.9047 	EXP 	polygon2_2: autoDraw = False
114.9047 	EXP 	arrow1_2: autoDraw = False
114.9211 	EXP 	ITI_2: autoDraw = True
116.8900 	EXP 	Created sequence: random, trialTypes=1, nReps=0, seed=None
116.8902 	EXP 	New trial (rep=0, index=11): OrderedDict([('selectBlock', 1)])
116.8911 	EXP 	Created sequence: sequential, trialTypes=1, nReps=1, seed=None
116.8913 	EXP 	New trial (rep=0, index=0): None
116.9051 	EXP 	ITI_2: autoDraw = False
116.9051 	EXP 	polygon2_2: autoDraw = False
116.9051 	EXP 	feedback1_2: autoDraw = False
116.9051 	EXP 	arrow1_2: autoDraw = False
116.9051 	EXP 	ITI_2: autoDraw = False
116.9051 	EXP 	polygon: autoDraw = True
116.9051 	EXP 	text: autoDraw = True
117.9252 	DATA 	Keypress: 2
118.9059 	EXP 	polygon: autoDraw = False
118.9059 	EXP 	text: autoDraw = False
118.9226 	EXP 	ISI: autoDraw = True
120.9064 	EXP 	ISI: autoDraw = False
120.9064 	EXP 	polygon: autoDraw = False
120.9064 	EXP 	text: autoDraw = False
120.9064 	EXP 	ISI: autoDraw = False
120.9064 	EXP 	arrow1_2: color = '[-1.  1. -1.] (rgb)'
120.9064 	EXP 	arrow1_2: text = '+$0.50'
120.9064 	EXP 	polygon2_2: autoDraw = True
120.9064 	EXP 	feedback1_2: autoDraw = True
121.9068 	EXP 	feedback1_2: autoDraw = False
121.9235 	EXP 	arrow1_2: autoDraw = True
122.9070 	EXP 	polygon2_2: autoDraw = False
122.9070 	EXP 	arrow1_2: autoDraw = False
122.9238 	EXP 	ITI_2: autoDraw = True
124.8952 	EXP 	Created sequence: random, trialTypes=1, nReps=0, seed=None
124.8959 	EXP 	New trial (rep=0, index=12): OrderedDict([('selectBlock', 1)])
124.8971 	EXP 	Created sequence: sequential, trialTypes=1, nReps=1, seed=None
124.8977 	EXP 	New trial (rep=0, index=0): None
124.9077 	EXP 	polygon2_2: autoDraw = False
124.9077 	EXP 	feedback1_2: autoDraw = False
124.9077 	EXP 	arrow1_2: autoDraw = False
124.9077 	EXP 	ITI_2: autoDraw = False
124.9077 	EXP 	polygon: autoDraw = True
124.9077 	EXP 	text: autoDraw = True
126.1616 	DATA 	Keypress: 2
126.9080 	EXP 	polygon: autoDraw = False
126.9080 	EXP 	text: autoDraw = False
126.9247 	EXP 	ISI: autoDraw = True
128.9088 	EXP 	ISI: autoDraw = False
128.9088 	EXP 	polygon: autoDraw = False
128.9088 	EXP 	text: autoDraw = False
128.9088 	EXP 	ISI: autoDraw = False
128.9088 	EXP 	arrow1_2: color = '[-1.  1. -1.] (rgb)'
128.9088 	EXP 	arrow1_2: text = '+$0.50'
128.9088 	EXP 	polygon2_2: autoDraw = True
128.9088 	EXP 	feedback1_2: autoDraw = True
129.9091 	EXP 	feedback1_2: autoDraw = False
129.9257 	EXP 	arrow1_2: autoDraw = True
130.9094 	EXP 	polygon2_2: autoDraw = False
130.9094 	EXP 	arrow1_2: autoDraw = False
130.9260 	EXP 	ITI_2: autoDraw = True
132.8947 	EXP 	Created sequence: random, trialTypes=1, nReps=0, seed=None
132.8949 	EXP 	New trial (rep=0, index=13): OrderedDict([('selectBlock', 2)])
132.8959 	EXP 	Created sequence: sequential, trialTypes=1, nReps=0, seed=None
132.8960 	EXP 	Created sequence: random, trialTypes=1, nReps=1, seed=None
132.8962 	EXP 	New trial (rep=0, index=0): None
132.9099 	EXP 	ITI_2: autoDraw = False
132.9099 	EXP 	polygon2_2: autoDraw = False
132.9099 	EXP 	feedback1_2: autoDraw = False
132.9099 	EXP 	arrow1_2: autoDraw = False
132.9099 	EXP 	ITI_2: autoDraw = False
132.9099 	EXP 	rectangle: autoDraw = True
132.9099 	EXP 	text1: autoDraw = True
134.6127 	DATA 	Keypress: 1
134.6129 	DATA 	Keypress: 2
134.8308 	DATA 	Keypress: 1
134.9107 	EXP 	rectangle: autoDraw = False
134.9107 	EXP 	text1: autoDraw = False
134.9273 	EXP 	ISI2: autoDraw = True
136.9111 	EXP 	ISI2: autoDraw = False
136.9111 	EXP 	rectangle: autoDraw = False
136.9111 	EXP 	text1: autoDraw = False
136.9111 	EXP 	ISI2: autoDraw = False
136.9111 	EXP 	feedback2_2: text = 8
136.9111 	EXP 	arrow2_2: color = '[ 1. -1. -1.] (rgb)'
136.9111 	EXP 	arrow2_2: text = '-$0.25'
136.9111 	EXP 	rectangle2_2: autoDraw = True
136.9111 	EXP 	feedback2_2: autoDraw = True
137.9116 	EXP 	feedback2_2: autoDraw = False
137.9283 	EXP 	arrow2_2: autoDraw = True
138.9118 	EXP 	rectangle2_2: autoDraw = False
138.9118 	EXP 	arrow2_2: autoDraw = False
138.9283 	EXP 	ITI2_2: autoDraw = True
140.8983 	EXP 	New trial (rep=0, index=14): OrderedDict([('selectBlock', 2)])
140.8995 	EXP 	Created sequence: sequential, trialTypes=1, nReps=0, seed=None
140.8999 	EXP 	Created sequence: random, trialTypes=1, nReps=1, seed=None
140.9002 	EXP 	New trial (rep=0, index=0): None
140.9123 	EXP 	ITI2_2: autoDraw = False
140.9123 	EXP 	rectangle2_2: autoDraw = False
140.9123 	EXP 	feedback2_2: autoDraw = False
140.9123 	EXP 	arrow2_2: autoDraw = False
140.9123 	EXP 	ITI2_2: autoDraw = False
140.9123 	EXP 	rectangle: autoDraw = True
140.9123 	EXP 	text1: autoDraw = True
141.8820 	DATA 	Keypress: 1
142.9130 	EXP 	rectangle: autoDraw = False
142.9130 	EXP 	text1: autoDraw = False
142.9298 	EXP 	ISI2: autoDraw = True
144.9136 	EXP 	ISI2: autoDraw = False
144.9136 	EXP 	rectangle: autoDraw = False
144.9136 	EXP 	text1: autoDraw = False
144.9136 	EXP 	ISI2: autoDraw = False
144.9136 	EXP 	feedback2_2: text = 8
144.9136 	EXP 	arrow2_2: color = '[ 1. -1. -1.] (rgb)'
144.9136 	EXP 	arrow2_2: text = '-$0.25'
144.9136 	EXP 	rectangle2_2: autoDraw = True
144.9136 	EXP 	feedback2_2: autoDraw = True
145.9139 	EXP 	feedback2_2: autoDraw = False
145.9306 	EXP 	arrow2_2: autoDraw = True
146.9142 	EXP 	rectangle2_2: autoDraw = False
146.9142 	EXP 	arrow2_2: autoDraw = False
146.9308 	EXP 	ITI2_2: autoDraw = True
148.8994 	EXP 	New trial (rep=0, index=15): OrderedDict([('selectBlock', 1)])
148.9006 	EXP 	Created sequence: sequential, trialTypes=1, nReps=1, seed=None
148.9007 	EXP 	New trial (rep=0, index=0): None
148.9147 	EXP 	ITI2_2: autoDraw = False
148.9147 	EXP 	rectangle2_2: autoDraw = False
148.9147 	EXP 	feedback2_2: autoDraw = False
148.9147 	EXP 	arrow2_2: autoDraw = False
148.9147 	EXP 	ITI2_2: autoDraw = False
148.9147 	EXP 	polygon: autoDraw = True
148.9147 	EXP 	text: autoDraw = True
149.7025 	DATA 	Keypress: 1
150.9155 	EXP 	polygon: autoDraw = False
150.9155 	EXP 	text: autoDraw = False
150.9320 	EXP 	ISI: autoDraw = True
152.9326 	EXP 	ISI: autoDraw = False
152.9326 	EXP 	polygon: autoDraw = False
152.9326 	EXP 	text: autoDraw = False
152.9326 	EXP 	ISI: autoDraw = False
152.9326 	EXP 	arrow1_2: color = '[-1.  1. -1.] (rgb)'
152.9326 	EXP 	arrow1_2: text = '+$0.50'
152.9326 	EXP 	polygon2_2: autoDraw = True
152.9326 	EXP 	feedback1_2: autoDraw = True
153.9163 	EXP 	feedback1_2: autoDraw = False
153.9331 	EXP 	arrow1_2: autoDraw = True
154.9169 	EXP 	polygon2_2: autoDraw = False
154.9169 	EXP 	arrow1_2: autoDraw = False
154.9335 	EXP 	ITI_2: autoDraw = True
156.9050 	EXP 	Created sequence: random, trialTypes=1, nReps=0, seed=None
156.9057 	EXP 	New trial (rep=0, index=16): OrderedDict([('selectBlock', 1)])
156.9075 	EXP 	Created sequence: sequential, trialTypes=1, nReps=1, seed=None
156.9081 	EXP 	New trial (rep=0, index=0): None
156.9174 	EXP 	polygon2_2: autoDraw = False
156.9174 	EXP 	feedback1_2: autoDraw = False
156.9174 	EXP 	arrow1_2: autoDraw = False
156.9174 	EXP 	ITI_2: autoDraw = False
156.9174 	EXP 	polygon: autoDraw = True
156.9174 	EXP 	text: autoDraw = True
158.6194 	DATA 	Keypress: 1
158.9180 	EXP 	polygon: autoDraw = False
158.9180 	EXP 	text: autoDraw = False
158.9346 	EXP 	ISI: autoDraw = True
160.9352 	EXP 	ISI: autoDraw = False
160.9352 	EXP 	polygon: autoDraw = False
160.9352 	EXP 	text: autoDraw = False
160.9352 	EXP 	ISI: autoDraw = False
160.9352 	EXP 	arrow1_2: color = '[-1.  1. -1.] (rgb)'
160.9352 	EXP 	arrow1_2: text = '+$0.50'
160.9352 	EXP 	polygon2_2: autoDraw = True
160.9352 	EXP 	feedback1_2: autoDraw = True
161.9186 	EXP 	feedback1_2: autoDraw = False
161.9355 	EXP 	arrow1_2: autoDraw = True
162.9192 	EXP 	polygon2_2: autoDraw = False
162.9192 	EXP 	arrow1_2: autoDraw = False
162.9358 	EXP 	ITI_2: autoDraw = True
164.9042 	EXP 	Created sequence: random, trialTypes=1, nReps=0, seed=None
164.9044 	EXP 	New trial (rep=0, index=17): OrderedDict([('selectBlock', 1)])
164.9054 	EXP 	Created sequence: sequential, trialTypes=1, nReps=1, seed=None
164.9056 	EXP 	New trial (rep=0, index=0): None
164.9196 	EXP 	ITI_2: autoDraw = False
164.9196 	EXP 	polygon2_2: autoDraw = False
164.9196 	EXP 	feedback1_2: autoDraw = False
164.9196 	EXP 	arrow1_2: autoDraw = False
164.9196 	EXP 	ITI_2: autoDraw = False
164.9196 	EXP 	polygon: autoDraw = True
164.9196 	EXP 	text: autoDraw = True
165.8888 	DATA 	Keypress: 2
166.9203 	EXP 	polygon: autoDraw = False
166.9203 	EXP 	text: autoDraw = False
166.9369 	EXP 	ISI: autoDraw = True
168.9373 	EXP 	ISI: autoDraw = False
168.9373 	EXP 	polygon: autoDraw = False
168.9373 	EXP 	text: autoDraw = False
168.9373 	EXP 	ISI: autoDraw = False
168.9373 	EXP 	arrow1_2: color = '[-1.  1. -1.] (rgb)'
168.9373 	EXP 	arrow1_2: text = '+$0.50'
168.9373 	EXP 	polygon2_2: autoDraw = True
168.9373 	EXP 	feedback1_2: autoDraw = True
169.9211 	EXP 	feedback1_2: autoDraw = False
169.9378 	EXP 	arrow1_2: autoDraw = True
170.9216 	EXP 	polygon2_2: autoDraw = False
170.9216 	EXP 	arrow1_2: autoDraw = False
170.9382 	EXP 	ITI_2: autoDraw = True
172.9096 	EXP 	Created sequence: random, trialTypes=1, nReps=0, seed=None
172.9103 	EXP 	New trial (rep=0, index=18): OrderedDict([('selectBlock', 1)])
172.9124 	EXP 	Created sequence: sequential, trialTypes=1, nReps=1, seed=None
172.9131 	EXP 	New trial (rep=0, index=0): None
172.9234 	EXP 	polygon2_2: autoDraw = False
172.9234 	EXP 	feedback1_2: autoDraw = False
172.9234 	EXP 	arrow1_2: autoDraw = False
172.9234 	EXP 	ITI_2: autoDraw = False
172.9234 	EXP 	polygon: autoDraw = True
172.9234 	EXP 	text: autoDraw = True
174.0266 	DATA 	Keypress: 2
174.9228 	EXP 	polygon: autoDraw = False
174.9228 	EXP 	text: autoDraw = False
174.9394 	EXP 	ISI: autoDraw = True
176.9232 	EXP 	ISI: autoDraw = False
176.9232 	EXP 	polygon: autoDraw = False
176.9232 	EXP 	text: autoDraw = False
176.9232 	EXP 	ISI: autoDraw = False
176.9232 	EXP 	arrow1_2: color = '[-1.  1. -1.] (rgb)'
176.9232 	EXP 	arrow1_2: text = '+$0.50'
176.9232 	EXP 	polygon2_2: autoDraw = True
176.9232 	EXP 	feedback1_2: autoDraw = True
177.9235 	EXP 	feedback1_2: autoDraw = False
177.9403 	EXP 	arrow1_2: autoDraw = True
178.9238 	EXP 	polygon2_2: autoDraw = False
178.9238 	EXP 	arrow1_2: autoDraw = False
178.9405 	EXP 	ITI_2: autoDraw = True
180.9095 	EXP 	Created sequence: random, trialTypes=1, nReps=0, seed=None
180.9098 	EXP 	New trial (rep=0, index=19): OrderedDict([('selectBlock', 2)])
180.9111 	EXP 	Created sequence: sequential, trialTypes=1, nReps=0, seed=None
180.9114 	EXP 	Created sequence: random, trialTypes=1, nReps=1, seed=None
180.9117 	EXP 	New trial (rep=0, index=0): None
180.9243 	EXP 	ITI_2: autoDraw = False
180.9243 	EXP 	polygon2_2: autoDraw = False
180.9243 	EXP 	feedback1_2: autoDraw = False
180.9243 	EXP 	arrow1_2: autoDraw = False
180.9243 	EXP 	ITI_2: autoDraw = False
180.9243 	EXP 	rectangle: autoDraw = True
180.9243 	EXP 	text1: autoDraw = True
181.5287 	DATA 	Keypress: num_1
182.9250 	EXP 	rectangle: autoDraw = False
182.9250 	EXP 	text1: autoDraw = False
182.9415 	EXP 	ISI2: autoDraw = True
184.9589 	EXP 	ISI2: autoDraw = False
184.9589 	EXP 	rectangle: autoDraw = False
184.9589 	EXP 	text1: autoDraw = False
184.9589 	EXP 	ISI2: autoDraw = False
184.9589 	EXP 	feedback2_2: text = 'No Response'
184.9589 	EXP 	arrow2_2: color = '[1. 1. 1.] (rgb)'
184.9589 	EXP 	arrow2_2: text = '#'
184.9589 	EXP 	rectangle2_2: autoDraw = True
184.9589 	EXP 	feedback2_2: autoDraw = True
185.9261 	EXP 	feedback2_2: autoDraw = False
185.9427 	EXP 	arrow2_2: autoDraw = True
186.9263 	EXP 	rectangle2_2: autoDraw = False
186.9263 	EXP 	arrow2_2: autoDraw = False
186.9430 	EXP 	ITI2_2: autoDraw = True
188.9155 	EXP 	New trial (rep=0, index=20): OrderedDict([('selectBlock', 2)])
188.9172 	EXP 	Created sequence: sequential, trialTypes=1, nReps=0, seed=None
188.9180 	EXP 	Created sequence: random, trialTypes=1, nReps=1, seed=None
188.9186 	EXP 	New trial (rep=0, index=0): None
188.9280 	EXP 	ITI2_2: autoDraw = False
188.9280 	EXP 	rectangle2_2: autoDraw = False
188.9280 	EXP 	feedback2_2: autoDraw = False
188.9280 	EXP 	arrow2_2: autoDraw = False
188.9280 	EXP 	ITI2_2: autoDraw = False
188.9280 	EXP 	rectangle: autoDraw = True
188.9280 	EXP 	text1: autoDraw = True
189.4288 	DATA 	Keypress: num_2
190.9275 	EXP 	rectangle: autoDraw = False
190.9275 	EXP 	text1: autoDraw = False
190.9442 	EXP 	ISI2: autoDraw = True
192.9282 	EXP 	ISI2: autoDraw = False
192.9282 	EXP 	rectangle: autoDraw = False
192.9282 	EXP 	text1: autoDraw = False
192.9282 	EXP 	ISI2: autoDraw = False
192.9282 	EXP 	feedback2_2: text = 'No Response'
192.9282 	EXP 	arrow2_2: color = '[1. 1. 1.] (rgb)'
192.9282 	EXP 	arrow2_2: text = '#'
192.9282 	EXP 	rectangle2_2: autoDraw = True
192.9282 	EXP 	feedback2_2: autoDraw = True
193.9282 	EXP 	feedback2_2: autoDraw = False
193.9449 	EXP 	arrow2_2: autoDraw = True
194.9288 	EXP 	rectangle2_2: autoDraw = False
194.9288 	EXP 	arrow2_2: autoDraw = False
194.9454 	EXP 	ITI2_2: autoDraw = True
196.9177 	EXP 	New trial (rep=0, index=21): OrderedDict([('selectBlock', 2)])
196.9195 	EXP 	Created sequence: sequential, trialTypes=1, nReps=0, seed=None
196.9204 	EXP 	Created sequence: random, trialTypes=1, nReps=1, seed=None
196.9210 	EXP 	New trial (rep=0, index=0): None
196.9304 	EXP 	ITI2_2: autoDraw = False
196.9304 	EXP 	rectangle2_2: autoDraw = False
196.9304 	EXP 	feedback2_2: autoDraw = False
196.9304 	EXP 	arrow2_2: autoDraw = False
196.9304 	EXP 	ITI2_2: autoDraw = False
196.9304 	EXP 	rectangle: autoDraw = True
196.9304 	EXP 	text1: autoDraw = True
198.1811 	DATA 	Keypress: 1
198.9299 	EXP 	rectangle: autoDraw = False
198.9299 	EXP 	text1: autoDraw = False
198.9466 	EXP 	ISI2: autoDraw = True
200.9306 	EXP 	ISI2: autoDraw = False
200.9306 	EXP 	rectangle: autoDraw = False
200.9306 	EXP 	text1: autoDraw = False
200.9306 	EXP 	ISI2: autoDraw = False
200.9306 	EXP 	feedback2_2: text = 8
200.9306 	EXP 	arrow2_2: color = '[ 1. -1. -1.] (rgb)'
200.9306 	EXP 	arrow2_2: text = '-$0.25'
200.9306 	EXP 	rectangle2_2: autoDraw = True
200.9306 	EXP 	feedback2_2: autoDraw = True
201.9309 	EXP 	feedback2_2: autoDraw = False
201.9475 	EXP 	arrow2_2: autoDraw = True
202.9309 	EXP 	rectangle2_2: autoDraw = False
202.9309 	EXP 	arrow2_2: autoDraw = False
202.9475 	EXP 	ITI2_2: autoDraw = True
204.9201 	EXP 	New trial (rep=0, index=22): OrderedDict([('selectBlock', 2)])
204.9219 	EXP 	Created sequence: sequential, trialTypes=1, nReps=0, seed=None
204.9227 	EXP 	Created sequence: random, trialTypes=1, nReps=1, seed=None
204.9233 	EXP 	New trial (rep=0, index=0): None
204.9328 	EXP 	ITI2_2: autoDraw = False
204.9328 	EXP 	rectangle2_2: autoDraw = False
204.9328 	EXP 	feedback2_2: autoDraw = False
204.9328 	EXP 	arrow2_2: autoDraw = False
204.9328 	EXP 	ITI2_2: autoDraw = False
204.9328 	EXP 	rectangle: autoDraw = True
204.9328 	EXP 	text1: autoDraw = True
206.9323 	EXP 	rectangle: autoDraw = False
206.9323 	EXP 	text1: autoDraw = False
206.9490 	EXP 	ISI2: autoDraw = True
208.9663 	EXP 	ISI2: autoDraw = False
208.9663 	EXP 	rectangle: autoDraw = False
208.9663 	EXP 	text1: autoDraw = False
208.9663 	EXP 	ISI2: autoDraw = False
208.9663 	EXP 	feedback2_2: text = 'No Response'
208.9663 	EXP 	arrow2_2: color = '[1. 1. 1.] (rgb)'
208.9663 	EXP 	arrow2_2: text = '#'
208.9663 	EXP 	rectangle2_2: autoDraw = True
208.9663 	EXP 	feedback2_2: autoDraw = True
209.7194 	DATA 	Keypress: 2
209.9333 	EXP 	feedback2_2: autoDraw = False
209.9499 	EXP 	arrow2_2: autoDraw = True
210.9336 	EXP 	rectangle2_2: autoDraw = False
210.9336 	EXP 	arrow2_2: autoDraw = False
210.9502 	EXP 	ITI2_2: autoDraw = True
212.9223 	EXP 	New trial (rep=0, index=23): OrderedDict([('selectBlock', 2)])
212.9240 	EXP 	Created sequence: sequential, trialTypes=1, nReps=0, seed=None
212.9248 	EXP 	Created sequence: random, trialTypes=1, nReps=1, seed=None
212.9254 	EXP 	New trial (rep=0, index=0): None
212.9345 	EXP 	ITI2_2: autoDraw = False
212.9345 	EXP 	rectangle2_2: autoDraw = False
212.9345 	EXP 	feedback2_2: autoDraw = False
212.9345 	EXP 	arrow2_2: autoDraw = False
212.9345 	EXP 	ITI2_2: autoDraw = False
212.9345 	EXP 	rectangle: autoDraw = True
212.9345 	EXP 	text1: autoDraw = True
213.2881 	DATA 	Keypress: 2
214.9348 	EXP 	rectangle: autoDraw = False
214.9348 	EXP 	text1: autoDraw = False
214.9514 	EXP 	ISI2: autoDraw = True
216.9352 	EXP 	ISI2: autoDraw = False
216.9352 	EXP 	rectangle: autoDraw = False
216.9352 	EXP 	text1: autoDraw = False
216.9352 	EXP 	ISI2: autoDraw = False
216.9352 	EXP 	feedback2_2: text = 2
216.9352 	EXP 	arrow2_2: color = '[ 1. -1. -1.] (rgb)'
216.9352 	EXP 	arrow2_2: text = '-$0.25'
216.9352 	EXP 	rectangle2_2: autoDraw = True
216.9352 	EXP 	feedback2_2: autoDraw = True
217.9357 	EXP 	feedback2_2: autoDraw = False
217.9523 	EXP 	arrow2_2: autoDraw = True
218.9358 	EXP 	rectangle2_2: autoDraw = False
218.9358 	EXP 	arrow2_2: autoDraw = False
218.9525 	EXP 	ITI2_2: autoDraw = True
219.8375 	DATA 	Keypress: 2
220.9225 	EXP 	New trial (rep=0, index=24): OrderedDict([('selectBlock', 2)])
220.9238 	EXP 	Created sequence: sequential, trialTypes=1, nReps=0, seed=None
220.9240 	EXP 	Created sequence: random, trialTypes=1, nReps=1, seed=None
220.9241 	EXP 	New trial (rep=0, index=0): None
220.9365 	EXP 	ITI2_2: autoDraw = False
220.9365 	EXP 	rectangle2_2: autoDraw = False
220.9365 	EXP 	feedback2_2: autoDraw = False
220.9365 	EXP 	arrow2_2: autoDraw = False
220.9365 	EXP 	ITI2_2: autoDraw = False
220.9365 	EXP 	rectangle: autoDraw = True
220.9365 	EXP 	text1: autoDraw = True
221.5223 	DATA 	Keypress: 2
222.9372 	EXP 	rectangle: autoDraw = False
222.9372 	EXP 	text1: autoDraw = False
222.9538 	EXP 	ISI2: autoDraw = True
224.9544 	EXP 	ISI2: autoDraw = False
224.9544 	EXP 	rectangle: autoDraw = False
224.9544 	EXP 	text1: autoDraw = False
224.9544 	EXP 	ISI2: autoDraw = False
224.9544 	EXP 	feedback2_2: text = 3
224.9544 	EXP 	arrow2_2: color = '[ 1. -1. -1.] (rgb)'
224.9544 	EXP 	arrow2_2: text = '-$0.25'
224.9544 	EXP 	rectangle2_2: autoDraw = True
224.9544 	EXP 	feedback2_2: autoDraw = True
225.9379 	EXP 	feedback2_2: autoDraw = False
225.9545 	EXP 	arrow2_2: autoDraw = True
226.9381 	EXP 	rectangle2_2: autoDraw = False
226.9381 	EXP 	arrow2_2: autoDraw = False
226.9547 	EXP 	ITI2_2: autoDraw = True
228.9390 	EXP 	ITI2_2: autoDraw = False
228.9390 	EXP 	rectangle2_2: autoDraw = False
228.9390 	EXP 	feedback2_2: autoDraw = False
228.9390 	EXP 	arrow2_2: autoDraw = False
228.9390 	EXP 	ITI2_2: autoDraw = False
228.9390 	EXP 	Finished: autoDraw = True
242.2283 	DATA 	Keypress: space
242.2429 	EXP 	Finished: autoDraw = False
242.3472 	EXP 	window1: mouseVisible = True
