6.6153 	WARNING 	User requested fullscreen with size [1024  768], but screen is actually [1920, 1080]. Using actual size
7.1080 	DATA 	Keypress: return
7.2139 	DATA 	Keypress: return
7.5464 	EXP 	Created window1 = Window(allowGUI=False, allowStencil=False, args=UNKNOWN, autoLog=True, bitsMode=UNKNOWN, blendMode='avg', color=array([0., 0., 0.]), colorSpace='rgb', fullscr=<method-wrapper '__getattribute__' of attributeSetter object at 0x000000001AB6E048>, gamma=None, kwargs=UNKNOWN, lms=UNKNOWN, monitor=<psychopy.monitors.calibTools.Monitor object at 0x000000001ABB3E10>, multiSample=False, name='window1', numSamples=2, pos=[0.0, 0.0], screen=0, size=array([1920, 1080]), stereo=False, units='norm', useFBO=True, useRetina=False, viewOri=0.0, viewPos=None, viewScale=None, waitBlanking=True, winType='pyglet')
7.5465 	EXP 	window1: recordFrameIntervals = False
7.7111 	EXP 	window1: recordFrameIntervals = True
7.8955 	EXP 	window1: recordFrameIntervals = False
8.1874 	EXP 	Created Welcome = TextStim(__class__=<class 'psychopy.visual.text.TextStim'>, alignHoriz='center', alignVert='center', antialias=True, autoLog=True, bold=False, color='white', colorSpace='named', contrast=1.0, depth=0.0, flipHoriz=False, flipVert=False, font='Arial', fontFiles=[], height=0.1, italic=False, languageStyle='LTR', name='Welcome', opacity=1.0, ori=0, pos=array([0., 0.]), rgb=array([255., 255., 255.]), text=str(...), units='norm', win=Window(...), wrapWidth=1)
8.1902 	EXP 	Created firstTrialITI = TextStim(__class__=<class 'psychopy.visual.text.TextStim'>, alignHoriz='center', alignVert='center', antialias=True, autoLog=True, bold=False, color='white', colorSpace='named', contrast=1.0, depth=0.0, flipHoriz=False, flipVert=False, font='Arial', fontFiles=[], height=0.1, italic=False, languageStyle='LTR', name='firstTrialITI', opacity=1.0, ori=0, pos=array([0., 0.]), rgb=array([255., 255., 255.]), text='+', units='norm', win=Window(...), wrapWidth=1)
8.1918 	EXP 	Created polygon = Rect(__class__=<class 'psychopy.visual.rect.Rect'>, autoDraw=False, autoLog=True, closeShape=True, color=method-wrapper(...), colorSpace=None, contrast=1.0, depth=0.0, fillColor=array([0., 0., 0.]), fillColorSpace='rgb', fillRGB=array([0., 0., 0.]), interpolate=True, lineColor=array([1., 1., 1.]), lineColorSpace='rgb', lineRGB=array([1., 1., 1.]), lineWidth=5, name='polygon', opacity=1.0, ori=array(0.), pos=array([0., 0.]), size=array([1., 1.]), units='norm', vertices=ndarray(...), win=Window(...))
8.1946 	EXP 	Created text = TextStim(__class__=<class 'psychopy.visual.text.TextStim'>, alignHoriz='center', alignVert='center', antialias=True, autoLog=True, bold=False, color='white', colorSpace='named', contrast=1.0, depth=-1.0, flipHoriz=False, flipVert=False, font='Arial', fontFiles=[], height=0.1, italic=False, languageStyle='LTR', name='text', opacity=1.0, ori=0, pos=array([0., 0.]), rgb=array([255., 255., 255.]), text='?', units='norm', win=Window(...), wrapWidth=1)
8.1963 	EXP 	Created ISI = TextStim(__class__=<class 'psychopy.visual.text.TextStim'>, alignHoriz='center', alignVert='center', antialias=True, autoLog=True, bold=False, color='white', colorSpace='named', contrast=1.0, depth=-4.0, flipHoriz=False, flipVert=False, font='Arial', fontFiles=[], height=0.1, italic=False, languageStyle='LTR', name='ISI', opacity=1.0, ori=0, pos=array([0., 0.]), rgb=array([255., 255., 255.]), text='+', units='norm', win=Window(...), wrapWidth=1)
8.1973 	EXP 	Created polygon2_2 = Rect(__class__=<class 'psychopy.visual.rect.Rect'>, autoDraw=False, autoLog=True, closeShape=True, color=method-wrapper(...), colorSpace=None, contrast=1.0, depth=0.0, fillColor=array([0., 0., 0.]), fillColorSpace='rgb', fillRGB=array([0., 0., 0.]), interpolate=True, lineColor=array([1., 1., 1.]), lineColorSpace='rgb', lineRGB=array([1., 1., 1.]), lineWidth=5, name='polygon2_2', opacity=1.0, ori=array(0.), pos=array([0., 0.]), size=array([1., 1.]), units='norm', vertices=ndarray(...), win=Window(...))
8.2023 	EXP 	Created feedback1_2 = TextStim(__class__=<class 'psychopy.visual.text.TextStim'>, alignHoriz='center', alignVert='center', antialias=True, autoLog=True, bold=False, color='white', colorSpace='named', contrast=1.0, depth=-1.0, flipHoriz=False, flipVert=False, font='Arial', fontFiles=[], height=0.1, italic=False, languageStyle='LTR', name='feedback1_2', opacity=1.0, ori=0, pos=array([0., 0.]), rgb=array([255., 255., 255.]), text='default text', units='norm', win=Window(...), wrapWidth=1)
8.2063 	EXP 	Created arrow1_2 = TextStim(__class__=<class 'psychopy.visual.text.TextStim'>, alignHoriz='center', alignVert='center', antialias=True, autoLog=True, bold=False, color='white', colorSpace='named', contrast=1.0, depth=-2.0, flipHoriz=False, flipVert=False, font='Arial', fontFiles=[], height=0.1, italic=False, languageStyle='LTR', name='arrow1_2', opacity=1.0, ori=0, pos=array([0., 0.]), rgb=array([255., 255., 255.]), text='default text', units='norm', win=Window(...), wrapWidth=1)
8.2081 	EXP 	Created ITI_2 = TextStim(__class__=<class 'psychopy.visual.text.TextStim'>, alignHoriz='center', alignVert='center', antialias=True, autoLog=True, bold=False, color='white', colorSpace='named', contrast=1.0, depth=-3.0, flipHoriz=False, flipVert=False, font='Arial', fontFiles=[], height=0.1, italic=False, languageStyle='LTR', name='ITI_2', opacity=1.0, ori=0, pos=array([0., 0.]), rgb=array([255., 255., 255.]), text='+', units='norm', win=Window(...), wrapWidth=1)
8.2091 	EXP 	Created rectangle = Rect(__class__=<class 'psychopy.visual.rect.Rect'>, autoDraw=False, autoLog=True, closeShape=True, color=method-wrapper(...), colorSpace=None, contrast=1.0, depth=0.0, fillColor=array([0., 0., 0.]), fillColorSpace='rgb', fillRGB=array([0., 0., 0.]), interpolate=True, lineColor=array([1., 1., 1.]), lineColorSpace='rgb', lineRGB=array([1., 1., 1.]), lineWidth=5, name='rectangle', opacity=1.0, ori=array(0.), pos=array([0., 0.]), size=array([1., 1.]), units='norm', vertices=ndarray(...), win=Window(...))
8.2108 	EXP 	Created text1 = TextStim(__class__=<class 'psychopy.visual.text.TextStim'>, alignHoriz='center', alignVert='center', antialias=True, autoLog=True, bold=False, color='white', colorSpace='named', contrast=1.0, depth=-1.0, flipHoriz=False, flipVert=False, font='Arial', fontFiles=[], height=0.1, italic=False, languageStyle='LTR', name='text1', opacity=1.0, ori=0, pos=array([0., 0.]), rgb=array([255., 255., 255.]), text='?', units='norm', win=Window(...), wrapWidth=1)
8.2125 	EXP 	Created ISI2 = TextStim(__class__=<class 'psychopy.visual.text.TextStim'>, alignHoriz='center', alignVert='center', antialias=True, autoLog=True, bold=False, color='white', colorSpace='named', contrast=1.0, depth=-4.0, flipHoriz=False, flipVert=False, font='Arial', fontFiles=[], height=0.1, italic=False, languageStyle='LTR', name='ISI2', opacity=1.0, ori=0, pos=array([0., 0.]), rgb=array([255., 255., 255.]), text='+', units='norm', win=Window(...), wrapWidth=1)
8.2135 	EXP 	Created rectangle2_2 = Rect(__class__=<class 'psychopy.visual.rect.Rect'>, autoDraw=False, autoLog=True, closeShape=True, color=method-wrapper(...), colorSpace=None, contrast=1.0, depth=0.0, fillColor=array([0., 0., 0.]), fillColorSpace='rgb', fillRGB=array([0., 0., 0.]), interpolate=True, lineColor=array([1., 1., 1.]), lineColorSpace='rgb', lineRGB=array([1., 1., 1.]), lineWidth=5, name='rectangle2_2', opacity=1.0, ori=array(0.), pos=array([0., 0.]), size=array([1., 1.]), units='norm', vertices=ndarray(...), win=Window(...))
8.2176 	EXP 	Created feedback2_2 = TextStim(__class__=<class 'psychopy.visual.text.TextStim'>, alignHoriz='center', alignVert='center', antialias=True, autoLog=True, bold=False, color=array([1., 1., 1.]), colorSpace='rgb', contrast=1.0, depth=-1.0, flipHoriz=False, flipVert=False, font='Arial', fontFiles=[], height=0.1, italic=False, languageStyle='LTR', name='feedback2_2', opacity=1.0, ori=0, pos=array([0., 0.]), rgb=array([1., 1., 1.]), text='default text', units='norm', win=Window(...), wrapWidth=1)
8.2215 	EXP 	Created arrow2_2 = TextStim(__class__=<class 'psychopy.visual.text.TextStim'>, alignHoriz='center', alignVert='center', antialias=True, autoLog=True, bold=False, color='white', colorSpace='named', contrast=1.0, depth=-2.0, flipHoriz=False, flipVert=False, font='Arial', fontFiles=[], height=0.1, italic=False, languageStyle='LTR', name='arrow2_2', opacity=1.0, ori=0, pos=array([0., 0.]), rgb=array([255., 255., 255.]), text='default text', units='norm', win=Window(...), wrapWidth=0.2)
8.2233 	EXP 	Created ITI2_2 = TextStim(__class__=<class 'psychopy.visual.text.TextStim'>, alignHoriz='center', alignVert='center', antialias=True, autoLog=True, bold=False, color='white', colorSpace='named', contrast=1.0, depth=-3.0, flipHoriz=False, flipVert=False, font='Arial', fontFiles=[], height=0.1, italic=False, languageStyle='LTR', name='ITI2_2', opacity=1.0, ori=0, pos=array([0., 0.]), rgb=array([255., 255., 255.]), text='+', units='norm', win=Window(...), wrapWidth=1)
8.2450 	EXP 	Created Finished = TextStim(__class__=<class 'psychopy.visual.text.TextStim'>, alignHoriz='center', alignVert='center', antialias=True, autoLog=True, bold=False, color='white', colorSpace='named', contrast=1.0, depth=0.0, flipHoriz=False, flipVert=False, font='Arial', fontFiles=[], height=0.1, italic=False, languageStyle='LTR', name='Finished', opacity=1.0, ori=0, pos=array([0., 0.]), rgb=array([255., 255., 255.]), text=str(...), units='norm', win=Window(...), wrapWidth=1)
8.2796 	EXP 	Welcome: autoDraw = True
28.8060 	DATA 	Keypress: space
28.8178 	EXP 	Welcome: autoDraw = False
28.8178 	EXP 	firstTrialITI: autoDraw = True
34.8495 	EXP 	Imported spreadsheet5.xlsx as conditions, 25 conditions, 1 params
34.8500 	EXP 	Created sequence: fullRandom, trialTypes=25, nReps=1, seed=None
34.8504 	EXP 	New trial (rep=0, index=0): OrderedDict([('selectBlock', 2)])
34.8514 	EXP 	Created sequence: sequential, trialTypes=1, nReps=0, seed=None
34.8517 	EXP 	Created sequence: random, trialTypes=1, nReps=1, seed=None
34.8519 	EXP 	New trial (rep=0, index=0): None
34.8692 	EXP 	firstTrialITI: autoDraw = False
34.8692 	EXP 	firstTrialITI: autoDraw = False
34.8692 	EXP 	rectangle: autoDraw = True
34.8692 	EXP 	text1: autoDraw = True
36.8702 	EXP 	rectangle: autoDraw = False
36.8702 	EXP 	text1: autoDraw = False
36.8702 	EXP 	ISI2: autoDraw = True
38.9040 	EXP 	rectangle: autoDraw = False
38.9040 	EXP 	text1: autoDraw = False
38.9040 	EXP 	ISI2: autoDraw = False
38.9040 	EXP 	feedback2_2: text = 'No Response'
38.9040 	EXP 	arrow2_2: color = '[1. 1. 1.] (rgb)'
38.9040 	EXP 	arrow2_2: text = '#'
38.9040 	EXP 	rectangle2_2: autoDraw = True
38.9040 	EXP 	feedback2_2: autoDraw = True
39.8710 	EXP 	feedback2_2: autoDraw = False
39.8877 	EXP 	arrow2_2: autoDraw = True
40.4903 	DATA 	Keypress: 1
40.8714 	EXP 	rectangle2_2: autoDraw = False
40.8714 	EXP 	arrow2_2: autoDraw = False
40.8880 	EXP 	ITI2_2: autoDraw = True
42.5242 	DATA 	Keypress: 1
42.8595 	EXP 	New trial (rep=0, index=1): OrderedDict([('selectBlock', 2)])
42.8615 	EXP 	Created sequence: sequential, trialTypes=1, nReps=0, seed=None
42.8623 	EXP 	Created sequence: random, trialTypes=1, nReps=1, seed=None
42.8630 	EXP 	New trial (rep=0, index=0): None
42.8734 	EXP 	rectangle2_2: autoDraw = False
42.8734 	EXP 	feedback2_2: autoDraw = False
42.8734 	EXP 	arrow2_2: autoDraw = False
42.8734 	EXP 	ITI2_2: autoDraw = False
42.8734 	EXP 	rectangle: autoDraw = True
42.8734 	EXP 	text1: autoDraw = True
44.8725 	EXP 	rectangle: autoDraw = False
44.8725 	EXP 	text1: autoDraw = False
44.8892 	EXP 	ISI2: autoDraw = True
45.4255 	DATA 	Keypress: 1
46.8731 	EXP 	ISI2: autoDraw = False
46.8731 	EXP 	rectangle: autoDraw = False
46.8731 	EXP 	text1: autoDraw = False
46.8731 	EXP 	ISI2: autoDraw = False
46.8731 	EXP 	feedback2_2: text = 'No Response'
46.8731 	EXP 	arrow2_2: color = '[1. 1. 1.] (rgb)'
46.8731 	EXP 	arrow2_2: text = '#'
46.8731 	EXP 	rectangle2_2: autoDraw = True
46.8731 	EXP 	feedback2_2: autoDraw = True
47.8734 	EXP 	feedback2_2: autoDraw = False
47.8901 	EXP 	arrow2_2: autoDraw = True
48.4768 	DATA 	Keypress: 2
48.8737 	EXP 	rectangle2_2: autoDraw = False
48.8737 	EXP 	arrow2_2: autoDraw = False
48.8904 	EXP 	ITI2_2: autoDraw = True
49.5436 	DATA 	Keypress: 2
50.8630 	EXP 	New trial (rep=0, index=2): OrderedDict([('selectBlock', 1)])
50.8648 	EXP 	Created sequence: sequential, trialTypes=1, nReps=1, seed=None
50.8655 	EXP 	New trial (rep=0, index=0): None
50.8762 	EXP 	ITI2_2: autoDraw = False
50.8762 	EXP 	rectangle2_2: autoDraw = False
50.8762 	EXP 	feedback2_2: autoDraw = False
50.8762 	EXP 	arrow2_2: autoDraw = False
50.8762 	EXP 	ITI2_2: autoDraw = False
50.8762 	EXP 	polygon: autoDraw = True
50.8762 	EXP 	text: autoDraw = True
51.2278 	DATA 	Keypress: 2
52.8749 	EXP 	polygon: autoDraw = False
52.8749 	EXP 	text: autoDraw = False
52.8916 	EXP 	ISI: autoDraw = True
54.9088 	EXP 	ISI: autoDraw = False
54.9088 	EXP 	polygon: autoDraw = False
54.9088 	EXP 	text: autoDraw = False
54.9088 	EXP 	ISI: autoDraw = False
54.9088 	EXP 	arrow1_2: color = '[-1.  1. -1.] (rgb)'
54.9088 	EXP 	arrow1_2: text = '+$0.50'
54.9088 	EXP 	polygon2_2: autoDraw = True
54.9088 	EXP 	feedback1_2: autoDraw = True
55.8757 	EXP 	feedback1_2: autoDraw = False
55.8923 	EXP 	arrow1_2: autoDraw = True
56.3797 	DATA 	Keypress: 1
56.8761 	EXP 	polygon2_2: autoDraw = False
56.8761 	EXP 	arrow1_2: autoDraw = False
56.8928 	EXP 	ITI_2: autoDraw = True
58.8655 	EXP 	Created sequence: random, trialTypes=1, nReps=0, seed=None
58.8662 	EXP 	New trial (rep=0, index=3): OrderedDict([('selectBlock', 1)])
58.8682 	EXP 	Created sequence: sequential, trialTypes=1, nReps=1, seed=None
58.8688 	EXP 	New trial (rep=0, index=0): None
58.8933 	EXP 	ITI_2: autoDraw = False
58.8933 	EXP 	polygon2_2: autoDraw = False
58.8933 	EXP 	feedback1_2: autoDraw = False
58.8933 	EXP 	arrow1_2: autoDraw = False
58.8933 	EXP 	ITI_2: autoDraw = False
58.8933 	EXP 	polygon: autoDraw = True
58.8933 	EXP 	text: autoDraw = True
59.6312 	DATA 	Keypress: 1
60.8768 	EXP 	polygon: autoDraw = False
60.8768 	EXP 	text: autoDraw = False
60.8935 	EXP 	ISI: autoDraw = True
62.8945 	EXP 	ISI: autoDraw = False
62.8945 	EXP 	polygon: autoDraw = False
62.8945 	EXP 	text: autoDraw = False
62.8945 	EXP 	ISI: autoDraw = False
62.8945 	EXP 	arrow1_2: color = '[-1.  1. -1.] (rgb)'
62.8945 	EXP 	arrow1_2: text = '+$0.50'
62.8945 	EXP 	polygon2_2: autoDraw = True
62.8945 	EXP 	feedback1_2: autoDraw = True
63.4035 	DATA 	Keypress: 2
63.8779 	EXP 	feedback1_2: autoDraw = False
63.8948 	EXP 	arrow1_2: autoDraw = True
64.8785 	EXP 	polygon2_2: autoDraw = False
64.8785 	EXP 	arrow1_2: autoDraw = False
64.8952 	EXP 	ITI_2: autoDraw = True
66.4811 	DATA 	Keypress: 2
66.8678 	EXP 	Created sequence: random, trialTypes=1, nReps=0, seed=None
66.8685 	EXP 	New trial (rep=0, index=4): OrderedDict([('selectBlock', 2)])
66.8705 	EXP 	Created sequence: sequential, trialTypes=1, nReps=0, seed=None
66.8714 	EXP 	Created sequence: random, trialTypes=1, nReps=1, seed=None
66.8720 	EXP 	New trial (rep=0, index=0): None
66.8957 	EXP 	ITI_2: autoDraw = False
66.8957 	EXP 	polygon2_2: autoDraw = False
66.8957 	EXP 	feedback1_2: autoDraw = False
66.8957 	EXP 	arrow1_2: autoDraw = False
66.8957 	EXP 	ITI_2: autoDraw = False
66.8957 	EXP 	rectangle: autoDraw = True
66.8957 	EXP 	text1: autoDraw = True
68.1997 	DATA 	Keypress: 2
68.8797 	EXP 	rectangle: autoDraw = False
68.8797 	EXP 	text1: autoDraw = False
68.8963 	EXP 	ISI2: autoDraw = True
70.9135 	EXP 	ISI2: autoDraw = False
70.9135 	EXP 	rectangle: autoDraw = False
70.9135 	EXP 	text1: autoDraw = False
70.9135 	EXP 	ISI2: autoDraw = False
70.9135 	EXP 	feedback2_2: text = 2
70.9135 	EXP 	arrow2_2: color = '[ 1. -1. -1.] (rgb)'
70.9135 	EXP 	arrow2_2: text = '-$0.25'
70.9135 	EXP 	rectangle2_2: autoDraw = True
70.9135 	EXP 	feedback2_2: autoDraw = True
71.8806 	EXP 	feedback2_2: autoDraw = False
71.8972 	EXP 	arrow2_2: autoDraw = True
72.8809 	EXP 	rectangle2_2: autoDraw = False
72.8809 	EXP 	arrow2_2: autoDraw = False
72.8975 	EXP 	ITI2_2: autoDraw = True
73.9836 	DATA 	Keypress: 2
74.8701 	EXP 	New trial (rep=0, index=5): OrderedDict([('selectBlock', 1)])
74.8718 	EXP 	Created sequence: sequential, trialTypes=1, nReps=1, seed=None
74.8725 	EXP 	New trial (rep=0, index=0): None
74.8826 	EXP 	ITI2_2: autoDraw = False
74.8826 	EXP 	rectangle2_2: autoDraw = False
74.8826 	EXP 	feedback2_2: autoDraw = False
74.8826 	EXP 	arrow2_2: autoDraw = False
74.8826 	EXP 	ITI2_2: autoDraw = False
74.8826 	EXP 	polygon: autoDraw = True
74.8826 	EXP 	text: autoDraw = True
75.1349 	DATA 	Keypress: 2
76.8820 	EXP 	polygon: autoDraw = False
76.8820 	EXP 	text: autoDraw = False
76.8987 	EXP 	ISI: autoDraw = True
78.8993 	EXP 	ISI: autoDraw = False
78.8993 	EXP 	polygon: autoDraw = False
78.8993 	EXP 	text: autoDraw = False
78.8993 	EXP 	ISI: autoDraw = False
78.8993 	EXP 	arrow1_2: color = '[-1.  1. -1.] (rgb)'
78.8993 	EXP 	arrow1_2: text = '+$0.50'
78.8993 	EXP 	polygon2_2: autoDraw = True
78.8993 	EXP 	feedback1_2: autoDraw = True
79.8829 	EXP 	feedback1_2: autoDraw = False
79.8996 	EXP 	arrow1_2: autoDraw = True
80.8832 	EXP 	polygon2_2: autoDraw = False
80.8832 	EXP 	arrow1_2: autoDraw = False
80.8999 	EXP 	ITI_2: autoDraw = True
82.2698 	DATA 	Keypress: 1
82.8725 	EXP 	Created sequence: random, trialTypes=1, nReps=0, seed=None
82.8732 	EXP 	New trial (rep=0, index=6): OrderedDict([('selectBlock', 1)])
82.8751 	EXP 	Created sequence: sequential, trialTypes=1, nReps=1, seed=None
82.8758 	EXP 	New trial (rep=0, index=0): None
82.8859 	EXP 	ITI_2: autoDraw = False
82.8859 	EXP 	polygon2_2: autoDraw = False
82.8859 	EXP 	feedback1_2: autoDraw = False
82.8859 	EXP 	arrow1_2: autoDraw = False
82.8859 	EXP 	ITI_2: autoDraw = False
82.8859 	EXP 	polygon: autoDraw = True
82.8859 	EXP 	text: autoDraw = True
83.3211 	DATA 	Keypress: 1
84.8844 	EXP 	polygon: autoDraw = False
84.8844 	EXP 	text: autoDraw = False
84.9011 	EXP 	ISI: autoDraw = True
86.9016 	EXP 	ISI: autoDraw = False
86.9016 	EXP 	polygon: autoDraw = False
86.9016 	EXP 	text: autoDraw = False
86.9016 	EXP 	ISI: autoDraw = False
86.9016 	EXP 	arrow1_2: color = '[-1.  1. -1.] (rgb)'
86.9016 	EXP 	arrow1_2: text = '+$0.50'
86.9016 	EXP 	polygon2_2: autoDraw = True
86.9016 	EXP 	feedback1_2: autoDraw = True
87.8852 	EXP 	feedback1_2: autoDraw = False
87.9019 	EXP 	arrow1_2: autoDraw = True
88.8856 	EXP 	polygon2_2: autoDraw = False
88.8856 	EXP 	arrow1_2: autoDraw = False
88.9023 	EXP 	ITI_2: autoDraw = True
90.8748 	EXP 	Created sequence: random, trialTypes=1, nReps=0, seed=None
90.8755 	EXP 	New trial (rep=0, index=7): OrderedDict([('selectBlock', 1)])
90.8775 	EXP 	Created sequence: sequential, trialTypes=1, nReps=1, seed=None
90.8781 	EXP 	New trial (rep=0, index=0): None
90.8883 	EXP 	ITI_2: autoDraw = False
90.8883 	EXP 	polygon2_2: autoDraw = False
90.8883 	EXP 	feedback1_2: autoDraw = False
90.8883 	EXP 	arrow1_2: autoDraw = False
90.8883 	EXP 	ITI_2: autoDraw = False
90.8883 	EXP 	polygon: autoDraw = True
90.8883 	EXP 	text: autoDraw = True
92.3405 	DATA 	Keypress: 2
92.8868 	EXP 	polygon: autoDraw = False
92.8868 	EXP 	text: autoDraw = False
92.9035 	EXP 	ISI: autoDraw = True
94.9040 	EXP 	ISI: autoDraw = False
94.9040 	EXP 	polygon: autoDraw = False
94.9040 	EXP 	text: autoDraw = False
94.9040 	EXP 	ISI: autoDraw = False
94.9040 	EXP 	arrow1_2: color = '[-1.  1. -1.] (rgb)'
94.9040 	EXP 	arrow1_2: text = '+$0.50'
94.9040 	EXP 	polygon2_2: autoDraw = True
94.9040 	EXP 	feedback1_2: autoDraw = True
95.8877 	EXP 	feedback1_2: autoDraw = False
95.9044 	EXP 	arrow1_2: autoDraw = True
96.8880 	EXP 	polygon2_2: autoDraw = False
96.8880 	EXP 	arrow1_2: autoDraw = False
96.9047 	EXP 	ITI_2: autoDraw = True
98.8574 	DATA 	Keypress: 1
98.8771 	EXP 	Created sequence: random, trialTypes=1, nReps=0, seed=None
98.8779 	EXP 	New trial (rep=0, index=8): OrderedDict([('selectBlock', 2)])
98.8798 	EXP 	Created sequence: sequential, trialTypes=1, nReps=0, seed=None
98.8807 	EXP 	Created sequence: random, trialTypes=1, nReps=1, seed=None
98.8813 	EXP 	New trial (rep=0, index=0): None
98.9052 	EXP 	ITI_2: autoDraw = False
98.9052 	EXP 	polygon2_2: autoDraw = False
98.9052 	EXP 	feedback1_2: autoDraw = False
98.9052 	EXP 	arrow1_2: autoDraw = False
98.9052 	EXP 	ITI_2: autoDraw = False
98.9052 	EXP 	rectangle: autoDraw = True
98.9052 	EXP 	text1: autoDraw = True
99.4258 	DATA 	Keypress: 1
100.8892 	EXP 	rectangle: autoDraw = False
100.8892 	EXP 	text1: autoDraw = False
100.9059 	EXP 	ISI2: autoDraw = True
102.9064 	EXP 	ISI2: autoDraw = False
102.9064 	EXP 	rectangle: autoDraw = False
102.9064 	EXP 	text1: autoDraw = False
102.9064 	EXP 	ISI2: autoDraw = False
102.9064 	EXP 	feedback2_2: text = 6
102.9064 	EXP 	arrow2_2: color = '[ 1. -1. -1.] (rgb)'
102.9064 	EXP 	arrow2_2: text = '-$0.25'
102.9064 	EXP 	rectangle2_2: autoDraw = True
102.9064 	EXP 	feedback2_2: autoDraw = True
103.8901 	EXP 	feedback2_2: autoDraw = False
103.9067 	EXP 	arrow2_2: autoDraw = True
104.8904 	EXP 	rectangle2_2: autoDraw = False
104.8904 	EXP 	arrow2_2: autoDraw = False
104.9070 	EXP 	ITI2_2: autoDraw = True
106.8794 	EXP 	New trial (rep=0, index=9): OrderedDict([('selectBlock', 2)])
106.8811 	EXP 	Created sequence: sequential, trialTypes=1, nReps=0, seed=None
106.8820 	EXP 	Created sequence: random, trialTypes=1, nReps=1, seed=None
106.8826 	EXP 	New trial (rep=0, index=0): None
106.8929 	EXP 	ITI2_2: autoDraw = False
106.8929 	EXP 	rectangle2_2: autoDraw = False
106.8929 	EXP 	feedback2_2: autoDraw = False
106.8929 	EXP 	arrow2_2: autoDraw = False
106.8929 	EXP 	ITI2_2: autoDraw = False
106.8929 	EXP 	rectangle: autoDraw = True
106.8929 	EXP 	text1: autoDraw = True
107.2284 	DATA 	Keypress: 1
108.8916 	EXP 	rectangle: autoDraw = False
108.8916 	EXP 	text1: autoDraw = False
108.9083 	EXP 	ISI2: autoDraw = True
110.9089 	EXP 	ISI2: autoDraw = False
110.9089 	EXP 	rectangle: autoDraw = False
110.9089 	EXP 	text1: autoDraw = False
110.9089 	EXP 	ISI2: autoDraw = False
110.9089 	EXP 	feedback2_2: text = 7
110.9089 	EXP 	arrow2_2: color = '[ 1. -1. -1.] (rgb)'
110.9089 	EXP 	arrow2_2: text = '-$0.25'
110.9089 	EXP 	rectangle2_2: autoDraw = True
110.9089 	EXP 	feedback2_2: autoDraw = True
111.8925 	EXP 	feedback2_2: autoDraw = False
111.9091 	EXP 	arrow2_2: autoDraw = True
112.8927 	EXP 	rectangle2_2: autoDraw = False
112.8927 	EXP 	arrow2_2: autoDraw = False
112.9094 	EXP 	ITI2_2: autoDraw = True
114.8817 	EXP 	New trial (rep=0, index=10): OrderedDict([('selectBlock', 2)])
114.8835 	EXP 	Created sequence: sequential, trialTypes=1, nReps=0, seed=None
114.8843 	EXP 	Created sequence: random, trialTypes=1, nReps=1, seed=None
114.8850 	EXP 	New trial (rep=0, index=0): None
114.8952 	EXP 	ITI2_2: autoDraw = False
114.8952 	EXP 	rectangle2_2: autoDraw = False
114.8952 	EXP 	feedback2_2: autoDraw = False
114.8952 	EXP 	arrow2_2: autoDraw = False
114.8952 	EXP 	ITI2_2: autoDraw = False
114.8952 	EXP 	rectangle: autoDraw = True
114.8952 	EXP 	text1: autoDraw = True
115.5305 	DATA 	Keypress: 2
116.8939 	EXP 	rectangle: autoDraw = False
116.8939 	EXP 	text1: autoDraw = False
116.9106 	EXP 	ISI2: autoDraw = True
118.9112 	EXP 	ISI2: autoDraw = False
118.9112 	EXP 	rectangle: autoDraw = False
118.9112 	EXP 	text1: autoDraw = False
118.9112 	EXP 	ISI2: autoDraw = False
118.9112 	EXP 	feedback2_2: text = 1
118.9112 	EXP 	arrow2_2: color = '[ 1. -1. -1.] (rgb)'
118.9112 	EXP 	arrow2_2: text = '-$0.25'
118.9112 	EXP 	rectangle2_2: autoDraw = True
118.9112 	EXP 	feedback2_2: autoDraw = True
119.8948 	EXP 	feedback2_2: autoDraw = False
119.9115 	EXP 	arrow2_2: autoDraw = True
120.8951 	EXP 	rectangle2_2: autoDraw = False
120.8951 	EXP 	arrow2_2: autoDraw = False
120.9117 	EXP 	ITI2_2: autoDraw = True
122.8840 	EXP 	New trial (rep=0, index=11): OrderedDict([('selectBlock', 1)])
122.8858 	EXP 	Created sequence: sequential, trialTypes=1, nReps=1, seed=None
122.8864 	EXP 	New trial (rep=0, index=0): None
122.8966 	EXP 	ITI2_2: autoDraw = False
122.8966 	EXP 	rectangle2_2: autoDraw = False
122.8966 	EXP 	feedback2_2: autoDraw = False
122.8966 	EXP 	arrow2_2: autoDraw = False
122.8966 	EXP 	ITI2_2: autoDraw = False
122.8966 	EXP 	polygon: autoDraw = True
122.8966 	EXP 	text: autoDraw = True
123.4493 	DATA 	Keypress: 2
124.8963 	EXP 	polygon: autoDraw = False
124.8963 	EXP 	text: autoDraw = False
124.9130 	EXP 	ISI: autoDraw = True
126.9135 	EXP 	ISI: autoDraw = False
126.9135 	EXP 	polygon: autoDraw = False
126.9135 	EXP 	text: autoDraw = False
126.9135 	EXP 	ISI: autoDraw = False
126.9135 	EXP 	arrow1_2: color = '[-1.  1. -1.] (rgb)'
126.9135 	EXP 	arrow1_2: text = '+$0.50'
126.9135 	EXP 	polygon2_2: autoDraw = True
126.9135 	EXP 	feedback1_2: autoDraw = True
127.8972 	EXP 	feedback1_2: autoDraw = False
127.9139 	EXP 	arrow1_2: autoDraw = True
128.8975 	EXP 	polygon2_2: autoDraw = False
128.8975 	EXP 	arrow1_2: autoDraw = False
128.9142 	EXP 	ITI_2: autoDraw = True
130.8863 	EXP 	Created sequence: random, trialTypes=1, nReps=0, seed=None
130.8871 	EXP 	New trial (rep=0, index=12): OrderedDict([('selectBlock', 2)])
130.8891 	EXP 	Created sequence: sequential, trialTypes=1, nReps=0, seed=None
130.8900 	EXP 	Created sequence: random, trialTypes=1, nReps=1, seed=None
130.8906 	EXP 	New trial (rep=0, index=0): None
130.9148 	EXP 	ITI_2: autoDraw = False
130.9148 	EXP 	polygon2_2: autoDraw = False
130.9148 	EXP 	feedback1_2: autoDraw = False
130.9148 	EXP 	arrow1_2: autoDraw = False
130.9148 	EXP 	ITI_2: autoDraw = False
130.9148 	EXP 	rectangle: autoDraw = True
130.9148 	EXP 	text1: autoDraw = True
131.3851 	DATA 	Keypress: 2
132.8987 	EXP 	rectangle: autoDraw = False
132.8987 	EXP 	text1: autoDraw = False
132.9154 	EXP 	ISI2: autoDraw = True
134.9159 	EXP 	ISI2: autoDraw = False
134.9159 	EXP 	rectangle: autoDraw = False
134.9159 	EXP 	text1: autoDraw = False
134.9159 	EXP 	ISI2: autoDraw = False
134.9159 	EXP 	feedback2_2: text = 1
134.9159 	EXP 	arrow2_2: color = '[ 1. -1. -1.] (rgb)'
134.9159 	EXP 	arrow2_2: text = '-$0.25'
134.9159 	EXP 	rectangle2_2: autoDraw = True
134.9159 	EXP 	feedback2_2: autoDraw = True
135.8996 	EXP 	feedback2_2: autoDraw = False
135.9163 	EXP 	arrow2_2: autoDraw = True
136.8999 	EXP 	rectangle2_2: autoDraw = False
136.8999 	EXP 	arrow2_2: autoDraw = False
136.9166 	EXP 	ITI2_2: autoDraw = True
138.8363 	DATA 	Keypress: 2
138.8886 	EXP 	New trial (rep=0, index=13): OrderedDict([('selectBlock', 2)])
138.8904 	EXP 	Created sequence: sequential, trialTypes=1, nReps=0, seed=None
138.8913 	EXP 	Created sequence: random, trialTypes=1, nReps=1, seed=None
138.8919 	EXP 	New trial (rep=0, index=0): None
138.9022 	EXP 	ITI2_2: autoDraw = False
138.9022 	EXP 	rectangle2_2: autoDraw = False
138.9022 	EXP 	feedback2_2: autoDraw = False
138.9022 	EXP 	arrow2_2: autoDraw = False
138.9022 	EXP 	ITI2_2: autoDraw = False
138.9022 	EXP 	rectangle: autoDraw = True
138.9022 	EXP 	text1: autoDraw = True
139.4714 	DATA 	Keypress: 2
139.6714 	DATA 	Keypress: 2
139.9045 	DATA 	Keypress: 2
140.9011 	EXP 	rectangle: autoDraw = False
140.9011 	EXP 	text1: autoDraw = False
140.9177 	EXP 	ISI2: autoDraw = True
142.9182 	EXP 	ISI2: autoDraw = False
142.9182 	EXP 	rectangle: autoDraw = False
142.9182 	EXP 	text1: autoDraw = False
142.9182 	EXP 	ISI2: autoDraw = False
142.9182 	EXP 	feedback2_2: text = 3
142.9182 	EXP 	arrow2_2: color = '[ 1. -1. -1.] (rgb)'
142.9182 	EXP 	arrow2_2: text = '-$0.25'
142.9182 	EXP 	rectangle2_2: autoDraw = True
142.9182 	EXP 	feedback2_2: autoDraw = True
143.9020 	EXP 	feedback2_2: autoDraw = False
143.9186 	EXP 	arrow2_2: autoDraw = True
144.9023 	EXP 	rectangle2_2: autoDraw = False
144.9023 	EXP 	arrow2_2: autoDraw = False
144.9189 	EXP 	ITI2_2: autoDraw = True
146.8909 	EXP 	New trial (rep=0, index=14): OrderedDict([('selectBlock', 2)])
146.8928 	EXP 	Created sequence: sequential, trialTypes=1, nReps=0, seed=None
146.8937 	EXP 	Created sequence: random, trialTypes=1, nReps=1, seed=None
146.8943 	EXP 	New trial (rep=0, index=0): None
146.9046 	EXP 	ITI2_2: autoDraw = False
146.9046 	EXP 	rectangle2_2: autoDraw = False
146.9046 	EXP 	feedback2_2: autoDraw = False
146.9046 	EXP 	arrow2_2: autoDraw = False
146.9046 	EXP 	ITI2_2: autoDraw = False
146.9046 	EXP 	rectangle: autoDraw = True
146.9046 	EXP 	text1: autoDraw = True
147.0738 	DATA 	Keypress: 1
148.9034 	EXP 	rectangle: autoDraw = False
148.9034 	EXP 	text1: autoDraw = False
148.9200 	EXP 	ISI2: autoDraw = True
150.9207 	EXP 	ISI2: autoDraw = False
150.9207 	EXP 	rectangle: autoDraw = False
150.9207 	EXP 	text1: autoDraw = False
150.9207 	EXP 	ISI2: autoDraw = False
150.9207 	EXP 	feedback2_2: text = 8
150.9207 	EXP 	arrow2_2: color = '[ 1. -1. -1.] (rgb)'
150.9207 	EXP 	arrow2_2: text = '-$0.25'
150.9207 	EXP 	rectangle2_2: autoDraw = True
150.9207 	EXP 	feedback2_2: autoDraw = True
151.9043 	EXP 	feedback2_2: autoDraw = False
151.9210 	EXP 	arrow2_2: autoDraw = True
152.9046 	EXP 	rectangle2_2: autoDraw = False
152.9046 	EXP 	arrow2_2: autoDraw = False
152.9213 	EXP 	ITI2_2: autoDraw = True
154.8938 	EXP 	New trial (rep=0, index=15): OrderedDict([('selectBlock', 1)])
154.8961 	EXP 	Created sequence: sequential, trialTypes=1, nReps=1, seed=None
154.8968 	EXP 	New trial (rep=0, index=0): None
154.9069 	EXP 	ITI2_2: autoDraw = False
154.9069 	EXP 	rectangle2_2: autoDraw = False
154.9069 	EXP 	feedback2_2: autoDraw = False
154.9069 	EXP 	arrow2_2: autoDraw = False
154.9069 	EXP 	ITI2_2: autoDraw = False
154.9069 	EXP 	polygon: autoDraw = True
154.9069 	EXP 	text: autoDraw = True
155.3262 	DATA 	Keypress: 2
156.9058 	EXP 	polygon: autoDraw = False
156.9058 	EXP 	text: autoDraw = False
156.9224 	EXP 	ISI: autoDraw = True
158.9231 	EXP 	ISI: autoDraw = False
158.9231 	EXP 	polygon: autoDraw = False
158.9231 	EXP 	text: autoDraw = False
158.9231 	EXP 	ISI: autoDraw = False
158.9231 	EXP 	arrow1_2: color = '[-1.  1. -1.] (rgb)'
158.9231 	EXP 	arrow1_2: text = '+$0.50'
158.9231 	EXP 	polygon2_2: autoDraw = True
158.9231 	EXP 	feedback1_2: autoDraw = True
159.9066 	EXP 	feedback1_2: autoDraw = False
159.9234 	EXP 	arrow1_2: autoDraw = True
160.9070 	EXP 	polygon2_2: autoDraw = False
160.9070 	EXP 	arrow1_2: autoDraw = False
160.9237 	EXP 	ITI_2: autoDraw = True
162.8955 	EXP 	Created sequence: random, trialTypes=1, nReps=0, seed=None
162.8963 	EXP 	New trial (rep=0, index=16): OrderedDict([('selectBlock', 1)])
162.8984 	EXP 	Created sequence: sequential, trialTypes=1, nReps=1, seed=None
162.8991 	EXP 	New trial (rep=0, index=0): None
162.9092 	EXP 	ITI_2: autoDraw = False
162.9092 	EXP 	polygon2_2: autoDraw = False
162.9092 	EXP 	feedback1_2: autoDraw = False
162.9092 	EXP 	arrow1_2: autoDraw = False
162.9092 	EXP 	ITI_2: autoDraw = False
162.9092 	EXP 	polygon: autoDraw = True
162.9092 	EXP 	text: autoDraw = True
163.9615 	DATA 	Keypress: 2
164.9082 	EXP 	polygon: autoDraw = False
164.9082 	EXP 	text: autoDraw = False
164.9249 	EXP 	ISI: autoDraw = True
166.9254 	EXP 	ISI: autoDraw = False
166.9254 	EXP 	polygon: autoDraw = False
166.9254 	EXP 	text: autoDraw = False
166.9254 	EXP 	ISI: autoDraw = False
166.9254 	EXP 	arrow1_2: color = '[-1.  1. -1.] (rgb)'
166.9254 	EXP 	arrow1_2: text = '+$0.50'
166.9254 	EXP 	polygon2_2: autoDraw = True
166.9254 	EXP 	feedback1_2: autoDraw = True
167.9090 	EXP 	feedback1_2: autoDraw = False
167.9258 	EXP 	arrow1_2: autoDraw = True
168.9094 	EXP 	polygon2_2: autoDraw = False
168.9094 	EXP 	arrow1_2: autoDraw = False
168.9261 	EXP 	ITI_2: autoDraw = True
170.8979 	EXP 	Created sequence: random, trialTypes=1, nReps=0, seed=None
170.8987 	EXP 	New trial (rep=0, index=17): OrderedDict([('selectBlock', 1)])
170.9008 	EXP 	Created sequence: sequential, trialTypes=1, nReps=1, seed=None
170.9014 	EXP 	New trial (rep=0, index=0): None
170.9116 	EXP 	ITI_2: autoDraw = False
170.9116 	EXP 	polygon2_2: autoDraw = False
170.9116 	EXP 	feedback1_2: autoDraw = False
170.9116 	EXP 	arrow1_2: autoDraw = False
170.9116 	EXP 	ITI_2: autoDraw = False
170.9116 	EXP 	polygon: autoDraw = True
170.9116 	EXP 	text: autoDraw = True
171.5138 	DATA 	Keypress: 1
172.9106 	EXP 	polygon: autoDraw = False
172.9106 	EXP 	text: autoDraw = False
172.9272 	EXP 	ISI: autoDraw = True
174.9278 	EXP 	ISI: autoDraw = False
174.9278 	EXP 	polygon: autoDraw = False
174.9278 	EXP 	text: autoDraw = False
174.9278 	EXP 	ISI: autoDraw = False
174.9278 	EXP 	arrow1_2: color = '[-1.  1. -1.] (rgb)'
174.9278 	EXP 	arrow1_2: text = '+$0.50'
174.9278 	EXP 	polygon2_2: autoDraw = True
174.9278 	EXP 	feedback1_2: autoDraw = True
175.9114 	EXP 	feedback1_2: autoDraw = False
175.9281 	EXP 	arrow1_2: autoDraw = True
176.9118 	EXP 	polygon2_2: autoDraw = False
176.9118 	EXP 	arrow1_2: autoDraw = False
176.9284 	EXP 	ITI_2: autoDraw = True
178.9001 	EXP 	Created sequence: random, trialTypes=1, nReps=0, seed=None
178.9009 	EXP 	New trial (rep=0, index=18): OrderedDict([('selectBlock', 2)])
178.9031 	EXP 	Created sequence: sequential, trialTypes=1, nReps=0, seed=None
178.9040 	EXP 	Created sequence: random, trialTypes=1, nReps=1, seed=None
178.9046 	EXP 	New trial (rep=0, index=0): None
178.9290 	EXP 	ITI_2: autoDraw = False
178.9290 	EXP 	polygon2_2: autoDraw = False
178.9290 	EXP 	feedback1_2: autoDraw = False
178.9290 	EXP 	arrow1_2: autoDraw = False
178.9290 	EXP 	ITI_2: autoDraw = False
178.9290 	EXP 	rectangle: autoDraw = True
178.9290 	EXP 	text1: autoDraw = True
179.4501 	DATA 	Keypress: 2
180.9130 	EXP 	rectangle: autoDraw = False
180.9130 	EXP 	text1: autoDraw = False
180.9296 	EXP 	ISI2: autoDraw = True
182.9302 	EXP 	ISI2: autoDraw = False
182.9302 	EXP 	rectangle: autoDraw = False
182.9302 	EXP 	text1: autoDraw = False
182.9302 	EXP 	ISI2: autoDraw = False
182.9302 	EXP 	feedback2_2: text = 2
182.9302 	EXP 	arrow2_2: color = '[ 1. -1. -1.] (rgb)'
182.9302 	EXP 	arrow2_2: text = '-$0.25'
182.9302 	EXP 	rectangle2_2: autoDraw = True
182.9302 	EXP 	feedback2_2: autoDraw = True
183.9138 	EXP 	feedback2_2: autoDraw = False
183.9305 	EXP 	arrow2_2: autoDraw = True
184.9141 	EXP 	rectangle2_2: autoDraw = False
184.9141 	EXP 	arrow2_2: autoDraw = False
184.9308 	EXP 	ITI2_2: autoDraw = True
186.9037 	EXP 	New trial (rep=0, index=19): OrderedDict([('selectBlock', 1)])
186.9054 	EXP 	Created sequence: sequential, trialTypes=1, nReps=1, seed=None
186.9060 	EXP 	New trial (rep=0, index=0): None
186.9162 	EXP 	ITI2_2: autoDraw = False
186.9162 	EXP 	rectangle2_2: autoDraw = False
186.9162 	EXP 	feedback2_2: autoDraw = False
186.9162 	EXP 	arrow2_2: autoDraw = False
186.9162 	EXP 	ITI2_2: autoDraw = False
186.9162 	EXP 	polygon: autoDraw = True
186.9162 	EXP 	text: autoDraw = True
187.8357 	DATA 	Keypress: 2
188.9153 	EXP 	polygon: autoDraw = False
188.9153 	EXP 	text: autoDraw = False
188.9320 	EXP 	ISI: autoDraw = True
190.9326 	EXP 	ISI: autoDraw = False
190.9326 	EXP 	polygon: autoDraw = False
190.9326 	EXP 	text: autoDraw = False
190.9326 	EXP 	ISI: autoDraw = False
190.9326 	EXP 	arrow1_2: color = '[-1.  1. -1.] (rgb)'
190.9326 	EXP 	arrow1_2: text = '+$0.50'
190.9326 	EXP 	polygon2_2: autoDraw = True
190.9326 	EXP 	feedback1_2: autoDraw = True
191.9161 	EXP 	feedback1_2: autoDraw = False
191.9329 	EXP 	arrow1_2: autoDraw = True
192.9165 	EXP 	polygon2_2: autoDraw = False
192.9165 	EXP 	arrow1_2: autoDraw = False
192.9332 	EXP 	ITI_2: autoDraw = True
194.9061 	EXP 	Created sequence: random, trialTypes=1, nReps=0, seed=None
194.9068 	EXP 	New trial (rep=0, index=20): OrderedDict([('selectBlock', 2)])
194.9087 	EXP 	Created sequence: sequential, trialTypes=1, nReps=0, seed=None
194.9096 	EXP 	Created sequence: random, trialTypes=1, nReps=1, seed=None
194.9102 	EXP 	New trial (rep=0, index=0): None
194.9338 	EXP 	ITI_2: autoDraw = False
194.9338 	EXP 	polygon2_2: autoDraw = False
194.9338 	EXP 	feedback1_2: autoDraw = False
194.9338 	EXP 	arrow1_2: autoDraw = False
194.9338 	EXP 	ITI_2: autoDraw = False
194.9338 	EXP 	rectangle: autoDraw = True
194.9338 	EXP 	text1: autoDraw = True
196.0378 	DATA 	Keypress: 1
196.9177 	EXP 	rectangle: autoDraw = False
196.9177 	EXP 	text1: autoDraw = False
196.9344 	EXP 	ISI2: autoDraw = True
198.9350 	EXP 	ISI2: autoDraw = False
198.9350 	EXP 	rectangle: autoDraw = False
198.9350 	EXP 	text1: autoDraw = False
198.9350 	EXP 	ISI2: autoDraw = False
198.9350 	EXP 	feedback2_2: text = 7
198.9350 	EXP 	arrow2_2: color = '[ 1. -1. -1.] (rgb)'
198.9350 	EXP 	arrow2_2: text = '-$0.25'
198.9350 	EXP 	rectangle2_2: autoDraw = True
198.9350 	EXP 	feedback2_2: autoDraw = True
199.9186 	EXP 	feedback2_2: autoDraw = False
199.9353 	EXP 	arrow2_2: autoDraw = True
200.9189 	EXP 	rectangle2_2: autoDraw = False
200.9189 	EXP 	arrow2_2: autoDraw = False
200.9356 	EXP 	ITI2_2: autoDraw = True
202.9084 	EXP 	New trial (rep=0, index=21): OrderedDict([('selectBlock', 1)])
202.9100 	EXP 	Created sequence: sequential, trialTypes=1, nReps=1, seed=None
202.9107 	EXP 	New trial (rep=0, index=0): None
202.9209 	EXP 	ITI2_2: autoDraw = False
202.9209 	EXP 	rectangle2_2: autoDraw = False
202.9209 	EXP 	feedback2_2: autoDraw = False
202.9209 	EXP 	arrow2_2: autoDraw = False
202.9209 	EXP 	ITI2_2: autoDraw = False
202.9209 	EXP 	polygon: autoDraw = True
202.9209 	EXP 	text: autoDraw = True
203.9732 	DATA 	Keypress: 1
204.9201 	EXP 	polygon: autoDraw = False
204.9201 	EXP 	text: autoDraw = False
204.9368 	EXP 	ISI: autoDraw = True
206.9373 	EXP 	ISI: autoDraw = False
206.9373 	EXP 	polygon: autoDraw = False
206.9373 	EXP 	text: autoDraw = False
206.9373 	EXP 	ISI: autoDraw = False
206.9373 	EXP 	arrow1_2: color = '[-1.  1. -1.] (rgb)'
206.9373 	EXP 	arrow1_2: text = '+$0.50'
206.9373 	EXP 	polygon2_2: autoDraw = True
206.9373 	EXP 	feedback1_2: autoDraw = True
207.9210 	EXP 	feedback1_2: autoDraw = False
207.9377 	EXP 	arrow1_2: autoDraw = True
208.9213 	EXP 	polygon2_2: autoDraw = False
208.9213 	EXP 	arrow1_2: autoDraw = False
208.9379 	EXP 	ITI_2: autoDraw = True
210.9107 	EXP 	Created sequence: random, trialTypes=1, nReps=0, seed=None
210.9115 	EXP 	New trial (rep=0, index=22): OrderedDict([('selectBlock', 1)])
210.9134 	EXP 	Created sequence: sequential, trialTypes=1, nReps=1, seed=None
210.9141 	EXP 	New trial (rep=0, index=0): None
210.9385 	EXP 	ITI_2: autoDraw = False
210.9385 	EXP 	polygon2_2: autoDraw = False
210.9385 	EXP 	feedback1_2: autoDraw = False
210.9385 	EXP 	arrow1_2: autoDraw = False
210.9385 	EXP 	ITI_2: autoDraw = False
210.9385 	EXP 	polygon: autoDraw = True
210.9385 	EXP 	text: autoDraw = True
211.6595 	DATA 	Keypress: 1
212.9225 	EXP 	polygon: autoDraw = False
212.9225 	EXP 	text: autoDraw = False
212.9391 	EXP 	ISI: autoDraw = True
214.9397 	EXP 	ISI: autoDraw = False
214.9397 	EXP 	polygon: autoDraw = False
214.9397 	EXP 	text: autoDraw = False
214.9397 	EXP 	ISI: autoDraw = False
214.9397 	EXP 	arrow1_2: color = '[-1.  1. -1.] (rgb)'
214.9397 	EXP 	arrow1_2: text = '+$0.50'
214.9397 	EXP 	polygon2_2: autoDraw = True
214.9397 	EXP 	feedback1_2: autoDraw = True
215.9233 	EXP 	feedback1_2: autoDraw = False
215.9399 	EXP 	arrow1_2: autoDraw = True
216.9237 	EXP 	polygon2_2: autoDraw = False
216.9237 	EXP 	arrow1_2: autoDraw = False
216.9403 	EXP 	ITI_2: autoDraw = True
218.9108 	EXP 	Created sequence: random, trialTypes=1, nReps=0, seed=None
218.9114 	EXP 	New trial (rep=0, index=23): OrderedDict([('selectBlock', 1)])
218.9122 	EXP 	Created sequence: sequential, trialTypes=1, nReps=1, seed=None
218.9126 	EXP 	New trial (rep=0, index=0): None
218.9240 	EXP 	ITI_2: autoDraw = False
218.9240 	EXP 	polygon2_2: autoDraw = False
218.9240 	EXP 	feedback1_2: autoDraw = False
218.9240 	EXP 	arrow1_2: autoDraw = False
218.9240 	EXP 	ITI_2: autoDraw = False
218.9240 	EXP 	polygon: autoDraw = True
218.9240 	EXP 	text: autoDraw = True
219.4277 	DATA 	Keypress: 2
220.9249 	EXP 	polygon: autoDraw = False
220.9249 	EXP 	text: autoDraw = False
220.9415 	EXP 	ISI: autoDraw = True
222.9421 	EXP 	ISI: autoDraw = False
222.9421 	EXP 	polygon: autoDraw = False
222.9421 	EXP 	text: autoDraw = False
222.9421 	EXP 	ISI: autoDraw = False
222.9421 	EXP 	arrow1_2: color = '[-1.  1. -1.] (rgb)'
222.9421 	EXP 	arrow1_2: text = '+$0.50'
222.9421 	EXP 	polygon2_2: autoDraw = True
222.9421 	EXP 	feedback1_2: autoDraw = True
223.9257 	EXP 	feedback1_2: autoDraw = False
223.9424 	EXP 	arrow1_2: autoDraw = True
224.9260 	EXP 	polygon2_2: autoDraw = False
224.9260 	EXP 	arrow1_2: autoDraw = False
224.9427 	EXP 	ITI_2: autoDraw = True
226.7459 	DATA 	Keypress: 2
226.9154 	EXP 	Created sequence: random, trialTypes=1, nReps=0, seed=None
226.9161 	EXP 	New trial (rep=0, index=24): OrderedDict([('selectBlock', 1)])
226.9180 	EXP 	Created sequence: sequential, trialTypes=1, nReps=1, seed=None
226.9187 	EXP 	New trial (rep=0, index=0): None
226.9433 	EXP 	ITI_2: autoDraw = False
226.9433 	EXP 	polygon2_2: autoDraw = False
226.9433 	EXP 	feedback1_2: autoDraw = False
226.9433 	EXP 	arrow1_2: autoDraw = False
226.9433 	EXP 	ITI_2: autoDraw = False
226.9433 	EXP 	polygon: autoDraw = True
226.9433 	EXP 	text: autoDraw = True
227.6141 	DATA 	Keypress: 2
227.8141 	DATA 	Keypress: 2
227.9972 	DATA 	Keypress: 2
228.1641 	DATA 	Keypress: 2
228.9273 	EXP 	polygon: autoDraw = False
228.9273 	EXP 	text: autoDraw = False
228.9439 	EXP 	ISI: autoDraw = True
230.9445 	EXP 	ISI: autoDraw = False
230.9445 	EXP 	polygon: autoDraw = False
230.9445 	EXP 	text: autoDraw = False
230.9445 	EXP 	ISI: autoDraw = False
230.9445 	EXP 	arrow1_2: color = '[-1.  1. -1.] (rgb)'
230.9445 	EXP 	arrow1_2: text = '+$0.50'
230.9445 	EXP 	polygon2_2: autoDraw = True
230.9445 	EXP 	feedback1_2: autoDraw = True
231.9281 	EXP 	feedback1_2: autoDraw = False
231.9448 	EXP 	arrow1_2: autoDraw = True
232.9284 	EXP 	polygon2_2: autoDraw = False
232.9284 	EXP 	arrow1_2: autoDraw = False
232.9451 	EXP 	ITI_2: autoDraw = True
234.9177 	EXP 	Created sequence: random, trialTypes=1, nReps=0, seed=None
234.9290 	EXP 	ITI_2: autoDraw = False
234.9290 	EXP 	polygon2_2: autoDraw = False
234.9290 	EXP 	feedback1_2: autoDraw = False
234.9290 	EXP 	arrow1_2: autoDraw = False
234.9290 	EXP 	ITI_2: autoDraw = False
234.9290 	EXP 	Finished: autoDraw = True
235.2493 	DATA 	Keypress: 1
244.2847 	DATA 	Keypress: space
244.2984 	EXP 	Finished: autoDraw = False
244.4012 	EXP 	window1: mouseVisible = True
