7.1780 	WARNING 	User requested fullscreen with size [1024  768], but screen is actually [1920, 1080]. Using actual size
8.0868 	EXP 	Created window1 = Window(allowGUI=False, allowStencil=False, args=UNKNOWN, autoLog=True, bitsMode=UNKNOWN, blendMode='avg', color=array([0., 0., 0.]), colorSpace='rgb', fullscr=<method-wrapper '__getattribute__' of attributeSetter object at 0x000000001ABAE048>, gamma=None, kwargs=UNKNOWN, lms=UNKNOWN, monitor=<psychopy.monitors.calibTools.Monitor object at 0x000000001ABF3E10>, multiSample=False, name='window1', numSamples=2, pos=[0.0, 0.0], screen=0, size=array([1920, 1080]), stereo=False, units='norm', useFBO=True, useRetina=False, viewOri=0.0, viewPos=None, viewScale=None, waitBlanking=True, winType='pyglet')
8.0869 	EXP 	window1: recordFrameIntervals = False
8.2522 	EXP 	window1: recordFrameIntervals = True
8.4360 	EXP 	window1: recordFrameIntervals = False
8.7842 	EXP 	Created Welcome = TextStim(__class__=<class 'psychopy.visual.text.TextStim'>, alignHoriz='center', alignVert='center', antialias=True, autoLog=True, bold=False, color='white', colorSpace='named', contrast=1.0, depth=0.0, flipHoriz=False, flipVert=False, font='Arial', fontFiles=[], height=0.1, italic=False, languageStyle='LTR', name='Welcome', opacity=1.0, ori=0, pos=array([0., 0.]), rgb=array([255., 255., 255.]), text=str(...), units='norm', win=Window(...), wrapWidth=1)
8.7870 	EXP 	Created firstTrialITI = TextStim(__class__=<class 'psychopy.visual.text.TextStim'>, alignHoriz='center', alignVert='center', antialias=True, autoLog=True, bold=False, color='white', colorSpace='named', contrast=1.0, depth=0.0, flipHoriz=False, flipVert=False, font='Arial', fontFiles=[], height=0.1, italic=False, languageStyle='LTR', name='firstTrialITI', opacity=1.0, ori=0, pos=array([0., 0.]), rgb=array([255., 255., 255.]), text='+', units='norm', win=Window(...), wrapWidth=1)
8.7886 	EXP 	Created polygon = Rect(__class__=<class 'psychopy.visual.rect.Rect'>, autoDraw=False, autoLog=True, closeShape=True, color=method-wrapper(...), colorSpace=None, contrast=1.0, depth=0.0, fillColor=array([0., 0., 0.]), fillColorSpace='rgb', fillRGB=array([0., 0., 0.]), interpolate=True, lineColor=array([1., 1., 1.]), lineColorSpace='rgb', lineRGB=array([1., 1., 1.]), lineWidth=5, name='polygon', opacity=1.0, ori=array(0.), pos=array([0., 0.]), size=array([1., 1.]), units='norm', vertices=ndarray(...), win=Window(...))
8.7913 	EXP 	Created text = TextStim(__class__=<class 'psychopy.visual.text.TextStim'>, alignHoriz='center', alignVert='center', antialias=True, autoLog=True, bold=False, color='white', colorSpace='named', contrast=1.0, depth=-1.0, flipHoriz=False, flipVert=False, font='Arial', fontFiles=[], height=0.1, italic=False, languageStyle='LTR', name='text', opacity=1.0, ori=0, pos=array([0., 0.]), rgb=array([255., 255., 255.]), text='?', units='norm', win=Window(...), wrapWidth=1)
8.7931 	EXP 	Created ISI = TextStim(__class__=<class 'psychopy.visual.text.TextStim'>, alignHoriz='center', alignVert='center', antialias=True, autoLog=True, bold=False, color='white', colorSpace='named', contrast=1.0, depth=-4.0, flipHoriz=False, flipVert=False, font='Arial', fontFiles=[], height=0.1, italic=False, languageStyle='LTR', name='ISI', opacity=1.0, ori=0, pos=array([0., 0.]), rgb=array([255., 255., 255.]), text='+', units='norm', win=Window(...), wrapWidth=1)
8.7940 	EXP 	Created polygon2_2 = Rect(__class__=<class 'psychopy.visual.rect.Rect'>, autoDraw=False, autoLog=True, closeShape=True, color=method-wrapper(...), colorSpace=None, contrast=1.0, depth=0.0, fillColor=array([0., 0., 0.]), fillColorSpace='rgb', fillRGB=array([0., 0., 0.]), interpolate=True, lineColor=array([1., 1., 1.]), lineColorSpace='rgb', lineRGB=array([1., 1., 1.]), lineWidth=5, name='polygon2_2', opacity=1.0, ori=array(0.), pos=array([0., 0.]), size=array([1., 1.]), units='norm', vertices=ndarray(...), win=Window(...))
8.7993 	EXP 	Created feedback1_2 = TextStim(__class__=<class 'psychopy.visual.text.TextStim'>, alignHoriz='center', alignVert='center', antialias=True, autoLog=True, bold=False, color='white', colorSpace='named', contrast=1.0, depth=-1.0, flipHoriz=False, flipVert=False, font='Arial', fontFiles=[], height=0.1, italic=False, languageStyle='LTR', name='feedback1_2', opacity=1.0, ori=0, pos=array([0., 0.]), rgb=array([255., 255., 255.]), text='default text', units='norm', win=Window(...), wrapWidth=1)
8.8033 	EXP 	Created arrow1_2 = TextStim(__class__=<class 'psychopy.visual.text.TextStim'>, alignHoriz='center', alignVert='center', antialias=True, autoLog=True, bold=False, color='white', colorSpace='named', contrast=1.0, depth=-2.0, flipHoriz=False, flipVert=False, font='Arial', fontFiles=[], height=0.1, italic=False, languageStyle='LTR', name='arrow1_2', opacity=1.0, ori=0, pos=array([0., 0.]), rgb=array([255., 255., 255.]), text='default text', units='norm', win=Window(...), wrapWidth=1)
8.8051 	EXP 	Created ITI_2 = TextStim(__class__=<class 'psychopy.visual.text.TextStim'>, alignHoriz='center', alignVert='center', antialias=True, autoLog=True, bold=False, color='white', colorSpace='named', contrast=1.0, depth=-3.0, flipHoriz=False, flipVert=False, font='Arial', fontFiles=[], height=0.1, italic=False, languageStyle='LTR', name='ITI_2', opacity=1.0, ori=0, pos=array([0., 0.]), rgb=array([255., 255., 255.]), text='+', units='norm', win=Window(...), wrapWidth=1)
8.8061 	EXP 	Created rectangle = Rect(__class__=<class 'psychopy.visual.rect.Rect'>, autoDraw=False, autoLog=True, closeShape=True, color=method-wrapper(...), colorSpace=None, contrast=1.0, depth=0.0, fillColor=array([0., 0., 0.]), fillColorSpace='rgb', fillRGB=array([0., 0., 0.]), interpolate=True, lineColor=array([1., 1., 1.]), lineColorSpace='rgb', lineRGB=array([1., 1., 1.]), lineWidth=5, name='rectangle', opacity=1.0, ori=array(0.), pos=array([0., 0.]), size=array([1., 1.]), units='norm', vertices=ndarray(...), win=Window(...))
8.8078 	EXP 	Created text1 = TextStim(__class__=<class 'psychopy.visual.text.TextStim'>, alignHoriz='center', alignVert='center', antialias=True, autoLog=True, bold=False, color='white', colorSpace='named', contrast=1.0, depth=-1.0, flipHoriz=False, flipVert=False, font='Arial', fontFiles=[], height=0.1, italic=False, languageStyle='LTR', name='text1', opacity=1.0, ori=0, pos=array([0., 0.]), rgb=array([255., 255., 255.]), text='?', units='norm', win=Window(...), wrapWidth=1)
8.8095 	EXP 	Created ISI2 = TextStim(__class__=<class 'psychopy.visual.text.TextStim'>, alignHoriz='center', alignVert='center', antialias=True, autoLog=True, bold=False, color='white', colorSpace='named', contrast=1.0, depth=-4.0, flipHoriz=False, flipVert=False, font='Arial', fontFiles=[], height=0.1, italic=False, languageStyle='LTR', name='ISI2', opacity=1.0, ori=0, pos=array([0., 0.]), rgb=array([255., 255., 255.]), text='+', units='norm', win=Window(...), wrapWidth=1)
8.8104 	EXP 	Created rectangle2_2 = Rect(__class__=<class 'psychopy.visual.rect.Rect'>, autoDraw=False, autoLog=True, closeShape=True, color=method-wrapper(...), colorSpace=None, contrast=1.0, depth=0.0, fillColor=array([0., 0., 0.]), fillColorSpace='rgb', fillRGB=array([0., 0., 0.]), interpolate=True, lineColor=array([1., 1., 1.]), lineColorSpace='rgb', lineRGB=array([1., 1., 1.]), lineWidth=5, name='rectangle2_2', opacity=1.0, ori=array(0.), pos=array([0., 0.]), size=array([1., 1.]), units='norm', vertices=ndarray(...), win=Window(...))
8.8145 	EXP 	Created feedback2_2 = TextStim(__class__=<class 'psychopy.visual.text.TextStim'>, alignHoriz='center', alignVert='center', antialias=True, autoLog=True, bold=False, color=array([1., 1., 1.]), colorSpace='rgb', contrast=1.0, depth=-1.0, flipHoriz=False, flipVert=False, font='Arial', fontFiles=[], height=0.1, italic=False, languageStyle='LTR', name='feedback2_2', opacity=1.0, ori=0, pos=array([0., 0.]), rgb=array([1., 1., 1.]), text='default text', units='norm', win=Window(...), wrapWidth=1)
8.8186 	EXP 	Created arrow2_2 = TextStim(__class__=<class 'psychopy.visual.text.TextStim'>, alignHoriz='center', alignVert='center', antialias=True, autoLog=True, bold=False, color='white', colorSpace='named', contrast=1.0, depth=-2.0, flipHoriz=False, flipVert=False, font='Arial', fontFiles=[], height=0.1, italic=False, languageStyle='LTR', name='arrow2_2', opacity=1.0, ori=0, pos=array([0., 0.]), rgb=array([255., 255., 255.]), text='default text', units='norm', win=Window(...), wrapWidth=0.2)
8.8204 	EXP 	Created ITI2_2 = TextStim(__class__=<class 'psychopy.visual.text.TextStim'>, alignHoriz='center', alignVert='center', antialias=True, autoLog=True, bold=False, color='white', colorSpace='named', contrast=1.0, depth=-3.0, flipHoriz=False, flipVert=False, font='Arial', fontFiles=[], height=0.1, italic=False, languageStyle='LTR', name='ITI2_2', opacity=1.0, ori=0, pos=array([0., 0.]), rgb=array([255., 255., 255.]), text='+', units='norm', win=Window(...), wrapWidth=1)
8.8420 	EXP 	Created Finished = TextStim(__class__=<class 'psychopy.visual.text.TextStim'>, alignHoriz='center', alignVert='center', antialias=True, autoLog=True, bold=False, color='white', colorSpace='named', contrast=1.0, depth=0.0, flipHoriz=False, flipVert=False, font='Arial', fontFiles=[], height=0.1, italic=False, languageStyle='LTR', name='Finished', opacity=1.0, ori=0, pos=array([0., 0.]), rgb=array([255., 255., 255.]), text=str(...), units='norm', win=Window(...), wrapWidth=1)
8.8904 	EXP 	Welcome: autoDraw = True
19.6606 	DATA 	Keypress: space
19.6720 	EXP 	Welcome: autoDraw = False
19.6720 	EXP 	firstTrialITI: autoDraw = True
25.7016 	EXP 	Imported spreadsheet5.xlsx as conditions, 25 conditions, 1 params
25.7024 	EXP 	Created sequence: fullRandom, trialTypes=25, nReps=1, seed=None
25.7029 	EXP 	New trial (rep=0, index=0): OrderedDict([('selectBlock', 1)])
25.7043 	EXP 	Created sequence: sequential, trialTypes=1, nReps=1, seed=None
25.7047 	EXP 	New trial (rep=0, index=0): None
25.7235 	EXP 	firstTrialITI: autoDraw = False
25.7235 	EXP 	firstTrialITI: autoDraw = False
25.7235 	EXP 	polygon: autoDraw = True
25.7235 	EXP 	text: autoDraw = True
26.6778 	DATA 	Keypress: 1
27.7244 	EXP 	polygon: autoDraw = False
27.7244 	EXP 	text: autoDraw = False
27.7244 	EXP 	ISI: autoDraw = True
29.7583 	EXP 	polygon: autoDraw = False
29.7583 	EXP 	text: autoDraw = False
29.7583 	EXP 	ISI: autoDraw = False
29.7583 	EXP 	arrow1_2: color = '[-1.  1. -1.] (rgb)'
29.7583 	EXP 	arrow1_2: text = '+$0.50'
29.7583 	EXP 	polygon2_2: autoDraw = True
29.7583 	EXP 	feedback1_2: autoDraw = True
30.7253 	EXP 	feedback1_2: autoDraw = False
30.7419 	EXP 	arrow1_2: autoDraw = True
30.7446 	DATA 	Keypress: 2
31.7255 	EXP 	polygon2_2: autoDraw = False
31.7255 	EXP 	arrow1_2: autoDraw = False
31.7422 	EXP 	ITI_2: autoDraw = True
32.7618 	DATA 	Keypress: 1
33.7135 	EXP 	Created sequence: random, trialTypes=1, nReps=0, seed=None
33.7143 	EXP 	New trial (rep=0, index=1): OrderedDict([('selectBlock', 2)])
33.7160 	EXP 	Created sequence: sequential, trialTypes=1, nReps=0, seed=None
33.7168 	EXP 	Created sequence: random, trialTypes=1, nReps=1, seed=None
33.7174 	EXP 	New trial (rep=0, index=0): None
33.7274 	EXP 	polygon2_2: autoDraw = False
33.7274 	EXP 	feedback1_2: autoDraw = False
33.7274 	EXP 	arrow1_2: autoDraw = False
33.7274 	EXP 	ITI_2: autoDraw = False
33.7274 	EXP 	rectangle: autoDraw = True
33.7274 	EXP 	text1: autoDraw = True
35.0970 	DATA 	Keypress: 2
35.7267 	EXP 	rectangle: autoDraw = False
35.7267 	EXP 	text1: autoDraw = False
35.7434 	EXP 	ISI2: autoDraw = True
37.7456 	EXP 	ISI2: autoDraw = False
37.7456 	EXP 	rectangle: autoDraw = False
37.7456 	EXP 	text1: autoDraw = False
37.7456 	EXP 	ISI2: autoDraw = False
37.7456 	EXP 	feedback2_2: text = 3
37.7456 	EXP 	arrow2_2: color = '[ 1. -1. -1.] (rgb)'
37.7456 	EXP 	arrow2_2: text = '-$0.25'
37.7456 	EXP 	rectangle2_2: autoDraw = True
37.7456 	EXP 	feedback2_2: autoDraw = True
38.3973 	DATA 	Keypress: 1
38.7276 	EXP 	feedback2_2: autoDraw = False
38.7442 	EXP 	arrow2_2: autoDraw = True
39.7279 	EXP 	rectangle2_2: autoDraw = False
39.7279 	EXP 	arrow2_2: autoDraw = False
39.7445 	EXP 	ITI2_2: autoDraw = True
41.7163 	EXP 	New trial (rep=0, index=2): OrderedDict([('selectBlock', 1)])
41.7182 	EXP 	Created sequence: sequential, trialTypes=1, nReps=1, seed=None
41.7189 	EXP 	New trial (rep=0, index=0): None
41.7291 	EXP 	ITI2_2: autoDraw = False
41.7291 	EXP 	rectangle2_2: autoDraw = False
41.7291 	EXP 	feedback2_2: autoDraw = False
41.7291 	EXP 	arrow2_2: autoDraw = False
41.7291 	EXP 	ITI2_2: autoDraw = False
41.7291 	EXP 	polygon: autoDraw = True
41.7291 	EXP 	text: autoDraw = True
42.3493 	DATA 	Keypress: 2
43.7290 	EXP 	polygon: autoDraw = False
43.7290 	EXP 	text: autoDraw = False
43.7457 	EXP 	ISI: autoDraw = True
45.7463 	EXP 	ISI: autoDraw = False
45.7463 	EXP 	polygon: autoDraw = False
45.7463 	EXP 	text: autoDraw = False
45.7463 	EXP 	ISI: autoDraw = False
45.7463 	EXP 	arrow1_2: color = '[-1.  1. -1.] (rgb)'
45.7463 	EXP 	arrow1_2: text = '+$0.50'
45.7463 	EXP 	polygon2_2: autoDraw = True
45.7463 	EXP 	feedback1_2: autoDraw = True
46.7294 	EXP 	feedback1_2: autoDraw = False
46.7463 	EXP 	arrow1_2: autoDraw = True
47.1824 	DATA 	Keypress: 1
47.7302 	EXP 	polygon2_2: autoDraw = False
47.7302 	EXP 	arrow1_2: autoDraw = False
47.7469 	EXP 	ITI_2: autoDraw = True
49.7186 	EXP 	Created sequence: random, trialTypes=1, nReps=0, seed=None
49.7193 	EXP 	New trial (rep=0, index=3): OrderedDict([('selectBlock', 1)])
49.7215 	EXP 	Created sequence: sequential, trialTypes=1, nReps=1, seed=None
49.7221 	EXP 	New trial (rep=0, index=0): None
49.7324 	EXP 	ITI_2: autoDraw = False
49.7324 	EXP 	polygon2_2: autoDraw = False
49.7324 	EXP 	feedback1_2: autoDraw = False
49.7324 	EXP 	arrow1_2: autoDraw = False
49.7324 	EXP 	ITI_2: autoDraw = False
49.7324 	EXP 	polygon: autoDraw = True
49.7324 	EXP 	text: autoDraw = True
51.2186 	DATA 	Keypress: 2
51.7313 	EXP 	polygon: autoDraw = False
51.7313 	EXP 	text: autoDraw = False
51.7480 	EXP 	ISI: autoDraw = True
53.7486 	EXP 	ISI: autoDraw = False
53.7486 	EXP 	polygon: autoDraw = False
53.7486 	EXP 	text: autoDraw = False
53.7486 	EXP 	ISI: autoDraw = False
53.7486 	EXP 	arrow1_2: color = '[-1.  1. -1.] (rgb)'
53.7486 	EXP 	arrow1_2: text = '+$0.50'
53.7486 	EXP 	polygon2_2: autoDraw = True
53.7486 	EXP 	feedback1_2: autoDraw = True
54.4882 	DATA 	Keypress: 1
54.7320 	EXP 	feedback1_2: autoDraw = False
54.7489 	EXP 	arrow1_2: autoDraw = True
55.7325 	EXP 	polygon2_2: autoDraw = False
55.7325 	EXP 	arrow1_2: autoDraw = False
55.7492 	EXP 	ITI_2: autoDraw = True
57.7209 	EXP 	Created sequence: random, trialTypes=1, nReps=0, seed=None
57.7217 	EXP 	New trial (rep=0, index=4): OrderedDict([('selectBlock', 1)])
57.7238 	EXP 	Created sequence: sequential, trialTypes=1, nReps=1, seed=None
57.7244 	EXP 	New trial (rep=0, index=0): None
57.7346 	EXP 	ITI_2: autoDraw = False
57.7346 	EXP 	polygon2_2: autoDraw = False
57.7346 	EXP 	feedback1_2: autoDraw = False
57.7346 	EXP 	arrow1_2: autoDraw = False
57.7346 	EXP 	ITI_2: autoDraw = False
57.7346 	EXP 	polygon: autoDraw = True
57.7346 	EXP 	text: autoDraw = True
59.0209 	DATA 	Keypress: 1
59.7337 	EXP 	polygon: autoDraw = False
59.7337 	EXP 	text: autoDraw = False
59.7503 	EXP 	ISI: autoDraw = True
61.7509 	EXP 	ISI: autoDraw = False
61.7509 	EXP 	polygon: autoDraw = False
61.7509 	EXP 	text: autoDraw = False
61.7509 	EXP 	ISI: autoDraw = False
61.7509 	EXP 	arrow1_2: color = '[-1.  1. -1.] (rgb)'
61.7509 	EXP 	arrow1_2: text = '+$0.50'
61.7509 	EXP 	polygon2_2: autoDraw = True
61.7509 	EXP 	feedback1_2: autoDraw = True
62.7346 	EXP 	feedback1_2: autoDraw = False
62.7512 	EXP 	arrow1_2: autoDraw = True
63.7348 	EXP 	polygon2_2: autoDraw = False
63.7348 	EXP 	arrow1_2: autoDraw = False
63.7515 	EXP 	ITI_2: autoDraw = True
65.7231 	EXP 	Created sequence: random, trialTypes=1, nReps=0, seed=None
65.7239 	EXP 	New trial (rep=0, index=5): OrderedDict([('selectBlock', 1)])
65.7260 	EXP 	Created sequence: sequential, trialTypes=1, nReps=1, seed=None
65.7267 	EXP 	New trial (rep=0, index=0): None
65.7374 	EXP 	ITI_2: autoDraw = False
65.7374 	EXP 	polygon2_2: autoDraw = False
65.7374 	EXP 	feedback1_2: autoDraw = False
65.7374 	EXP 	arrow1_2: autoDraw = False
65.7374 	EXP 	ITI_2: autoDraw = False
65.7374 	EXP 	polygon: autoDraw = True
65.7374 	EXP 	text: autoDraw = True
66.5062 	DATA 	Keypress: 2
67.7360 	EXP 	polygon: autoDraw = False
67.7360 	EXP 	text: autoDraw = False
67.7527 	EXP 	ISI: autoDraw = True
69.7532 	EXP 	ISI: autoDraw = False
69.7532 	EXP 	polygon: autoDraw = False
69.7532 	EXP 	text: autoDraw = False
69.7532 	EXP 	ISI: autoDraw = False
69.7532 	EXP 	arrow1_2: color = '[-1.  1. -1.] (rgb)'
69.7532 	EXP 	arrow1_2: text = '+$0.50'
69.7532 	EXP 	polygon2_2: autoDraw = True
69.7532 	EXP 	feedback1_2: autoDraw = True
70.7369 	EXP 	feedback1_2: autoDraw = False
70.7536 	EXP 	arrow1_2: autoDraw = True
71.7372 	EXP 	polygon2_2: autoDraw = False
71.7372 	EXP 	arrow1_2: autoDraw = False
71.7538 	EXP 	ITI_2: autoDraw = True
73.7266 	EXP 	Created sequence: random, trialTypes=1, nReps=0, seed=None
73.7274 	EXP 	New trial (rep=0, index=6): OrderedDict([('selectBlock', 2)])
73.7293 	EXP 	Created sequence: sequential, trialTypes=1, nReps=0, seed=None
73.7302 	EXP 	Created sequence: random, trialTypes=1, nReps=1, seed=None
73.7308 	EXP 	New trial (rep=0, index=0): None
73.7544 	EXP 	ITI_2: autoDraw = False
73.7544 	EXP 	polygon2_2: autoDraw = False
73.7544 	EXP 	feedback1_2: autoDraw = False
73.7544 	EXP 	arrow1_2: autoDraw = False
73.7544 	EXP 	ITI_2: autoDraw = False
73.7544 	EXP 	rectangle: autoDraw = True
73.7544 	EXP 	text1: autoDraw = True
75.2085 	DATA 	Keypress: 1
75.7383 	EXP 	rectangle: autoDraw = False
75.7383 	EXP 	text1: autoDraw = False
75.7550 	EXP 	ISI2: autoDraw = True
77.7556 	EXP 	ISI2: autoDraw = False
77.7556 	EXP 	rectangle: autoDraw = False
77.7556 	EXP 	text1: autoDraw = False
77.7556 	EXP 	ISI2: autoDraw = False
77.7556 	EXP 	feedback2_2: text = 7
77.7556 	EXP 	arrow2_2: color = '[ 1. -1. -1.] (rgb)'
77.7556 	EXP 	arrow2_2: text = '-$0.25'
77.7556 	EXP 	rectangle2_2: autoDraw = True
77.7556 	EXP 	feedback2_2: autoDraw = True
78.7392 	EXP 	feedback2_2: autoDraw = False
78.7559 	EXP 	arrow2_2: autoDraw = True
79.7395 	EXP 	rectangle2_2: autoDraw = False
79.7395 	EXP 	arrow2_2: autoDraw = False
79.7562 	EXP 	ITI2_2: autoDraw = True
81.7289 	EXP 	New trial (rep=0, index=7): OrderedDict([('selectBlock', 1)])
81.7306 	EXP 	Created sequence: sequential, trialTypes=1, nReps=1, seed=None
81.7313 	EXP 	New trial (rep=0, index=0): None
81.7415 	EXP 	ITI2_2: autoDraw = False
81.7415 	EXP 	rectangle2_2: autoDraw = False
81.7415 	EXP 	feedback2_2: autoDraw = False
81.7415 	EXP 	arrow2_2: autoDraw = False
81.7415 	EXP 	ITI2_2: autoDraw = False
81.7415 	EXP 	polygon: autoDraw = True
81.7415 	EXP 	text: autoDraw = True
82.4278 	DATA 	Keypress: 2
83.7407 	EXP 	polygon: autoDraw = False
83.7407 	EXP 	text: autoDraw = False
83.7573 	EXP 	ISI: autoDraw = True
85.7579 	EXP 	ISI: autoDraw = False
85.7579 	EXP 	polygon: autoDraw = False
85.7579 	EXP 	text: autoDraw = False
85.7579 	EXP 	ISI: autoDraw = False
85.7579 	EXP 	arrow1_2: color = '[-1.  1. -1.] (rgb)'
85.7579 	EXP 	arrow1_2: text = '+$0.50'
85.7579 	EXP 	polygon2_2: autoDraw = True
85.7579 	EXP 	feedback1_2: autoDraw = True
86.7414 	EXP 	feedback1_2: autoDraw = False
86.7582 	EXP 	arrow1_2: autoDraw = True
87.7418 	EXP 	polygon2_2: autoDraw = False
87.7418 	EXP 	arrow1_2: autoDraw = False
87.7585 	EXP 	ITI_2: autoDraw = True
89.7311 	EXP 	Created sequence: random, trialTypes=1, nReps=0, seed=None
89.7319 	EXP 	New trial (rep=0, index=8): OrderedDict([('selectBlock', 1)])
89.7339 	EXP 	Created sequence: sequential, trialTypes=1, nReps=1, seed=None
89.7345 	EXP 	New trial (rep=0, index=0): None
89.7590 	EXP 	ITI_2: autoDraw = False
89.7590 	EXP 	polygon2_2: autoDraw = False
89.7590 	EXP 	feedback1_2: autoDraw = False
89.7590 	EXP 	arrow1_2: autoDraw = False
89.7590 	EXP 	ITI_2: autoDraw = False
89.7590 	EXP 	polygon: autoDraw = True
89.7590 	EXP 	text: autoDraw = True
91.1300 	DATA 	Keypress: 2
91.7430 	EXP 	polygon: autoDraw = False
91.7430 	EXP 	text: autoDraw = False
91.7597 	EXP 	ISI: autoDraw = True
93.7602 	EXP 	ISI: autoDraw = False
93.7602 	EXP 	polygon: autoDraw = False
93.7602 	EXP 	text: autoDraw = False
93.7602 	EXP 	ISI: autoDraw = False
93.7602 	EXP 	arrow1_2: color = '[-1.  1. -1.] (rgb)'
93.7602 	EXP 	arrow1_2: text = '+$0.50'
93.7602 	EXP 	polygon2_2: autoDraw = True
93.7602 	EXP 	feedback1_2: autoDraw = True
94.7438 	EXP 	feedback1_2: autoDraw = False
94.7604 	EXP 	arrow1_2: autoDraw = True
95.7442 	EXP 	polygon2_2: autoDraw = False
95.7442 	EXP 	arrow1_2: autoDraw = False
95.7608 	EXP 	ITI_2: autoDraw = True
97.7337 	EXP 	Created sequence: random, trialTypes=1, nReps=0, seed=None
97.7345 	EXP 	New trial (rep=0, index=9): OrderedDict([('selectBlock', 1)])
97.7362 	EXP 	Created sequence: sequential, trialTypes=1, nReps=1, seed=None
97.7368 	EXP 	New trial (rep=0, index=0): None
97.7614 	EXP 	ITI_2: autoDraw = False
97.7614 	EXP 	polygon2_2: autoDraw = False
97.7614 	EXP 	feedback1_2: autoDraw = False
97.7614 	EXP 	arrow1_2: autoDraw = False
97.7614 	EXP 	ITI_2: autoDraw = False
97.7614 	EXP 	polygon: autoDraw = True
97.7614 	EXP 	text: autoDraw = True
99.0154 	DATA 	Keypress: 1
99.7453 	EXP 	polygon: autoDraw = False
99.7453 	EXP 	text: autoDraw = False
99.7620 	EXP 	ISI: autoDraw = True
101.7625 	EXP 	ISI: autoDraw = False
101.7625 	EXP 	polygon: autoDraw = False
101.7625 	EXP 	text: autoDraw = False
101.7625 	EXP 	ISI: autoDraw = False
101.7625 	EXP 	arrow1_2: color = '[-1.  1. -1.] (rgb)'
101.7625 	EXP 	arrow1_2: text = '+$0.50'
101.7625 	EXP 	polygon2_2: autoDraw = True
101.7625 	EXP 	feedback1_2: autoDraw = True
102.7462 	EXP 	feedback1_2: autoDraw = False
102.7628 	EXP 	arrow1_2: autoDraw = True
103.7465 	EXP 	polygon2_2: autoDraw = False
103.7465 	EXP 	arrow1_2: autoDraw = False
103.7631 	EXP 	ITI_2: autoDraw = True
105.7358 	EXP 	Created sequence: random, trialTypes=1, nReps=0, seed=None
105.7365 	EXP 	New trial (rep=0, index=10): OrderedDict([('selectBlock', 1)])
105.7384 	EXP 	Created sequence: sequential, trialTypes=1, nReps=1, seed=None
105.7391 	EXP 	New trial (rep=0, index=0): None
105.7637 	EXP 	ITI_2: autoDraw = False
105.7637 	EXP 	polygon2_2: autoDraw = False
105.7637 	EXP 	feedback1_2: autoDraw = False
105.7637 	EXP 	arrow1_2: autoDraw = False
105.7637 	EXP 	ITI_2: autoDraw = False
105.7637 	EXP 	polygon: autoDraw = True
105.7637 	EXP 	text: autoDraw = True
107.0016 	DATA 	Keypress: 2
107.7476 	EXP 	polygon: autoDraw = False
107.7476 	EXP 	text: autoDraw = False
107.7643 	EXP 	ISI: autoDraw = True
109.7649 	EXP 	ISI: autoDraw = False
109.7649 	EXP 	polygon: autoDraw = False
109.7649 	EXP 	text: autoDraw = False
109.7649 	EXP 	ISI: autoDraw = False
109.7649 	EXP 	arrow1_2: color = '[-1.  1. -1.] (rgb)'
109.7649 	EXP 	arrow1_2: text = '+$0.50'
109.7649 	EXP 	polygon2_2: autoDraw = True
109.7649 	EXP 	feedback1_2: autoDraw = True
110.7486 	EXP 	feedback1_2: autoDraw = False
110.7652 	EXP 	arrow1_2: autoDraw = True
111.7488 	EXP 	polygon2_2: autoDraw = False
111.7488 	EXP 	arrow1_2: autoDraw = False
111.7655 	EXP 	ITI_2: autoDraw = True
113.7380 	EXP 	Created sequence: random, trialTypes=1, nReps=0, seed=None
113.7387 	EXP 	New trial (rep=0, index=11): OrderedDict([('selectBlock', 2)])
113.7407 	EXP 	Created sequence: sequential, trialTypes=1, nReps=0, seed=None
113.7416 	EXP 	Created sequence: random, trialTypes=1, nReps=1, seed=None
113.7422 	EXP 	New trial (rep=0, index=0): None
113.7660 	EXP 	ITI_2: autoDraw = False
113.7660 	EXP 	polygon2_2: autoDraw = False
113.7660 	EXP 	feedback1_2: autoDraw = False
113.7660 	EXP 	arrow1_2: autoDraw = False
113.7660 	EXP 	ITI_2: autoDraw = False
113.7660 	EXP 	rectangle: autoDraw = True
113.7660 	EXP 	text1: autoDraw = True
114.5538 	DATA 	Keypress: 1
115.7500 	EXP 	rectangle: autoDraw = False
115.7500 	EXP 	text1: autoDraw = False
115.7666 	EXP 	ISI2: autoDraw = True
117.7672 	EXP 	ISI2: autoDraw = False
117.7672 	EXP 	rectangle: autoDraw = False
117.7672 	EXP 	text1: autoDraw = False
117.7672 	EXP 	ISI2: autoDraw = False
117.7672 	EXP 	feedback2_2: text = 7
117.7672 	EXP 	arrow2_2: color = '[ 1. -1. -1.] (rgb)'
117.7672 	EXP 	arrow2_2: text = '-$0.25'
117.7672 	EXP 	rectangle2_2: autoDraw = True
117.7672 	EXP 	feedback2_2: autoDraw = True
118.7508 	EXP 	feedback2_2: autoDraw = False
118.7675 	EXP 	arrow2_2: autoDraw = True
119.7511 	EXP 	rectangle2_2: autoDraw = False
119.7511 	EXP 	arrow2_2: autoDraw = False
119.7678 	EXP 	ITI2_2: autoDraw = True
121.7402 	EXP 	New trial (rep=0, index=12): OrderedDict([('selectBlock', 2)])
121.7420 	EXP 	Created sequence: sequential, trialTypes=1, nReps=0, seed=None
121.7429 	EXP 	Created sequence: random, trialTypes=1, nReps=1, seed=None
121.7435 	EXP 	New trial (rep=0, index=0): None
121.7529 	EXP 	ITI2_2: autoDraw = False
121.7529 	EXP 	rectangle2_2: autoDraw = False
121.7529 	EXP 	feedback2_2: autoDraw = False
121.7529 	EXP 	arrow2_2: autoDraw = False
121.7529 	EXP 	ITI2_2: autoDraw = False
121.7529 	EXP 	rectangle: autoDraw = True
121.7529 	EXP 	text1: autoDraw = True
122.7891 	DATA 	Keypress: 2
123.7523 	EXP 	rectangle: autoDraw = False
123.7523 	EXP 	text1: autoDraw = False
123.7690 	EXP 	ISI2: autoDraw = True
125.7695 	EXP 	ISI2: autoDraw = False
125.7695 	EXP 	rectangle: autoDraw = False
125.7695 	EXP 	text1: autoDraw = False
125.7695 	EXP 	ISI2: autoDraw = False
125.7695 	EXP 	feedback2_2: text = 3
125.7695 	EXP 	arrow2_2: color = '[ 1. -1. -1.] (rgb)'
125.7695 	EXP 	arrow2_2: text = '-$0.25'
125.7695 	EXP 	rectangle2_2: autoDraw = True
125.7695 	EXP 	feedback2_2: autoDraw = True
126.7532 	EXP 	feedback2_2: autoDraw = False
126.7698 	EXP 	arrow2_2: autoDraw = True
127.7535 	EXP 	rectangle2_2: autoDraw = False
127.7535 	EXP 	arrow2_2: autoDraw = False
127.7701 	EXP 	ITI2_2: autoDraw = True
129.7426 	EXP 	New trial (rep=0, index=13): OrderedDict([('selectBlock', 1)])
129.7443 	EXP 	Created sequence: sequential, trialTypes=1, nReps=1, seed=None
129.7450 	EXP 	New trial (rep=0, index=0): None
129.7552 	EXP 	ITI2_2: autoDraw = False
129.7552 	EXP 	rectangle2_2: autoDraw = False
129.7552 	EXP 	feedback2_2: autoDraw = False
129.7552 	EXP 	arrow2_2: autoDraw = False
129.7552 	EXP 	ITI2_2: autoDraw = False
129.7552 	EXP 	polygon: autoDraw = True
129.7552 	EXP 	text: autoDraw = True
130.2414 	DATA 	Keypress: 1
131.7546 	EXP 	polygon: autoDraw = False
131.7546 	EXP 	text: autoDraw = False
131.7713 	EXP 	ISI: autoDraw = True
133.7719 	EXP 	ISI: autoDraw = False
133.7719 	EXP 	polygon: autoDraw = False
133.7719 	EXP 	text: autoDraw = False
133.7719 	EXP 	ISI: autoDraw = False
133.7719 	EXP 	arrow1_2: color = '[-1.  1. -1.] (rgb)'
133.7719 	EXP 	arrow1_2: text = '+$0.50'
133.7719 	EXP 	polygon2_2: autoDraw = True
133.7719 	EXP 	feedback1_2: autoDraw = True
134.7555 	EXP 	feedback1_2: autoDraw = False
134.7721 	EXP 	arrow1_2: autoDraw = True
135.7558 	EXP 	polygon2_2: autoDraw = False
135.7558 	EXP 	arrow1_2: autoDraw = False
135.7725 	EXP 	ITI_2: autoDraw = True
137.7448 	EXP 	Created sequence: random, trialTypes=1, nReps=0, seed=None
137.7456 	EXP 	New trial (rep=0, index=14): OrderedDict([('selectBlock', 1)])
137.7476 	EXP 	Created sequence: sequential, trialTypes=1, nReps=1, seed=None
137.7482 	EXP 	New trial (rep=0, index=0): None
137.7584 	EXP 	ITI_2: autoDraw = False
137.7584 	EXP 	polygon2_2: autoDraw = False
137.7584 	EXP 	feedback1_2: autoDraw = False
137.7584 	EXP 	arrow1_2: autoDraw = False
137.7584 	EXP 	ITI_2: autoDraw = False
137.7584 	EXP 	polygon: autoDraw = True
137.7584 	EXP 	text: autoDraw = True
138.7607 	DATA 	Keypress: 1
139.7570 	EXP 	polygon: autoDraw = False
139.7570 	EXP 	text: autoDraw = False
139.7736 	EXP 	ISI: autoDraw = True
141.7742 	EXP 	ISI: autoDraw = False
141.7742 	EXP 	polygon: autoDraw = False
141.7742 	EXP 	text: autoDraw = False
141.7742 	EXP 	ISI: autoDraw = False
141.7742 	EXP 	arrow1_2: color = '[-1.  1. -1.] (rgb)'
141.7742 	EXP 	arrow1_2: text = '+$0.50'
141.7742 	EXP 	polygon2_2: autoDraw = True
141.7742 	EXP 	feedback1_2: autoDraw = True
142.7576 	EXP 	feedback1_2: autoDraw = False
142.7745 	EXP 	arrow1_2: autoDraw = True
143.7581 	EXP 	polygon2_2: autoDraw = False
143.7581 	EXP 	arrow1_2: autoDraw = False
143.7748 	EXP 	ITI_2: autoDraw = True
145.7470 	EXP 	Created sequence: random, trialTypes=1, nReps=0, seed=None
145.7478 	EXP 	New trial (rep=0, index=15): OrderedDict([('selectBlock', 2)])
145.7498 	EXP 	Created sequence: sequential, trialTypes=1, nReps=0, seed=None
145.7507 	EXP 	Created sequence: random, trialTypes=1, nReps=1, seed=None
145.7513 	EXP 	New trial (rep=0, index=0): None
145.7607 	EXP 	ITI_2: autoDraw = False
145.7607 	EXP 	polygon2_2: autoDraw = False
145.7607 	EXP 	feedback1_2: autoDraw = False
145.7607 	EXP 	arrow1_2: autoDraw = False
145.7607 	EXP 	ITI_2: autoDraw = False
145.7607 	EXP 	rectangle: autoDraw = True
145.7607 	EXP 	text1: autoDraw = True
146.6790 	DATA 	Keypress: 2
147.7593 	EXP 	rectangle: autoDraw = False
147.7593 	EXP 	text1: autoDraw = False
147.7760 	EXP 	ISI2: autoDraw = True
149.7765 	EXP 	ISI2: autoDraw = False
149.7765 	EXP 	rectangle: autoDraw = False
149.7765 	EXP 	text1: autoDraw = False
149.7765 	EXP 	ISI2: autoDraw = False
149.7765 	EXP 	feedback2_2: text = 1
149.7765 	EXP 	arrow2_2: color = '[ 1. -1. -1.] (rgb)'
149.7765 	EXP 	arrow2_2: text = '-$0.25'
149.7765 	EXP 	rectangle2_2: autoDraw = True
149.7765 	EXP 	feedback2_2: autoDraw = True
150.7601 	EXP 	feedback2_2: autoDraw = False
150.7768 	EXP 	arrow2_2: autoDraw = True
151.7605 	EXP 	rectangle2_2: autoDraw = False
151.7605 	EXP 	arrow2_2: autoDraw = False
151.7771 	EXP 	ITI2_2: autoDraw = True
153.7494 	EXP 	New trial (rep=0, index=16): OrderedDict([('selectBlock', 1)])
153.7511 	EXP 	Created sequence: sequential, trialTypes=1, nReps=1, seed=None
153.7518 	EXP 	New trial (rep=0, index=0): None
153.7620 	EXP 	ITI2_2: autoDraw = False
153.7620 	EXP 	rectangle2_2: autoDraw = False
153.7620 	EXP 	feedback2_2: autoDraw = False
153.7620 	EXP 	arrow2_2: autoDraw = False
153.7620 	EXP 	ITI2_2: autoDraw = False
153.7620 	EXP 	polygon: autoDraw = True
153.7620 	EXP 	text: autoDraw = True
155.6323 	DATA 	Keypress: 2
155.7616 	EXP 	polygon: autoDraw = False
155.7616 	EXP 	text: autoDraw = False
155.7783 	EXP 	ISI: autoDraw = True
157.7788 	EXP 	ISI: autoDraw = False
157.7788 	EXP 	polygon: autoDraw = False
157.7788 	EXP 	text: autoDraw = False
157.7788 	EXP 	ISI: autoDraw = False
157.7788 	EXP 	arrow1_2: color = '[-1.  1. -1.] (rgb)'
157.7788 	EXP 	arrow1_2: text = '+$0.50'
157.7788 	EXP 	polygon2_2: autoDraw = True
157.7788 	EXP 	feedback1_2: autoDraw = True
158.7624 	EXP 	feedback1_2: autoDraw = False
158.7791 	EXP 	arrow1_2: autoDraw = True
159.7628 	EXP 	polygon2_2: autoDraw = False
159.7628 	EXP 	arrow1_2: autoDraw = False
159.7795 	EXP 	ITI_2: autoDraw = True
161.7517 	EXP 	Created sequence: random, trialTypes=1, nReps=0, seed=None
161.7524 	EXP 	New trial (rep=0, index=17): OrderedDict([('selectBlock', 2)])
161.7545 	EXP 	Created sequence: sequential, trialTypes=1, nReps=0, seed=None
161.7553 	EXP 	Created sequence: random, trialTypes=1, nReps=1, seed=None
161.7560 	EXP 	New trial (rep=0, index=0): None
161.7653 	EXP 	ITI_2: autoDraw = False
161.7653 	EXP 	polygon2_2: autoDraw = False
161.7653 	EXP 	feedback1_2: autoDraw = False
161.7653 	EXP 	arrow1_2: autoDraw = False
161.7653 	EXP 	ITI_2: autoDraw = False
161.7653 	EXP 	rectangle: autoDraw = True
161.7653 	EXP 	text1: autoDraw = True
162.5335 	DATA 	Keypress: 1
163.7639 	EXP 	rectangle: autoDraw = False
163.7639 	EXP 	text1: autoDraw = False
163.7806 	EXP 	ISI2: autoDraw = True
165.7811 	EXP 	ISI2: autoDraw = False
165.7811 	EXP 	rectangle: autoDraw = False
165.7811 	EXP 	text1: autoDraw = False
165.7811 	EXP 	ISI2: autoDraw = False
165.7811 	EXP 	feedback2_2: text = 8
165.7811 	EXP 	arrow2_2: color = '[ 1. -1. -1.] (rgb)'
165.7811 	EXP 	arrow2_2: text = '-$0.25'
165.7811 	EXP 	rectangle2_2: autoDraw = True
165.7811 	EXP 	feedback2_2: autoDraw = True
166.7648 	EXP 	feedback2_2: autoDraw = False
166.7815 	EXP 	arrow2_2: autoDraw = True
167.7651 	EXP 	rectangle2_2: autoDraw = False
167.7651 	EXP 	arrow2_2: autoDraw = False
167.7818 	EXP 	ITI2_2: autoDraw = True
169.7539 	EXP 	New trial (rep=0, index=18): OrderedDict([('selectBlock', 2)])
169.7557 	EXP 	Created sequence: sequential, trialTypes=1, nReps=0, seed=None
169.7565 	EXP 	Created sequence: random, trialTypes=1, nReps=1, seed=None
169.7571 	EXP 	New trial (rep=0, index=0): None
169.7666 	EXP 	ITI2_2: autoDraw = False
169.7666 	EXP 	rectangle2_2: autoDraw = False
169.7666 	EXP 	feedback2_2: autoDraw = False
169.7666 	EXP 	arrow2_2: autoDraw = False
169.7666 	EXP 	ITI2_2: autoDraw = False
169.7666 	EXP 	rectangle: autoDraw = True
169.7666 	EXP 	text1: autoDraw = True
170.7028 	DATA 	Keypress: 2
171.7662 	EXP 	rectangle: autoDraw = False
171.7662 	EXP 	text1: autoDraw = False
171.7829 	EXP 	ISI2: autoDraw = True
173.7835 	EXP 	ISI2: autoDraw = False
173.7835 	EXP 	rectangle: autoDraw = False
173.7835 	EXP 	text1: autoDraw = False
173.7835 	EXP 	ISI2: autoDraw = False
173.7835 	EXP 	feedback2_2: text = 1
173.7835 	EXP 	arrow2_2: color = '[ 1. -1. -1.] (rgb)'
173.7835 	EXP 	arrow2_2: text = '-$0.25'
173.7835 	EXP 	rectangle2_2: autoDraw = True
173.7835 	EXP 	feedback2_2: autoDraw = True
174.7672 	EXP 	feedback2_2: autoDraw = False
174.7838 	EXP 	arrow2_2: autoDraw = True
175.7674 	EXP 	rectangle2_2: autoDraw = False
175.7674 	EXP 	arrow2_2: autoDraw = False
175.7841 	EXP 	ITI2_2: autoDraw = True
177.7561 	EXP 	New trial (rep=0, index=19): OrderedDict([('selectBlock', 2)])
177.7580 	EXP 	Created sequence: sequential, trialTypes=1, nReps=0, seed=None
177.7589 	EXP 	Created sequence: random, trialTypes=1, nReps=1, seed=None
177.7595 	EXP 	New trial (rep=0, index=0): None
177.7688 	EXP 	ITI2_2: autoDraw = False
177.7688 	EXP 	rectangle2_2: autoDraw = False
177.7688 	EXP 	feedback2_2: autoDraw = False
177.7688 	EXP 	arrow2_2: autoDraw = False
177.7688 	EXP 	ITI2_2: autoDraw = False
177.7688 	EXP 	rectangle: autoDraw = True
177.7688 	EXP 	text1: autoDraw = True
178.4891 	DATA 	Keypress: 2
179.7686 	EXP 	rectangle: autoDraw = False
179.7686 	EXP 	text1: autoDraw = False
179.7852 	EXP 	ISI2: autoDraw = True
181.7858 	EXP 	ISI2: autoDraw = False
181.7858 	EXP 	rectangle: autoDraw = False
181.7858 	EXP 	text1: autoDraw = False
181.7858 	EXP 	ISI2: autoDraw = False
181.7858 	EXP 	feedback2_2: text = 3
181.7858 	EXP 	arrow2_2: color = '[ 1. -1. -1.] (rgb)'
181.7858 	EXP 	arrow2_2: text = '-$0.25'
181.7858 	EXP 	rectangle2_2: autoDraw = True
181.7858 	EXP 	feedback2_2: autoDraw = True
182.7695 	EXP 	feedback2_2: autoDraw = False
182.7861 	EXP 	arrow2_2: autoDraw = True
183.7698 	EXP 	rectangle2_2: autoDraw = False
183.7698 	EXP 	arrow2_2: autoDraw = False
183.7864 	EXP 	ITI2_2: autoDraw = True
185.7585 	EXP 	New trial (rep=0, index=20): OrderedDict([('selectBlock', 1)])
185.7602 	EXP 	Created sequence: sequential, trialTypes=1, nReps=1, seed=None
185.7609 	EXP 	New trial (rep=0, index=0): None
185.7711 	EXP 	ITI2_2: autoDraw = False
185.7711 	EXP 	rectangle2_2: autoDraw = False
185.7711 	EXP 	feedback2_2: autoDraw = False
185.7711 	EXP 	arrow2_2: autoDraw = False
185.7711 	EXP 	ITI2_2: autoDraw = False
185.7711 	EXP 	polygon: autoDraw = True
185.7711 	EXP 	text: autoDraw = True
186.3741 	DATA 	Keypress: 1
187.7709 	EXP 	polygon: autoDraw = False
187.7709 	EXP 	text: autoDraw = False
187.7876 	EXP 	ISI: autoDraw = True
189.7881 	EXP 	ISI: autoDraw = False
189.7881 	EXP 	polygon: autoDraw = False
189.7881 	EXP 	text: autoDraw = False
189.7881 	EXP 	ISI: autoDraw = False
189.7881 	EXP 	arrow1_2: color = '[-1.  1. -1.] (rgb)'
189.7881 	EXP 	arrow1_2: text = '+$0.50'
189.7881 	EXP 	polygon2_2: autoDraw = True
189.7881 	EXP 	feedback1_2: autoDraw = True
190.7718 	EXP 	feedback1_2: autoDraw = False
190.7885 	EXP 	arrow1_2: autoDraw = True
191.7721 	EXP 	polygon2_2: autoDraw = False
191.7721 	EXP 	arrow1_2: autoDraw = False
191.7887 	EXP 	ITI_2: autoDraw = True
193.7606 	EXP 	Created sequence: random, trialTypes=1, nReps=0, seed=None
193.7614 	EXP 	New trial (rep=0, index=21): OrderedDict([('selectBlock', 2)])
193.7635 	EXP 	Created sequence: sequential, trialTypes=1, nReps=0, seed=None
193.7644 	EXP 	Created sequence: random, trialTypes=1, nReps=1, seed=None
193.7650 	EXP 	New trial (rep=0, index=0): None
193.7744 	EXP 	ITI_2: autoDraw = False
193.7744 	EXP 	polygon2_2: autoDraw = False
193.7744 	EXP 	feedback1_2: autoDraw = False
193.7744 	EXP 	arrow1_2: autoDraw = False
193.7744 	EXP 	ITI_2: autoDraw = False
193.7744 	EXP 	rectangle: autoDraw = True
193.7744 	EXP 	text1: autoDraw = True
194.5596 	DATA 	Keypress: 1
195.7732 	EXP 	rectangle: autoDraw = False
195.7732 	EXP 	text1: autoDraw = False
195.7899 	EXP 	ISI2: autoDraw = True
197.7905 	EXP 	ISI2: autoDraw = False
197.7905 	EXP 	rectangle: autoDraw = False
197.7905 	EXP 	text1: autoDraw = False
197.7905 	EXP 	ISI2: autoDraw = False
197.7905 	EXP 	feedback2_2: text = 7
197.7905 	EXP 	arrow2_2: color = '[ 1. -1. -1.] (rgb)'
197.7905 	EXP 	arrow2_2: text = '-$0.25'
197.7905 	EXP 	rectangle2_2: autoDraw = True
197.7905 	EXP 	feedback2_2: autoDraw = True
198.7741 	EXP 	feedback2_2: autoDraw = False
198.7908 	EXP 	arrow2_2: autoDraw = True
199.7744 	EXP 	rectangle2_2: autoDraw = False
199.7744 	EXP 	arrow2_2: autoDraw = False
199.7911 	EXP 	ITI2_2: autoDraw = True
201.7629 	EXP 	New trial (rep=0, index=22): OrderedDict([('selectBlock', 2)])
201.7648 	EXP 	Created sequence: sequential, trialTypes=1, nReps=0, seed=None
201.7657 	EXP 	Created sequence: random, trialTypes=1, nReps=1, seed=None
201.7663 	EXP 	New trial (rep=0, index=0): None
201.7757 	EXP 	ITI2_2: autoDraw = False
201.7757 	EXP 	rectangle2_2: autoDraw = False
201.7757 	EXP 	feedback2_2: autoDraw = False
201.7757 	EXP 	arrow2_2: autoDraw = False
201.7757 	EXP 	ITI2_2: autoDraw = False
201.7757 	EXP 	rectangle: autoDraw = True
201.7757 	EXP 	text1: autoDraw = True
202.4959 	DATA 	Keypress: 2
202.8789 	DATA 	Keypress: 2
203.7756 	EXP 	rectangle: autoDraw = False
203.7756 	EXP 	text1: autoDraw = False
203.7923 	EXP 	ISI2: autoDraw = True
205.7928 	EXP 	ISI2: autoDraw = False
205.7928 	EXP 	rectangle: autoDraw = False
205.7928 	EXP 	text1: autoDraw = False
205.7928 	EXP 	ISI2: autoDraw = False
205.7928 	EXP 	feedback2_2: text = 2
205.7928 	EXP 	arrow2_2: color = '[ 1. -1. -1.] (rgb)'
205.7928 	EXP 	arrow2_2: text = '-$0.25'
205.7928 	EXP 	rectangle2_2: autoDraw = True
205.7928 	EXP 	feedback2_2: autoDraw = True
206.7764 	EXP 	feedback2_2: autoDraw = False
206.7931 	EXP 	arrow2_2: autoDraw = True
207.7767 	EXP 	rectangle2_2: autoDraw = False
207.7767 	EXP 	arrow2_2: autoDraw = False
207.7934 	EXP 	ITI2_2: autoDraw = True
209.7652 	EXP 	New trial (rep=0, index=23): OrderedDict([('selectBlock', 1)])
209.7671 	EXP 	Created sequence: sequential, trialTypes=1, nReps=1, seed=None
209.7677 	EXP 	New trial (rep=0, index=0): None
209.7779 	EXP 	ITI2_2: autoDraw = False
209.7779 	EXP 	rectangle2_2: autoDraw = False
209.7779 	EXP 	feedback2_2: autoDraw = False
209.7779 	EXP 	arrow2_2: autoDraw = False
209.7779 	EXP 	ITI2_2: autoDraw = False
209.7779 	EXP 	polygon: autoDraw = True
209.7779 	EXP 	text: autoDraw = True
210.4812 	DATA 	Keypress: 1
211.7779 	EXP 	polygon: autoDraw = False
211.7779 	EXP 	text: autoDraw = False
211.7945 	EXP 	ISI: autoDraw = True
213.7951 	EXP 	ISI: autoDraw = False
213.7951 	EXP 	polygon: autoDraw = False
213.7951 	EXP 	text: autoDraw = False
213.7951 	EXP 	ISI: autoDraw = False
213.7951 	EXP 	arrow1_2: color = '[-1.  1. -1.] (rgb)'
213.7951 	EXP 	arrow1_2: text = '+$0.50'
213.7951 	EXP 	polygon2_2: autoDraw = True
213.7951 	EXP 	feedback1_2: autoDraw = True
214.7787 	EXP 	feedback1_2: autoDraw = False
214.7954 	EXP 	arrow1_2: autoDraw = True
215.7790 	EXP 	polygon2_2: autoDraw = False
215.7790 	EXP 	arrow1_2: autoDraw = False
215.7957 	EXP 	ITI_2: autoDraw = True
217.7675 	EXP 	Created sequence: random, trialTypes=1, nReps=0, seed=None
217.7682 	EXP 	New trial (rep=0, index=24): OrderedDict([('selectBlock', 2)])
217.7703 	EXP 	Created sequence: sequential, trialTypes=1, nReps=0, seed=None
217.7712 	EXP 	Created sequence: random, trialTypes=1, nReps=1, seed=None
217.7718 	EXP 	New trial (rep=0, index=0): None
217.7813 	EXP 	ITI_2: autoDraw = False
217.7813 	EXP 	polygon2_2: autoDraw = False
217.7813 	EXP 	feedback1_2: autoDraw = False
217.7813 	EXP 	arrow1_2: autoDraw = False
217.7813 	EXP 	ITI_2: autoDraw = False
217.7813 	EXP 	rectangle: autoDraw = True
217.7813 	EXP 	text1: autoDraw = True
219.4335 	DATA 	Keypress: 1
219.7802 	EXP 	rectangle: autoDraw = False
219.7802 	EXP 	text1: autoDraw = False
219.7969 	EXP 	ISI2: autoDraw = True
221.7975 	EXP 	ISI2: autoDraw = False
221.7975 	EXP 	rectangle: autoDraw = False
221.7975 	EXP 	text1: autoDraw = False
221.7975 	EXP 	ISI2: autoDraw = False
221.7975 	EXP 	feedback2_2: text = 8
221.7975 	EXP 	arrow2_2: color = '[ 1. -1. -1.] (rgb)'
221.7975 	EXP 	arrow2_2: text = '-$0.25'
221.7975 	EXP 	rectangle2_2: autoDraw = True
221.7975 	EXP 	feedback2_2: autoDraw = True
222.7811 	EXP 	feedback2_2: autoDraw = False
222.7978 	EXP 	arrow2_2: autoDraw = True
223.7814 	EXP 	rectangle2_2: autoDraw = False
223.7814 	EXP 	arrow2_2: autoDraw = False
223.7980 	EXP 	ITI2_2: autoDraw = True
225.7820 	EXP 	ITI2_2: autoDraw = False
225.7820 	EXP 	rectangle2_2: autoDraw = False
225.7820 	EXP 	feedback2_2: autoDraw = False
225.7820 	EXP 	arrow2_2: autoDraw = False
225.7820 	EXP 	ITI2_2: autoDraw = False
225.7820 	EXP 	Finished: autoDraw = True
231.8369 	DATA 	Keypress: space
231.8504 	EXP 	Finished: autoDraw = False
231.9706 	EXP 	window1: mouseVisible = True
