7.6916 	EXP 	Created window1 = Window(allowGUI=True, allowStencil=False, autoLog=True, bitsMode=UNKNOWN, blendMode='avg', color=array([ 0.,  0.,  0.]), colorSpace='rgb', fullscr=UNKNOWN, gamma=None, lms=UNKNOWN, monitor=<psychopy.monitors.calibTools.Monitor object at 0x07D5EB50>, multiSample=False, name='window1', numSamples=2, pos=[0, 0], screen=0, size=array([1920, 1080]), stereo=False, units='height', useFBO=True, useRetina=False, viewOri=0.0, viewPos=None, viewScale=None, waitBlanking=True, winType='pyglet')
7.6916 	EXP 	window1: recordFrameIntervals = False
7.8575 	EXP 	window1: recordFrameIntervals = True
8.0413 	EXP 	window1: recordFrameIntervals = False
8.1767 	EXP 	Created Instructions = TextStim(alignHoriz='center', alignVert='center', antialias=True, autoLog=True, bold=False, color='white', colorSpace='named', contrast=1.0, depth=0.0, flipHoriz=False, flipVert=False, font='Arial', fontFiles=[], height=0.07, italic=False, name='Instructions', opacity=1.0, ori=0, pos=array([ 0.,  0.]), rgb=array([ 255.,  255.,  255.]), text=unicode(...), units='height', win=Window(...), wrapWidth=1)
8.1781 	EXP 	window1: blendMode = 'avg'
8.1907 	EXP 	Instructions: autoDraw = True
8.1911 	EXP 	window1: blendMode = 'avg'
8.2075 	EXP 	window1: blendMode = 'avg'
8.2241 	EXP 	window1: blendMode = 'avg'
8.2421 	EXP 	window1: blendMode = 'avg'
8.2585 	EXP 	window1: blendMode = 'avg'
8.2752 	EXP 	window1: blendMode = 'avg'
8.2919 	EXP 	window1: blendMode = 'avg'
8.3085 	EXP 	window1: blendMode = 'avg'
8.3251 	EXP 	window1: blendMode = 'avg'
8.3419 	EXP 	window1: blendMode = 'avg'
8.3585 	EXP 	window1: blendMode = 'avg'
8.3752 	EXP 	window1: blendMode = 'avg'
8.3919 	EXP 	window1: blendMode = 'avg'
8.4089 	EXP 	window1: blendMode = 'avg'
8.4255 	EXP 	window1: blendMode = 'avg'
8.4422 	EXP 	window1: blendMode = 'avg'
8.4589 	EXP 	window1: blendMode = 'avg'
8.4754 	EXP 	window1: blendMode = 'avg'
8.4920 	EXP 	window1: blendMode = 'avg'
8.5082 	EXP 	window1: blendMode = 'avg'
8.5249 	EXP 	window1: blendMode = 'avg'
8.5422 	EXP 	window1: blendMode = 'avg'
8.5589 	EXP 	window1: blendMode = 'avg'
8.5755 	EXP 	window1: blendMode = 'avg'
8.5922 	EXP 	window1: blendMode = 'avg'
8.6089 	EXP 	window1: blendMode = 'avg'
8.6256 	EXP 	window1: blendMode = 'avg'
8.6423 	EXP 	window1: blendMode = 'avg'
8.6590 	EXP 	window1: blendMode = 'avg'
8.6756 	EXP 	window1: blendMode = 'avg'
8.6923 	EXP 	window1: blendMode = 'avg'
8.7089 	EXP 	window1: blendMode = 'avg'
8.7256 	EXP 	window1: blendMode = 'avg'
8.7423 	EXP 	window1: blendMode = 'avg'
8.7590 	EXP 	window1: blendMode = 'avg'
8.7756 	EXP 	window1: blendMode = 'avg'
8.7923 	EXP 	window1: blendMode = 'avg'
8.8090 	EXP 	window1: blendMode = 'avg'
8.8256 	EXP 	window1: blendMode = 'avg'
8.8423 	EXP 	window1: blendMode = 'avg'
8.8590 	EXP 	window1: blendMode = 'avg'
8.8757 	EXP 	window1: blendMode = 'avg'
8.8923 	EXP 	window1: blendMode = 'avg'
8.9090 	EXP 	window1: blendMode = 'avg'
8.9257 	EXP 	window1: blendMode = 'avg'
8.9423 	EXP 	window1: blendMode = 'avg'
8.9591 	EXP 	window1: blendMode = 'avg'
8.9757 	EXP 	window1: blendMode = 'avg'
8.9924 	EXP 	window1: blendMode = 'avg'
9.0090 	EXP 	window1: blendMode = 'avg'
9.0257 	EXP 	window1: blendMode = 'avg'
9.0424 	EXP 	window1: blendMode = 'avg'
9.0590 	EXP 	window1: blendMode = 'avg'
9.0757 	EXP 	window1: blendMode = 'avg'
9.0924 	EXP 	window1: blendMode = 'avg'
9.1091 	EXP 	window1: blendMode = 'avg'
9.1257 	EXP 	window1: blendMode = 'avg'
9.1424 	EXP 	window1: blendMode = 'avg'
9.1591 	EXP 	window1: blendMode = 'avg'
9.1755 	EXP 	window1: blendMode = 'avg'
9.1924 	EXP 	window1: blendMode = 'avg'
9.2091 	EXP 	window1: blendMode = 'avg'
9.2257 	EXP 	window1: blendMode = 'avg'
9.2424 	EXP 	window1: blendMode = 'avg'
9.2591 	EXP 	window1: blendMode = 'avg'
9.2758 	EXP 	window1: blendMode = 'avg'
9.2924 	EXP 	window1: blendMode = 'avg'
9.3091 	EXP 	window1: blendMode = 'avg'
9.3258 	EXP 	window1: blendMode = 'avg'
9.3424 	EXP 	window1: blendMode = 'avg'
9.3591 	EXP 	window1: blendMode = 'avg'
9.3758 	EXP 	window1: blendMode = 'avg'
9.3925 	EXP 	window1: blendMode = 'avg'
9.4092 	EXP 	window1: blendMode = 'avg'
9.4258 	EXP 	window1: blendMode = 'avg'
9.4425 	EXP 	window1: blendMode = 'avg'
9.4592 	EXP 	window1: blendMode = 'avg'
9.4757 	EXP 	window1: blendMode = 'avg'
9.4917 	EXP 	window1: blendMode = 'avg'
9.5085 	EXP 	window1: blendMode = 'avg'
9.5259 	EXP 	window1: blendMode = 'avg'
9.5425 	EXP 	window1: blendMode = 'avg'
9.5592 	EXP 	window1: blendMode = 'avg'
9.5759 	EXP 	window1: blendMode = 'avg'
9.5925 	EXP 	window1: blendMode = 'avg'
9.6092 	EXP 	window1: blendMode = 'avg'
9.6259 	EXP 	window1: blendMode = 'avg'
9.6425 	EXP 	window1: blendMode = 'avg'
9.6592 	EXP 	window1: blendMode = 'avg'
9.6759 	EXP 	window1: blendMode = 'avg'
9.6925 	EXP 	window1: blendMode = 'avg'
9.7092 	EXP 	window1: blendMode = 'avg'
9.7259 	EXP 	window1: blendMode = 'avg'
9.7426 	EXP 	window1: blendMode = 'avg'
9.7593 	EXP 	window1: blendMode = 'avg'
9.7759 	EXP 	window1: blendMode = 'avg'
9.7926 	EXP 	window1: blendMode = 'avg'
9.8093 	EXP 	window1: blendMode = 'avg'
9.8259 	EXP 	window1: blendMode = 'avg'
9.8426 	EXP 	window1: blendMode = 'avg'
9.8593 	EXP 	window1: blendMode = 'avg'
9.8759 	EXP 	window1: blendMode = 'avg'
9.8926 	EXP 	window1: blendMode = 'avg'
9.9093 	EXP 	window1: blendMode = 'avg'
9.9260 	EXP 	window1: blendMode = 'avg'
9.9426 	EXP 	window1: blendMode = 'avg'
9.9593 	EXP 	window1: blendMode = 'avg'
9.9760 	EXP 	window1: blendMode = 'avg'
9.9927 	EXP 	window1: blendMode = 'avg'
10.0093 	EXP 	window1: blendMode = 'avg'
10.0260 	EXP 	window1: blendMode = 'avg'
10.0426 	EXP 	window1: blendMode = 'avg'
10.0593 	EXP 	window1: blendMode = 'avg'
10.0760 	EXP 	window1: blendMode = 'avg'
10.0926 	EXP 	window1: blendMode = 'avg'
10.1094 	EXP 	window1: blendMode = 'avg'
10.1260 	EXP 	window1: blendMode = 'avg'
10.1427 	EXP 	window1: blendMode = 'avg'
10.1593 	EXP 	window1: blendMode = 'avg'
10.1760 	EXP 	window1: blendMode = 'avg'
10.1927 	EXP 	window1: blendMode = 'avg'
10.2094 	EXP 	window1: blendMode = 'avg'
10.2261 	EXP 	window1: blendMode = 'avg'
10.2427 	EXP 	window1: blendMode = 'avg'
10.2594 	EXP 	window1: blendMode = 'avg'
10.2761 	EXP 	window1: blendMode = 'avg'
10.2928 	EXP 	window1: blendMode = 'avg'
10.3094 	EXP 	window1: blendMode = 'avg'
10.3261 	EXP 	window1: blendMode = 'avg'
10.3427 	EXP 	window1: blendMode = 'avg'
10.3594 	EXP 	window1: blendMode = 'avg'
10.3761 	EXP 	window1: blendMode = 'avg'
10.3928 	EXP 	window1: blendMode = 'avg'
10.4095 	EXP 	window1: blendMode = 'avg'
10.4261 	EXP 	window1: blendMode = 'avg'
10.4428 	EXP 	window1: blendMode = 'avg'
10.4595 	EXP 	window1: blendMode = 'avg'
10.4760 	EXP 	window1: blendMode = 'avg'
10.4924 	EXP 	window1: blendMode = 'avg'
10.5092 	EXP 	window1: blendMode = 'avg'
10.5259 	EXP 	window1: blendMode = 'avg'
10.5428 	EXP 	window1: blendMode = 'avg'
10.5595 	EXP 	window1: blendMode = 'avg'
10.5762 	EXP 	window1: blendMode = 'avg'
10.5928 	EXP 	window1: blendMode = 'avg'
10.6095 	EXP 	window1: blendMode = 'avg'
10.6262 	EXP 	window1: blendMode = 'avg'
10.6428 	EXP 	window1: blendMode = 'avg'
10.6595 	EXP 	window1: blendMode = 'avg'
10.6762 	EXP 	window1: blendMode = 'avg'
10.6929 	EXP 	window1: blendMode = 'avg'
10.7096 	EXP 	window1: blendMode = 'avg'
10.7262 	EXP 	window1: blendMode = 'avg'
10.7429 	EXP 	window1: blendMode = 'avg'
10.7595 	EXP 	window1: blendMode = 'avg'
10.7762 	EXP 	window1: blendMode = 'avg'
10.7929 	EXP 	window1: blendMode = 'avg'
10.8096 	EXP 	window1: blendMode = 'avg'
10.8262 	EXP 	window1: blendMode = 'avg'
10.8429 	EXP 	window1: blendMode = 'avg'
10.8596 	EXP 	window1: blendMode = 'avg'
10.8762 	EXP 	window1: blendMode = 'avg'
10.8929 	EXP 	window1: blendMode = 'avg'
10.9096 	EXP 	window1: blendMode = 'avg'
10.9263 	EXP 	window1: blendMode = 'avg'
10.9429 	EXP 	window1: blendMode = 'avg'
10.9596 	EXP 	window1: blendMode = 'avg'
10.9763 	EXP 	window1: blendMode = 'avg'
10.9929 	EXP 	window1: blendMode = 'avg'
11.0096 	EXP 	window1: blendMode = 'avg'
11.0263 	EXP 	window1: blendMode = 'avg'
11.0429 	EXP 	window1: blendMode = 'avg'
11.0596 	EXP 	window1: blendMode = 'avg'
11.0763 	EXP 	window1: blendMode = 'avg'
11.0930 	EXP 	window1: blendMode = 'avg'
11.1096 	EXP 	window1: blendMode = 'avg'
11.1263 	EXP 	window1: blendMode = 'avg'
11.1430 	EXP 	window1: blendMode = 'avg'
11.1596 	EXP 	window1: blendMode = 'avg'
11.1763 	EXP 	window1: blendMode = 'avg'
11.1930 	EXP 	window1: blendMode = 'avg'
11.2097 	EXP 	window1: blendMode = 'avg'
11.2264 	EXP 	window1: blendMode = 'avg'
11.2430 	EXP 	window1: blendMode = 'avg'
11.2597 	EXP 	window1: blendMode = 'avg'
11.2764 	EXP 	window1: blendMode = 'avg'
11.2930 	EXP 	window1: blendMode = 'avg'
11.3097 	EXP 	window1: blendMode = 'avg'
11.3264 	EXP 	window1: blendMode = 'avg'
11.3430 	EXP 	window1: blendMode = 'avg'
11.3597 	EXP 	window1: blendMode = 'avg'
11.3764 	EXP 	window1: blendMode = 'avg'
11.3931 	EXP 	window1: blendMode = 'avg'
11.4089 	DATA 	Keypress: space
11.4316 	EXP 	window1: mouseVisible = True
