16.7835 	EXP 	Created window1 = Window(allowGUI=False, allowStencil=False, autoLog=True, bitsMode=UNKNOWN, blendMode='avg', color=array([ 0.,  0.,  0.]), colorSpace='rgb', fullscr=UNKNOWN, gamma=None, lms=UNKNOWN, monitor=<psychopy.monitors.calibTools.Monitor object at 0x07BDB8F0>, multiSample=False, name='window1', numSamples=2, pos=[0, 0], screen=0, size=array([1920, 1080]), stereo=False, units=u'norm', useFBO=True, useRetina=False, viewOri=0.0, viewPos=None, viewScale=None, waitBlanking=True, winType='pyglet')
16.7836 	EXP 	window1: recordFrameIntervals = False
16.9482 	EXP 	window1: recordFrameIntervals = True
17.1324 	EXP 	window1: recordFrameIntervals = False
17.2691 	EXP 	Created Welcome = TextStim(alignHoriz='center', alignVert='center', antialias=True, autoLog=True, bold=False, color='white', colorSpace='named', contrast=1.0, depth=0.0, flipHoriz=False, flipVert=False, font='Arial', fontFiles=[], height=0.1, italic=False, name='Welcome', opacity=1.0, ori=0, pos=array([ 0.,  0.]), rgb=array([ 255.,  255.,  255.]), text=unicode(...), units=u'norm', win=Window(...), wrapWidth=1)
17.2722 	EXP 	Created firstTrialITI = TextStim(alignHoriz='center', alignVert='center', antialias=True, autoLog=True, bold=False, color='white', colorSpace='named', contrast=1.0, depth=0.0, flipHoriz=False, flipVert=False, font='Arial', fontFiles=[], height=0.1, italic=False, name='firstTrialITI', opacity=1.0, ori=0, pos=array([ 0.,  0.]), rgb=array([ 255.,  255.,  255.]), text=u'+', units=u'norm', win=Window(...), wrapWidth=1)
17.2742 	EXP 	<method-wrapper '__getattribute__' of attributeSetter object at 0x08C6B4B0>: vertices = array([[-0.25,  0.5 ],
       [ 0.25,  0.5 ],
       [ 0.25, -0.5 ],
       [-0.25, -0.5 ]])
17.2754 	EXP 	Created polygon = Rect(autoDraw=False, autoLog=True, closeShape=True, contrast=1.0, depth=0.0, fillColor=array([ 0.,  0.,  0.]), fillColorSpace='rgb', fillRGB=array([ 0.,  0.,  0.]), interpolate=True, lineColor=array([ 1.,  1.,  1.]), lineColorSpace='rgb', lineRGB=array([ 1.,  1.,  1.]), lineWidth=5, name='polygon', opacity=1.0, ori=array(0.0), pos=array([ 0.,  0.]), size=array([ 1.,  1.]), units=u'norm', vertices=ndarray(...), win=Window(...))
17.2786 	EXP 	Created text = TextStim(alignHoriz='center', alignVert='center', antialias=True, autoLog=True, bold=False, color='white', colorSpace='named', contrast=1.0, depth=-1.0, flipHoriz=False, flipVert=False, font='Arial', fontFiles=[], height=0.1, italic=False, name='text', opacity=1.0, ori=0, pos=array([ 0.,  0.]), rgb=array([ 255.,  255.,  255.]), text=u'?', units=u'norm', win=Window(...), wrapWidth=1)
17.2806 	EXP 	Created ISI = TextStim(alignHoriz='center', alignVert='center', antialias=True, autoLog=True, bold=False, color='white', colorSpace='named', contrast=1.0, depth=-4.0, flipHoriz=False, flipVert=False, font='Arial', fontFiles=[], height=0.1, italic=False, name='ISI', opacity=1.0, ori=0, pos=array([ 0.,  0.]), rgb=array([ 255.,  255.,  255.]), text=u'+', units=u'norm', win=Window(...), wrapWidth=1)
17.2809 	EXP 	<method-wrapper '__getattribute__' of attributeSetter object at 0x08C6B4B0>: vertices = array([[-0.25,  0.5 ],
       [ 0.25,  0.5 ],
       [ 0.25, -0.5 ],
       [-0.25, -0.5 ]])
17.2820 	EXP 	Created polygon2_2 = Rect(autoDraw=False, autoLog=True, closeShape=True, contrast=1.0, depth=0.0, fillColor=array([ 0.,  0.,  0.]), fillColorSpace='rgb', fillRGB=array([ 0.,  0.,  0.]), interpolate=True, lineColor=array([ 1.,  1.,  1.]), lineColorSpace='rgb', lineRGB=array([ 1.,  1.,  1.]), lineWidth=5, name='polygon2_2', opacity=1.0, ori=array(0.0), pos=array([ 0.,  0.]), size=array([ 1.,  1.]), units=u'norm', vertices=ndarray(...), win=Window(...))
17.2890 	EXP 	Created feedback1_2 = TextStim(alignHoriz='center', alignVert='center', antialias=True, autoLog=True, bold=False, color='white', colorSpace='named', contrast=1.0, depth=-1.0, flipHoriz=False, flipVert=False, font='Arial', fontFiles=[], height=0.1, italic=False, name='feedback1_2', opacity=1.0, ori=0, pos=array([ 0.,  0.]), rgb=array([ 255.,  255.,  255.]), text=u'default text', units=u'norm', win=Window(...), wrapWidth=1)
17.2940 	EXP 	Created arrow1_2 = TextStim(alignHoriz='center', alignVert='center', antialias=True, autoLog=True, bold=False, color=array([ 1.,  1.,  1.]), colorSpace='rgb', contrast=1.0, depth=-2.0, flipHoriz=False, flipVert=False, font='Arial', fontFiles=[], height=0.1, italic=False, name='arrow1_2', opacity=1.0, ori=0, pos=array([ 0.,  0.]), rgb=array([ 1.,  1.,  1.]), text=u'default text', units=u'norm', win=Window(...), wrapWidth=1)
17.2960 	EXP 	Created ITI_2 = TextStim(alignHoriz='center', alignVert='center', antialias=True, autoLog=True, bold=False, color='white', colorSpace='named', contrast=1.0, depth=-3.0, flipHoriz=False, flipVert=False, font='Arial', fontFiles=[], height=0.1, italic=False, name='ITI_2', opacity=1.0, ori=0, pos=array([ 0.,  0.]), rgb=array([ 255.,  255.,  255.]), text=u'+', units=u'norm', win=Window(...), wrapWidth=1)
17.2962 	EXP 	<method-wrapper '__getattribute__' of attributeSetter object at 0x08C6B4B0>: vertices = array([[-0.25,  0.5 ],
       [ 0.25,  0.5 ],
       [ 0.25, -0.5 ],
       [-0.25, -0.5 ]])
17.2973 	EXP 	Created rectangle = Rect(autoDraw=False, autoLog=True, closeShape=True, contrast=1.0, depth=0.0, fillColor=array([ 0.,  0.,  0.]), fillColorSpace='rgb', fillRGB=array([ 0.,  0.,  0.]), interpolate=True, lineColor=array([ 1.,  1.,  1.]), lineColorSpace='rgb', lineRGB=array([ 1.,  1.,  1.]), lineWidth=5, name='rectangle', opacity=1.0, ori=array(0.0), pos=array([ 0.,  0.]), size=array([ 1.,  1.]), units=u'norm', vertices=ndarray(...), win=Window(...))
17.2992 	EXP 	Created text1 = TextStim(alignHoriz='center', alignVert='center', antialias=True, autoLog=True, bold=False, color='white', colorSpace='named', contrast=1.0, depth=-1.0, flipHoriz=False, flipVert=False, font='Arial', fontFiles=[], height=0.1, italic=False, name='text1', opacity=1.0, ori=0, pos=array([ 0.,  0.]), rgb=array([ 255.,  255.,  255.]), text=u'?', units=u'norm', win=Window(...), wrapWidth=1)
17.3013 	EXP 	Created ISI2 = TextStim(alignHoriz='center', alignVert='center', antialias=True, autoLog=True, bold=False, color='white', colorSpace='named', contrast=1.0, depth=-4.0, flipHoriz=False, flipVert=False, font='Arial', fontFiles=[], height=0.1, italic=False, name='ISI2', opacity=1.0, ori=0, pos=array([ 0.,  0.]), rgb=array([ 255.,  255.,  255.]), text=u'+', units=u'norm', win=Window(...), wrapWidth=1)
17.3015 	EXP 	<method-wrapper '__getattribute__' of attributeSetter object at 0x08C6B4B0>: vertices = array([[-0.25,  0.5 ],
       [ 0.25,  0.5 ],
       [ 0.25, -0.5 ],
       [-0.25, -0.5 ]])
17.3026 	EXP 	Created rectangle2_2 = Rect(autoDraw=False, autoLog=True, closeShape=True, contrast=1.0, depth=0.0, fillColor=array([ 0.,  0.,  0.]), fillColorSpace='rgb', fillRGB=array([ 0.,  0.,  0.]), interpolate=True, lineColor=array([ 1.,  1.,  1.]), lineColorSpace='rgb', lineRGB=array([ 1.,  1.,  1.]), lineWidth=5, name='rectangle2_2', opacity=1.0, ori=array(0.0), pos=array([ 0.,  0.]), size=array([ 1.,  1.]), units=u'norm', vertices=ndarray(...), win=Window(...))
17.3080 	EXP 	Created feedback2_2 = TextStim(alignHoriz='center', alignVert='center', antialias=True, autoLog=True, bold=False, color=array([ 1.,  1.,  1.]), colorSpace='rgb', contrast=1.0, depth=-1.0, flipHoriz=False, flipVert=False, font='Arial', fontFiles=[], height=0.1, italic=False, name='feedback2_2', opacity=1.0, ori=0, pos=array([ 0.,  0.]), rgb=array([ 1.,  1.,  1.]), text=u'default text', units=u'norm', win=Window(...), wrapWidth=1)
17.3130 	EXP 	Created arrow2_2 = TextStim(alignHoriz='center', alignVert='center', antialias=True, autoLog=True, bold=False, color=array([ 1.,  1.,  1.]), colorSpace='rgb', contrast=1.0, depth=-2.0, flipHoriz=False, flipVert=False, font='Arial', fontFiles=[], height=0.1, italic=False, name='arrow2_2', opacity=1.0, ori=0, pos=array([ 0.,  0.]), rgb=array([ 1.,  1.,  1.]), text=u'default text', units='norm', win=Window(...), wrapWidth=0.2)
17.3150 	EXP 	Created ITI2_2 = TextStim(alignHoriz='center', alignVert='center', antialias=True, autoLog=True, bold=False, color='white', colorSpace='named', contrast=1.0, depth=-3.0, flipHoriz=False, flipVert=False, font='Arial', fontFiles=[], height=0.1, italic=False, name='ITI2_2', opacity=1.0, ori=0, pos=array([ 0.,  0.]), rgb=array([ 255.,  255.,  255.]), text=u'+', units=u'norm', win=Window(...), wrapWidth=1)
17.3388 	EXP 	Created Finished = TextStim(alignHoriz='center', alignVert='center', antialias=True, autoLog=True, bold=False, color='white', colorSpace='named', contrast=1.0, depth=0.0, flipHoriz=False, flipVert=False, font='Arial', fontFiles=[], height=0.1, italic=False, name='Finished', opacity=1.0, ori=0, pos=array([ 0.,  0.]), rgb=array([ 255.,  255.,  255.]), text=unicode(...), units=u'norm', win=Window(...), wrapWidth=1)
17.3402 	EXP 	window1: blendMode = 'avg'
17.3491 	EXP 	Welcome: autoDraw = True
17.3498 	EXP 	window1: blendMode = 'avg'
17.3653 	EXP 	window1: blendMode = 'avg'
17.3819 	EXP 	window1: blendMode = 'avg'
17.3998 	EXP 	window1: blendMode = 'avg'
17.4165 	EXP 	window1: blendMode = 'avg'
17.4332 	EXP 	window1: blendMode = 'avg'
17.4498 	EXP 	window1: blendMode = 'avg'
17.4665 	EXP 	window1: blendMode = 'avg'
17.4847 	EXP 	window1: blendMode = 'avg'
17.4996 	EXP 	window1: blendMode = 'avg'
17.5165 	EXP 	window1: blendMode = 'avg'
17.5332 	EXP 	window1: blendMode = 'avg'
17.5499 	EXP 	window1: blendMode = 'avg'
17.5664 	EXP 	window1: blendMode = 'avg'
17.5833 	EXP 	window1: blendMode = 'avg'
17.5999 	EXP 	window1: blendMode = 'avg'
17.6165 	EXP 	window1: blendMode = 'avg'
17.6332 	EXP 	window1: blendMode = 'avg'
17.6499 	EXP 	window1: blendMode = 'avg'
17.6666 	EXP 	window1: blendMode = 'avg'
17.6832 	EXP 	window1: blendMode = 'avg'
17.6999 	EXP 	window1: blendMode = 'avg'
17.7166 	EXP 	window1: blendMode = 'avg'
17.7332 	EXP 	window1: blendMode = 'avg'
17.7499 	EXP 	window1: blendMode = 'avg'
17.7666 	EXP 	window1: blendMode = 'avg'
17.7833 	EXP 	window1: blendMode = 'avg'
17.7999 	EXP 	window1: blendMode = 'avg'
17.8166 	EXP 	window1: blendMode = 'avg'
17.8333 	EXP 	window1: blendMode = 'avg'
17.8499 	EXP 	window1: blendMode = 'avg'
17.8666 	EXP 	window1: blendMode = 'avg'
17.8833 	EXP 	window1: blendMode = 'avg'
17.9000 	EXP 	window1: blendMode = 'avg'
17.9166 	EXP 	window1: blendMode = 'avg'
17.9333 	EXP 	window1: blendMode = 'avg'
17.9500 	EXP 	window1: blendMode = 'avg'
17.9667 	EXP 	window1: blendMode = 'avg'
17.9833 	EXP 	window1: blendMode = 'avg'
18.0000 	EXP 	window1: blendMode = 'avg'
18.0167 	EXP 	window1: blendMode = 'avg'
18.0333 	EXP 	window1: blendMode = 'avg'
18.0500 	EXP 	window1: blendMode = 'avg'
18.0667 	EXP 	window1: blendMode = 'avg'
18.0833 	EXP 	window1: blendMode = 'avg'
18.1000 	EXP 	window1: blendMode = 'avg'
18.1167 	EXP 	window1: blendMode = 'avg'
18.1334 	EXP 	window1: blendMode = 'avg'
18.1500 	EXP 	window1: blendMode = 'avg'
18.1667 	EXP 	window1: blendMode = 'avg'
18.1834 	EXP 	window1: blendMode = 'avg'
18.2001 	EXP 	window1: blendMode = 'avg'
18.2167 	EXP 	window1: blendMode = 'avg'
18.2333 	EXP 	window1: blendMode = 'avg'
18.2501 	EXP 	window1: blendMode = 'avg'
18.2667 	EXP 	window1: blendMode = 'avg'
18.2834 	EXP 	window1: blendMode = 'avg'
18.3001 	EXP 	window1: blendMode = 'avg'
18.3167 	EXP 	window1: blendMode = 'avg'
18.3334 	EXP 	window1: blendMode = 'avg'
18.3501 	EXP 	window1: blendMode = 'avg'
18.3668 	EXP 	window1: blendMode = 'avg'
18.3835 	EXP 	window1: blendMode = 'avg'
18.4001 	EXP 	window1: blendMode = 'avg'
18.4168 	EXP 	window1: blendMode = 'avg'
18.4335 	EXP 	window1: blendMode = 'avg'
18.4501 	EXP 	window1: blendMode = 'avg'
18.4668 	EXP 	window1: blendMode = 'avg'
18.4835 	EXP 	window1: blendMode = 'avg'
18.5002 	EXP 	window1: blendMode = 'avg'
18.5168 	EXP 	window1: blendMode = 'avg'
18.5335 	EXP 	window1: blendMode = 'avg'
18.5502 	EXP 	window1: blendMode = 'avg'
18.5667 	EXP 	window1: blendMode = 'avg'
18.5835 	EXP 	window1: blendMode = 'avg'
18.6002 	EXP 	window1: blendMode = 'avg'
18.6168 	EXP 	window1: blendMode = 'avg'
18.6335 	EXP 	window1: blendMode = 'avg'
18.6502 	EXP 	window1: blendMode = 'avg'
18.6669 	EXP 	window1: blendMode = 'avg'
18.6835 	EXP 	window1: blendMode = 'avg'
18.7002 	EXP 	window1: blendMode = 'avg'
18.7169 	EXP 	window1: blendMode = 'avg'
18.7335 	EXP 	window1: blendMode = 'avg'
18.7502 	EXP 	window1: blendMode = 'avg'
18.7669 	EXP 	window1: blendMode = 'avg'
18.7835 	EXP 	window1: blendMode = 'avg'
18.8002 	EXP 	window1: blendMode = 'avg'
18.8169 	EXP 	window1: blendMode = 'avg'
18.8336 	EXP 	window1: blendMode = 'avg'
18.8502 	EXP 	window1: blendMode = 'avg'
18.8670 	EXP 	window1: blendMode = 'avg'
18.8836 	EXP 	window1: blendMode = 'avg'
18.9002 	EXP 	window1: blendMode = 'avg'
18.9169 	EXP 	window1: blendMode = 'avg'
18.9336 	EXP 	window1: blendMode = 'avg'
18.9503 	EXP 	window1: blendMode = 'avg'
18.9669 	EXP 	window1: blendMode = 'avg'
18.9836 	EXP 	window1: blendMode = 'avg'
19.0003 	EXP 	window1: blendMode = 'avg'
19.0170 	EXP 	window1: blendMode = 'avg'
19.0336 	EXP 	window1: blendMode = 'avg'
19.0503 	EXP 	window1: blendMode = 'avg'
19.0670 	EXP 	window1: blendMode = 'avg'
19.0837 	EXP 	window1: blendMode = 'avg'
19.1003 	EXP 	window1: blendMode = 'avg'
19.1170 	EXP 	window1: blendMode = 'avg'
19.1336 	EXP 	window1: blendMode = 'avg'
19.1503 	EXP 	window1: blendMode = 'avg'
19.1670 	EXP 	window1: blendMode = 'avg'
19.1837 	EXP 	window1: blendMode = 'avg'
19.2003 	EXP 	window1: blendMode = 'avg'
19.2170 	EXP 	window1: blendMode = 'avg'
19.2335 	EXP 	window1: blendMode = 'avg'
19.2504 	EXP 	window1: blendMode = 'avg'
19.2670 	EXP 	window1: blendMode = 'avg'
19.2837 	EXP 	window1: blendMode = 'avg'
19.3004 	EXP 	window1: blendMode = 'avg'
19.3171 	EXP 	window1: blendMode = 'avg'
19.3337 	EXP 	window1: blendMode = 'avg'
19.3504 	EXP 	window1: blendMode = 'avg'
19.3671 	EXP 	window1: blendMode = 'avg'
19.3837 	EXP 	window1: blendMode = 'avg'
19.4004 	EXP 	window1: blendMode = 'avg'
19.4171 	EXP 	window1: blendMode = 'avg'
19.4337 	EXP 	window1: blendMode = 'avg'
19.4504 	EXP 	window1: blendMode = 'avg'
19.4671 	EXP 	window1: blendMode = 'avg'
19.4837 	EXP 	window1: blendMode = 'avg'
19.5004 	EXP 	window1: blendMode = 'avg'
19.5171 	EXP 	window1: blendMode = 'avg'
19.5338 	EXP 	window1: blendMode = 'avg'
19.5504 	EXP 	window1: blendMode = 'avg'
19.5669 	EXP 	window1: blendMode = 'avg'
19.5836 	EXP 	window1: blendMode = 'avg'
19.6002 	EXP 	window1: blendMode = 'avg'
19.6171 	EXP 	window1: blendMode = 'avg'
19.6338 	EXP 	window1: blendMode = 'avg'
19.6505 	EXP 	window1: blendMode = 'avg'
19.6671 	EXP 	window1: blendMode = 'avg'
19.6838 	EXP 	window1: blendMode = 'avg'
19.7005 	EXP 	window1: blendMode = 'avg'
19.7172 	EXP 	window1: blendMode = 'avg'
19.7338 	EXP 	window1: blendMode = 'avg'
19.7505 	EXP 	window1: blendMode = 'avg'
19.7672 	EXP 	window1: blendMode = 'avg'
19.7838 	EXP 	window1: blendMode = 'avg'
19.8006 	EXP 	window1: blendMode = 'avg'
19.8172 	EXP 	window1: blendMode = 'avg'
19.8339 	EXP 	window1: blendMode = 'avg'
19.8505 	EXP 	window1: blendMode = 'avg'
19.8672 	EXP 	window1: blendMode = 'avg'
19.8839 	EXP 	window1: blendMode = 'avg'
19.9005 	EXP 	window1: blendMode = 'avg'
19.9172 	EXP 	window1: blendMode = 'avg'
19.9339 	EXP 	window1: blendMode = 'avg'
19.9505 	EXP 	window1: blendMode = 'avg'
19.9672 	EXP 	window1: blendMode = 'avg'
19.9839 	EXP 	window1: blendMode = 'avg'
20.0005 	EXP 	window1: blendMode = 'avg'
20.0172 	EXP 	window1: blendMode = 'avg'
20.0339 	EXP 	window1: blendMode = 'avg'
20.0506 	EXP 	window1: blendMode = 'avg'
20.0672 	EXP 	window1: blendMode = 'avg'
20.0839 	EXP 	window1: blendMode = 'avg'
20.1006 	EXP 	window1: blendMode = 'avg'
20.1173 	EXP 	window1: blendMode = 'avg'
20.1339 	EXP 	window1: blendMode = 'avg'
20.1506 	EXP 	window1: blendMode = 'avg'
20.1673 	EXP 	window1: blendMode = 'avg'
20.1840 	EXP 	window1: blendMode = 'avg'
20.2006 	EXP 	window1: blendMode = 'avg'
20.2173 	EXP 	window1: blendMode = 'avg'
20.2339 	EXP 	window1: blendMode = 'avg'
20.2507 	EXP 	window1: blendMode = 'avg'
20.2673 	EXP 	window1: blendMode = 'avg'
20.2840 	EXP 	window1: blendMode = 'avg'
20.3006 	EXP 	window1: blendMode = 'avg'
20.3173 	EXP 	window1: blendMode = 'avg'
20.3340 	EXP 	window1: blendMode = 'avg'
20.3507 	EXP 	window1: blendMode = 'avg'
20.3674 	EXP 	window1: blendMode = 'avg'
20.3840 	EXP 	window1: blendMode = 'avg'
20.4007 	EXP 	window1: blendMode = 'avg'
20.4174 	EXP 	window1: blendMode = 'avg'
20.4340 	EXP 	window1: blendMode = 'avg'
20.4507 	EXP 	window1: blendMode = 'avg'
20.4674 	EXP 	window1: blendMode = 'avg'
20.4840 	EXP 	window1: blendMode = 'avg'
20.5007 	EXP 	window1: blendMode = 'avg'
20.5174 	EXP 	window1: blendMode = 'avg'
20.5341 	EXP 	window1: blendMode = 'avg'
20.5508 	EXP 	window1: blendMode = 'avg'
20.5674 	EXP 	window1: blendMode = 'avg'
20.5841 	EXP 	window1: blendMode = 'avg'
20.6007 	EXP 	window1: blendMode = 'avg'
20.6174 	EXP 	window1: blendMode = 'avg'
20.6341 	EXP 	window1: blendMode = 'avg'
20.6508 	EXP 	window1: blendMode = 'avg'
20.6674 	EXP 	window1: blendMode = 'avg'
20.6841 	EXP 	window1: blendMode = 'avg'
20.7008 	EXP 	window1: blendMode = 'avg'
20.7174 	EXP 	window1: blendMode = 'avg'
20.7341 	EXP 	window1: blendMode = 'avg'
20.7508 	EXP 	window1: blendMode = 'avg'
20.7675 	EXP 	window1: blendMode = 'avg'
20.7841 	EXP 	window1: blendMode = 'avg'
20.8008 	EXP 	window1: blendMode = 'avg'
20.8175 	EXP 	window1: blendMode = 'avg'
20.8341 	EXP 	window1: blendMode = 'avg'
20.8508 	EXP 	window1: blendMode = 'avg'
20.8676 	EXP 	window1: blendMode = 'avg'
20.8842 	EXP 	window1: blendMode = 'avg'
20.9008 	EXP 	window1: blendMode = 'avg'
20.9176 	EXP 	window1: blendMode = 'avg'
20.9342 	EXP 	window1: blendMode = 'avg'
20.9508 	EXP 	window1: blendMode = 'avg'
20.9675 	EXP 	window1: blendMode = 'avg'
20.9842 	EXP 	window1: blendMode = 'avg'
21.0009 	EXP 	window1: blendMode = 'avg'
21.0175 	EXP 	window1: blendMode = 'avg'
21.0342 	EXP 	window1: blendMode = 'avg'
21.0509 	EXP 	window1: blendMode = 'avg'
21.0676 	EXP 	window1: blendMode = 'avg'
21.0842 	EXP 	window1: blendMode = 'avg'
21.1009 	EXP 	window1: blendMode = 'avg'
21.1175 	EXP 	window1: blendMode = 'avg'
21.1342 	EXP 	window1: blendMode = 'avg'
21.1509 	EXP 	window1: blendMode = 'avg'
21.1675 	EXP 	window1: blendMode = 'avg'
21.1842 	EXP 	window1: blendMode = 'avg'
21.2009 	EXP 	window1: blendMode = 'avg'
21.2176 	EXP 	window1: blendMode = 'avg'
21.2343 	EXP 	window1: blendMode = 'avg'
21.2509 	EXP 	window1: blendMode = 'avg'
21.2675 	EXP 	window1: blendMode = 'avg'
21.2843 	EXP 	window1: blendMode = 'avg'
21.3009 	EXP 	window1: blendMode = 'avg'
21.3176 	EXP 	window1: blendMode = 'avg'
21.3343 	EXP 	window1: blendMode = 'avg'
21.3510 	EXP 	window1: blendMode = 'avg'
21.3676 	EXP 	window1: blendMode = 'avg'
21.3843 	EXP 	window1: blendMode = 'avg'
21.4010 	EXP 	window1: blendMode = 'avg'
21.4176 	EXP 	window1: blendMode = 'avg'
21.4343 	EXP 	window1: blendMode = 'avg'
21.4510 	EXP 	window1: blendMode = 'avg'
21.4676 	EXP 	window1: blendMode = 'avg'
21.4844 	EXP 	window1: blendMode = 'avg'
21.5010 	EXP 	window1: blendMode = 'avg'
21.5177 	EXP 	window1: blendMode = 'avg'
21.5343 	EXP 	window1: blendMode = 'avg'
21.5510 	EXP 	window1: blendMode = 'avg'
21.5677 	EXP 	window1: blendMode = 'avg'
21.5844 	EXP 	window1: blendMode = 'avg'
21.6010 	EXP 	window1: blendMode = 'avg'
21.6177 	EXP 	window1: blendMode = 'avg'
21.6344 	EXP 	window1: blendMode = 'avg'
21.6511 	EXP 	window1: blendMode = 'avg'
21.6677 	EXP 	window1: blendMode = 'avg'
21.6845 	EXP 	window1: blendMode = 'avg'
21.7011 	EXP 	window1: blendMode = 'avg'
21.7177 	EXP 	window1: blendMode = 'avg'
21.7344 	EXP 	window1: blendMode = 'avg'
21.7511 	EXP 	window1: blendMode = 'avg'
21.7678 	EXP 	window1: blendMode = 'avg'
21.7844 	EXP 	window1: blendMode = 'avg'
21.8011 	EXP 	window1: blendMode = 'avg'
21.8178 	EXP 	window1: blendMode = 'avg'
21.8344 	EXP 	window1: blendMode = 'avg'
21.8511 	EXP 	window1: blendMode = 'avg'
21.8677 	EXP 	window1: blendMode = 'avg'
21.8845 	EXP 	window1: blendMode = 'avg'
21.9011 	EXP 	window1: blendMode = 'avg'
21.9178 	EXP 	window1: blendMode = 'avg'
21.9344 	EXP 	window1: blendMode = 'avg'
21.9512 	EXP 	window1: blendMode = 'avg'
21.9678 	EXP 	window1: blendMode = 'avg'
21.9845 	EXP 	window1: blendMode = 'avg'
22.0012 	EXP 	window1: blendMode = 'avg'
22.0178 	EXP 	window1: blendMode = 'avg'
22.0345 	EXP 	window1: blendMode = 'avg'
22.0512 	EXP 	window1: blendMode = 'avg'
22.0678 	EXP 	window1: blendMode = 'avg'
22.0845 	EXP 	window1: blendMode = 'avg'
22.1012 	EXP 	window1: blendMode = 'avg'
22.1179 	EXP 	window1: blendMode = 'avg'
22.1345 	EXP 	window1: blendMode = 'avg'
22.1512 	EXP 	window1: blendMode = 'avg'
22.1679 	EXP 	window1: blendMode = 'avg'
22.1845 	EXP 	window1: blendMode = 'avg'
22.2012 	EXP 	window1: blendMode = 'avg'
22.2179 	EXP 	window1: blendMode = 'avg'
22.2345 	EXP 	window1: blendMode = 'avg'
22.2512 	EXP 	window1: blendMode = 'avg'
22.2679 	EXP 	window1: blendMode = 'avg'
22.2846 	EXP 	window1: blendMode = 'avg'
22.3012 	EXP 	window1: blendMode = 'avg'
22.3179 	EXP 	window1: blendMode = 'avg'
22.3346 	EXP 	window1: blendMode = 'avg'
22.3513 	EXP 	window1: blendMode = 'avg'
22.3679 	EXP 	window1: blendMode = 'avg'
22.3846 	EXP 	window1: blendMode = 'avg'
22.4013 	EXP 	window1: blendMode = 'avg'
22.4179 	EXP 	window1: blendMode = 'avg'
22.4346 	EXP 	window1: blendMode = 'avg'
22.4513 	EXP 	window1: blendMode = 'avg'
22.4679 	EXP 	window1: blendMode = 'avg'
22.4846 	EXP 	window1: blendMode = 'avg'
22.5013 	EXP 	window1: blendMode = 'avg'
22.5180 	EXP 	window1: blendMode = 'avg'
22.5346 	EXP 	window1: blendMode = 'avg'
22.5513 	EXP 	window1: blendMode = 'avg'
22.5680 	EXP 	window1: blendMode = 'avg'
22.5846 	EXP 	window1: blendMode = 'avg'
22.6013 	EXP 	window1: blendMode = 'avg'
22.6180 	EXP 	window1: blendMode = 'avg'
22.6346 	EXP 	window1: blendMode = 'avg'
22.6513 	EXP 	window1: blendMode = 'avg'
22.6680 	EXP 	window1: blendMode = 'avg'
22.6847 	EXP 	window1: blendMode = 'avg'
22.7014 	EXP 	window1: blendMode = 'avg'
22.7180 	EXP 	window1: blendMode = 'avg'
22.7347 	EXP 	window1: blendMode = 'avg'
22.7514 	EXP 	window1: blendMode = 'avg'
22.7680 	EXP 	window1: blendMode = 'avg'
22.7847 	EXP 	window1: blendMode = 'avg'
22.8014 	EXP 	window1: blendMode = 'avg'
22.8181 	EXP 	window1: blendMode = 'avg'
22.8347 	EXP 	window1: blendMode = 'avg'
22.8514 	EXP 	window1: blendMode = 'avg'
22.8681 	EXP 	window1: blendMode = 'avg'
22.8847 	EXP 	window1: blendMode = 'avg'
22.9014 	EXP 	window1: blendMode = 'avg'
22.9181 	EXP 	window1: blendMode = 'avg'
22.9347 	EXP 	window1: blendMode = 'avg'
22.9514 	EXP 	window1: blendMode = 'avg'
22.9681 	EXP 	window1: blendMode = 'avg'
22.9848 	EXP 	window1: blendMode = 'avg'
23.0014 	EXP 	window1: blendMode = 'avg'
23.0181 	EXP 	window1: blendMode = 'avg'
23.0348 	EXP 	window1: blendMode = 'avg'
23.0514 	EXP 	window1: blendMode = 'avg'
23.0681 	EXP 	window1: blendMode = 'avg'
23.0848 	EXP 	window1: blendMode = 'avg'
23.1015 	EXP 	window1: blendMode = 'avg'
23.1181 	EXP 	window1: blendMode = 'avg'
23.1348 	EXP 	window1: blendMode = 'avg'
23.1515 	EXP 	window1: blendMode = 'avg'
23.1681 	EXP 	window1: blendMode = 'avg'
23.1848 	EXP 	window1: blendMode = 'avg'
23.2015 	EXP 	window1: blendMode = 'avg'
23.2182 	EXP 	window1: blendMode = 'avg'
23.2348 	EXP 	window1: blendMode = 'avg'
23.2515 	EXP 	window1: blendMode = 'avg'
23.2682 	EXP 	window1: blendMode = 'avg'
23.2848 	EXP 	window1: blendMode = 'avg'
23.3015 	EXP 	window1: blendMode = 'avg'
23.3182 	EXP 	window1: blendMode = 'avg'
23.3349 	EXP 	window1: blendMode = 'avg'
23.3516 	EXP 	window1: blendMode = 'avg'
23.3682 	EXP 	window1: blendMode = 'avg'
23.3849 	EXP 	window1: blendMode = 'avg'
23.4016 	EXP 	window1: blendMode = 'avg'
23.4182 	EXP 	window1: blendMode = 'avg'
23.4349 	EXP 	window1: blendMode = 'avg'
23.4516 	EXP 	window1: blendMode = 'avg'
23.4682 	EXP 	window1: blendMode = 'avg'
23.4849 	EXP 	window1: blendMode = 'avg'
23.5016 	EXP 	window1: blendMode = 'avg'
23.5183 	EXP 	window1: blendMode = 'avg'
23.5349 	EXP 	window1: blendMode = 'avg'
23.5515 	EXP 	window1: blendMode = 'avg'
23.5683 	EXP 	window1: blendMode = 'avg'
23.5849 	EXP 	window1: blendMode = 'avg'
23.6016 	EXP 	window1: blendMode = 'avg'
23.6183 	EXP 	window1: blendMode = 'avg'
23.6350 	EXP 	window1: blendMode = 'avg'
23.6516 	EXP 	window1: blendMode = 'avg'
23.6683 	EXP 	window1: blendMode = 'avg'
23.6850 	EXP 	window1: blendMode = 'avg'
23.7016 	EXP 	window1: blendMode = 'avg'
23.7183 	EXP 	window1: blendMode = 'avg'
23.7350 	EXP 	window1: blendMode = 'avg'
23.7517 	EXP 	window1: blendMode = 'avg'
23.7683 	EXP 	window1: blendMode = 'avg'
23.7850 	EXP 	window1: blendMode = 'avg'
23.8016 	EXP 	window1: blendMode = 'avg'
23.8183 	EXP 	window1: blendMode = 'avg'
23.8350 	EXP 	window1: blendMode = 'avg'
23.8516 	EXP 	window1: blendMode = 'avg'
23.8684 	EXP 	window1: blendMode = 'avg'
23.8850 	EXP 	window1: blendMode = 'avg'
23.9017 	EXP 	window1: blendMode = 'avg'
23.9184 	EXP 	window1: blendMode = 'avg'
23.9351 	EXP 	window1: blendMode = 'avg'
23.9517 	EXP 	window1: blendMode = 'avg'
23.9684 	EXP 	window1: blendMode = 'avg'
23.9851 	EXP 	window1: blendMode = 'avg'
24.0017 	EXP 	window1: blendMode = 'avg'
24.0184 	EXP 	window1: blendMode = 'avg'
24.0351 	EXP 	window1: blendMode = 'avg'
24.0517 	EXP 	window1: blendMode = 'avg'
24.0684 	EXP 	window1: blendMode = 'avg'
24.0851 	EXP 	window1: blendMode = 'avg'
24.1017 	EXP 	window1: blendMode = 'avg'
24.1184 	EXP 	window1: blendMode = 'avg'
24.1351 	EXP 	window1: blendMode = 'avg'
24.1517 	EXP 	window1: blendMode = 'avg'
24.1684 	EXP 	window1: blendMode = 'avg'
24.1851 	EXP 	window1: blendMode = 'avg'
24.2018 	EXP 	window1: blendMode = 'avg'
24.2184 	EXP 	window1: blendMode = 'avg'
24.2351 	EXP 	window1: blendMode = 'avg'
24.2518 	EXP 	window1: blendMode = 'avg'
24.2685 	EXP 	window1: blendMode = 'avg'
24.2851 	EXP 	window1: blendMode = 'avg'
24.3018 	EXP 	window1: blendMode = 'avg'
24.3185 	EXP 	window1: blendMode = 'avg'
24.3352 	EXP 	window1: blendMode = 'avg'
24.3518 	EXP 	window1: blendMode = 'avg'
24.3685 	EXP 	window1: blendMode = 'avg'
24.3852 	EXP 	window1: blendMode = 'avg'
24.4018 	EXP 	window1: blendMode = 'avg'
24.4185 	EXP 	window1: blendMode = 'avg'
24.4352 	EXP 	window1: blendMode = 'avg'
24.4519 	EXP 	window1: blendMode = 'avg'
24.4685 	EXP 	window1: blendMode = 'avg'
24.4852 	EXP 	window1: blendMode = 'avg'
24.5019 	EXP 	window1: blendMode = 'avg'
24.5187 	EXP 	window1: blendMode = 'avg'
24.5352 	EXP 	window1: blendMode = 'avg'
24.5518 	EXP 	window1: blendMode = 'avg'
24.5685 	EXP 	window1: blendMode = 'avg'
24.5852 	EXP 	window1: blendMode = 'avg'
24.6019 	EXP 	window1: blendMode = 'avg'
24.6185 	EXP 	window1: blendMode = 'avg'
24.6352 	EXP 	window1: blendMode = 'avg'
24.6519 	EXP 	window1: blendMode = 'avg'
24.6686 	EXP 	window1: blendMode = 'avg'
24.6853 	EXP 	window1: blendMode = 'avg'
24.7019 	EXP 	window1: blendMode = 'avg'
24.7186 	EXP 	window1: blendMode = 'avg'
24.7353 	EXP 	window1: blendMode = 'avg'
24.7519 	EXP 	window1: blendMode = 'avg'
24.7687 	EXP 	window1: blendMode = 'avg'
24.7853 	EXP 	window1: blendMode = 'avg'
24.8020 	EXP 	window1: blendMode = 'avg'
24.8186 	EXP 	window1: blendMode = 'avg'
24.8354 	EXP 	window1: blendMode = 'avg'
24.8520 	EXP 	window1: blendMode = 'avg'
24.8687 	EXP 	window1: blendMode = 'avg'
24.8853 	EXP 	window1: blendMode = 'avg'
24.9020 	EXP 	window1: blendMode = 'avg'
24.9187 	EXP 	window1: blendMode = 'avg'
24.9353 	EXP 	window1: blendMode = 'avg'
24.9520 	EXP 	window1: blendMode = 'avg'
24.9687 	EXP 	window1: blendMode = 'avg'
24.9854 	EXP 	window1: blendMode = 'avg'
25.0020 	EXP 	window1: blendMode = 'avg'
25.0187 	EXP 	window1: blendMode = 'avg'
25.0354 	EXP 	window1: blendMode = 'avg'
25.0520 	EXP 	window1: blendMode = 'avg'
25.0687 	EXP 	window1: blendMode = 'avg'
25.0854 	EXP 	window1: blendMode = 'avg'
25.1020 	EXP 	window1: blendMode = 'avg'
25.1187 	EXP 	window1: blendMode = 'avg'
25.1354 	EXP 	window1: blendMode = 'avg'
25.1521 	EXP 	window1: blendMode = 'avg'
25.1687 	EXP 	window1: blendMode = 'avg'
25.1855 	EXP 	window1: blendMode = 'avg'
25.2019 	EXP 	window1: blendMode = 'avg'
25.2187 	EXP 	window1: blendMode = 'avg'
25.2354 	EXP 	window1: blendMode = 'avg'
25.2521 	EXP 	window1: blendMode = 'avg'
25.2687 	EXP 	window1: blendMode = 'avg'
25.2854 	EXP 	window1: blendMode = 'avg'
25.3021 	EXP 	window1: blendMode = 'avg'
25.3187 	EXP 	window1: blendMode = 'avg'
25.3354 	EXP 	window1: blendMode = 'avg'
25.3521 	EXP 	window1: blendMode = 'avg'
25.3688 	EXP 	window1: blendMode = 'avg'
25.3855 	EXP 	window1: blendMode = 'avg'
25.4021 	EXP 	window1: blendMode = 'avg'
25.4188 	EXP 	window1: blendMode = 'avg'
25.4355 	EXP 	window1: blendMode = 'avg'
25.4521 	EXP 	window1: blendMode = 'avg'
25.4688 	EXP 	window1: blendMode = 'avg'
25.4855 	EXP 	window1: blendMode = 'avg'
25.5022 	EXP 	window1: blendMode = 'avg'
25.5188 	EXP 	window1: blendMode = 'avg'
25.5355 	EXP 	window1: blendMode = 'avg'
25.5521 	EXP 	window1: blendMode = 'avg'
25.5689 	EXP 	window1: blendMode = 'avg'
25.5855 	EXP 	window1: blendMode = 'avg'
25.6022 	EXP 	window1: blendMode = 'avg'
25.6189 	EXP 	window1: blendMode = 'avg'
25.6355 	EXP 	window1: blendMode = 'avg'
25.6522 	EXP 	window1: blendMode = 'avg'
25.6689 	EXP 	window1: blendMode = 'avg'
25.6855 	EXP 	window1: blendMode = 'avg'
25.7022 	EXP 	window1: blendMode = 'avg'
25.7189 	EXP 	window1: blendMode = 'avg'
25.7356 	EXP 	window1: blendMode = 'avg'
25.7522 	EXP 	window1: blendMode = 'avg'
25.7689 	EXP 	window1: blendMode = 'avg'
25.7856 	EXP 	window1: blendMode = 'avg'
25.8022 	EXP 	window1: blendMode = 'avg'
25.8189 	EXP 	window1: blendMode = 'avg'
25.8356 	EXP 	window1: blendMode = 'avg'
25.8523 	EXP 	window1: blendMode = 'avg'
25.8689 	EXP 	window1: blendMode = 'avg'
25.8856 	EXP 	window1: blendMode = 'avg'
25.9023 	EXP 	window1: blendMode = 'avg'
25.9189 	EXP 	window1: blendMode = 'avg'
25.9356 	EXP 	window1: blendMode = 'avg'
25.9523 	EXP 	window1: blendMode = 'avg'
25.9690 	EXP 	window1: blendMode = 'avg'
25.9856 	EXP 	window1: blendMode = 'avg'
26.0023 	EXP 	window1: blendMode = 'avg'
26.0190 	EXP 	window1: blendMode = 'avg'
26.0357 	EXP 	window1: blendMode = 'avg'
26.0523 	EXP 	window1: blendMode = 'avg'
26.0690 	EXP 	window1: blendMode = 'avg'
26.0857 	EXP 	window1: blendMode = 'avg'
26.1023 	EXP 	window1: blendMode = 'avg'
26.1190 	EXP 	window1: blendMode = 'avg'
26.1357 	EXP 	window1: blendMode = 'avg'
26.1524 	EXP 	window1: blendMode = 'avg'
26.1690 	EXP 	window1: blendMode = 'avg'
26.1857 	EXP 	window1: blendMode = 'avg'
26.2024 	EXP 	window1: blendMode = 'avg'
26.2190 	EXP 	window1: blendMode = 'avg'
26.2357 	EXP 	window1: blendMode = 'avg'
26.2524 	EXP 	window1: blendMode = 'avg'
26.2690 	EXP 	window1: blendMode = 'avg'
26.2857 	EXP 	window1: blendMode = 'avg'
26.3024 	EXP 	window1: blendMode = 'avg'
26.3190 	EXP 	window1: blendMode = 'avg'
26.3357 	EXP 	window1: blendMode = 'avg'
26.3524 	EXP 	window1: blendMode = 'avg'
26.3691 	EXP 	window1: blendMode = 'avg'
26.3857 	EXP 	window1: blendMode = 'avg'
26.4024 	EXP 	window1: blendMode = 'avg'
26.4191 	EXP 	window1: blendMode = 'avg'
26.4357 	EXP 	window1: blendMode = 'avg'
26.4524 	EXP 	window1: blendMode = 'avg'
26.4691 	EXP 	window1: blendMode = 'avg'
26.4858 	EXP 	window1: blendMode = 'avg'
26.5024 	EXP 	window1: blendMode = 'avg'
26.5191 	EXP 	window1: blendMode = 'avg'
26.5357 	EXP 	window1: blendMode = 'avg'
26.5524 	EXP 	window1: blendMode = 'avg'
26.5691 	EXP 	window1: blendMode = 'avg'
26.5858 	EXP 	window1: blendMode = 'avg'
26.6025 	EXP 	window1: blendMode = 'avg'
26.6192 	EXP 	window1: blendMode = 'avg'
26.6358 	EXP 	window1: blendMode = 'avg'
26.6525 	EXP 	window1: blendMode = 'avg'
26.6691 	EXP 	window1: blendMode = 'avg'
26.6858 	EXP 	window1: blendMode = 'avg'
26.7025 	EXP 	window1: blendMode = 'avg'
26.7192 	EXP 	window1: blendMode = 'avg'
26.7358 	EXP 	window1: blendMode = 'avg'
26.7525 	EXP 	window1: blendMode = 'avg'
26.7692 	EXP 	window1: blendMode = 'avg'
26.7858 	EXP 	window1: blendMode = 'avg'
26.8025 	EXP 	window1: blendMode = 'avg'
26.8192 	EXP 	window1: blendMode = 'avg'
26.8358 	EXP 	window1: blendMode = 'avg'
26.8525 	EXP 	window1: blendMode = 'avg'
26.8692 	EXP 	window1: blendMode = 'avg'
26.8859 	EXP 	window1: blendMode = 'avg'
26.9025 	EXP 	window1: blendMode = 'avg'
26.9193 	EXP 	window1: blendMode = 'avg'
26.9359 	EXP 	window1: blendMode = 'avg'
26.9526 	EXP 	window1: blendMode = 'avg'
26.9693 	EXP 	window1: blendMode = 'avg'
26.9859 	EXP 	window1: blendMode = 'avg'
27.0026 	EXP 	window1: blendMode = 'avg'
27.0193 	EXP 	window1: blendMode = 'avg'
27.0359 	EXP 	window1: blendMode = 'avg'
27.0526 	EXP 	window1: blendMode = 'avg'
27.0693 	EXP 	window1: blendMode = 'avg'
27.0859 	EXP 	window1: blendMode = 'avg'
27.1026 	EXP 	window1: blendMode = 'avg'
27.1193 	EXP 	window1: blendMode = 'avg'
27.1360 	EXP 	window1: blendMode = 'avg'
27.1527 	EXP 	window1: blendMode = 'avg'
27.1693 	EXP 	window1: blendMode = 'avg'
27.1860 	EXP 	window1: blendMode = 'avg'
27.2026 	EXP 	window1: blendMode = 'avg'
27.2193 	EXP 	window1: blendMode = 'avg'
27.2359 	EXP 	window1: blendMode = 'avg'
27.2526 	EXP 	window1: blendMode = 'avg'
27.2694 	EXP 	window1: blendMode = 'avg'
27.2860 	EXP 	window1: blendMode = 'avg'
27.3027 	EXP 	window1: blendMode = 'avg'
27.3193 	EXP 	window1: blendMode = 'avg'
27.3361 	EXP 	window1: blendMode = 'avg'
27.3527 	EXP 	window1: blendMode = 'avg'
27.3694 	EXP 	window1: blendMode = 'avg'
27.3860 	EXP 	window1: blendMode = 'avg'
27.4027 	EXP 	window1: blendMode = 'avg'
27.4194 	EXP 	window1: blendMode = 'avg'
27.4360 	EXP 	window1: blendMode = 'avg'
27.4528 	EXP 	window1: blendMode = 'avg'
27.4694 	EXP 	window1: blendMode = 'avg'
27.4861 	EXP 	window1: blendMode = 'avg'
27.5027 	EXP 	window1: blendMode = 'avg'
27.5194 	EXP 	window1: blendMode = 'avg'
27.5363 	EXP 	window1: blendMode = 'avg'
27.5527 	EXP 	window1: blendMode = 'avg'
27.5694 	EXP 	window1: blendMode = 'avg'
27.5861 	EXP 	window1: blendMode = 'avg'
27.6027 	EXP 	window1: blendMode = 'avg'
27.6195 	EXP 	window1: blendMode = 'avg'
27.6361 	EXP 	window1: blendMode = 'avg'
27.6528 	EXP 	window1: blendMode = 'avg'
27.6695 	EXP 	window1: blendMode = 'avg'
27.6861 	EXP 	window1: blendMode = 'avg'
27.7028 	EXP 	window1: blendMode = 'avg'
27.7195 	EXP 	window1: blendMode = 'avg'
27.7361 	EXP 	window1: blendMode = 'avg'
27.7528 	EXP 	window1: blendMode = 'avg'
27.7695 	EXP 	window1: blendMode = 'avg'
27.7861 	EXP 	window1: blendMode = 'avg'
27.8028 	EXP 	window1: blendMode = 'avg'
27.8195 	EXP 	window1: blendMode = 'avg'
27.8362 	EXP 	window1: blendMode = 'avg'
27.8528 	EXP 	window1: blendMode = 'avg'
27.8695 	EXP 	window1: blendMode = 'avg'
27.8862 	EXP 	window1: blendMode = 'avg'
27.9028 	EXP 	window1: blendMode = 'avg'
27.9195 	EXP 	window1: blendMode = 'avg'
27.9362 	EXP 	window1: blendMode = 'avg'
27.9529 	EXP 	window1: blendMode = 'avg'
27.9696 	EXP 	window1: blendMode = 'avg'
27.9862 	EXP 	window1: blendMode = 'avg'
28.0029 	EXP 	window1: blendMode = 'avg'
28.0195 	EXP 	window1: blendMode = 'avg'
28.0362 	EXP 	window1: blendMode = 'avg'
28.0529 	EXP 	window1: blendMode = 'avg'
28.0696 	EXP 	window1: blendMode = 'avg'
28.0862 	EXP 	window1: blendMode = 'avg'
28.1029 	EXP 	window1: blendMode = 'avg'
28.1196 	EXP 	window1: blendMode = 'avg'
28.1363 	EXP 	window1: blendMode = 'avg'
28.1529 	EXP 	window1: blendMode = 'avg'
28.1696 	EXP 	window1: blendMode = 'avg'
28.1863 	EXP 	window1: blendMode = 'avg'
28.2029 	EXP 	window1: blendMode = 'avg'
28.2196 	EXP 	window1: blendMode = 'avg'
28.2363 	EXP 	window1: blendMode = 'avg'
28.2530 	EXP 	window1: blendMode = 'avg'
28.2696 	EXP 	window1: blendMode = 'avg'
28.2863 	EXP 	window1: blendMode = 'avg'
28.3030 	EXP 	window1: blendMode = 'avg'
28.3196 	EXP 	window1: blendMode = 'avg'
28.3363 	EXP 	window1: blendMode = 'avg'
28.3530 	EXP 	window1: blendMode = 'avg'
28.3696 	EXP 	window1: blendMode = 'avg'
28.3864 	EXP 	window1: blendMode = 'avg'
28.4030 	EXP 	window1: blendMode = 'avg'
28.4197 	EXP 	window1: blendMode = 'avg'
28.4364 	EXP 	window1: blendMode = 'avg'
28.4530 	EXP 	window1: blendMode = 'avg'
28.4697 	EXP 	window1: blendMode = 'avg'
28.4864 	EXP 	window1: blendMode = 'avg'
28.5030 	EXP 	window1: blendMode = 'avg'
28.5197 	EXP 	window1: blendMode = 'avg'
28.5364 	EXP 	window1: blendMode = 'avg'
28.5529 	EXP 	window1: blendMode = 'avg'
28.5697 	EXP 	window1: blendMode = 'avg'
28.5864 	EXP 	window1: blendMode = 'avg'
28.6030 	EXP 	window1: blendMode = 'avg'
28.6197 	EXP 	window1: blendMode = 'avg'
28.6364 	EXP 	window1: blendMode = 'avg'
28.6531 	EXP 	window1: blendMode = 'avg'
28.6697 	EXP 	window1: blendMode = 'avg'
28.6864 	EXP 	window1: blendMode = 'avg'
28.7031 	EXP 	window1: blendMode = 'avg'
28.7198 	EXP 	window1: blendMode = 'avg'
28.7364 	EXP 	window1: blendMode = 'avg'
28.7531 	EXP 	window1: blendMode = 'avg'
28.7698 	EXP 	window1: blendMode = 'avg'
28.7864 	EXP 	window1: blendMode = 'avg'
28.8031 	EXP 	window1: blendMode = 'avg'
28.8198 	EXP 	window1: blendMode = 'avg'
28.8365 	EXP 	window1: blendMode = 'avg'
28.8531 	EXP 	window1: blendMode = 'avg'
28.8698 	EXP 	window1: blendMode = 'avg'
28.8865 	EXP 	window1: blendMode = 'avg'
28.9031 	EXP 	window1: blendMode = 'avg'
28.9198 	EXP 	window1: blendMode = 'avg'
28.9365 	EXP 	window1: blendMode = 'avg'
28.9531 	EXP 	window1: blendMode = 'avg'
28.9698 	EXP 	window1: blendMode = 'avg'
28.9865 	EXP 	window1: blendMode = 'avg'
29.0032 	EXP 	window1: blendMode = 'avg'
29.0198 	EXP 	window1: blendMode = 'avg'
29.0365 	EXP 	window1: blendMode = 'avg'
29.0532 	EXP 	window1: blendMode = 'avg'
29.0698 	EXP 	window1: blendMode = 'avg'
29.0865 	EXP 	window1: blendMode = 'avg'
29.1032 	EXP 	window1: blendMode = 'avg'
29.1198 	EXP 	window1: blendMode = 'avg'
29.1365 	EXP 	window1: blendMode = 'avg'
29.1532 	EXP 	window1: blendMode = 'avg'
29.1698 	EXP 	window1: blendMode = 'avg'
29.1866 	EXP 	window1: blendMode = 'avg'
29.2032 	EXP 	window1: blendMode = 'avg'
29.2199 	EXP 	window1: blendMode = 'avg'
29.2366 	EXP 	window1: blendMode = 'avg'
29.2532 	EXP 	window1: blendMode = 'avg'
29.2699 	EXP 	window1: blendMode = 'avg'
29.2866 	EXP 	window1: blendMode = 'avg'
29.3033 	EXP 	window1: blendMode = 'avg'
29.3199 	EXP 	window1: blendMode = 'avg'
29.3366 	EXP 	window1: blendMode = 'avg'
29.3533 	EXP 	window1: blendMode = 'avg'
29.3699 	EXP 	window1: blendMode = 'avg'
29.3866 	EXP 	window1: blendMode = 'avg'
29.4033 	EXP 	window1: blendMode = 'avg'
29.4199 	EXP 	window1: blendMode = 'avg'
29.4367 	EXP 	window1: blendMode = 'avg'
29.4533 	EXP 	window1: blendMode = 'avg'
29.4700 	EXP 	window1: blendMode = 'avg'
29.4866 	EXP 	window1: blendMode = 'avg'
29.5033 	EXP 	window1: blendMode = 'avg'
29.5200 	EXP 	window1: blendMode = 'avg'
29.5366 	EXP 	window1: blendMode = 'avg'
29.5533 	EXP 	window1: blendMode = 'avg'
29.5700 	EXP 	window1: blendMode = 'avg'
29.5867 	EXP 	window1: blendMode = 'avg'
29.6033 	EXP 	window1: blendMode = 'avg'
29.6200 	EXP 	window1: blendMode = 'avg'
29.6367 	EXP 	window1: blendMode = 'avg'
29.6533 	EXP 	window1: blendMode = 'avg'
29.6700 	EXP 	window1: blendMode = 'avg'
29.6867 	EXP 	window1: blendMode = 'avg'
29.7034 	EXP 	window1: blendMode = 'avg'
29.7200 	EXP 	window1: blendMode = 'avg'
29.7368 	EXP 	window1: blendMode = 'avg'
29.7534 	EXP 	window1: blendMode = 'avg'
29.7701 	EXP 	window1: blendMode = 'avg'
29.7867 	EXP 	window1: blendMode = 'avg'
29.8034 	EXP 	window1: blendMode = 'avg'
29.8201 	EXP 	window1: blendMode = 'avg'
29.8367 	EXP 	window1: blendMode = 'avg'
29.8534 	EXP 	window1: blendMode = 'avg'
29.8701 	EXP 	window1: blendMode = 'avg'
29.8868 	EXP 	window1: blendMode = 'avg'
29.9034 	EXP 	window1: blendMode = 'avg'
29.9201 	EXP 	window1: blendMode = 'avg'
29.9368 	EXP 	window1: blendMode = 'avg'
29.9534 	EXP 	window1: blendMode = 'avg'
29.9701 	EXP 	window1: blendMode = 'avg'
29.9868 	EXP 	window1: blendMode = 'avg'
30.0035 	EXP 	window1: blendMode = 'avg'
30.0201 	EXP 	window1: blendMode = 'avg'
30.0368 	EXP 	window1: blendMode = 'avg'
30.0535 	EXP 	window1: blendMode = 'avg'
30.0701 	EXP 	window1: blendMode = 'avg'
30.0868 	EXP 	window1: blendMode = 'avg'
30.1035 	EXP 	window1: blendMode = 'avg'
30.1201 	EXP 	window1: blendMode = 'avg'
30.1368 	EXP 	window1: blendMode = 'avg'
30.1535 	EXP 	window1: blendMode = 'avg'
30.1702 	EXP 	window1: blendMode = 'avg'
30.1868 	EXP 	window1: blendMode = 'avg'
30.2035 	EXP 	window1: blendMode = 'avg'
30.2202 	EXP 	window1: blendMode = 'avg'
30.2369 	EXP 	window1: blendMode = 'avg'
30.2535 	EXP 	window1: blendMode = 'avg'
30.2702 	EXP 	window1: blendMode = 'avg'
30.2868 	EXP 	window1: blendMode = 'avg'
30.3036 	EXP 	window1: blendMode = 'avg'
30.3202 	EXP 	window1: blendMode = 'avg'
30.3368 	EXP 	window1: blendMode = 'avg'
30.3536 	EXP 	window1: blendMode = 'avg'
30.3702 	EXP 	window1: blendMode = 'avg'
30.3869 	EXP 	window1: blendMode = 'avg'
30.4036 	EXP 	window1: blendMode = 'avg'
30.4202 	EXP 	window1: blendMode = 'avg'
30.4369 	EXP 	window1: blendMode = 'avg'
30.4536 	EXP 	window1: blendMode = 'avg'
30.4702 	EXP 	window1: blendMode = 'avg'
30.4869 	EXP 	window1: blendMode = 'avg'
30.5036 	EXP 	window1: blendMode = 'avg'
30.5203 	EXP 	window1: blendMode = 'avg'
30.5369 	EXP 	window1: blendMode = 'avg'
30.5537 	EXP 	window1: blendMode = 'avg'
30.5703 	EXP 	window1: blendMode = 'avg'
30.5869 	EXP 	window1: blendMode = 'avg'
30.6036 	EXP 	window1: blendMode = 'avg'
30.6203 	EXP 	window1: blendMode = 'avg'
30.6370 	EXP 	window1: blendMode = 'avg'
30.6536 	EXP 	window1: blendMode = 'avg'
30.6703 	EXP 	window1: blendMode = 'avg'
30.6870 	EXP 	window1: blendMode = 'avg'
30.7036 	EXP 	window1: blendMode = 'avg'
30.7203 	EXP 	window1: blendMode = 'avg'
30.7370 	EXP 	window1: blendMode = 'avg'
30.7536 	EXP 	window1: blendMode = 'avg'
30.7704 	EXP 	window1: blendMode = 'avg'
30.7870 	EXP 	window1: blendMode = 'avg'
30.8037 	EXP 	window1: blendMode = 'avg'
30.8204 	EXP 	window1: blendMode = 'avg'
30.8370 	EXP 	window1: blendMode = 'avg'
30.8537 	EXP 	window1: blendMode = 'avg'
30.8704 	EXP 	window1: blendMode = 'avg'
30.8870 	EXP 	window1: blendMode = 'avg'
30.9037 	EXP 	window1: blendMode = 'avg'
30.9204 	EXP 	window1: blendMode = 'avg'
30.9371 	EXP 	window1: blendMode = 'avg'
30.9537 	EXP 	window1: blendMode = 'avg'
30.9704 	EXP 	window1: blendMode = 'avg'
30.9871 	EXP 	window1: blendMode = 'avg'
31.0037 	EXP 	window1: blendMode = 'avg'
31.0204 	EXP 	window1: blendMode = 'avg'
31.0371 	EXP 	window1: blendMode = 'avg'
31.0538 	EXP 	window1: blendMode = 'avg'
31.0704 	EXP 	window1: blendMode = 'avg'
31.0871 	EXP 	window1: blendMode = 'avg'
31.1038 	EXP 	window1: blendMode = 'avg'
31.1204 	EXP 	window1: blendMode = 'avg'
31.1371 	EXP 	window1: blendMode = 'avg'
31.1538 	EXP 	window1: blendMode = 'avg'
31.1705 	EXP 	window1: blendMode = 'avg'
31.1871 	EXP 	window1: blendMode = 'avg'
31.2038 	EXP 	window1: blendMode = 'avg'
31.2205 	EXP 	window1: blendMode = 'avg'
31.2371 	EXP 	window1: blendMode = 'avg'
31.2538 	EXP 	window1: blendMode = 'avg'
31.2705 	EXP 	window1: blendMode = 'avg'
31.2871 	EXP 	window1: blendMode = 'avg'
31.3038 	EXP 	window1: blendMode = 'avg'
31.3205 	EXP 	window1: blendMode = 'avg'
31.3372 	EXP 	window1: blendMode = 'avg'
31.3538 	EXP 	window1: blendMode = 'avg'
31.3705 	EXP 	window1: blendMode = 'avg'
31.3872 	EXP 	window1: blendMode = 'avg'
31.4039 	EXP 	window1: blendMode = 'avg'
31.4205 	EXP 	window1: blendMode = 'avg'
31.4372 	EXP 	window1: blendMode = 'avg'
31.4539 	EXP 	window1: blendMode = 'avg'
31.4705 	EXP 	window1: blendMode = 'avg'
31.4872 	EXP 	window1: blendMode = 'avg'
31.5039 	EXP 	window1: blendMode = 'avg'
31.5206 	EXP 	window1: blendMode = 'avg'
31.5373 	EXP 	window1: blendMode = 'avg'
31.5538 	EXP 	window1: blendMode = 'avg'
31.5706 	EXP 	window1: blendMode = 'avg'
31.5872 	EXP 	window1: blendMode = 'avg'
31.6039 	EXP 	window1: blendMode = 'avg'
31.6206 	EXP 	window1: blendMode = 'avg'
31.6373 	EXP 	window1: blendMode = 'avg'
31.6539 	EXP 	window1: blendMode = 'avg'
31.6706 	EXP 	window1: blendMode = 'avg'
31.6873 	EXP 	window1: blendMode = 'avg'
31.7039 	EXP 	window1: blendMode = 'avg'
31.7206 	EXP 	window1: blendMode = 'avg'
31.7373 	EXP 	window1: blendMode = 'avg'
31.7539 	EXP 	window1: blendMode = 'avg'
31.7706 	EXP 	window1: blendMode = 'avg'
31.7873 	EXP 	window1: blendMode = 'avg'
31.8040 	EXP 	window1: blendMode = 'avg'
31.8207 	EXP 	window1: blendMode = 'avg'
31.8373 	EXP 	window1: blendMode = 'avg'
31.8540 	EXP 	window1: blendMode = 'avg'
31.8707 	EXP 	window1: blendMode = 'avg'
31.8873 	EXP 	window1: blendMode = 'avg'
31.9040 	EXP 	window1: blendMode = 'avg'
31.9206 	EXP 	window1: blendMode = 'avg'
31.9373 	EXP 	window1: blendMode = 'avg'
31.9540 	EXP 	window1: blendMode = 'avg'
31.9707 	EXP 	window1: blendMode = 'avg'
31.9874 	EXP 	window1: blendMode = 'avg'
32.0040 	EXP 	window1: blendMode = 'avg'
32.0207 	EXP 	window1: blendMode = 'avg'
32.0374 	EXP 	window1: blendMode = 'avg'
32.0540 	EXP 	window1: blendMode = 'avg'
32.0707 	EXP 	window1: blendMode = 'avg'
32.0874 	EXP 	window1: blendMode = 'avg'
32.1040 	EXP 	window1: blendMode = 'avg'
32.1207 	EXP 	window1: blendMode = 'avg'
32.1374 	EXP 	window1: blendMode = 'avg'
32.1541 	EXP 	window1: blendMode = 'avg'
32.1708 	EXP 	window1: blendMode = 'avg'
32.1874 	EXP 	window1: blendMode = 'avg'
32.2041 	EXP 	window1: blendMode = 'avg'
32.2208 	EXP 	window1: blendMode = 'avg'
32.2374 	EXP 	window1: blendMode = 'avg'
32.2541 	EXP 	window1: blendMode = 'avg'
32.2708 	EXP 	window1: blendMode = 'avg'
32.2874 	EXP 	window1: blendMode = 'avg'
32.3041 	EXP 	window1: blendMode = 'avg'
32.3208 	EXP 	window1: blendMode = 'avg'
32.3375 	EXP 	window1: blendMode = 'avg'
32.3541 	EXP 	window1: blendMode = 'avg'
32.3708 	EXP 	window1: blendMode = 'avg'
32.3875 	EXP 	window1: blendMode = 'avg'
32.4041 	EXP 	window1: blendMode = 'avg'
32.4208 	EXP 	window1: blendMode = 'avg'
32.4375 	EXP 	window1: blendMode = 'avg'
32.4542 	EXP 	window1: blendMode = 'avg'
32.4708 	EXP 	window1: blendMode = 'avg'
32.4875 	EXP 	window1: blendMode = 'avg'
32.5042 	EXP 	window1: blendMode = 'avg'
32.5208 	EXP 	window1: blendMode = 'avg'
32.5376 	EXP 	window1: blendMode = 'avg'
32.5541 	EXP 	window1: blendMode = 'avg'
32.5708 	EXP 	window1: blendMode = 'avg'
32.5875 	EXP 	window1: blendMode = 'avg'
32.6042 	EXP 	window1: blendMode = 'avg'
32.6209 	EXP 	window1: blendMode = 'avg'
32.6376 	EXP 	window1: blendMode = 'avg'
32.6542 	EXP 	window1: blendMode = 'avg'
32.6710 	EXP 	window1: blendMode = 'avg'
32.6876 	EXP 	window1: blendMode = 'avg'
32.7042 	EXP 	window1: blendMode = 'avg'
32.7209 	EXP 	window1: blendMode = 'avg'
32.7376 	EXP 	window1: blendMode = 'avg'
32.7542 	EXP 	window1: blendMode = 'avg'
32.7709 	EXP 	window1: blendMode = 'avg'
32.7876 	EXP 	window1: blendMode = 'avg'
32.8043 	EXP 	window1: blendMode = 'avg'
32.8209 	EXP 	window1: blendMode = 'avg'
32.8376 	EXP 	window1: blendMode = 'avg'
32.8543 	EXP 	window1: blendMode = 'avg'
32.8709 	EXP 	window1: blendMode = 'avg'
32.8876 	EXP 	window1: blendMode = 'avg'
32.9043 	EXP 	window1: blendMode = 'avg'
32.9210 	EXP 	window1: blendMode = 'avg'
32.9377 	EXP 	window1: blendMode = 'avg'
32.9543 	EXP 	window1: blendMode = 'avg'
32.9710 	EXP 	window1: blendMode = 'avg'
32.9877 	EXP 	window1: blendMode = 'avg'
33.0043 	EXP 	window1: blendMode = 'avg'
33.0209 	EXP 	window1: blendMode = 'avg'
33.0377 	EXP 	window1: blendMode = 'avg'
33.0543 	EXP 	window1: blendMode = 'avg'
33.0710 	EXP 	window1: blendMode = 'avg'
33.0877 	EXP 	window1: blendMode = 'avg'
33.1043 	EXP 	window1: blendMode = 'avg'
33.1210 	EXP 	window1: blendMode = 'avg'
33.1377 	EXP 	window1: blendMode = 'avg'
33.1544 	EXP 	window1: blendMode = 'avg'
33.1710 	EXP 	window1: blendMode = 'avg'
33.1878 	EXP 	window1: blendMode = 'avg'
33.2044 	EXP 	window1: blendMode = 'avg'
33.2210 	EXP 	window1: blendMode = 'avg'
33.2377 	EXP 	window1: blendMode = 'avg'
33.2544 	EXP 	window1: blendMode = 'avg'
33.2710 	EXP 	window1: blendMode = 'avg'
33.2877 	EXP 	window1: blendMode = 'avg'
33.3044 	EXP 	window1: blendMode = 'avg'
33.3211 	EXP 	window1: blendMode = 'avg'
33.3377 	EXP 	window1: blendMode = 'avg'
33.3544 	EXP 	window1: blendMode = 'avg'
33.3711 	EXP 	window1: blendMode = 'avg'
33.3878 	EXP 	window1: blendMode = 'avg'
33.4044 	EXP 	window1: blendMode = 'avg'
33.4211 	EXP 	window1: blendMode = 'avg'
33.4378 	EXP 	window1: blendMode = 'avg'
33.4545 	EXP 	window1: blendMode = 'avg'
33.4711 	EXP 	window1: blendMode = 'avg'
33.4878 	EXP 	window1: blendMode = 'avg'
33.5045 	EXP 	window1: blendMode = 'avg'
33.5211 	EXP 	window1: blendMode = 'avg'
33.5378 	EXP 	window1: blendMode = 'avg'
33.5544 	EXP 	window1: blendMode = 'avg'
33.5712 	EXP 	window1: blendMode = 'avg'
33.5878 	EXP 	window1: blendMode = 'avg'
33.6045 	EXP 	window1: blendMode = 'avg'
33.6212 	EXP 	window1: blendMode = 'avg'
33.6378 	EXP 	window1: blendMode = 'avg'
33.6545 	EXP 	window1: blendMode = 'avg'
33.6712 	EXP 	window1: blendMode = 'avg'
33.6878 	EXP 	window1: blendMode = 'avg'
33.7045 	EXP 	window1: blendMode = 'avg'
33.7212 	EXP 	window1: blendMode = 'avg'
33.7379 	EXP 	window1: blendMode = 'avg'
33.7545 	EXP 	window1: blendMode = 'avg'
33.7712 	EXP 	window1: blendMode = 'avg'
33.7879 	EXP 	window1: blendMode = 'avg'
33.8046 	EXP 	window1: blendMode = 'avg'
33.8212 	EXP 	window1: blendMode = 'avg'
33.8379 	EXP 	window1: blendMode = 'avg'
33.8546 	EXP 	window1: blendMode = 'avg'
33.8712 	EXP 	window1: blendMode = 'avg'
33.8879 	EXP 	window1: blendMode = 'avg'
33.9046 	EXP 	window1: blendMode = 'avg'
33.9212 	EXP 	window1: blendMode = 'avg'
33.9379 	EXP 	window1: blendMode = 'avg'
33.9546 	EXP 	window1: blendMode = 'avg'
33.9713 	EXP 	window1: blendMode = 'avg'
33.9880 	EXP 	window1: blendMode = 'avg'
34.0046 	EXP 	window1: blendMode = 'avg'
34.0213 	EXP 	window1: blendMode = 'avg'
34.0380 	EXP 	window1: blendMode = 'avg'
34.0546 	EXP 	window1: blendMode = 'avg'
34.0713 	EXP 	window1: blendMode = 'avg'
34.0880 	EXP 	window1: blendMode = 'avg'
34.1047 	EXP 	window1: blendMode = 'avg'
34.1213 	EXP 	window1: blendMode = 'avg'
34.1380 	EXP 	window1: blendMode = 'avg'
34.1546 	EXP 	window1: blendMode = 'avg'
34.1713 	EXP 	window1: blendMode = 'avg'
34.1880 	EXP 	window1: blendMode = 'avg'
34.2047 	EXP 	window1: blendMode = 'avg'
34.2213 	EXP 	window1: blendMode = 'avg'
34.2380 	EXP 	window1: blendMode = 'avg'
34.2547 	EXP 	window1: blendMode = 'avg'
34.2713 	EXP 	window1: blendMode = 'avg'
34.2880 	EXP 	window1: blendMode = 'avg'
34.3047 	EXP 	window1: blendMode = 'avg'
34.3214 	EXP 	window1: blendMode = 'avg'
34.3380 	EXP 	window1: blendMode = 'avg'
34.3547 	EXP 	window1: blendMode = 'avg'
34.3714 	EXP 	window1: blendMode = 'avg'
34.3880 	EXP 	window1: blendMode = 'avg'
34.4047 	EXP 	window1: blendMode = 'avg'
34.4214 	EXP 	window1: blendMode = 'avg'
34.4381 	EXP 	window1: blendMode = 'avg'
34.4548 	EXP 	window1: blendMode = 'avg'
34.4714 	EXP 	window1: blendMode = 'avg'
34.4881 	EXP 	window1: blendMode = 'avg'
34.5047 	EXP 	window1: blendMode = 'avg'
34.5214 	EXP 	window1: blendMode = 'avg'
34.5381 	EXP 	window1: blendMode = 'avg'
34.5547 	EXP 	window1: blendMode = 'avg'
34.5714 	EXP 	window1: blendMode = 'avg'
34.5881 	EXP 	window1: blendMode = 'avg'
34.6048 	EXP 	window1: blendMode = 'avg'
34.6214 	EXP 	window1: blendMode = 'avg'
34.6381 	EXP 	window1: blendMode = 'avg'
34.6548 	EXP 	window1: blendMode = 'avg'
34.6715 	EXP 	window1: blendMode = 'avg'
34.6881 	EXP 	window1: blendMode = 'avg'
34.7048 	EXP 	window1: blendMode = 'avg'
34.7215 	EXP 	window1: blendMode = 'avg'
34.7381 	EXP 	window1: blendMode = 'avg'
34.7548 	EXP 	window1: blendMode = 'avg'
34.7715 	EXP 	window1: blendMode = 'avg'
34.7882 	EXP 	window1: blendMode = 'avg'
34.8048 	EXP 	window1: blendMode = 'avg'
34.8215 	EXP 	window1: blendMode = 'avg'
34.8382 	EXP 	window1: blendMode = 'avg'
34.8549 	EXP 	window1: blendMode = 'avg'
34.8715 	EXP 	window1: blendMode = 'avg'
34.8882 	EXP 	window1: blendMode = 'avg'
34.9049 	EXP 	window1: blendMode = 'avg'
34.9215 	EXP 	window1: blendMode = 'avg'
34.9382 	EXP 	window1: blendMode = 'avg'
34.9549 	EXP 	window1: blendMode = 'avg'
34.9716 	EXP 	window1: blendMode = 'avg'
34.9882 	EXP 	window1: blendMode = 'avg'
35.0049 	EXP 	window1: blendMode = 'avg'
35.0216 	EXP 	window1: blendMode = 'avg'
35.0382 	EXP 	window1: blendMode = 'avg'
35.0549 	EXP 	window1: blendMode = 'avg'
35.0716 	EXP 	window1: blendMode = 'avg'
35.0882 	EXP 	window1: blendMode = 'avg'
35.1049 	EXP 	window1: blendMode = 'avg'
35.1216 	EXP 	window1: blendMode = 'avg'
35.1383 	EXP 	window1: blendMode = 'avg'
35.1550 	EXP 	window1: blendMode = 'avg'
35.1716 	EXP 	window1: blendMode = 'avg'
35.1883 	EXP 	window1: blendMode = 'avg'
35.2050 	EXP 	window1: blendMode = 'avg'
35.2216 	EXP 	window1: blendMode = 'avg'
35.2383 	EXP 	window1: blendMode = 'avg'
35.2550 	EXP 	window1: blendMode = 'avg'
35.2716 	EXP 	window1: blendMode = 'avg'
35.2883 	EXP 	window1: blendMode = 'avg'
35.3050 	EXP 	window1: blendMode = 'avg'
35.3217 	EXP 	window1: blendMode = 'avg'
35.3383 	EXP 	window1: blendMode = 'avg'
35.3550 	EXP 	window1: blendMode = 'avg'
35.3717 	EXP 	window1: blendMode = 'avg'
35.3883 	EXP 	window1: blendMode = 'avg'
35.4050 	EXP 	window1: blendMode = 'avg'
35.4217 	EXP 	window1: blendMode = 'avg'
35.4384 	EXP 	window1: blendMode = 'avg'
35.4551 	EXP 	window1: blendMode = 'avg'
35.4717 	EXP 	window1: blendMode = 'avg'
35.4884 	EXP 	window1: blendMode = 'avg'
35.5050 	EXP 	window1: blendMode = 'avg'
35.5217 	EXP 	window1: blendMode = 'avg'
35.5384 	EXP 	window1: blendMode = 'avg'
35.5550 	EXP 	window1: blendMode = 'avg'
35.5717 	EXP 	window1: blendMode = 'avg'
35.5883 	EXP 	window1: blendMode = 'avg'
35.6051 	EXP 	window1: blendMode = 'avg'
35.6217 	EXP 	window1: blendMode = 'avg'
35.6384 	EXP 	window1: blendMode = 'avg'
35.6550 	EXP 	window1: blendMode = 'avg'
35.6717 	EXP 	window1: blendMode = 'avg'
35.6884 	EXP 	window1: blendMode = 'avg'
35.7051 	EXP 	window1: blendMode = 'avg'
35.7218 	EXP 	window1: blendMode = 'avg'
35.7384 	EXP 	window1: blendMode = 'avg'
35.7551 	EXP 	window1: blendMode = 'avg'
35.7718 	EXP 	window1: blendMode = 'avg'
35.7885 	EXP 	window1: blendMode = 'avg'
35.8051 	EXP 	window1: blendMode = 'avg'
35.8218 	EXP 	window1: blendMode = 'avg'
35.8385 	EXP 	window1: blendMode = 'avg'
35.8551 	EXP 	window1: blendMode = 'avg'
35.8718 	EXP 	window1: blendMode = 'avg'
35.8885 	EXP 	window1: blendMode = 'avg'
35.9052 	EXP 	window1: blendMode = 'avg'
35.9218 	EXP 	window1: blendMode = 'avg'
35.9385 	EXP 	window1: blendMode = 'avg'
35.9552 	EXP 	window1: blendMode = 'avg'
35.9718 	EXP 	window1: blendMode = 'avg'
35.9885 	EXP 	window1: blendMode = 'avg'
36.0052 	EXP 	window1: blendMode = 'avg'
36.0218 	EXP 	window1: blendMode = 'avg'
36.0385 	EXP 	window1: blendMode = 'avg'
36.0552 	EXP 	window1: blendMode = 'avg'
36.0719 	EXP 	window1: blendMode = 'avg'
36.0885 	EXP 	window1: blendMode = 'avg'
36.1052 	EXP 	window1: blendMode = 'avg'
36.1219 	EXP 	window1: blendMode = 'avg'
36.1386 	EXP 	window1: blendMode = 'avg'
36.1552 	EXP 	window1: blendMode = 'avg'
36.1719 	EXP 	window1: blendMode = 'avg'
36.1886 	EXP 	window1: blendMode = 'avg'
36.2053 	EXP 	window1: blendMode = 'avg'
36.2219 	EXP 	window1: blendMode = 'avg'
36.2385 	EXP 	window1: blendMode = 'avg'
36.2553 	EXP 	window1: blendMode = 'avg'
36.2719 	EXP 	window1: blendMode = 'avg'
36.2886 	EXP 	window1: blendMode = 'avg'
36.3053 	EXP 	window1: blendMode = 'avg'
36.3219 	EXP 	window1: blendMode = 'avg'
36.3386 	EXP 	window1: blendMode = 'avg'
36.3553 	EXP 	window1: blendMode = 'avg'
36.3720 	EXP 	window1: blendMode = 'avg'
36.3886 	EXP 	window1: blendMode = 'avg'
36.4053 	EXP 	window1: blendMode = 'avg'
36.4220 	EXP 	window1: blendMode = 'avg'
36.4386 	EXP 	window1: blendMode = 'avg'
36.4553 	EXP 	window1: blendMode = 'avg'
36.4720 	EXP 	window1: blendMode = 'avg'
36.4887 	EXP 	window1: blendMode = 'avg'
36.5053 	EXP 	window1: blendMode = 'avg'
36.5219 	EXP 	window1: blendMode = 'avg'
36.5387 	EXP 	window1: blendMode = 'avg'
36.5553 	EXP 	window1: blendMode = 'avg'
36.5720 	EXP 	window1: blendMode = 'avg'
36.5887 	EXP 	window1: blendMode = 'avg'
36.6054 	EXP 	window1: blendMode = 'avg'
36.6220 	EXP 	window1: blendMode = 'avg'
36.6387 	EXP 	window1: blendMode = 'avg'
36.6554 	EXP 	window1: blendMode = 'avg'
36.6720 	EXP 	window1: blendMode = 'avg'
36.6887 	EXP 	window1: blendMode = 'avg'
36.7054 	EXP 	window1: blendMode = 'avg'
36.7221 	EXP 	window1: blendMode = 'avg'
36.7387 	EXP 	window1: blendMode = 'avg'
36.7554 	EXP 	window1: blendMode = 'avg'
36.7721 	EXP 	window1: blendMode = 'avg'
36.7887 	EXP 	window1: blendMode = 'avg'
36.8054 	EXP 	window1: blendMode = 'avg'
36.8221 	EXP 	window1: blendMode = 'avg'
36.8388 	EXP 	window1: blendMode = 'avg'
36.8554 	EXP 	window1: blendMode = 'avg'
36.8721 	EXP 	window1: blendMode = 'avg'
36.8888 	EXP 	window1: blendMode = 'avg'
36.9055 	EXP 	window1: blendMode = 'avg'
36.9221 	EXP 	window1: blendMode = 'avg'
36.9388 	EXP 	window1: blendMode = 'avg'
36.9555 	EXP 	window1: blendMode = 'avg'
36.9721 	EXP 	window1: blendMode = 'avg'
36.9888 	EXP 	window1: blendMode = 'avg'
37.0055 	EXP 	window1: blendMode = 'avg'
37.0221 	EXP 	window1: blendMode = 'avg'
37.0388 	EXP 	window1: blendMode = 'avg'
37.0555 	EXP 	window1: blendMode = 'avg'
37.0721 	EXP 	window1: blendMode = 'avg'
37.0888 	EXP 	window1: blendMode = 'avg'
37.1055 	EXP 	window1: blendMode = 'avg'
37.1222 	EXP 	window1: blendMode = 'avg'
37.1389 	EXP 	window1: blendMode = 'avg'
37.1555 	EXP 	window1: blendMode = 'avg'
37.1722 	EXP 	window1: blendMode = 'avg'
37.1888 	EXP 	window1: blendMode = 'avg'
37.2055 	EXP 	window1: blendMode = 'avg'
37.2222 	EXP 	window1: blendMode = 'avg'
37.2389 	EXP 	window1: blendMode = 'avg'
37.2556 	EXP 	window1: blendMode = 'avg'
37.2722 	EXP 	window1: blendMode = 'avg'
37.2889 	EXP 	window1: blendMode = 'avg'
37.3056 	EXP 	window1: blendMode = 'avg'
37.3222 	EXP 	window1: blendMode = 'avg'
37.3389 	EXP 	window1: blendMode = 'avg'
37.3556 	EXP 	window1: blendMode = 'avg'
37.3722 	EXP 	window1: blendMode = 'avg'
37.3889 	EXP 	window1: blendMode = 'avg'
37.4057 	EXP 	window1: blendMode = 'avg'
37.4222 	EXP 	window1: blendMode = 'avg'
37.4389 	EXP 	window1: blendMode = 'avg'
37.4556 	EXP 	window1: blendMode = 'avg'
37.4723 	EXP 	window1: blendMode = 'avg'
37.4890 	EXP 	window1: blendMode = 'avg'
37.5056 	EXP 	window1: blendMode = 'avg'
37.5222 	EXP 	window1: blendMode = 'avg'
37.5390 	EXP 	window1: blendMode = 'avg'
37.5556 	EXP 	window1: blendMode = 'avg'
37.5723 	EXP 	window1: blendMode = 'avg'
37.5890 	EXP 	window1: blendMode = 'avg'
37.6056 	EXP 	window1: blendMode = 'avg'
37.6223 	EXP 	window1: blendMode = 'avg'
37.6390 	EXP 	window1: blendMode = 'avg'
37.6557 	EXP 	window1: blendMode = 'avg'
37.6723 	EXP 	window1: blendMode = 'avg'
37.6890 	EXP 	window1: blendMode = 'avg'
37.7057 	EXP 	window1: blendMode = 'avg'
37.7223 	EXP 	window1: blendMode = 'avg'
37.7390 	EXP 	window1: blendMode = 'avg'
37.7557 	EXP 	window1: blendMode = 'avg'
37.7724 	EXP 	window1: blendMode = 'avg'
37.7890 	EXP 	window1: blendMode = 'avg'
37.8057 	EXP 	window1: blendMode = 'avg'
37.8224 	EXP 	window1: blendMode = 'avg'
37.8391 	EXP 	window1: blendMode = 'avg'
37.8557 	EXP 	window1: blendMode = 'avg'
37.8724 	EXP 	window1: blendMode = 'avg'
37.8891 	EXP 	window1: blendMode = 'avg'
37.9058 	EXP 	window1: blendMode = 'avg'
37.9224 	EXP 	window1: blendMode = 'avg'
37.9391 	EXP 	window1: blendMode = 'avg'
37.9558 	EXP 	window1: blendMode = 'avg'
37.9724 	EXP 	window1: blendMode = 'avg'
37.9891 	EXP 	window1: blendMode = 'avg'
38.0058 	EXP 	window1: blendMode = 'avg'
38.0225 	EXP 	window1: blendMode = 'avg'
38.0391 	EXP 	window1: blendMode = 'avg'
38.0558 	EXP 	window1: blendMode = 'avg'
38.0724 	EXP 	window1: blendMode = 'avg'
38.0891 	EXP 	window1: blendMode = 'avg'
38.1058 	EXP 	window1: blendMode = 'avg'
38.1225 	EXP 	window1: blendMode = 'avg'
38.1391 	EXP 	window1: blendMode = 'avg'
38.1558 	EXP 	window1: blendMode = 'avg'
38.1725 	EXP 	window1: blendMode = 'avg'
38.1891 	EXP 	window1: blendMode = 'avg'
38.2058 	EXP 	window1: blendMode = 'avg'
38.2225 	EXP 	window1: blendMode = 'avg'
38.2391 	EXP 	window1: blendMode = 'avg'
38.2558 	EXP 	window1: blendMode = 'avg'
38.2725 	EXP 	window1: blendMode = 'avg'
38.2891 	EXP 	window1: blendMode = 'avg'
38.3058 	EXP 	window1: blendMode = 'avg'
38.3225 	EXP 	window1: blendMode = 'avg'
38.3392 	EXP 	window1: blendMode = 'avg'
38.3559 	EXP 	window1: blendMode = 'avg'
38.3725 	EXP 	window1: blendMode = 'avg'
38.3892 	EXP 	window1: blendMode = 'avg'
38.4059 	EXP 	window1: blendMode = 'avg'
38.4226 	EXP 	window1: blendMode = 'avg'
38.4392 	EXP 	window1: blendMode = 'avg'
38.4559 	EXP 	window1: blendMode = 'avg'
38.4726 	EXP 	window1: blendMode = 'avg'
38.4892 	EXP 	window1: blendMode = 'avg'
38.5059 	EXP 	window1: blendMode = 'avg'
38.5225 	EXP 	window1: blendMode = 'avg'
38.5392 	EXP 	window1: blendMode = 'avg'
38.5558 	EXP 	window1: blendMode = 'avg'
38.5726 	EXP 	window1: blendMode = 'avg'
38.5893 	EXP 	window1: blendMode = 'avg'
38.6059 	EXP 	window1: blendMode = 'avg'
38.6226 	EXP 	window1: blendMode = 'avg'
38.6393 	EXP 	window1: blendMode = 'avg'
38.6559 	EXP 	window1: blendMode = 'avg'
38.6726 	EXP 	window1: blendMode = 'avg'
38.6893 	EXP 	window1: blendMode = 'avg'
38.7060 	EXP 	window1: blendMode = 'avg'
38.7226 	EXP 	window1: blendMode = 'avg'
38.7393 	EXP 	window1: blendMode = 'avg'
38.7560 	EXP 	window1: blendMode = 'avg'
38.7726 	EXP 	window1: blendMode = 'avg'
38.7893 	EXP 	window1: blendMode = 'avg'
38.8060 	EXP 	window1: blendMode = 'avg'
38.8227 	EXP 	window1: blendMode = 'avg'
38.8393 	EXP 	window1: blendMode = 'avg'
38.8560 	EXP 	window1: blendMode = 'avg'
38.8727 	EXP 	window1: blendMode = 'avg'
38.8893 	EXP 	window1: blendMode = 'avg'
38.9060 	EXP 	window1: blendMode = 'avg'
38.9227 	EXP 	window1: blendMode = 'avg'
38.9394 	EXP 	window1: blendMode = 'avg'
38.9560 	EXP 	window1: blendMode = 'avg'
38.9727 	EXP 	window1: blendMode = 'avg'
38.9894 	EXP 	window1: blendMode = 'avg'
39.0060 	EXP 	window1: blendMode = 'avg'
39.0227 	EXP 	window1: blendMode = 'avg'
39.0394 	EXP 	window1: blendMode = 'avg'
39.0561 	EXP 	window1: blendMode = 'avg'
39.0727 	EXP 	window1: blendMode = 'avg'
39.0894 	EXP 	window1: blendMode = 'avg'
39.1061 	EXP 	window1: blendMode = 'avg'
39.1227 	EXP 	window1: blendMode = 'avg'
39.1394 	EXP 	window1: blendMode = 'avg'
39.1561 	EXP 	window1: blendMode = 'avg'
39.1728 	EXP 	window1: blendMode = 'avg'
39.1894 	EXP 	window1: blendMode = 'avg'
39.2061 	EXP 	window1: blendMode = 'avg'
39.2228 	EXP 	window1: blendMode = 'avg'
39.2395 	EXP 	window1: blendMode = 'avg'
39.2561 	EXP 	window1: blendMode = 'avg'
39.2728 	EXP 	window1: blendMode = 'avg'
39.2895 	EXP 	window1: blendMode = 'avg'
39.3062 	EXP 	window1: blendMode = 'avg'
39.3228 	EXP 	window1: blendMode = 'avg'
39.3395 	EXP 	window1: blendMode = 'avg'
39.3561 	EXP 	window1: blendMode = 'avg'
39.3728 	EXP 	window1: blendMode = 'avg'
39.3895 	EXP 	window1: blendMode = 'avg'
39.4061 	EXP 	window1: blendMode = 'avg'
39.4228 	EXP 	window1: blendMode = 'avg'
39.4395 	EXP 	window1: blendMode = 'avg'
39.4562 	EXP 	window1: blendMode = 'avg'
39.4728 	EXP 	window1: blendMode = 'avg'
39.4895 	EXP 	window1: blendMode = 'avg'
39.5062 	EXP 	window1: blendMode = 'avg'
39.5229 	EXP 	window1: blendMode = 'avg'
39.5396 	EXP 	window1: blendMode = 'avg'
39.5561 	EXP 	window1: blendMode = 'avg'
39.5729 	EXP 	window1: blendMode = 'avg'
39.5895 	EXP 	window1: blendMode = 'avg'
39.6063 	EXP 	window1: blendMode = 'avg'
39.6229 	EXP 	window1: blendMode = 'avg'
39.6396 	EXP 	window1: blendMode = 'avg'
39.6562 	EXP 	window1: blendMode = 'avg'
39.6729 	EXP 	window1: blendMode = 'avg'
39.6896 	EXP 	window1: blendMode = 'avg'
39.7063 	EXP 	window1: blendMode = 'avg'
39.7229 	EXP 	window1: blendMode = 'avg'
39.7396 	EXP 	window1: blendMode = 'avg'
39.7563 	EXP 	window1: blendMode = 'avg'
39.7729 	EXP 	window1: blendMode = 'avg'
39.7896 	EXP 	window1: blendMode = 'avg'
39.8063 	EXP 	window1: blendMode = 'avg'
39.8229 	EXP 	window1: blendMode = 'avg'
39.8396 	EXP 	window1: blendMode = 'avg'
39.8563 	EXP 	window1: blendMode = 'avg'
39.8730 	EXP 	window1: blendMode = 'avg'
39.8896 	EXP 	window1: blendMode = 'avg'
39.9063 	EXP 	window1: blendMode = 'avg'
39.9230 	EXP 	window1: blendMode = 'avg'
39.9397 	EXP 	window1: blendMode = 'avg'
39.9563 	EXP 	window1: blendMode = 'avg'
39.9730 	EXP 	window1: blendMode = 'avg'
39.9897 	EXP 	window1: blendMode = 'avg'
40.0063 	EXP 	window1: blendMode = 'avg'
40.0230 	EXP 	window1: blendMode = 'avg'
40.0397 	EXP 	window1: blendMode = 'avg'
40.0563 	EXP 	window1: blendMode = 'avg'
40.0730 	EXP 	window1: blendMode = 'avg'
40.0897 	EXP 	window1: blendMode = 'avg'
40.1064 	EXP 	window1: blendMode = 'avg'
40.1230 	EXP 	window1: blendMode = 'avg'
40.1397 	EXP 	window1: blendMode = 'avg'
40.1564 	EXP 	window1: blendMode = 'avg'
40.1730 	EXP 	window1: blendMode = 'avg'
40.1897 	EXP 	window1: blendMode = 'avg'
40.2064 	EXP 	window1: blendMode = 'avg'
40.2231 	EXP 	window1: blendMode = 'avg'
40.2397 	EXP 	window1: blendMode = 'avg'
40.2564 	EXP 	window1: blendMode = 'avg'
40.2731 	EXP 	window1: blendMode = 'avg'
40.2897 	EXP 	window1: blendMode = 'avg'
40.3064 	EXP 	window1: blendMode = 'avg'
40.3231 	EXP 	window1: blendMode = 'avg'
40.3398 	EXP 	window1: blendMode = 'avg'
40.3564 	EXP 	window1: blendMode = 'avg'
40.3731 	EXP 	window1: blendMode = 'avg'
40.3898 	EXP 	window1: blendMode = 'avg'
40.4064 	EXP 	window1: blendMode = 'avg'
40.4231 	EXP 	window1: blendMode = 'avg'
40.4398 	EXP 	window1: blendMode = 'avg'
40.4565 	EXP 	window1: blendMode = 'avg'
40.4731 	EXP 	window1: blendMode = 'avg'
40.4898 	EXP 	window1: blendMode = 'avg'
40.5065 	EXP 	window1: blendMode = 'avg'
40.5232 	EXP 	window1: blendMode = 'avg'
40.5398 	EXP 	window1: blendMode = 'avg'
40.5564 	EXP 	window1: blendMode = 'avg'
40.5732 	EXP 	window1: blendMode = 'avg'
40.5898 	EXP 	window1: blendMode = 'avg'
40.6065 	EXP 	window1: blendMode = 'avg'
40.6232 	EXP 	window1: blendMode = 'avg'
40.6399 	EXP 	window1: blendMode = 'avg'
40.6566 	EXP 	window1: blendMode = 'avg'
40.6732 	EXP 	window1: blendMode = 'avg'
40.6899 	EXP 	window1: blendMode = 'avg'
40.7065 	EXP 	window1: blendMode = 'avg'
40.7232 	EXP 	window1: blendMode = 'avg'
40.7399 	EXP 	window1: blendMode = 'avg'
40.7566 	EXP 	window1: blendMode = 'avg'
40.7732 	EXP 	window1: blendMode = 'avg'
40.7899 	EXP 	window1: blendMode = 'avg'
40.8066 	EXP 	window1: blendMode = 'avg'
40.8232 	EXP 	window1: blendMode = 'avg'
40.8399 	EXP 	window1: blendMode = 'avg'
40.8566 	EXP 	window1: blendMode = 'avg'
40.8732 	EXP 	window1: blendMode = 'avg'
40.8899 	EXP 	window1: blendMode = 'avg'
40.9066 	EXP 	window1: blendMode = 'avg'
40.9232 	EXP 	window1: blendMode = 'avg'
40.9400 	EXP 	window1: blendMode = 'avg'
40.9566 	EXP 	window1: blendMode = 'avg'
40.9733 	EXP 	window1: blendMode = 'avg'
40.9899 	EXP 	window1: blendMode = 'avg'
41.0066 	EXP 	window1: blendMode = 'avg'
41.0233 	EXP 	window1: blendMode = 'avg'
41.0400 	EXP 	window1: blendMode = 'avg'
41.0566 	EXP 	window1: blendMode = 'avg'
41.0733 	EXP 	window1: blendMode = 'avg'
41.0900 	EXP 	window1: blendMode = 'avg'
41.1067 	EXP 	window1: blendMode = 'avg'
41.1233 	EXP 	window1: blendMode = 'avg'
41.1400 	EXP 	window1: blendMode = 'avg'
41.1567 	EXP 	window1: blendMode = 'avg'
41.1733 	EXP 	window1: blendMode = 'avg'
41.1900 	EXP 	window1: blendMode = 'avg'
41.2067 	EXP 	window1: blendMode = 'avg'
41.2234 	EXP 	window1: blendMode = 'avg'
41.2400 	EXP 	window1: blendMode = 'avg'
41.2567 	EXP 	window1: blendMode = 'avg'
41.2734 	EXP 	window1: blendMode = 'avg'
41.2900 	EXP 	window1: blendMode = 'avg'
41.3067 	EXP 	window1: blendMode = 'avg'
41.3234 	EXP 	window1: blendMode = 'avg'
41.3401 	EXP 	window1: blendMode = 'avg'
41.3567 	EXP 	window1: blendMode = 'avg'
41.3734 	EXP 	window1: blendMode = 'avg'
41.3901 	EXP 	window1: blendMode = 'avg'
41.4067 	EXP 	window1: blendMode = 'avg'
41.4234 	EXP 	window1: blendMode = 'avg'
41.4401 	EXP 	window1: blendMode = 'avg'
41.4568 	EXP 	window1: blendMode = 'avg'
41.4734 	EXP 	window1: blendMode = 'avg'
41.4901 	EXP 	window1: blendMode = 'avg'
41.5068 	EXP 	window1: blendMode = 'avg'
41.5234 	EXP 	window1: blendMode = 'avg'
41.5401 	EXP 	window1: blendMode = 'avg'
41.5567 	EXP 	window1: blendMode = 'avg'
41.5735 	EXP 	window1: blendMode = 'avg'
41.5901 	EXP 	window1: blendMode = 'avg'
41.6068 	EXP 	window1: blendMode = 'avg'
41.6234 	EXP 	window1: blendMode = 'avg'
41.6401 	EXP 	window1: blendMode = 'avg'
41.6568 	EXP 	window1: blendMode = 'avg'
41.6735 	EXP 	window1: blendMode = 'avg'
41.6902 	EXP 	window1: blendMode = 'avg'
41.7068 	EXP 	window1: blendMode = 'avg'
41.7235 	EXP 	window1: blendMode = 'avg'
41.7402 	EXP 	window1: blendMode = 'avg'
41.7568 	EXP 	window1: blendMode = 'avg'
41.7735 	EXP 	window1: blendMode = 'avg'
41.7902 	EXP 	window1: blendMode = 'avg'
41.8069 	EXP 	window1: blendMode = 'avg'
41.8235 	EXP 	window1: blendMode = 'avg'
41.8402 	EXP 	window1: blendMode = 'avg'
41.8569 	EXP 	window1: blendMode = 'avg'
41.8735 	EXP 	window1: blendMode = 'avg'
41.8902 	EXP 	window1: blendMode = 'avg'
41.9069 	EXP 	window1: blendMode = 'avg'
41.9235 	EXP 	window1: blendMode = 'avg'
41.9402 	EXP 	window1: blendMode = 'avg'
41.9569 	EXP 	window1: blendMode = 'avg'
41.9736 	EXP 	window1: blendMode = 'avg'
41.9902 	EXP 	window1: blendMode = 'avg'
42.0069 	EXP 	window1: blendMode = 'avg'
42.0236 	EXP 	window1: blendMode = 'avg'
42.0402 	EXP 	window1: blendMode = 'avg'
42.0569 	EXP 	window1: blendMode = 'avg'
42.0736 	EXP 	window1: blendMode = 'avg'
42.0903 	EXP 	window1: blendMode = 'avg'
42.1070 	EXP 	window1: blendMode = 'avg'
42.1236 	EXP 	window1: blendMode = 'avg'
42.1403 	EXP 	window1: blendMode = 'avg'
42.1570 	EXP 	window1: blendMode = 'avg'
42.1736 	EXP 	window1: blendMode = 'avg'
42.1903 	EXP 	window1: blendMode = 'avg'
42.2070 	EXP 	window1: blendMode = 'avg'
42.2236 	EXP 	window1: blendMode = 'avg'
42.2402 	EXP 	window1: blendMode = 'avg'
42.2570 	EXP 	window1: blendMode = 'avg'
42.2737 	EXP 	window1: blendMode = 'avg'
42.2903 	EXP 	window1: blendMode = 'avg'
42.3070 	EXP 	window1: blendMode = 'avg'
42.3237 	EXP 	window1: blendMode = 'avg'
42.3403 	EXP 	window1: blendMode = 'avg'
42.3570 	EXP 	window1: blendMode = 'avg'
42.3737 	EXP 	window1: blendMode = 'avg'
42.3903 	EXP 	window1: blendMode = 'avg'
42.4070 	EXP 	window1: blendMode = 'avg'
42.4237 	EXP 	window1: blendMode = 'avg'
42.4404 	EXP 	window1: blendMode = 'avg'
42.4571 	EXP 	window1: blendMode = 'avg'
42.4737 	EXP 	window1: blendMode = 'avg'
42.4904 	EXP 	window1: blendMode = 'avg'
42.5071 	EXP 	window1: blendMode = 'avg'
42.5237 	EXP 	window1: blendMode = 'avg'
42.5404 	EXP 	window1: blendMode = 'avg'
42.5570 	EXP 	window1: blendMode = 'avg'
42.5737 	EXP 	window1: blendMode = 'avg'
42.5904 	EXP 	window1: blendMode = 'avg'
42.6071 	EXP 	window1: blendMode = 'avg'
42.6238 	EXP 	window1: blendMode = 'avg'
42.6404 	EXP 	window1: blendMode = 'avg'
42.6571 	EXP 	window1: blendMode = 'avg'
42.6738 	EXP 	window1: blendMode = 'avg'
42.6904 	EXP 	window1: blendMode = 'avg'
42.7071 	EXP 	window1: blendMode = 'avg'
42.7238 	EXP 	window1: blendMode = 'avg'
42.7404 	EXP 	window1: blendMode = 'avg'
42.7571 	EXP 	window1: blendMode = 'avg'
42.7738 	EXP 	window1: blendMode = 'avg'
42.7905 	EXP 	window1: blendMode = 'avg'
42.8071 	EXP 	window1: blendMode = 'avg'
42.8238 	EXP 	window1: blendMode = 'avg'
42.8405 	EXP 	window1: blendMode = 'avg'
42.8572 	EXP 	window1: blendMode = 'avg'
42.8738 	EXP 	window1: blendMode = 'avg'
42.8905 	EXP 	window1: blendMode = 'avg'
42.9072 	EXP 	window1: blendMode = 'avg'
42.9239 	EXP 	window1: blendMode = 'avg'
42.9405 	EXP 	window1: blendMode = 'avg'
42.9572 	EXP 	window1: blendMode = 'avg'
42.9739 	EXP 	window1: blendMode = 'avg'
42.9905 	EXP 	window1: blendMode = 'avg'
43.0072 	EXP 	window1: blendMode = 'avg'
43.0239 	EXP 	window1: blendMode = 'avg'
43.0405 	EXP 	window1: blendMode = 'avg'
43.0572 	EXP 	window1: blendMode = 'avg'
43.0739 	EXP 	window1: blendMode = 'avg'
43.0906 	EXP 	window1: blendMode = 'avg'
43.1072 	EXP 	window1: blendMode = 'avg'
43.1239 	EXP 	window1: blendMode = 'avg'
43.1406 	EXP 	window1: blendMode = 'avg'
43.1572 	EXP 	window1: blendMode = 'avg'
43.1739 	EXP 	window1: blendMode = 'avg'
43.1906 	EXP 	window1: blendMode = 'avg'
43.2073 	EXP 	window1: blendMode = 'avg'
43.2240 	EXP 	window1: blendMode = 'avg'
43.2406 	EXP 	window1: blendMode = 'avg'
43.2573 	EXP 	window1: blendMode = 'avg'
43.2739 	EXP 	window1: blendMode = 'avg'
43.2906 	EXP 	window1: blendMode = 'avg'
43.3073 	EXP 	window1: blendMode = 'avg'
43.3240 	EXP 	window1: blendMode = 'avg'
43.3406 	EXP 	window1: blendMode = 'avg'
43.3573 	EXP 	window1: blendMode = 'avg'
43.3740 	EXP 	window1: blendMode = 'avg'
43.3906 	EXP 	window1: blendMode = 'avg'
43.4073 	EXP 	window1: blendMode = 'avg'
43.4240 	EXP 	window1: blendMode = 'avg'
43.4406 	EXP 	window1: blendMode = 'avg'
43.4573 	EXP 	window1: blendMode = 'avg'
43.4740 	EXP 	window1: blendMode = 'avg'
43.4907 	EXP 	window1: blendMode = 'avg'
43.5073 	EXP 	window1: blendMode = 'avg'
43.5240 	EXP 	window1: blendMode = 'avg'
43.5407 	EXP 	window1: blendMode = 'avg'
43.5573 	EXP 	window1: blendMode = 'avg'
43.5740 	EXP 	window1: blendMode = 'avg'
43.5907 	EXP 	window1: blendMode = 'avg'
43.6074 	EXP 	window1: blendMode = 'avg'
43.6240 	EXP 	window1: blendMode = 'avg'
43.6407 	EXP 	window1: blendMode = 'avg'
43.6574 	EXP 	window1: blendMode = 'avg'
43.6741 	EXP 	window1: blendMode = 'avg'
43.6907 	EXP 	window1: blendMode = 'avg'
43.7074 	EXP 	window1: blendMode = 'avg'
43.7241 	EXP 	window1: blendMode = 'avg'
43.7408 	EXP 	window1: blendMode = 'avg'
43.7574 	EXP 	window1: blendMode = 'avg'
43.7741 	EXP 	window1: blendMode = 'avg'
43.7908 	EXP 	window1: blendMode = 'avg'
43.8074 	EXP 	window1: blendMode = 'avg'
43.8242 	EXP 	window1: blendMode = 'avg'
43.8408 	EXP 	window1: blendMode = 'avg'
43.8574 	EXP 	window1: blendMode = 'avg'
43.8741 	EXP 	window1: blendMode = 'avg'
43.8908 	EXP 	window1: blendMode = 'avg'
43.9075 	EXP 	window1: blendMode = 'avg'
43.9241 	EXP 	window1: blendMode = 'avg'
43.9408 	EXP 	window1: blendMode = 'avg'
43.9575 	EXP 	window1: blendMode = 'avg'
43.9742 	EXP 	window1: blendMode = 'avg'
43.9908 	EXP 	window1: blendMode = 'avg'
44.0075 	EXP 	window1: blendMode = 'avg'
44.0242 	EXP 	window1: blendMode = 'avg'
44.0408 	EXP 	window1: blendMode = 'avg'
44.0575 	EXP 	window1: blendMode = 'avg'
44.0742 	EXP 	window1: blendMode = 'avg'
44.0908 	EXP 	window1: blendMode = 'avg'
44.1075 	EXP 	window1: blendMode = 'avg'
44.1242 	EXP 	window1: blendMode = 'avg'
44.1409 	EXP 	window1: blendMode = 'avg'
44.1575 	EXP 	window1: blendMode = 'avg'
44.1742 	EXP 	window1: blendMode = 'avg'
44.1909 	EXP 	window1: blendMode = 'avg'
44.2075 	EXP 	window1: blendMode = 'avg'
44.2242 	EXP 	window1: blendMode = 'avg'
44.2409 	EXP 	window1: blendMode = 'avg'
44.2576 	EXP 	window1: blendMode = 'avg'
44.2743 	EXP 	window1: blendMode = 'avg'
44.2909 	EXP 	window1: blendMode = 'avg'
44.3076 	EXP 	window1: blendMode = 'avg'
44.3243 	EXP 	window1: blendMode = 'avg'
44.3409 	EXP 	window1: blendMode = 'avg'
44.3576 	EXP 	window1: blendMode = 'avg'
44.3743 	EXP 	window1: blendMode = 'avg'
44.3909 	EXP 	window1: blendMode = 'avg'
44.4076 	EXP 	window1: blendMode = 'avg'
44.4243 	EXP 	window1: blendMode = 'avg'
44.4410 	EXP 	window1: blendMode = 'avg'
44.4576 	EXP 	window1: blendMode = 'avg'
44.4743 	EXP 	window1: blendMode = 'avg'
44.4910 	EXP 	window1: blendMode = 'avg'
44.5076 	EXP 	window1: blendMode = 'avg'
44.5243 	EXP 	window1: blendMode = 'avg'
44.5410 	EXP 	window1: blendMode = 'avg'
44.5576 	EXP 	window1: blendMode = 'avg'
44.5743 	EXP 	window1: blendMode = 'avg'
44.5910 	EXP 	window1: blendMode = 'avg'
44.6077 	EXP 	window1: blendMode = 'avg'
44.6243 	EXP 	window1: blendMode = 'avg'
44.6410 	EXP 	window1: blendMode = 'avg'
44.6577 	EXP 	window1: blendMode = 'avg'
44.6743 	EXP 	window1: blendMode = 'avg'
44.6911 	EXP 	window1: blendMode = 'avg'
44.7077 	EXP 	window1: blendMode = 'avg'
44.7244 	EXP 	window1: blendMode = 'avg'
44.7410 	EXP 	window1: blendMode = 'avg'
44.7577 	EXP 	window1: blendMode = 'avg'
44.7744 	EXP 	window1: blendMode = 'avg'
44.7911 	EXP 	window1: blendMode = 'avg'
44.8077 	EXP 	window1: blendMode = 'avg'
44.8245 	EXP 	window1: blendMode = 'avg'
44.8411 	EXP 	window1: blendMode = 'avg'
44.8577 	EXP 	window1: blendMode = 'avg'
44.8744 	EXP 	window1: blendMode = 'avg'
44.8911 	EXP 	window1: blendMode = 'avg'
44.9078 	EXP 	window1: blendMode = 'avg'
44.9244 	EXP 	window1: blendMode = 'avg'
44.9411 	EXP 	window1: blendMode = 'avg'
44.9578 	EXP 	window1: blendMode = 'avg'
44.9744 	EXP 	window1: blendMode = 'avg'
44.9911 	EXP 	window1: blendMode = 'avg'
45.0078 	EXP 	window1: blendMode = 'avg'
45.0245 	EXP 	window1: blendMode = 'avg'
45.0411 	EXP 	window1: blendMode = 'avg'
45.0578 	EXP 	window1: blendMode = 'avg'
45.0745 	EXP 	window1: blendMode = 'avg'
45.0911 	EXP 	window1: blendMode = 'avg'
45.1078 	EXP 	window1: blendMode = 'avg'
45.1245 	EXP 	window1: blendMode = 'avg'
45.1411 	EXP 	window1: blendMode = 'avg'
45.1578 	EXP 	window1: blendMode = 'avg'
45.1745 	EXP 	window1: blendMode = 'avg'
45.1912 	EXP 	window1: blendMode = 'avg'
45.2078 	EXP 	window1: blendMode = 'avg'
45.2246 	EXP 	window1: blendMode = 'avg'
45.2412 	EXP 	window1: blendMode = 'avg'
45.2578 	EXP 	window1: blendMode = 'avg'
45.2745 	EXP 	window1: blendMode = 'avg'
45.2912 	EXP 	window1: blendMode = 'avg'
45.3079 	EXP 	window1: blendMode = 'avg'
45.3246 	EXP 	window1: blendMode = 'avg'
45.3412 	EXP 	window1: blendMode = 'avg'
45.3579 	EXP 	window1: blendMode = 'avg'
45.3745 	EXP 	window1: blendMode = 'avg'
45.3912 	EXP 	window1: blendMode = 'avg'
45.4079 	EXP 	window1: blendMode = 'avg'
45.4245 	EXP 	window1: blendMode = 'avg'
45.4412 	EXP 	window1: blendMode = 'avg'
45.4579 	EXP 	window1: blendMode = 'avg'
45.4746 	EXP 	window1: blendMode = 'avg'
45.4913 	EXP 	window1: blendMode = 'avg'
45.5079 	EXP 	window1: blendMode = 'avg'
45.5246 	EXP 	window1: blendMode = 'avg'
45.5413 	EXP 	window1: blendMode = 'avg'
45.5579 	EXP 	window1: blendMode = 'avg'
45.5746 	EXP 	window1: blendMode = 'avg'
45.5913 	EXP 	window1: blendMode = 'avg'
45.6080 	EXP 	window1: blendMode = 'avg'
45.6246 	EXP 	window1: blendMode = 'avg'
45.6414 	EXP 	window1: blendMode = 'avg'
45.6580 	EXP 	window1: blendMode = 'avg'
45.6747 	EXP 	window1: blendMode = 'avg'
45.6913 	EXP 	window1: blendMode = 'avg'
45.7080 	EXP 	window1: blendMode = 'avg'
45.7247 	EXP 	window1: blendMode = 'avg'
45.7413 	EXP 	window1: blendMode = 'avg'
45.7580 	EXP 	window1: blendMode = 'avg'
45.7747 	EXP 	window1: blendMode = 'avg'
45.7913 	EXP 	window1: blendMode = 'avg'
45.8080 	EXP 	window1: blendMode = 'avg'
45.8248 	EXP 	window1: blendMode = 'avg'
45.8413 	EXP 	window1: blendMode = 'avg'
45.8580 	EXP 	window1: blendMode = 'avg'
45.8747 	EXP 	window1: blendMode = 'avg'
45.8913 	EXP 	window1: blendMode = 'avg'
45.9080 	EXP 	window1: blendMode = 'avg'
45.9248 	EXP 	window1: blendMode = 'avg'
45.9414 	EXP 	window1: blendMode = 'avg'
45.9581 	EXP 	window1: blendMode = 'avg'
45.9747 	EXP 	window1: blendMode = 'avg'
45.9914 	EXP 	window1: blendMode = 'avg'
46.0081 	EXP 	window1: blendMode = 'avg'
46.0247 	EXP 	window1: blendMode = 'avg'
46.0414 	EXP 	window1: blendMode = 'avg'
46.0581 	EXP 	window1: blendMode = 'avg'
46.0748 	EXP 	window1: blendMode = 'avg'
46.0914 	EXP 	window1: blendMode = 'avg'
46.1081 	EXP 	window1: blendMode = 'avg'
46.1248 	EXP 	window1: blendMode = 'avg'
46.1414 	EXP 	window1: blendMode = 'avg'
46.1581 	EXP 	window1: blendMode = 'avg'
46.1748 	EXP 	window1: blendMode = 'avg'
46.1914 	EXP 	window1: blendMode = 'avg'
46.2081 	EXP 	window1: blendMode = 'avg'
46.2249 	EXP 	window1: blendMode = 'avg'
46.2415 	EXP 	window1: blendMode = 'avg'
46.2581 	EXP 	window1: blendMode = 'avg'
46.2748 	EXP 	window1: blendMode = 'avg'
46.2915 	EXP 	window1: blendMode = 'avg'
46.3081 	EXP 	window1: blendMode = 'avg'
46.3249 	EXP 	window1: blendMode = 'avg'
46.3415 	EXP 	window1: blendMode = 'avg'
46.3582 	EXP 	window1: blendMode = 'avg'
46.3749 	EXP 	window1: blendMode = 'avg'
46.3915 	EXP 	window1: blendMode = 'avg'
46.4082 	EXP 	window1: blendMode = 'avg'
46.4249 	EXP 	window1: blendMode = 'avg'
46.4415 	EXP 	window1: blendMode = 'avg'
46.4582 	EXP 	window1: blendMode = 'avg'
46.4749 	EXP 	window1: blendMode = 'avg'
46.4915 	EXP 	window1: blendMode = 'avg'
46.5082 	EXP 	window1: blendMode = 'avg'
46.5249 	EXP 	window1: blendMode = 'avg'
46.5415 	EXP 	window1: blendMode = 'avg'
46.5581 	EXP 	window1: blendMode = 'avg'
46.5749 	EXP 	window1: blendMode = 'avg'
46.5916 	EXP 	window1: blendMode = 'avg'
46.6083 	EXP 	window1: blendMode = 'avg'
46.6249 	EXP 	window1: blendMode = 'avg'
46.6416 	EXP 	window1: blendMode = 'avg'
46.6583 	EXP 	window1: blendMode = 'avg'
46.6749 	EXP 	window1: blendMode = 'avg'
46.6916 	EXP 	window1: blendMode = 'avg'
46.7083 	EXP 	window1: blendMode = 'avg'
46.7249 	EXP 	window1: blendMode = 'avg'
46.7416 	EXP 	window1: blendMode = 'avg'
46.7583 	EXP 	window1: blendMode = 'avg'
46.7750 	EXP 	window1: blendMode = 'avg'
46.7916 	EXP 	window1: blendMode = 'avg'
46.8083 	EXP 	window1: blendMode = 'avg'
46.8251 	EXP 	window1: blendMode = 'avg'
46.8416 	EXP 	window1: blendMode = 'avg'
46.8583 	EXP 	window1: blendMode = 'avg'
46.8750 	EXP 	window1: blendMode = 'avg'
46.8917 	EXP 	window1: blendMode = 'avg'
46.9083 	EXP 	window1: blendMode = 'avg'
46.9251 	EXP 	window1: blendMode = 'avg'
46.9417 	EXP 	window1: blendMode = 'avg'
46.9583 	EXP 	window1: blendMode = 'avg'
46.9750 	EXP 	window1: blendMode = 'avg'
46.9917 	EXP 	window1: blendMode = 'avg'
47.0084 	EXP 	window1: blendMode = 'avg'
47.0250 	EXP 	window1: blendMode = 'avg'
47.0417 	EXP 	window1: blendMode = 'avg'
47.0584 	EXP 	window1: blendMode = 'avg'
47.0750 	EXP 	window1: blendMode = 'avg'
47.0917 	EXP 	window1: blendMode = 'avg'
47.1084 	EXP 	window1: blendMode = 'avg'
47.1251 	EXP 	window1: blendMode = 'avg'
47.1417 	EXP 	window1: blendMode = 'avg'
47.1584 	EXP 	window1: blendMode = 'avg'
47.1751 	EXP 	window1: blendMode = 'avg'
47.1917 	EXP 	window1: blendMode = 'avg'
47.2084 	EXP 	window1: blendMode = 'avg'
47.2252 	EXP 	window1: blendMode = 'avg'
47.2417 	EXP 	window1: blendMode = 'avg'
47.2579 	EXP 	window1: blendMode = 'avg'
47.2750 	EXP 	window1: blendMode = 'avg'
47.2918 	EXP 	window1: blendMode = 'avg'
47.3084 	EXP 	window1: blendMode = 'avg'
47.3252 	EXP 	window1: blendMode = 'avg'
47.3418 	EXP 	window1: blendMode = 'avg'
47.3584 	EXP 	window1: blendMode = 'avg'
47.3752 	EXP 	window1: blendMode = 'avg'
47.3918 	EXP 	window1: blendMode = 'avg'
47.4084 	EXP 	window1: blendMode = 'avg'
47.4252 	EXP 	window1: blendMode = 'avg'
47.4418 	EXP 	window1: blendMode = 'avg'
47.4584 	EXP 	window1: blendMode = 'avg'
47.4751 	EXP 	window1: blendMode = 'avg'
47.4951 	EXP 	window1: blendMode = 'avg'
47.5085 	EXP 	window1: blendMode = 'avg'
47.5252 	EXP 	window1: blendMode = 'avg'
47.5418 	EXP 	window1: blendMode = 'avg'
47.5584 	EXP 	window1: blendMode = 'avg'
47.5752 	EXP 	window1: blendMode = 'avg'
47.5918 	EXP 	window1: blendMode = 'avg'
47.6085 	EXP 	window1: blendMode = 'avg'
47.6252 	EXP 	window1: blendMode = 'avg'
47.6419 	EXP 	window1: blendMode = 'avg'
47.6586 	EXP 	window1: blendMode = 'avg'
47.6752 	EXP 	window1: blendMode = 'avg'
47.6919 	EXP 	window1: blendMode = 'avg'
47.7085 	EXP 	window1: blendMode = 'avg'
47.7252 	EXP 	window1: blendMode = 'avg'
47.7419 	EXP 	window1: blendMode = 'avg'
47.7586 	EXP 	window1: blendMode = 'avg'
47.7752 	EXP 	window1: blendMode = 'avg'
47.7919 	EXP 	window1: blendMode = 'avg'
47.8086 	EXP 	window1: blendMode = 'avg'
47.8254 	EXP 	window1: blendMode = 'avg'
47.8419 	EXP 	window1: blendMode = 'avg'
47.8586 	EXP 	window1: blendMode = 'avg'
47.8753 	EXP 	window1: blendMode = 'avg'
47.8919 	EXP 	window1: blendMode = 'avg'
47.9086 	EXP 	window1: blendMode = 'avg'
47.9253 	EXP 	window1: blendMode = 'avg'
47.9420 	EXP 	window1: blendMode = 'avg'
47.9586 	EXP 	window1: blendMode = 'avg'
47.9753 	EXP 	window1: blendMode = 'avg'
47.9920 	EXP 	window1: blendMode = 'avg'
48.0086 	EXP 	window1: blendMode = 'avg'
48.0253 	EXP 	window1: blendMode = 'avg'
48.0420 	EXP 	window1: blendMode = 'avg'
48.0586 	EXP 	window1: blendMode = 'avg'
48.0753 	EXP 	window1: blendMode = 'avg'
48.0920 	EXP 	window1: blendMode = 'avg'
48.1087 	EXP 	window1: blendMode = 'avg'
48.1253 	EXP 	window1: blendMode = 'avg'
48.1420 	EXP 	window1: blendMode = 'avg'
48.1587 	EXP 	window1: blendMode = 'avg'
48.1754 	EXP 	window1: blendMode = 'avg'
48.1920 	EXP 	window1: blendMode = 'avg'
48.2087 	EXP 	window1: blendMode = 'avg'
48.2255 	EXP 	window1: blendMode = 'avg'
48.2420 	EXP 	window1: blendMode = 'avg'
48.2587 	EXP 	window1: blendMode = 'avg'
48.2754 	EXP 	window1: blendMode = 'avg'
48.2921 	EXP 	window1: blendMode = 'avg'
48.3087 	EXP 	window1: blendMode = 'avg'
48.3254 	EXP 	window1: blendMode = 'avg'
48.3421 	EXP 	window1: blendMode = 'avg'
48.3587 	EXP 	window1: blendMode = 'avg'
48.3754 	EXP 	window1: blendMode = 'avg'
48.3921 	EXP 	window1: blendMode = 'avg'
48.4087 	EXP 	window1: blendMode = 'avg'
48.4254 	EXP 	window1: blendMode = 'avg'
48.4421 	EXP 	window1: blendMode = 'avg'
48.4588 	EXP 	window1: blendMode = 'avg'
48.4754 	EXP 	window1: blendMode = 'avg'
48.4921 	EXP 	window1: blendMode = 'avg'
48.5088 	EXP 	window1: blendMode = 'avg'
48.5254 	EXP 	window1: blendMode = 'avg'
48.5421 	EXP 	window1: blendMode = 'avg'
48.5587 	EXP 	window1: blendMode = 'avg'
48.5755 	EXP 	window1: blendMode = 'avg'
48.5922 	EXP 	window1: blendMode = 'avg'
48.6088 	EXP 	window1: blendMode = 'avg'
48.6255 	EXP 	window1: blendMode = 'avg'
48.6421 	EXP 	window1: blendMode = 'avg'
48.6591 	EXP 	window1: blendMode = 'avg'
48.6755 	EXP 	window1: blendMode = 'avg'
48.6922 	EXP 	window1: blendMode = 'avg'
48.7089 	EXP 	window1: blendMode = 'avg'
48.7255 	EXP 	window1: blendMode = 'avg'
48.7422 	EXP 	window1: blendMode = 'avg'
48.7588 	EXP 	window1: blendMode = 'avg'
48.7755 	EXP 	window1: blendMode = 'avg'
48.7922 	EXP 	window1: blendMode = 'avg'
48.8089 	EXP 	window1: blendMode = 'avg'
48.8256 	EXP 	window1: blendMode = 'avg'
48.8422 	EXP 	window1: blendMode = 'avg'
48.8589 	EXP 	window1: blendMode = 'avg'
48.8755 	EXP 	window1: blendMode = 'avg'
48.8922 	EXP 	window1: blendMode = 'avg'
48.9089 	EXP 	window1: blendMode = 'avg'
48.9256 	EXP 	window1: blendMode = 'avg'
48.9422 	EXP 	window1: blendMode = 'avg'
48.9589 	EXP 	window1: blendMode = 'avg'
48.9750 	DATA 	Keypress: escape
