7.9094 	WARNING 	User requested fullscreen with size [1024  768], but screen is actually [1920, 1080]. Using actual size
9.1322 	EXP 	Created window1 = Window(allowGUI=False, allowStencil=False, args=UNKNOWN, autoLog=True, bitsMode=UNKNOWN, blendMode='avg', color=array([0., 0., 0.]), colorSpace='rgb', fullscr=<method-wrapper '__getattribute__' of attributeSetter object at 0x000000001AB5E048>, gamma=None, kwargs=UNKNOWN, lms=UNKNOWN, monitor=<psychopy.monitors.calibTools.Monitor object at 0x000000001ABA3E10>, multiSample=False, name='window1', numSamples=2, pos=[0.0, 0.0], screen=0, size=array([1920, 1080]), stereo=False, units='norm', useFBO=True, useRetina=False, viewOri=0.0, viewPos=None, viewScale=None, waitBlanking=True, winType='pyglet')
9.1323 	EXP 	window1: recordFrameIntervals = False
9.2974 	EXP 	window1: recordFrameIntervals = True
9.4812 	EXP 	window1: recordFrameIntervals = False
9.8786 	EXP 	Created Welcome = TextStim(__class__=<class 'psychopy.visual.text.TextStim'>, alignHoriz='center', alignVert='center', antialias=True, autoLog=True, bold=False, color='white', colorSpace='named', contrast=1.0, depth=0.0, flipHoriz=False, flipVert=False, font='Arial', fontFiles=[], height=0.1, italic=False, languageStyle='LTR', name='Welcome', opacity=1.0, ori=0, pos=array([0., 0.]), rgb=array([255., 255., 255.]), text=str(...), units='norm', win=Window(...), wrapWidth=1)
9.8814 	EXP 	Created firstTrialITI = TextStim(__class__=<class 'psychopy.visual.text.TextStim'>, alignHoriz='center', alignVert='center', antialias=True, autoLog=True, bold=False, color='white', colorSpace='named', contrast=1.0, depth=0.0, flipHoriz=False, flipVert=False, font='Arial', fontFiles=[], height=0.1, italic=False, languageStyle='LTR', name='firstTrialITI', opacity=1.0, ori=0, pos=array([0., 0.]), rgb=array([255., 255., 255.]), text='+', units='norm', win=Window(...), wrapWidth=1)
9.8830 	EXP 	Created polygon = Rect(__class__=<class 'psychopy.visual.rect.Rect'>, autoDraw=False, autoLog=True, closeShape=True, color=method-wrapper(...), colorSpace=None, contrast=1.0, depth=0.0, fillColor=array([0., 0., 0.]), fillColorSpace='rgb', fillRGB=array([0., 0., 0.]), interpolate=True, lineColor=array([1., 1., 1.]), lineColorSpace='rgb', lineRGB=array([1., 1., 1.]), lineWidth=5, name='polygon', opacity=1.0, ori=array(0.), pos=array([0., 0.]), size=array([1., 1.]), units='norm', vertices=ndarray(...), win=Window(...))
9.8857 	EXP 	Created text = TextStim(__class__=<class 'psychopy.visual.text.TextStim'>, alignHoriz='center', alignVert='center', antialias=True, autoLog=True, bold=False, color='white', colorSpace='named', contrast=1.0, depth=-1.0, flipHoriz=False, flipVert=False, font='Arial', fontFiles=[], height=0.1, italic=False, languageStyle='LTR', name='text', opacity=1.0, ori=0, pos=array([0., 0.]), rgb=array([255., 255., 255.]), text='?', units='norm', win=Window(...), wrapWidth=1)
9.8874 	EXP 	Created ISI = TextStim(__class__=<class 'psychopy.visual.text.TextStim'>, alignHoriz='center', alignVert='center', antialias=True, autoLog=True, bold=False, color='white', colorSpace='named', contrast=1.0, depth=-4.0, flipHoriz=False, flipVert=False, font='Arial', fontFiles=[], height=0.1, italic=False, languageStyle='LTR', name='ISI', opacity=1.0, ori=0, pos=array([0., 0.]), rgb=array([255., 255., 255.]), text='+', units='norm', win=Window(...), wrapWidth=1)
9.8884 	EXP 	Created polygon2_2 = Rect(__class__=<class 'psychopy.visual.rect.Rect'>, autoDraw=False, autoLog=True, closeShape=True, color=method-wrapper(...), colorSpace=None, contrast=1.0, depth=0.0, fillColor=array([0., 0., 0.]), fillColorSpace='rgb', fillRGB=array([0., 0., 0.]), interpolate=True, lineColor=array([1., 1., 1.]), lineColorSpace='rgb', lineRGB=array([1., 1., 1.]), lineWidth=5, name='polygon2_2', opacity=1.0, ori=array(0.), pos=array([0., 0.]), size=array([1., 1.]), units='norm', vertices=ndarray(...), win=Window(...))
9.8934 	EXP 	Created feedback1_2 = TextStim(__class__=<class 'psychopy.visual.text.TextStim'>, alignHoriz='center', alignVert='center', antialias=True, autoLog=True, bold=False, color='white', colorSpace='named', contrast=1.0, depth=-1.0, flipHoriz=False, flipVert=False, font='Arial', fontFiles=[], height=0.1, italic=False, languageStyle='LTR', name='feedback1_2', opacity=1.0, ori=0, pos=array([0., 0.]), rgb=array([255., 255., 255.]), text='default text', units='norm', win=Window(...), wrapWidth=1)
9.8973 	EXP 	Created arrow1_2 = TextStim(__class__=<class 'psychopy.visual.text.TextStim'>, alignHoriz='center', alignVert='center', antialias=True, autoLog=True, bold=False, color='white', colorSpace='named', contrast=1.0, depth=-2.0, flipHoriz=False, flipVert=False, font='Arial', fontFiles=[], height=0.1, italic=False, languageStyle='LTR', name='arrow1_2', opacity=1.0, ori=0, pos=array([0., 0.]), rgb=array([255., 255., 255.]), text='default text', units='norm', win=Window(...), wrapWidth=1)
9.8992 	EXP 	Created ITI_2 = TextStim(__class__=<class 'psychopy.visual.text.TextStim'>, alignHoriz='center', alignVert='center', antialias=True, autoLog=True, bold=False, color='white', colorSpace='named', contrast=1.0, depth=-3.0, flipHoriz=False, flipVert=False, font='Arial', fontFiles=[], height=0.1, italic=False, languageStyle='LTR', name='ITI_2', opacity=1.0, ori=0, pos=array([0., 0.]), rgb=array([255., 255., 255.]), text='+', units='norm', win=Window(...), wrapWidth=1)
9.9001 	EXP 	Created rectangle = Rect(__class__=<class 'psychopy.visual.rect.Rect'>, autoDraw=False, autoLog=True, closeShape=True, color=method-wrapper(...), colorSpace=None, contrast=1.0, depth=0.0, fillColor=array([0., 0., 0.]), fillColorSpace='rgb', fillRGB=array([0., 0., 0.]), interpolate=True, lineColor=array([1., 1., 1.]), lineColorSpace='rgb', lineRGB=array([1., 1., 1.]), lineWidth=5, name='rectangle', opacity=1.0, ori=array(0.), pos=array([0., 0.]), size=array([1., 1.]), units='norm', vertices=ndarray(...), win=Window(...))
9.9018 	EXP 	Created text1 = TextStim(__class__=<class 'psychopy.visual.text.TextStim'>, alignHoriz='center', alignVert='center', antialias=True, autoLog=True, bold=False, color='white', colorSpace='named', contrast=1.0, depth=-1.0, flipHoriz=False, flipVert=False, font='Arial', fontFiles=[], height=0.1, italic=False, languageStyle='LTR', name='text1', opacity=1.0, ori=0, pos=array([0., 0.]), rgb=array([255., 255., 255.]), text='?', units='norm', win=Window(...), wrapWidth=1)
9.9035 	EXP 	Created ISI2 = TextStim(__class__=<class 'psychopy.visual.text.TextStim'>, alignHoriz='center', alignVert='center', antialias=True, autoLog=True, bold=False, color='white', colorSpace='named', contrast=1.0, depth=-4.0, flipHoriz=False, flipVert=False, font='Arial', fontFiles=[], height=0.1, italic=False, languageStyle='LTR', name='ISI2', opacity=1.0, ori=0, pos=array([0., 0.]), rgb=array([255., 255., 255.]), text='+', units='norm', win=Window(...), wrapWidth=1)
9.9044 	EXP 	Created rectangle2_2 = Rect(__class__=<class 'psychopy.visual.rect.Rect'>, autoDraw=False, autoLog=True, closeShape=True, color=method-wrapper(...), colorSpace=None, contrast=1.0, depth=0.0, fillColor=array([0., 0., 0.]), fillColorSpace='rgb', fillRGB=array([0., 0., 0.]), interpolate=True, lineColor=array([1., 1., 1.]), lineColorSpace='rgb', lineRGB=array([1., 1., 1.]), lineWidth=5, name='rectangle2_2', opacity=1.0, ori=array(0.), pos=array([0., 0.]), size=array([1., 1.]), units='norm', vertices=ndarray(...), win=Window(...))
9.9085 	EXP 	Created feedback2_2 = TextStim(__class__=<class 'psychopy.visual.text.TextStim'>, alignHoriz='center', alignVert='center', antialias=True, autoLog=True, bold=False, color=array([1., 1., 1.]), colorSpace='rgb', contrast=1.0, depth=-1.0, flipHoriz=False, flipVert=False, font='Arial', fontFiles=[], height=0.1, italic=False, languageStyle='LTR', name='feedback2_2', opacity=1.0, ori=0, pos=array([0., 0.]), rgb=array([1., 1., 1.]), text='default text', units='norm', win=Window(...), wrapWidth=1)
9.9125 	EXP 	Created arrow2_2 = TextStim(__class__=<class 'psychopy.visual.text.TextStim'>, alignHoriz='center', alignVert='center', antialias=True, autoLog=True, bold=False, color='white', colorSpace='named', contrast=1.0, depth=-2.0, flipHoriz=False, flipVert=False, font='Arial', fontFiles=[], height=0.1, italic=False, languageStyle='LTR', name='arrow2_2', opacity=1.0, ori=0, pos=array([0., 0.]), rgb=array([255., 255., 255.]), text='default text', units='norm', win=Window(...), wrapWidth=0.2)
9.9142 	EXP 	Created ITI2_2 = TextStim(__class__=<class 'psychopy.visual.text.TextStim'>, alignHoriz='center', alignVert='center', antialias=True, autoLog=True, bold=False, color='white', colorSpace='named', contrast=1.0, depth=-3.0, flipHoriz=False, flipVert=False, font='Arial', fontFiles=[], height=0.1, italic=False, languageStyle='LTR', name='ITI2_2', opacity=1.0, ori=0, pos=array([0., 0.]), rgb=array([255., 255., 255.]), text='+', units='norm', win=Window(...), wrapWidth=1)
9.9354 	EXP 	Created Finished = TextStim(__class__=<class 'psychopy.visual.text.TextStim'>, alignHoriz='center', alignVert='center', antialias=True, autoLog=True, bold=False, color='white', colorSpace='named', contrast=1.0, depth=0.0, flipHoriz=False, flipVert=False, font='Arial', fontFiles=[], height=0.1, italic=False, languageStyle='LTR', name='Finished', opacity=1.0, ori=0, pos=array([0., 0.]), rgb=array([255., 255., 255.]), text=str(...), units='norm', win=Window(...), wrapWidth=1)
9.9653 	EXP 	Welcome: autoDraw = True
35.5432 	DATA 	Keypress: space
35.5549 	EXP 	Welcome: autoDraw = False
35.5549 	EXP 	firstTrialITI: autoDraw = True
41.6422 	EXP 	Imported spreadsheet5.xlsx as conditions, 25 conditions, 1 params
41.6425 	EXP 	Created sequence: fullRandom, trialTypes=25, nReps=1, seed=None
41.6428 	EXP 	New trial (rep=0, index=0): OrderedDict([('selectBlock', 1)])
41.6434 	EXP 	Created sequence: sequential, trialTypes=1, nReps=1, seed=None
41.6436 	EXP 	New trial (rep=0, index=0): None
41.6563 	EXP 	firstTrialITI: autoDraw = False
41.6563 	EXP 	firstTrialITI: autoDraw = False
41.6563 	EXP 	polygon: autoDraw = True
41.6563 	EXP 	text: autoDraw = True
42.4774 	DATA 	Keypress: 1
43.6573 	EXP 	polygon: autoDraw = False
43.6573 	EXP 	text: autoDraw = False
43.6739 	EXP 	ISI: autoDraw = True
45.6911 	EXP 	ISI: autoDraw = False
45.6911 	EXP 	polygon: autoDraw = False
45.6911 	EXP 	text: autoDraw = False
45.6911 	EXP 	ISI: autoDraw = False
45.6911 	EXP 	arrow1_2: color = '[-1.  1. -1.] (rgb)'
45.6911 	EXP 	arrow1_2: text = '+$0.50'
45.6911 	EXP 	polygon2_2: autoDraw = True
45.6911 	EXP 	feedback1_2: autoDraw = True
46.6583 	EXP 	feedback1_2: autoDraw = False
46.6748 	EXP 	arrow1_2: autoDraw = True
47.6584 	EXP 	polygon2_2: autoDraw = False
47.6584 	EXP 	arrow1_2: autoDraw = False
47.6751 	EXP 	ITI_2: autoDraw = True
49.6478 	EXP 	Created sequence: random, trialTypes=1, nReps=0, seed=None
49.6486 	EXP 	New trial (rep=0, index=1): OrderedDict([('selectBlock', 1)])
49.6505 	EXP 	Created sequence: sequential, trialTypes=1, nReps=1, seed=None
49.6512 	EXP 	New trial (rep=0, index=0): None
49.6757 	EXP 	ITI_2: autoDraw = False
49.6757 	EXP 	polygon2_2: autoDraw = False
49.6757 	EXP 	feedback1_2: autoDraw = False
49.6757 	EXP 	arrow1_2: autoDraw = False
49.6757 	EXP 	ITI_2: autoDraw = False
49.6757 	EXP 	polygon: autoDraw = True
49.6757 	EXP 	text: autoDraw = True
50.3126 	DATA 	Keypress: 2
51.6596 	EXP 	polygon: autoDraw = False
51.6596 	EXP 	text: autoDraw = False
51.6763 	EXP 	ISI: autoDraw = True
53.6769 	EXP 	ISI: autoDraw = False
53.6769 	EXP 	polygon: autoDraw = False
53.6769 	EXP 	text: autoDraw = False
53.6769 	EXP 	ISI: autoDraw = False
53.6769 	EXP 	arrow1_2: color = '[-1.  1. -1.] (rgb)'
53.6769 	EXP 	arrow1_2: text = '+$0.50'
53.6769 	EXP 	polygon2_2: autoDraw = True
53.6769 	EXP 	feedback1_2: autoDraw = True
54.6604 	EXP 	feedback1_2: autoDraw = False
54.6772 	EXP 	arrow1_2: autoDraw = True
55.6608 	EXP 	polygon2_2: autoDraw = False
55.6608 	EXP 	arrow1_2: autoDraw = False
55.6774 	EXP 	ITI_2: autoDraw = True
57.6501 	EXP 	Created sequence: random, trialTypes=1, nReps=0, seed=None
57.6508 	EXP 	New trial (rep=0, index=2): OrderedDict([('selectBlock', 2)])
57.6529 	EXP 	Created sequence: sequential, trialTypes=1, nReps=0, seed=None
57.6537 	EXP 	Created sequence: random, trialTypes=1, nReps=1, seed=None
57.6543 	EXP 	New trial (rep=0, index=0): None
57.7276 	EXP 	ITI_2: autoDraw = False
57.7276 	EXP 	polygon2_2: autoDraw = False
57.7276 	EXP 	feedback1_2: autoDraw = False
57.7276 	EXP 	arrow1_2: autoDraw = False
57.7276 	EXP 	ITI_2: autoDraw = False
57.7276 	EXP 	rectangle: autoDraw = True
57.7276 	EXP 	text1: autoDraw = True
57.9819 	DATA 	Keypress: 2
59.5159 	DATA 	Keypress: 2
59.6619 	EXP 	rectangle: autoDraw = False
59.6619 	EXP 	text1: autoDraw = False
59.6786 	EXP 	ISI2: autoDraw = True
61.6957 	EXP 	ISI2: autoDraw = False
61.6957 	EXP 	rectangle: autoDraw = False
61.6957 	EXP 	text1: autoDraw = False
61.6957 	EXP 	ISI2: autoDraw = False
61.6957 	EXP 	feedback2_2: text = 1
61.6957 	EXP 	arrow2_2: color = '[ 1. -1. -1.] (rgb)'
61.6957 	EXP 	arrow2_2: text = '-$0.25'
61.6957 	EXP 	rectangle2_2: autoDraw = True
61.6957 	EXP 	feedback2_2: autoDraw = True
62.6628 	EXP 	feedback2_2: autoDraw = False
62.6795 	EXP 	arrow2_2: autoDraw = True
63.6631 	EXP 	rectangle2_2: autoDraw = False
63.6631 	EXP 	arrow2_2: autoDraw = False
63.6798 	EXP 	ITI2_2: autoDraw = True
65.6522 	EXP 	New trial (rep=0, index=3): OrderedDict([('selectBlock', 1)])
65.6541 	EXP 	Created sequence: sequential, trialTypes=1, nReps=1, seed=None
65.6548 	EXP 	New trial (rep=0, index=0): None
65.6651 	EXP 	ITI2_2: autoDraw = False
65.6651 	EXP 	rectangle2_2: autoDraw = False
65.6651 	EXP 	feedback2_2: autoDraw = False
65.6651 	EXP 	arrow2_2: autoDraw = False
65.6651 	EXP 	ITI2_2: autoDraw = False
65.6651 	EXP 	polygon: autoDraw = True
65.6651 	EXP 	text: autoDraw = True
67.1513 	DATA 	Keypress: 2
67.6643 	EXP 	polygon: autoDraw = False
67.6643 	EXP 	text: autoDraw = False
67.6809 	EXP 	ISI: autoDraw = True
69.6815 	EXP 	ISI: autoDraw = False
69.6815 	EXP 	polygon: autoDraw = False
69.6815 	EXP 	text: autoDraw = False
69.6815 	EXP 	ISI: autoDraw = False
69.6815 	EXP 	arrow1_2: color = '[-1.  1. -1.] (rgb)'
69.6815 	EXP 	arrow1_2: text = '+$0.50'
69.6815 	EXP 	polygon2_2: autoDraw = True
69.6815 	EXP 	feedback1_2: autoDraw = True
70.6651 	EXP 	feedback1_2: autoDraw = False
70.6817 	EXP 	arrow1_2: autoDraw = True
71.6654 	EXP 	polygon2_2: autoDraw = False
71.6654 	EXP 	arrow1_2: autoDraw = False
71.6821 	EXP 	ITI_2: autoDraw = True
73.6546 	EXP 	Created sequence: random, trialTypes=1, nReps=0, seed=None
73.6553 	EXP 	New trial (rep=0, index=4): OrderedDict([('selectBlock', 2)])
73.6574 	EXP 	Created sequence: sequential, trialTypes=1, nReps=0, seed=None
73.6583 	EXP 	Created sequence: random, trialTypes=1, nReps=1, seed=None
73.6589 	EXP 	New trial (rep=0, index=0): None
73.6826 	EXP 	ITI_2: autoDraw = False
73.6826 	EXP 	polygon2_2: autoDraw = False
73.6826 	EXP 	feedback1_2: autoDraw = False
73.6826 	EXP 	arrow1_2: autoDraw = False
73.6826 	EXP 	ITI_2: autoDraw = False
73.6826 	EXP 	rectangle: autoDraw = True
73.6826 	EXP 	text1: autoDraw = True
75.2866 	DATA 	Keypress: 2
75.6666 	EXP 	rectangle: autoDraw = False
75.6666 	EXP 	text1: autoDraw = False
75.6833 	EXP 	ISI2: autoDraw = True
77.6838 	EXP 	ISI2: autoDraw = False
77.6838 	EXP 	rectangle: autoDraw = False
77.6838 	EXP 	text1: autoDraw = False
77.6838 	EXP 	ISI2: autoDraw = False
77.6838 	EXP 	feedback2_2: text = 1
77.6838 	EXP 	arrow2_2: color = '[ 1. -1. -1.] (rgb)'
77.6838 	EXP 	arrow2_2: text = '-$0.25'
77.6838 	EXP 	rectangle2_2: autoDraw = True
77.6838 	EXP 	feedback2_2: autoDraw = True
78.6675 	EXP 	feedback2_2: autoDraw = False
78.6841 	EXP 	arrow2_2: autoDraw = True
79.6677 	EXP 	rectangle2_2: autoDraw = False
79.6677 	EXP 	arrow2_2: autoDraw = False
79.6844 	EXP 	ITI2_2: autoDraw = True
81.6568 	EXP 	New trial (rep=0, index=5): OrderedDict([('selectBlock', 1)])
81.6587 	EXP 	Created sequence: sequential, trialTypes=1, nReps=1, seed=None
81.6593 	EXP 	New trial (rep=0, index=0): None
81.6696 	EXP 	ITI2_2: autoDraw = False
81.6696 	EXP 	rectangle2_2: autoDraw = False
81.6696 	EXP 	feedback2_2: autoDraw = False
81.6696 	EXP 	arrow2_2: autoDraw = False
81.6696 	EXP 	ITI2_2: autoDraw = False
81.6696 	EXP 	polygon: autoDraw = True
81.6696 	EXP 	text: autoDraw = True
82.0889 	DATA 	Keypress: 2
83.6689 	EXP 	polygon: autoDraw = False
83.6689 	EXP 	text: autoDraw = False
83.6856 	EXP 	ISI: autoDraw = True
85.6862 	EXP 	ISI: autoDraw = False
85.6862 	EXP 	polygon: autoDraw = False
85.6862 	EXP 	text: autoDraw = False
85.6862 	EXP 	ISI: autoDraw = False
85.6862 	EXP 	arrow1_2: color = '[-1.  1. -1.] (rgb)'
85.6862 	EXP 	arrow1_2: text = '+$0.50'
85.6862 	EXP 	polygon2_2: autoDraw = True
85.6862 	EXP 	feedback1_2: autoDraw = True
86.6697 	EXP 	feedback1_2: autoDraw = False
86.6864 	EXP 	arrow1_2: autoDraw = True
87.6701 	EXP 	polygon2_2: autoDraw = False
87.6701 	EXP 	arrow1_2: autoDraw = False
87.6867 	EXP 	ITI_2: autoDraw = True
89.6591 	EXP 	Created sequence: random, trialTypes=1, nReps=0, seed=None
89.6599 	EXP 	New trial (rep=0, index=6): OrderedDict([('selectBlock', 2)])
89.6620 	EXP 	Created sequence: sequential, trialTypes=1, nReps=0, seed=None
89.6628 	EXP 	Created sequence: random, trialTypes=1, nReps=1, seed=None
89.6634 	EXP 	New trial (rep=0, index=0): None
89.6873 	EXP 	ITI_2: autoDraw = False
89.6873 	EXP 	polygon2_2: autoDraw = False
89.6873 	EXP 	feedback1_2: autoDraw = False
89.6873 	EXP 	arrow1_2: autoDraw = False
89.6873 	EXP 	ITI_2: autoDraw = False
89.6873 	EXP 	rectangle: autoDraw = True
89.6873 	EXP 	text1: autoDraw = True
90.0080 	DATA 	Keypress: 1
91.6712 	EXP 	rectangle: autoDraw = False
91.6712 	EXP 	text1: autoDraw = False
91.6879 	EXP 	ISI2: autoDraw = True
93.6885 	EXP 	ISI2: autoDraw = False
93.6885 	EXP 	rectangle: autoDraw = False
93.6885 	EXP 	text1: autoDraw = False
93.6885 	EXP 	ISI2: autoDraw = False
93.6885 	EXP 	feedback2_2: text = 7
93.6885 	EXP 	arrow2_2: color = '[ 1. -1. -1.] (rgb)'
93.6885 	EXP 	arrow2_2: text = '-$0.25'
93.6885 	EXP 	rectangle2_2: autoDraw = True
93.6885 	EXP 	feedback2_2: autoDraw = True
94.6721 	EXP 	feedback2_2: autoDraw = False
94.6888 	EXP 	arrow2_2: autoDraw = True
95.6724 	EXP 	rectangle2_2: autoDraw = False
95.6724 	EXP 	arrow2_2: autoDraw = False
95.6891 	EXP 	ITI2_2: autoDraw = True
97.6614 	EXP 	New trial (rep=0, index=7): OrderedDict([('selectBlock', 1)])
97.6632 	EXP 	Created sequence: sequential, trialTypes=1, nReps=1, seed=None
97.6638 	EXP 	New trial (rep=0, index=0): None
97.6741 	EXP 	ITI2_2: autoDraw = False
97.6741 	EXP 	rectangle2_2: autoDraw = False
97.6741 	EXP 	feedback2_2: autoDraw = False
97.6741 	EXP 	arrow2_2: autoDraw = False
97.6741 	EXP 	ITI2_2: autoDraw = False
97.6741 	EXP 	polygon: autoDraw = True
97.6741 	EXP 	text: autoDraw = True
98.7105 	DATA 	Keypress: 1
99.6736 	EXP 	polygon: autoDraw = False
99.6736 	EXP 	text: autoDraw = False
99.6902 	EXP 	ISI: autoDraw = True
101.6908 	EXP 	ISI: autoDraw = False
101.6908 	EXP 	polygon: autoDraw = False
101.6908 	EXP 	text: autoDraw = False
101.6908 	EXP 	ISI: autoDraw = False
101.6908 	EXP 	arrow1_2: color = '[-1.  1. -1.] (rgb)'
101.6908 	EXP 	arrow1_2: text = '+$0.50'
101.6908 	EXP 	polygon2_2: autoDraw = True
101.6908 	EXP 	feedback1_2: autoDraw = True
102.6745 	EXP 	feedback1_2: autoDraw = False
102.6911 	EXP 	arrow1_2: autoDraw = True
103.6747 	EXP 	polygon2_2: autoDraw = False
103.6747 	EXP 	arrow1_2: autoDraw = False
103.6914 	EXP 	ITI_2: autoDraw = True
105.6637 	EXP 	Created sequence: random, trialTypes=1, nReps=0, seed=None
105.6644 	EXP 	New trial (rep=0, index=8): OrderedDict([('selectBlock', 1)])
105.6665 	EXP 	Created sequence: sequential, trialTypes=1, nReps=1, seed=None
105.6672 	EXP 	New trial (rep=0, index=0): None
105.6774 	EXP 	ITI_2: autoDraw = False
105.6774 	EXP 	polygon2_2: autoDraw = False
105.6774 	EXP 	feedback1_2: autoDraw = False
105.6774 	EXP 	arrow1_2: autoDraw = False
105.6774 	EXP 	ITI_2: autoDraw = False
105.6774 	EXP 	polygon: autoDraw = True
105.6774 	EXP 	text: autoDraw = True
106.3456 	DATA 	Keypress: 2
107.6759 	EXP 	polygon: autoDraw = False
107.6759 	EXP 	text: autoDraw = False
107.6926 	EXP 	ISI: autoDraw = True
109.6931 	EXP 	ISI: autoDraw = False
109.6931 	EXP 	polygon: autoDraw = False
109.6931 	EXP 	text: autoDraw = False
109.6931 	EXP 	ISI: autoDraw = False
109.6931 	EXP 	arrow1_2: color = '[-1.  1. -1.] (rgb)'
109.6931 	EXP 	arrow1_2: text = '+$0.50'
109.6931 	EXP 	polygon2_2: autoDraw = True
109.6931 	EXP 	feedback1_2: autoDraw = True
110.6767 	EXP 	feedback1_2: autoDraw = False
110.6934 	EXP 	arrow1_2: autoDraw = True
111.6771 	EXP 	polygon2_2: autoDraw = False
111.6771 	EXP 	arrow1_2: autoDraw = False
111.6937 	EXP 	ITI_2: autoDraw = True
113.6660 	EXP 	Created sequence: random, trialTypes=1, nReps=0, seed=None
113.6667 	EXP 	New trial (rep=0, index=9): OrderedDict([('selectBlock', 1)])
113.6688 	EXP 	Created sequence: sequential, trialTypes=1, nReps=1, seed=None
113.6694 	EXP 	New trial (rep=0, index=0): None
113.6797 	EXP 	ITI_2: autoDraw = False
113.6797 	EXP 	polygon2_2: autoDraw = False
113.6797 	EXP 	feedback1_2: autoDraw = False
113.6797 	EXP 	arrow1_2: autoDraw = False
113.6797 	EXP 	ITI_2: autoDraw = False
113.6797 	EXP 	polygon: autoDraw = True
113.6797 	EXP 	text: autoDraw = True
113.9980 	DATA 	Keypress: 2
115.6782 	EXP 	polygon: autoDraw = False
115.6782 	EXP 	text: autoDraw = False
115.6949 	EXP 	ISI: autoDraw = True
117.6954 	EXP 	ISI: autoDraw = False
117.6954 	EXP 	polygon: autoDraw = False
117.6954 	EXP 	text: autoDraw = False
117.6954 	EXP 	ISI: autoDraw = False
117.6954 	EXP 	arrow1_2: color = '[-1.  1. -1.] (rgb)'
117.6954 	EXP 	arrow1_2: text = '+$0.50'
117.6954 	EXP 	polygon2_2: autoDraw = True
117.6954 	EXP 	feedback1_2: autoDraw = True
118.6790 	EXP 	feedback1_2: autoDraw = False
118.6958 	EXP 	arrow1_2: autoDraw = True
119.6794 	EXP 	polygon2_2: autoDraw = False
119.6794 	EXP 	arrow1_2: autoDraw = False
119.6961 	EXP 	ITI_2: autoDraw = True
121.6683 	EXP 	Created sequence: random, trialTypes=1, nReps=0, seed=None
121.6690 	EXP 	New trial (rep=0, index=10): OrderedDict([('selectBlock', 2)])
121.6711 	EXP 	Created sequence: sequential, trialTypes=1, nReps=0, seed=None
121.6719 	EXP 	Created sequence: random, trialTypes=1, nReps=1, seed=None
121.6726 	EXP 	New trial (rep=0, index=0): None
121.6819 	EXP 	ITI_2: autoDraw = False
121.6819 	EXP 	polygon2_2: autoDraw = False
121.6819 	EXP 	feedback1_2: autoDraw = False
121.6819 	EXP 	arrow1_2: autoDraw = False
121.6819 	EXP 	ITI_2: autoDraw = False
121.6819 	EXP 	rectangle: autoDraw = True
121.6819 	EXP 	text1: autoDraw = True
122.6172 	DATA 	Keypress: 1
123.6806 	EXP 	rectangle: autoDraw = False
123.6806 	EXP 	text1: autoDraw = False
123.6972 	EXP 	ISI2: autoDraw = True
125.6978 	EXP 	ISI2: autoDraw = False
125.6978 	EXP 	rectangle: autoDraw = False
125.6978 	EXP 	text1: autoDraw = False
125.6978 	EXP 	ISI2: autoDraw = False
125.6978 	EXP 	feedback2_2: text = 8
125.6978 	EXP 	arrow2_2: color = '[ 1. -1. -1.] (rgb)'
125.6978 	EXP 	arrow2_2: text = '-$0.25'
125.6978 	EXP 	rectangle2_2: autoDraw = True
125.6978 	EXP 	feedback2_2: autoDraw = True
126.6814 	EXP 	feedback2_2: autoDraw = False
126.6981 	EXP 	arrow2_2: autoDraw = True
127.6817 	EXP 	rectangle2_2: autoDraw = False
127.6817 	EXP 	arrow2_2: autoDraw = False
127.6984 	EXP 	ITI2_2: autoDraw = True
129.6706 	EXP 	New trial (rep=0, index=11): OrderedDict([('selectBlock', 2)])
129.6723 	EXP 	Created sequence: sequential, trialTypes=1, nReps=0, seed=None
129.6732 	EXP 	Created sequence: random, trialTypes=1, nReps=1, seed=None
129.6738 	EXP 	New trial (rep=0, index=0): None
129.6832 	EXP 	ITI2_2: autoDraw = False
129.6832 	EXP 	rectangle2_2: autoDraw = False
129.6832 	EXP 	feedback2_2: autoDraw = False
129.6832 	EXP 	arrow2_2: autoDraw = False
129.6832 	EXP 	ITI2_2: autoDraw = False
129.6832 	EXP 	rectangle: autoDraw = True
129.6832 	EXP 	text1: autoDraw = True
130.7865 	DATA 	Keypress: 1
131.6829 	EXP 	rectangle: autoDraw = False
131.6829 	EXP 	text1: autoDraw = False
131.6995 	EXP 	ISI2: autoDraw = True
133.7001 	EXP 	ISI2: autoDraw = False
133.7001 	EXP 	rectangle: autoDraw = False
133.7001 	EXP 	text1: autoDraw = False
133.7001 	EXP 	ISI2: autoDraw = False
133.7001 	EXP 	feedback2_2: text = 6
133.7001 	EXP 	arrow2_2: color = '[ 1. -1. -1.] (rgb)'
133.7001 	EXP 	arrow2_2: text = '-$0.25'
133.7001 	EXP 	rectangle2_2: autoDraw = True
133.7001 	EXP 	feedback2_2: autoDraw = True
134.6837 	EXP 	feedback2_2: autoDraw = False
134.7004 	EXP 	arrow2_2: autoDraw = True
135.6840 	EXP 	rectangle2_2: autoDraw = False
135.6840 	EXP 	arrow2_2: autoDraw = False
135.7007 	EXP 	ITI2_2: autoDraw = True
137.6728 	EXP 	New trial (rep=0, index=12): OrderedDict([('selectBlock', 1)])
137.6746 	EXP 	Created sequence: sequential, trialTypes=1, nReps=1, seed=None
137.6753 	EXP 	New trial (rep=0, index=0): None
137.6855 	EXP 	ITI2_2: autoDraw = False
137.6855 	EXP 	rectangle2_2: autoDraw = False
137.6855 	EXP 	feedback2_2: autoDraw = False
137.6855 	EXP 	arrow2_2: autoDraw = False
137.6855 	EXP 	ITI2_2: autoDraw = False
137.6855 	EXP 	polygon: autoDraw = True
137.6855 	EXP 	text: autoDraw = True
139.4888 	DATA 	Keypress: 1
139.6852 	EXP 	polygon: autoDraw = False
139.6852 	EXP 	text: autoDraw = False
139.7019 	EXP 	ISI: autoDraw = True
141.7023 	EXP 	ISI: autoDraw = False
141.7023 	EXP 	polygon: autoDraw = False
141.7023 	EXP 	text: autoDraw = False
141.7023 	EXP 	ISI: autoDraw = False
141.7023 	EXP 	arrow1_2: color = '[-1.  1. -1.] (rgb)'
141.7023 	EXP 	arrow1_2: text = '+$0.50'
141.7023 	EXP 	polygon2_2: autoDraw = True
141.7023 	EXP 	feedback1_2: autoDraw = True
142.6860 	EXP 	feedback1_2: autoDraw = False
142.7028 	EXP 	arrow1_2: autoDraw = True
143.6863 	EXP 	polygon2_2: autoDraw = False
143.6863 	EXP 	arrow1_2: autoDraw = False
143.7030 	EXP 	ITI_2: autoDraw = True
145.6752 	EXP 	Created sequence: random, trialTypes=1, nReps=0, seed=None
145.6759 	EXP 	New trial (rep=0, index=13): OrderedDict([('selectBlock', 1)])
145.6779 	EXP 	Created sequence: sequential, trialTypes=1, nReps=1, seed=None
145.6785 	EXP 	New trial (rep=0, index=0): None
145.6888 	EXP 	ITI_2: autoDraw = False
145.6888 	EXP 	polygon2_2: autoDraw = False
145.6888 	EXP 	feedback1_2: autoDraw = False
145.6888 	EXP 	arrow1_2: autoDraw = False
145.6888 	EXP 	ITI_2: autoDraw = False
145.6888 	EXP 	polygon: autoDraw = True
145.6888 	EXP 	text: autoDraw = True
146.1080 	DATA 	Keypress: 2
147.6875 	EXP 	polygon: autoDraw = False
147.6875 	EXP 	text: autoDraw = False
147.7042 	EXP 	ISI: autoDraw = True
149.7048 	EXP 	ISI: autoDraw = False
149.7048 	EXP 	polygon: autoDraw = False
149.7048 	EXP 	text: autoDraw = False
149.7048 	EXP 	ISI: autoDraw = False
149.7048 	EXP 	arrow1_2: color = '[-1.  1. -1.] (rgb)'
149.7048 	EXP 	arrow1_2: text = '+$0.50'
149.7048 	EXP 	polygon2_2: autoDraw = True
149.7048 	EXP 	feedback1_2: autoDraw = True
150.6883 	EXP 	feedback1_2: autoDraw = False
150.7051 	EXP 	arrow1_2: autoDraw = True
151.6887 	EXP 	polygon2_2: autoDraw = False
151.6887 	EXP 	arrow1_2: autoDraw = False
151.7054 	EXP 	ITI_2: autoDraw = True
153.6774 	EXP 	Created sequence: random, trialTypes=1, nReps=0, seed=None
153.6781 	EXP 	New trial (rep=0, index=14): OrderedDict([('selectBlock', 2)])
153.6802 	EXP 	Created sequence: sequential, trialTypes=1, nReps=0, seed=None
153.6811 	EXP 	Created sequence: random, trialTypes=1, nReps=1, seed=None
153.6817 	EXP 	New trial (rep=0, index=0): None
153.6910 	EXP 	ITI_2: autoDraw = False
153.6910 	EXP 	polygon2_2: autoDraw = False
153.6910 	EXP 	feedback1_2: autoDraw = False
153.6910 	EXP 	arrow1_2: autoDraw = False
153.6910 	EXP 	ITI_2: autoDraw = False
153.6910 	EXP 	rectangle: autoDraw = True
153.6910 	EXP 	text1: autoDraw = True
154.7763 	DATA 	Keypress: 2
155.6898 	EXP 	rectangle: autoDraw = False
155.6898 	EXP 	text1: autoDraw = False
155.7065 	EXP 	ISI2: autoDraw = True
157.7071 	EXP 	ISI2: autoDraw = False
157.7071 	EXP 	rectangle: autoDraw = False
157.7071 	EXP 	text1: autoDraw = False
157.7071 	EXP 	ISI2: autoDraw = False
157.7071 	EXP 	feedback2_2: text = 1
157.7071 	EXP 	arrow2_2: color = '[ 1. -1. -1.] (rgb)'
157.7071 	EXP 	arrow2_2: text = '-$0.25'
157.7071 	EXP 	rectangle2_2: autoDraw = True
157.7071 	EXP 	feedback2_2: autoDraw = True
158.6907 	EXP 	feedback2_2: autoDraw = False
158.7074 	EXP 	arrow2_2: autoDraw = True
159.6910 	EXP 	rectangle2_2: autoDraw = False
159.6910 	EXP 	arrow2_2: autoDraw = False
159.7077 	EXP 	ITI2_2: autoDraw = True
161.6795 	EXP 	New trial (rep=0, index=15): OrderedDict([('selectBlock', 2)])
161.6814 	EXP 	Created sequence: sequential, trialTypes=1, nReps=0, seed=None
161.6823 	EXP 	Created sequence: random, trialTypes=1, nReps=1, seed=None
161.6829 	EXP 	New trial (rep=0, index=0): None
161.6923 	EXP 	ITI2_2: autoDraw = False
161.6923 	EXP 	rectangle2_2: autoDraw = False
161.6923 	EXP 	feedback2_2: autoDraw = False
161.6923 	EXP 	arrow2_2: autoDraw = False
161.6923 	EXP 	ITI2_2: autoDraw = False
161.6923 	EXP 	rectangle: autoDraw = True
161.6923 	EXP 	text1: autoDraw = True
163.0456 	DATA 	Keypress: 2
163.6922 	EXP 	rectangle: autoDraw = False
163.6922 	EXP 	text1: autoDraw = False
163.7089 	EXP 	ISI2: autoDraw = True
165.7094 	EXP 	ISI2: autoDraw = False
165.7094 	EXP 	rectangle: autoDraw = False
165.7094 	EXP 	text1: autoDraw = False
165.7094 	EXP 	ISI2: autoDraw = False
165.7094 	EXP 	feedback2_2: text = 3
165.7094 	EXP 	arrow2_2: color = '[ 1. -1. -1.] (rgb)'
165.7094 	EXP 	arrow2_2: text = '-$0.25'
165.7094 	EXP 	rectangle2_2: autoDraw = True
165.7094 	EXP 	feedback2_2: autoDraw = True
166.6931 	EXP 	feedback2_2: autoDraw = False
166.7097 	EXP 	arrow2_2: autoDraw = True
167.6933 	EXP 	rectangle2_2: autoDraw = False
167.6933 	EXP 	arrow2_2: autoDraw = False
167.7100 	EXP 	ITI2_2: autoDraw = True
169.6818 	EXP 	New trial (rep=0, index=16): OrderedDict([('selectBlock', 1)])
169.6837 	EXP 	Created sequence: sequential, trialTypes=1, nReps=1, seed=None
169.6844 	EXP 	New trial (rep=0, index=0): None
169.6946 	EXP 	ITI2_2: autoDraw = False
169.6946 	EXP 	rectangle2_2: autoDraw = False
169.6946 	EXP 	feedback2_2: autoDraw = False
169.6946 	EXP 	arrow2_2: autoDraw = False
169.6946 	EXP 	ITI2_2: autoDraw = False
169.6946 	EXP 	polygon: autoDraw = True
169.6946 	EXP 	text: autoDraw = True
170.5309 	DATA 	Keypress: 2
171.6945 	EXP 	polygon: autoDraw = False
171.6945 	EXP 	text: autoDraw = False
171.7112 	EXP 	ISI: autoDraw = True
173.7117 	EXP 	ISI: autoDraw = False
173.7117 	EXP 	polygon: autoDraw = False
173.7117 	EXP 	text: autoDraw = False
173.7117 	EXP 	ISI: autoDraw = False
173.7117 	EXP 	arrow1_2: color = '[-1.  1. -1.] (rgb)'
173.7117 	EXP 	arrow1_2: text = '+$0.50'
173.7117 	EXP 	polygon2_2: autoDraw = True
173.7117 	EXP 	feedback1_2: autoDraw = True
174.6954 	EXP 	feedback1_2: autoDraw = False
174.7120 	EXP 	arrow1_2: autoDraw = True
175.6957 	EXP 	polygon2_2: autoDraw = False
175.6957 	EXP 	arrow1_2: autoDraw = False
175.7123 	EXP 	ITI_2: autoDraw = True
177.6842 	EXP 	Created sequence: random, trialTypes=1, nReps=0, seed=None
177.6849 	EXP 	New trial (rep=0, index=17): OrderedDict([('selectBlock', 1)])
177.6870 	EXP 	Created sequence: sequential, trialTypes=1, nReps=1, seed=None
177.6876 	EXP 	New trial (rep=0, index=0): None
177.6979 	EXP 	ITI_2: autoDraw = False
177.6979 	EXP 	polygon2_2: autoDraw = False
177.6979 	EXP 	feedback1_2: autoDraw = False
177.6979 	EXP 	arrow1_2: autoDraw = False
177.6979 	EXP 	ITI_2: autoDraw = False
177.6979 	EXP 	polygon: autoDraw = True
177.6979 	EXP 	text: autoDraw = True
179.2841 	DATA 	Keypress: 1
179.6968 	EXP 	polygon: autoDraw = False
179.6968 	EXP 	text: autoDraw = False
179.7135 	EXP 	ISI: autoDraw = True
181.7141 	EXP 	ISI: autoDraw = False
181.7141 	EXP 	polygon: autoDraw = False
181.7141 	EXP 	text: autoDraw = False
181.7141 	EXP 	ISI: autoDraw = False
181.7141 	EXP 	arrow1_2: color = '[-1.  1. -1.] (rgb)'
181.7141 	EXP 	arrow1_2: text = '+$0.50'
181.7141 	EXP 	polygon2_2: autoDraw = True
181.7141 	EXP 	feedback1_2: autoDraw = True
182.6976 	EXP 	feedback1_2: autoDraw = False
182.7144 	EXP 	arrow1_2: autoDraw = True
183.6980 	EXP 	polygon2_2: autoDraw = False
183.6980 	EXP 	arrow1_2: autoDraw = False
183.7147 	EXP 	ITI_2: autoDraw = True
185.6863 	EXP 	Created sequence: random, trialTypes=1, nReps=0, seed=None
185.6870 	EXP 	New trial (rep=0, index=18): OrderedDict([('selectBlock', 2)])
185.6893 	EXP 	Created sequence: sequential, trialTypes=1, nReps=0, seed=None
185.6901 	EXP 	Created sequence: random, trialTypes=1, nReps=1, seed=None
185.6907 	EXP 	New trial (rep=0, index=0): None
185.7001 	EXP 	ITI_2: autoDraw = False
185.7001 	EXP 	polygon2_2: autoDraw = False
185.7001 	EXP 	feedback1_2: autoDraw = False
185.7001 	EXP 	arrow1_2: autoDraw = False
185.7001 	EXP 	ITI_2: autoDraw = False
185.7001 	EXP 	rectangle: autoDraw = True
185.7001 	EXP 	text1: autoDraw = True
186.0694 	DATA 	Keypress: 2
187.6992 	EXP 	rectangle: autoDraw = False
187.6992 	EXP 	text1: autoDraw = False
187.7158 	EXP 	ISI2: autoDraw = True
189.7164 	EXP 	ISI2: autoDraw = False
189.7164 	EXP 	rectangle: autoDraw = False
189.7164 	EXP 	text1: autoDraw = False
189.7164 	EXP 	ISI2: autoDraw = False
189.7164 	EXP 	feedback2_2: text = 3
189.7164 	EXP 	arrow2_2: color = '[ 1. -1. -1.] (rgb)'
189.7164 	EXP 	arrow2_2: text = '-$0.25'
189.7164 	EXP 	rectangle2_2: autoDraw = True
189.7164 	EXP 	feedback2_2: autoDraw = True
190.7000 	EXP 	feedback2_2: autoDraw = False
190.7167 	EXP 	arrow2_2: autoDraw = True
191.7003 	EXP 	rectangle2_2: autoDraw = False
191.7003 	EXP 	arrow2_2: autoDraw = False
191.7170 	EXP 	ITI2_2: autoDraw = True
193.6885 	EXP 	New trial (rep=0, index=19): OrderedDict([('selectBlock', 2)])
193.6906 	EXP 	Created sequence: sequential, trialTypes=1, nReps=0, seed=None
193.6914 	EXP 	Created sequence: random, trialTypes=1, nReps=1, seed=None
193.6920 	EXP 	New trial (rep=0, index=0): None
193.7014 	EXP 	ITI2_2: autoDraw = False
193.7014 	EXP 	rectangle2_2: autoDraw = False
193.7014 	EXP 	feedback2_2: autoDraw = False
193.7014 	EXP 	arrow2_2: autoDraw = False
193.7014 	EXP 	ITI2_2: autoDraw = False
193.7014 	EXP 	rectangle: autoDraw = True
193.7014 	EXP 	text1: autoDraw = True
194.7720 	DATA 	Keypress: 2
195.7015 	EXP 	rectangle: autoDraw = False
195.7015 	EXP 	text1: autoDraw = False
195.7181 	EXP 	ISI2: autoDraw = True
197.7187 	EXP 	ISI2: autoDraw = False
197.7187 	EXP 	rectangle: autoDraw = False
197.7187 	EXP 	text1: autoDraw = False
197.7187 	EXP 	ISI2: autoDraw = False
197.7187 	EXP 	feedback2_2: text = 1
197.7187 	EXP 	arrow2_2: color = '[ 1. -1. -1.] (rgb)'
197.7187 	EXP 	arrow2_2: text = '-$0.25'
197.7187 	EXP 	rectangle2_2: autoDraw = True
197.7187 	EXP 	feedback2_2: autoDraw = True
198.7023 	EXP 	feedback2_2: autoDraw = False
198.7190 	EXP 	arrow2_2: autoDraw = True
199.7027 	EXP 	rectangle2_2: autoDraw = False
199.7027 	EXP 	arrow2_2: autoDraw = False
199.7193 	EXP 	ITI2_2: autoDraw = True
201.6921 	EXP 	New trial (rep=0, index=20): OrderedDict([('selectBlock', 2)])
201.6939 	EXP 	Created sequence: sequential, trialTypes=1, nReps=0, seed=None
201.6947 	EXP 	Created sequence: random, trialTypes=1, nReps=1, seed=None
201.6953 	EXP 	New trial (rep=0, index=0): None
201.7047 	EXP 	ITI2_2: autoDraw = False
201.7047 	EXP 	rectangle2_2: autoDraw = False
201.7047 	EXP 	feedback2_2: autoDraw = False
201.7047 	EXP 	arrow2_2: autoDraw = False
201.7047 	EXP 	ITI2_2: autoDraw = False
201.7047 	EXP 	rectangle: autoDraw = True
201.7047 	EXP 	text1: autoDraw = True
202.9571 	DATA 	Keypress: 2
203.7038 	EXP 	rectangle: autoDraw = False
203.7038 	EXP 	text1: autoDraw = False
203.7205 	EXP 	ISI2: autoDraw = True
205.7210 	EXP 	ISI2: autoDraw = False
205.7210 	EXP 	rectangle: autoDraw = False
205.7210 	EXP 	text1: autoDraw = False
205.7210 	EXP 	ISI2: autoDraw = False
205.7210 	EXP 	feedback2_2: text = 1
205.7210 	EXP 	arrow2_2: color = '[ 1. -1. -1.] (rgb)'
205.7210 	EXP 	arrow2_2: text = '-$0.25'
205.7210 	EXP 	rectangle2_2: autoDraw = True
205.7210 	EXP 	feedback2_2: autoDraw = True
206.7047 	EXP 	feedback2_2: autoDraw = False
206.7214 	EXP 	arrow2_2: autoDraw = True
207.7050 	EXP 	rectangle2_2: autoDraw = False
207.7050 	EXP 	arrow2_2: autoDraw = False
207.7216 	EXP 	ITI2_2: autoDraw = True
209.6944 	EXP 	New trial (rep=0, index=21): OrderedDict([('selectBlock', 1)])
209.6961 	EXP 	Created sequence: sequential, trialTypes=1, nReps=1, seed=None
209.6968 	EXP 	New trial (rep=0, index=0): None
209.7070 	EXP 	ITI2_2: autoDraw = False
209.7070 	EXP 	rectangle2_2: autoDraw = False
209.7070 	EXP 	feedback2_2: autoDraw = False
209.7070 	EXP 	arrow2_2: autoDraw = False
209.7070 	EXP 	ITI2_2: autoDraw = False
209.7070 	EXP 	polygon: autoDraw = True
209.7070 	EXP 	text: autoDraw = True
210.4263 	DATA 	Keypress: 2
211.7062 	EXP 	polygon: autoDraw = False
211.7062 	EXP 	text: autoDraw = False
211.7228 	EXP 	ISI: autoDraw = True
213.7234 	EXP 	ISI: autoDraw = False
213.7234 	EXP 	polygon: autoDraw = False
213.7234 	EXP 	text: autoDraw = False
213.7234 	EXP 	ISI: autoDraw = False
213.7234 	EXP 	arrow1_2: color = '[-1.  1. -1.] (rgb)'
213.7234 	EXP 	arrow1_2: text = '+$0.50'
213.7234 	EXP 	polygon2_2: autoDraw = True
213.7234 	EXP 	feedback1_2: autoDraw = True
214.7070 	EXP 	feedback1_2: autoDraw = False
214.7237 	EXP 	arrow1_2: autoDraw = True
215.7073 	EXP 	polygon2_2: autoDraw = False
215.7073 	EXP 	arrow1_2: autoDraw = False
215.7240 	EXP 	ITI_2: autoDraw = True
217.6966 	EXP 	Created sequence: random, trialTypes=1, nReps=0, seed=None
217.6974 	EXP 	New trial (rep=0, index=22): OrderedDict([('selectBlock', 1)])
217.6994 	EXP 	Created sequence: sequential, trialTypes=1, nReps=1, seed=None
217.7000 	EXP 	New trial (rep=0, index=0): None
217.7245 	EXP 	ITI_2: autoDraw = False
217.7245 	EXP 	polygon2_2: autoDraw = False
217.7245 	EXP 	feedback1_2: autoDraw = False
217.7245 	EXP 	arrow1_2: autoDraw = False
217.7245 	EXP 	ITI_2: autoDraw = False
217.7245 	EXP 	polygon: autoDraw = True
217.7245 	EXP 	text: autoDraw = True
218.1285 	DATA 	Keypress: 1
219.7085 	EXP 	polygon: autoDraw = False
219.7085 	EXP 	text: autoDraw = False
219.7251 	EXP 	ISI: autoDraw = True
221.7257 	EXP 	ISI: autoDraw = False
221.7257 	EXP 	polygon: autoDraw = False
221.7257 	EXP 	text: autoDraw = False
221.7257 	EXP 	ISI: autoDraw = False
221.7257 	EXP 	arrow1_2: color = '[-1.  1. -1.] (rgb)'
221.7257 	EXP 	arrow1_2: text = '+$0.50'
221.7257 	EXP 	polygon2_2: autoDraw = True
221.7257 	EXP 	feedback1_2: autoDraw = True
222.7092 	EXP 	feedback1_2: autoDraw = False
222.7260 	EXP 	arrow1_2: autoDraw = True
223.7096 	EXP 	polygon2_2: autoDraw = False
223.7096 	EXP 	arrow1_2: autoDraw = False
223.7263 	EXP 	ITI_2: autoDraw = True
225.6989 	EXP 	Created sequence: random, trialTypes=1, nReps=0, seed=None
225.6997 	EXP 	New trial (rep=0, index=23): OrderedDict([('selectBlock', 2)])
225.7017 	EXP 	Created sequence: sequential, trialTypes=1, nReps=0, seed=None
225.7025 	EXP 	Created sequence: random, trialTypes=1, nReps=1, seed=None
225.7031 	EXP 	New trial (rep=0, index=0): None
225.7268 	EXP 	ITI_2: autoDraw = False
225.7268 	EXP 	polygon2_2: autoDraw = False
225.7268 	EXP 	feedback1_2: autoDraw = False
225.7268 	EXP 	arrow1_2: autoDraw = False
225.7268 	EXP 	ITI_2: autoDraw = False
225.7268 	EXP 	rectangle: autoDraw = True
225.7268 	EXP 	text1: autoDraw = True
226.0808 	DATA 	Keypress: 1
227.7108 	EXP 	rectangle: autoDraw = False
227.7108 	EXP 	text1: autoDraw = False
227.7275 	EXP 	ISI2: autoDraw = True
229.7280 	EXP 	ISI2: autoDraw = False
229.7280 	EXP 	rectangle: autoDraw = False
229.7280 	EXP 	text1: autoDraw = False
229.7280 	EXP 	ISI2: autoDraw = False
229.7280 	EXP 	feedback2_2: text = 7
229.7280 	EXP 	arrow2_2: color = '[ 1. -1. -1.] (rgb)'
229.7280 	EXP 	arrow2_2: text = '-$0.25'
229.7280 	EXP 	rectangle2_2: autoDraw = True
229.7280 	EXP 	feedback2_2: autoDraw = True
230.7117 	EXP 	feedback2_2: autoDraw = False
230.7283 	EXP 	arrow2_2: autoDraw = True
231.7120 	EXP 	rectangle2_2: autoDraw = False
231.7120 	EXP 	arrow2_2: autoDraw = False
231.7286 	EXP 	ITI2_2: autoDraw = True
233.7011 	EXP 	New trial (rep=0, index=24): OrderedDict([('selectBlock', 1)])
233.7029 	EXP 	Created sequence: sequential, trialTypes=1, nReps=1, seed=None
233.7036 	EXP 	New trial (rep=0, index=0): None
233.7138 	EXP 	ITI2_2: autoDraw = False
233.7138 	EXP 	rectangle2_2: autoDraw = False
233.7138 	EXP 	feedback2_2: autoDraw = False
233.7138 	EXP 	arrow2_2: autoDraw = False
233.7138 	EXP 	ITI2_2: autoDraw = False
233.7138 	EXP 	polygon: autoDraw = True
233.7138 	EXP 	text: autoDraw = True
233.9830 	DATA 	Keypress: 2
235.7131 	EXP 	polygon: autoDraw = False
235.7131 	EXP 	text: autoDraw = False
235.7298 	EXP 	ISI: autoDraw = True
237.7303 	EXP 	ISI: autoDraw = False
237.7303 	EXP 	polygon: autoDraw = False
237.7303 	EXP 	text: autoDraw = False
237.7303 	EXP 	ISI: autoDraw = False
237.7303 	EXP 	arrow1_2: color = '[-1.  1. -1.] (rgb)'
237.7303 	EXP 	arrow1_2: text = '+$0.50'
237.7303 	EXP 	polygon2_2: autoDraw = True
237.7303 	EXP 	feedback1_2: autoDraw = True
238.7141 	EXP 	feedback1_2: autoDraw = False
238.7307 	EXP 	arrow1_2: autoDraw = True
239.7143 	EXP 	polygon2_2: autoDraw = False
239.7143 	EXP 	arrow1_2: autoDraw = False
239.7310 	EXP 	ITI_2: autoDraw = True
241.7034 	EXP 	Created sequence: random, trialTypes=1, nReps=0, seed=None
241.7149 	EXP 	ITI_2: autoDraw = False
241.7149 	EXP 	polygon2_2: autoDraw = False
241.7149 	EXP 	feedback1_2: autoDraw = False
241.7149 	EXP 	arrow1_2: autoDraw = False
241.7149 	EXP 	ITI_2: autoDraw = False
241.7149 	EXP 	Finished: autoDraw = True
242.0521 	DATA 	Keypress: 2
254.2217 	DATA 	Keypress: space
254.2351 	EXP 	Finished: autoDraw = False
254.3774 	EXP 	window1: mouseVisible = True
