7.8385 	WARNING 	User requested fullscreen with size [1024  768], but screen is actually [1920, 1080]. Using actual size
8.9344 	EXP 	Created window1 = Window(allowGUI=False, allowStencil=False, args=UNKNOWN, autoLog=True, bitsMode=UNKNOWN, blendMode='avg', color=array([0., 0., 0.]), colorSpace='rgb', fullscr=<method-wrapper '__getattribute__' of attributeSetter object at 0x000000001AB5E048>, gamma=None, kwargs=UNKNOWN, lms=UNKNOWN, monitor=<psychopy.monitors.calibTools.Monitor object at 0x000000001ABA3E10>, multiSample=False, name='window1', numSamples=2, pos=[0.0, 0.0], screen=0, size=array([1920, 1080]), stereo=False, units='norm', useFBO=True, useRetina=False, viewOri=0.0, viewPos=None, viewScale=None, waitBlanking=True, winType='pyglet')
8.9344 	EXP 	window1: recordFrameIntervals = False
9.0997 	EXP 	window1: recordFrameIntervals = True
9.2831 	EXP 	window1: recordFrameIntervals = False
9.6205 	EXP 	Created Welcome = TextStim(__class__=<class 'psychopy.visual.text.TextStim'>, alignHoriz='center', alignVert='center', antialias=True, autoLog=True, bold=False, color='white', colorSpace='named', contrast=1.0, depth=0.0, flipHoriz=False, flipVert=False, font='Arial', fontFiles=[], height=0.1, italic=False, languageStyle='LTR', name='Welcome', opacity=1.0, ori=0, pos=array([0., 0.]), rgb=array([255., 255., 255.]), text=str(...), units='norm', win=Window(...), wrapWidth=1)
9.6236 	EXP 	Created firstTrialITI = TextStim(__class__=<class 'psychopy.visual.text.TextStim'>, alignHoriz='center', alignVert='center', antialias=True, autoLog=True, bold=False, color='white', colorSpace='named', contrast=1.0, depth=0.0, flipHoriz=False, flipVert=False, font='Arial', fontFiles=[], height=0.1, italic=False, languageStyle='LTR', name='firstTrialITI', opacity=1.0, ori=0, pos=array([0., 0.]), rgb=array([255., 255., 255.]), text='+', units='norm', win=Window(...), wrapWidth=1)
9.6253 	EXP 	Created polygon = Rect(__class__=<class 'psychopy.visual.rect.Rect'>, autoDraw=False, autoLog=True, closeShape=True, color=method-wrapper(...), colorSpace=None, contrast=1.0, depth=0.0, fillColor=array([0., 0., 0.]), fillColorSpace='rgb', fillRGB=array([0., 0., 0.]), interpolate=True, lineColor=array([1., 1., 1.]), lineColorSpace='rgb', lineRGB=array([1., 1., 1.]), lineWidth=5, name='polygon', opacity=1.0, ori=array(0.), pos=array([0., 0.]), size=array([1., 1.]), units='norm', vertices=ndarray(...), win=Window(...))
9.6286 	EXP 	Created text = TextStim(__class__=<class 'psychopy.visual.text.TextStim'>, alignHoriz='center', alignVert='center', antialias=True, autoLog=True, bold=False, color='white', colorSpace='named', contrast=1.0, depth=-1.0, flipHoriz=False, flipVert=False, font='Arial', fontFiles=[], height=0.1, italic=False, languageStyle='LTR', name='text', opacity=1.0, ori=0, pos=array([0., 0.]), rgb=array([255., 255., 255.]), text='?', units='norm', win=Window(...), wrapWidth=1)
9.6305 	EXP 	Created ISI = TextStim(__class__=<class 'psychopy.visual.text.TextStim'>, alignHoriz='center', alignVert='center', antialias=True, autoLog=True, bold=False, color='white', colorSpace='named', contrast=1.0, depth=-4.0, flipHoriz=False, flipVert=False, font='Arial', fontFiles=[], height=0.1, italic=False, languageStyle='LTR', name='ISI', opacity=1.0, ori=0, pos=array([0., 0.]), rgb=array([255., 255., 255.]), text='+', units='norm', win=Window(...), wrapWidth=1)
9.6315 	EXP 	Created polygon2_2 = Rect(__class__=<class 'psychopy.visual.rect.Rect'>, autoDraw=False, autoLog=True, closeShape=True, color=method-wrapper(...), colorSpace=None, contrast=1.0, depth=0.0, fillColor=array([0., 0., 0.]), fillColorSpace='rgb', fillRGB=array([0., 0., 0.]), interpolate=True, lineColor=array([1., 1., 1.]), lineColorSpace='rgb', lineRGB=array([1., 1., 1.]), lineWidth=5, name='polygon2_2', opacity=1.0, ori=array(0.), pos=array([0., 0.]), size=array([1., 1.]), units='norm', vertices=ndarray(...), win=Window(...))
9.6367 	EXP 	Created feedback1_2 = TextStim(__class__=<class 'psychopy.visual.text.TextStim'>, alignHoriz='center', alignVert='center', antialias=True, autoLog=True, bold=False, color='white', colorSpace='named', contrast=1.0, depth=-1.0, flipHoriz=False, flipVert=False, font='Arial', fontFiles=[], height=0.1, italic=False, languageStyle='LTR', name='feedback1_2', opacity=1.0, ori=0, pos=array([0., 0.]), rgb=array([255., 255., 255.]), text='default text', units='norm', win=Window(...), wrapWidth=1)
9.6408 	EXP 	Created arrow1_2 = TextStim(__class__=<class 'psychopy.visual.text.TextStim'>, alignHoriz='center', alignVert='center', antialias=True, autoLog=True, bold=False, color='white', colorSpace='named', contrast=1.0, depth=-2.0, flipHoriz=False, flipVert=False, font='Arial', fontFiles=[], height=0.1, italic=False, languageStyle='LTR', name='arrow1_2', opacity=1.0, ori=0, pos=array([0., 0.]), rgb=array([255., 255., 255.]), text='default text', units='norm', win=Window(...), wrapWidth=1)
9.6426 	EXP 	Created ITI_2 = TextStim(__class__=<class 'psychopy.visual.text.TextStim'>, alignHoriz='center', alignVert='center', antialias=True, autoLog=True, bold=False, color='white', colorSpace='named', contrast=1.0, depth=-3.0, flipHoriz=False, flipVert=False, font='Arial', fontFiles=[], height=0.1, italic=False, languageStyle='LTR', name='ITI_2', opacity=1.0, ori=0, pos=array([0., 0.]), rgb=array([255., 255., 255.]), text='+', units='norm', win=Window(...), wrapWidth=1)
9.6436 	EXP 	Created rectangle = Rect(__class__=<class 'psychopy.visual.rect.Rect'>, autoDraw=False, autoLog=True, closeShape=True, color=method-wrapper(...), colorSpace=None, contrast=1.0, depth=0.0, fillColor=array([0., 0., 0.]), fillColorSpace='rgb', fillRGB=array([0., 0., 0.]), interpolate=True, lineColor=array([1., 1., 1.]), lineColorSpace='rgb', lineRGB=array([1., 1., 1.]), lineWidth=5, name='rectangle', opacity=1.0, ori=array(0.), pos=array([0., 0.]), size=array([1., 1.]), units='norm', vertices=ndarray(...), win=Window(...))
9.6454 	EXP 	Created text1 = TextStim(__class__=<class 'psychopy.visual.text.TextStim'>, alignHoriz='center', alignVert='center', antialias=True, autoLog=True, bold=False, color='white', colorSpace='named', contrast=1.0, depth=-1.0, flipHoriz=False, flipVert=False, font='Arial', fontFiles=[], height=0.1, italic=False, languageStyle='LTR', name='text1', opacity=1.0, ori=0, pos=array([0., 0.]), rgb=array([255., 255., 255.]), text='?', units='norm', win=Window(...), wrapWidth=1)
9.6473 	EXP 	Created ISI2 = TextStim(__class__=<class 'psychopy.visual.text.TextStim'>, alignHoriz='center', alignVert='center', antialias=True, autoLog=True, bold=False, color='white', colorSpace='named', contrast=1.0, depth=-4.0, flipHoriz=False, flipVert=False, font='Arial', fontFiles=[], height=0.1, italic=False, languageStyle='LTR', name='ISI2', opacity=1.0, ori=0, pos=array([0., 0.]), rgb=array([255., 255., 255.]), text='+', units='norm', win=Window(...), wrapWidth=1)
9.6483 	EXP 	Created rectangle2_2 = Rect(__class__=<class 'psychopy.visual.rect.Rect'>, autoDraw=False, autoLog=True, closeShape=True, color=method-wrapper(...), colorSpace=None, contrast=1.0, depth=0.0, fillColor=array([0., 0., 0.]), fillColorSpace='rgb', fillRGB=array([0., 0., 0.]), interpolate=True, lineColor=array([1., 1., 1.]), lineColorSpace='rgb', lineRGB=array([1., 1., 1.]), lineWidth=5, name='rectangle2_2', opacity=1.0, ori=array(0.), pos=array([0., 0.]), size=array([1., 1.]), units='norm', vertices=ndarray(...), win=Window(...))
9.6526 	EXP 	Created feedback2_2 = TextStim(__class__=<class 'psychopy.visual.text.TextStim'>, alignHoriz='center', alignVert='center', antialias=True, autoLog=True, bold=False, color=array([1., 1., 1.]), colorSpace='rgb', contrast=1.0, depth=-1.0, flipHoriz=False, flipVert=False, font='Arial', fontFiles=[], height=0.1, italic=False, languageStyle='LTR', name='feedback2_2', opacity=1.0, ori=0, pos=array([0., 0.]), rgb=array([1., 1., 1.]), text='default text', units='norm', win=Window(...), wrapWidth=1)
9.6569 	EXP 	Created arrow2_2 = TextStim(__class__=<class 'psychopy.visual.text.TextStim'>, alignHoriz='center', alignVert='center', antialias=True, autoLog=True, bold=False, color='white', colorSpace='named', contrast=1.0, depth=-2.0, flipHoriz=False, flipVert=False, font='Arial', fontFiles=[], height=0.1, italic=False, languageStyle='LTR', name='arrow2_2', opacity=1.0, ori=0, pos=array([0., 0.]), rgb=array([255., 255., 255.]), text='default text', units='norm', win=Window(...), wrapWidth=0.2)
9.6587 	EXP 	Created ITI2_2 = TextStim(__class__=<class 'psychopy.visual.text.TextStim'>, alignHoriz='center', alignVert='center', antialias=True, autoLog=True, bold=False, color='white', colorSpace='named', contrast=1.0, depth=-3.0, flipHoriz=False, flipVert=False, font='Arial', fontFiles=[], height=0.1, italic=False, languageStyle='LTR', name='ITI2_2', opacity=1.0, ori=0, pos=array([0., 0.]), rgb=array([255., 255., 255.]), text='+', units='norm', win=Window(...), wrapWidth=1)
9.6809 	EXP 	Created Finished = TextStim(__class__=<class 'psychopy.visual.text.TextStim'>, alignHoriz='center', alignVert='center', antialias=True, autoLog=True, bold=False, color='white', colorSpace='named', contrast=1.0, depth=0.0, flipHoriz=False, flipVert=False, font='Arial', fontFiles=[], height=0.1, italic=False, languageStyle='LTR', name='Finished', opacity=1.0, ori=0, pos=array([0., 0.]), rgb=array([255., 255., 255.]), text=str(...), units='norm', win=Window(...), wrapWidth=1)
9.7190 	EXP 	Welcome: autoDraw = True
28.9270 	DATA 	Keypress: space
28.9386 	EXP 	Welcome: autoDraw = False
28.9386 	EXP 	firstTrialITI: autoDraw = True
35.0136 	EXP 	Imported spreadsheet5.xlsx as conditions, 25 conditions, 1 params
35.0139 	EXP 	Created sequence: fullRandom, trialTypes=25, nReps=1, seed=None
35.0141 	EXP 	New trial (rep=0, index=0): OrderedDict([('selectBlock', 2)])
35.0145 	EXP 	Created sequence: sequential, trialTypes=1, nReps=0, seed=None
35.0147 	EXP 	Created sequence: random, trialTypes=1, nReps=1, seed=None
35.0149 	EXP 	New trial (rep=0, index=0): None
35.0250 	EXP 	firstTrialITI: autoDraw = False
35.0250 	EXP 	firstTrialITI: autoDraw = False
35.0250 	EXP 	rectangle: autoDraw = True
35.0250 	EXP 	text1: autoDraw = True
35.9945 	DATA 	Keypress: 1
37.0246 	EXP 	rectangle: autoDraw = False
37.0246 	EXP 	text1: autoDraw = False
37.0412 	EXP 	ISI2: autoDraw = True
39.0586 	EXP 	ISI2: autoDraw = False
39.0586 	EXP 	rectangle: autoDraw = False
39.0586 	EXP 	text1: autoDraw = False
39.0586 	EXP 	ISI2: autoDraw = False
39.0586 	EXP 	feedback2_2: text = 8
39.0586 	EXP 	arrow2_2: color = '[ 1. -1. -1.] (rgb)'
39.0586 	EXP 	arrow2_2: text = '-$0.25'
39.0586 	EXP 	rectangle2_2: autoDraw = True
39.0586 	EXP 	feedback2_2: autoDraw = True
40.0255 	EXP 	feedback2_2: autoDraw = False
40.0421 	EXP 	arrow2_2: autoDraw = True
41.0257 	EXP 	rectangle2_2: autoDraw = False
41.0257 	EXP 	arrow2_2: autoDraw = False
41.0422 	EXP 	ITI2_2: autoDraw = True
43.0145 	EXP 	New trial (rep=0, index=1): OrderedDict([('selectBlock', 1)])
43.0165 	EXP 	Created sequence: sequential, trialTypes=1, nReps=1, seed=None
43.0172 	EXP 	New trial (rep=0, index=0): None
43.0273 	EXP 	ITI2_2: autoDraw = False
43.0273 	EXP 	rectangle2_2: autoDraw = False
43.0273 	EXP 	feedback2_2: autoDraw = False
43.0273 	EXP 	arrow2_2: autoDraw = False
43.0273 	EXP 	ITI2_2: autoDraw = False
43.0273 	EXP 	polygon: autoDraw = True
43.0273 	EXP 	text: autoDraw = True
43.7293 	DATA 	Keypress: 1
45.0270 	EXP 	polygon: autoDraw = False
45.0270 	EXP 	text: autoDraw = False
45.0435 	EXP 	ISI: autoDraw = True
47.0293 	EXP 	ISI: autoDraw = False
47.0293 	EXP 	polygon: autoDraw = False
47.0293 	EXP 	text: autoDraw = False
47.0293 	EXP 	ISI: autoDraw = False
47.0293 	EXP 	arrow1_2: color = '[-1.  1. -1.] (rgb)'
47.0293 	EXP 	arrow1_2: text = '+$0.50'
47.0293 	EXP 	polygon2_2: autoDraw = True
47.0293 	EXP 	feedback1_2: autoDraw = True
48.0276 	EXP 	feedback1_2: autoDraw = False
48.0442 	EXP 	arrow1_2: autoDraw = True
49.0280 	EXP 	polygon2_2: autoDraw = False
49.0280 	EXP 	arrow1_2: autoDraw = False
49.0448 	EXP 	ITI_2: autoDraw = True
49.9302 	DATA 	Keypress: 2
51.0175 	EXP 	Created sequence: random, trialTypes=1, nReps=0, seed=None
51.0183 	EXP 	New trial (rep=0, index=2): OrderedDict([('selectBlock', 1)])
51.0201 	EXP 	Created sequence: sequential, trialTypes=1, nReps=1, seed=None
51.0208 	EXP 	New trial (rep=0, index=0): None
51.0454 	EXP 	ITI_2: autoDraw = False
51.0454 	EXP 	polygon2_2: autoDraw = False
51.0454 	EXP 	feedback1_2: autoDraw = False
51.0454 	EXP 	arrow1_2: autoDraw = False
51.0454 	EXP 	ITI_2: autoDraw = False
51.0454 	EXP 	polygon: autoDraw = True
51.0454 	EXP 	text: autoDraw = True
51.5663 	DATA 	Keypress: 2
53.0293 	EXP 	polygon: autoDraw = False
53.0293 	EXP 	text: autoDraw = False
53.0460 	EXP 	ISI: autoDraw = True
55.0466 	EXP 	ISI: autoDraw = False
55.0466 	EXP 	polygon: autoDraw = False
55.0466 	EXP 	text: autoDraw = False
55.0466 	EXP 	ISI: autoDraw = False
55.0466 	EXP 	arrow1_2: color = '[-1.  1. -1.] (rgb)'
55.0466 	EXP 	arrow1_2: text = '+$0.50'
55.0466 	EXP 	polygon2_2: autoDraw = True
55.0466 	EXP 	feedback1_2: autoDraw = True
56.0299 	EXP 	feedback1_2: autoDraw = False
56.0466 	EXP 	arrow1_2: autoDraw = True
57.0306 	EXP 	polygon2_2: autoDraw = False
57.0306 	EXP 	arrow1_2: autoDraw = False
57.0473 	EXP 	ITI_2: autoDraw = True
59.0198 	EXP 	Created sequence: random, trialTypes=1, nReps=0, seed=None
59.0206 	EXP 	New trial (rep=0, index=3): OrderedDict([('selectBlock', 2)])
59.0225 	EXP 	Created sequence: sequential, trialTypes=1, nReps=0, seed=None
59.0233 	EXP 	Created sequence: random, trialTypes=1, nReps=1, seed=None
59.0240 	EXP 	New trial (rep=0, index=0): None
59.0478 	EXP 	ITI_2: autoDraw = False
59.0478 	EXP 	polygon2_2: autoDraw = False
59.0478 	EXP 	feedback1_2: autoDraw = False
59.0478 	EXP 	arrow1_2: autoDraw = False
59.0478 	EXP 	ITI_2: autoDraw = False
59.0478 	EXP 	rectangle: autoDraw = True
59.0478 	EXP 	text1: autoDraw = True
59.5686 	DATA 	Keypress: 2
61.0318 	EXP 	rectangle: autoDraw = False
61.0318 	EXP 	text1: autoDraw = False
61.0484 	EXP 	ISI2: autoDraw = True
63.0490 	EXP 	ISI2: autoDraw = False
63.0490 	EXP 	rectangle: autoDraw = False
63.0490 	EXP 	text1: autoDraw = False
63.0490 	EXP 	ISI2: autoDraw = False
63.0490 	EXP 	feedback2_2: text = 2
63.0490 	EXP 	arrow2_2: color = '[ 1. -1. -1.] (rgb)'
63.0490 	EXP 	arrow2_2: text = '-$0.25'
63.0490 	EXP 	rectangle2_2: autoDraw = True
63.0490 	EXP 	feedback2_2: autoDraw = True
64.0327 	EXP 	feedback2_2: autoDraw = False
64.0492 	EXP 	arrow2_2: autoDraw = True
65.0328 	EXP 	rectangle2_2: autoDraw = False
65.0328 	EXP 	arrow2_2: autoDraw = False
65.0493 	EXP 	ITI2_2: autoDraw = True
67.0221 	EXP 	New trial (rep=0, index=4): OrderedDict([('selectBlock', 1)])
67.0238 	EXP 	Created sequence: sequential, trialTypes=1, nReps=1, seed=None
67.0245 	EXP 	New trial (rep=0, index=0): None
67.0347 	EXP 	ITI2_2: autoDraw = False
67.0347 	EXP 	rectangle2_2: autoDraw = False
67.0347 	EXP 	feedback2_2: autoDraw = False
67.0347 	EXP 	arrow2_2: autoDraw = False
67.0347 	EXP 	ITI2_2: autoDraw = False
67.0347 	EXP 	polygon: autoDraw = True
67.0347 	EXP 	text: autoDraw = True
68.9047 	DATA 	Keypress: 2
69.0342 	EXP 	polygon: autoDraw = False
69.0342 	EXP 	text: autoDraw = False
69.0508 	EXP 	ISI: autoDraw = True
71.0362 	EXP 	ISI: autoDraw = False
71.0362 	EXP 	polygon: autoDraw = False
71.0362 	EXP 	text: autoDraw = False
71.0362 	EXP 	ISI: autoDraw = False
71.0362 	EXP 	arrow1_2: color = '[-1.  1. -1.] (rgb)'
71.0362 	EXP 	arrow1_2: text = '+$0.50'
71.0362 	EXP 	polygon2_2: autoDraw = True
71.0362 	EXP 	feedback1_2: autoDraw = True
72.0349 	EXP 	feedback1_2: autoDraw = False
72.0516 	EXP 	arrow1_2: autoDraw = True
73.0355 	EXP 	polygon2_2: autoDraw = False
73.0355 	EXP 	arrow1_2: autoDraw = False
73.0521 	EXP 	ITI_2: autoDraw = True
75.0245 	EXP 	Created sequence: random, trialTypes=1, nReps=0, seed=None
75.0253 	EXP 	New trial (rep=0, index=5): OrderedDict([('selectBlock', 2)])
75.0272 	EXP 	Created sequence: sequential, trialTypes=1, nReps=0, seed=None
75.0281 	EXP 	Created sequence: random, trialTypes=1, nReps=1, seed=None
75.0287 	EXP 	New trial (rep=0, index=0): None
75.0380 	EXP 	ITI_2: autoDraw = False
75.0380 	EXP 	polygon2_2: autoDraw = False
75.0380 	EXP 	feedback1_2: autoDraw = False
75.0380 	EXP 	arrow1_2: autoDraw = False
75.0380 	EXP 	ITI_2: autoDraw = False
75.0380 	EXP 	rectangle: autoDraw = True
75.0380 	EXP 	text1: autoDraw = True
75.4564 	DATA 	Keypress: 1
77.0364 	EXP 	rectangle: autoDraw = False
77.0364 	EXP 	text1: autoDraw = False
77.0530 	EXP 	ISI2: autoDraw = True
79.0537 	EXP 	ISI2: autoDraw = False
79.0537 	EXP 	rectangle: autoDraw = False
79.0537 	EXP 	text1: autoDraw = False
79.0537 	EXP 	ISI2: autoDraw = False
79.0537 	EXP 	feedback2_2: text = 6
79.0537 	EXP 	arrow2_2: color = '[ 1. -1. -1.] (rgb)'
79.0537 	EXP 	arrow2_2: text = '-$0.25'
79.0537 	EXP 	rectangle2_2: autoDraw = True
79.0537 	EXP 	feedback2_2: autoDraw = True
80.0375 	EXP 	feedback2_2: autoDraw = False
80.0542 	EXP 	arrow2_2: autoDraw = True
81.0378 	EXP 	rectangle2_2: autoDraw = False
81.0378 	EXP 	arrow2_2: autoDraw = False
81.0544 	EXP 	ITI2_2: autoDraw = True
83.0260 	EXP 	New trial (rep=0, index=6): OrderedDict([('selectBlock', 2)])
83.0274 	EXP 	Created sequence: sequential, trialTypes=1, nReps=0, seed=None
83.0281 	EXP 	Created sequence: random, trialTypes=1, nReps=1, seed=None
83.0286 	EXP 	New trial (rep=0, index=0): None
83.0383 	EXP 	ITI2_2: autoDraw = False
83.0383 	EXP 	rectangle2_2: autoDraw = False
83.0383 	EXP 	feedback2_2: autoDraw = False
83.0383 	EXP 	arrow2_2: autoDraw = False
83.0383 	EXP 	ITI2_2: autoDraw = False
83.0383 	EXP 	rectangle: autoDraw = True
83.0383 	EXP 	text1: autoDraw = True
84.2594 	DATA 	Keypress: 2
85.0390 	EXP 	rectangle: autoDraw = False
85.0390 	EXP 	text1: autoDraw = False
85.0557 	EXP 	ISI2: autoDraw = True
87.0560 	EXP 	ISI2: autoDraw = False
87.0560 	EXP 	rectangle: autoDraw = False
87.0560 	EXP 	text1: autoDraw = False
87.0560 	EXP 	ISI2: autoDraw = False
87.0560 	EXP 	feedback2_2: text = 1
87.0560 	EXP 	arrow2_2: color = '[ 1. -1. -1.] (rgb)'
87.0560 	EXP 	arrow2_2: text = '-$0.25'
87.0560 	EXP 	rectangle2_2: autoDraw = True
87.0560 	EXP 	feedback2_2: autoDraw = True
88.0398 	EXP 	feedback2_2: autoDraw = False
88.0566 	EXP 	arrow2_2: autoDraw = True
89.0399 	EXP 	rectangle2_2: autoDraw = False
89.0399 	EXP 	arrow2_2: autoDraw = False
89.0567 	EXP 	ITI2_2: autoDraw = True
91.0270 	EXP 	New trial (rep=0, index=7): OrderedDict([('selectBlock', 2)])
91.0284 	EXP 	Created sequence: sequential, trialTypes=1, nReps=0, seed=None
91.0288 	EXP 	Created sequence: random, trialTypes=1, nReps=1, seed=None
91.0291 	EXP 	New trial (rep=0, index=0): None
91.0407 	EXP 	ITI2_2: autoDraw = False
91.0407 	EXP 	rectangle2_2: autoDraw = False
91.0407 	EXP 	feedback2_2: autoDraw = False
91.0407 	EXP 	arrow2_2: autoDraw = False
91.0407 	EXP 	ITI2_2: autoDraw = False
91.0407 	EXP 	rectangle: autoDraw = True
91.0407 	EXP 	text1: autoDraw = True
91.8280 	DATA 	Keypress: 2
93.0414 	EXP 	rectangle: autoDraw = False
93.0414 	EXP 	text1: autoDraw = False
93.0581 	EXP 	ISI2: autoDraw = True
95.0585 	EXP 	ISI2: autoDraw = False
95.0585 	EXP 	rectangle: autoDraw = False
95.0585 	EXP 	text1: autoDraw = False
95.0585 	EXP 	ISI2: autoDraw = False
95.0585 	EXP 	feedback2_2: text = 1
95.0585 	EXP 	arrow2_2: color = '[ 1. -1. -1.] (rgb)'
95.0585 	EXP 	arrow2_2: text = '-$0.25'
95.0585 	EXP 	rectangle2_2: autoDraw = True
95.0585 	EXP 	feedback2_2: autoDraw = True
96.0423 	EXP 	feedback2_2: autoDraw = False
96.0589 	EXP 	arrow2_2: autoDraw = True
97.0426 	EXP 	rectangle2_2: autoDraw = False
97.0426 	EXP 	arrow2_2: autoDraw = False
97.0591 	EXP 	ITI2_2: autoDraw = True
99.0298 	EXP 	New trial (rep=0, index=8): OrderedDict([('selectBlock', 2)])
99.0307 	EXP 	Created sequence: sequential, trialTypes=1, nReps=0, seed=None
99.0312 	EXP 	Created sequence: random, trialTypes=1, nReps=1, seed=None
99.0316 	EXP 	New trial (rep=0, index=0): None
99.0429 	EXP 	ITI2_2: autoDraw = False
99.0429 	EXP 	rectangle2_2: autoDraw = False
99.0429 	EXP 	feedback2_2: autoDraw = False
99.0429 	EXP 	arrow2_2: autoDraw = False
99.0429 	EXP 	ITI2_2: autoDraw = False
99.0429 	EXP 	rectangle: autoDraw = True
99.0429 	EXP 	text1: autoDraw = True
99.6121 	DATA 	Keypress: 2
101.0438 	EXP 	rectangle: autoDraw = False
101.0438 	EXP 	text1: autoDraw = False
101.0605 	EXP 	ISI2: autoDraw = True
103.0608 	EXP 	ISI2: autoDraw = False
103.0608 	EXP 	rectangle: autoDraw = False
103.0608 	EXP 	text1: autoDraw = False
103.0608 	EXP 	ISI2: autoDraw = False
103.0608 	EXP 	feedback2_2: text = 3
103.0608 	EXP 	arrow2_2: color = '[ 1. -1. -1.] (rgb)'
103.0608 	EXP 	arrow2_2: text = '-$0.25'
103.0608 	EXP 	rectangle2_2: autoDraw = True
103.0608 	EXP 	feedback2_2: autoDraw = True
104.0447 	EXP 	feedback2_2: autoDraw = False
104.0614 	EXP 	arrow2_2: autoDraw = True
105.0450 	EXP 	rectangle2_2: autoDraw = False
105.0450 	EXP 	arrow2_2: autoDraw = False
105.0617 	EXP 	ITI2_2: autoDraw = True
107.0340 	EXP 	New trial (rep=0, index=9): OrderedDict([('selectBlock', 2)])
107.0353 	EXP 	Created sequence: sequential, trialTypes=1, nReps=0, seed=None
107.0363 	EXP 	Created sequence: random, trialTypes=1, nReps=1, seed=None
107.0370 	EXP 	New trial (rep=0, index=0): None
107.0464 	EXP 	ITI2_2: autoDraw = False
107.0464 	EXP 	rectangle2_2: autoDraw = False
107.0464 	EXP 	feedback2_2: autoDraw = False
107.0464 	EXP 	arrow2_2: autoDraw = False
107.0464 	EXP 	ITI2_2: autoDraw = False
107.0464 	EXP 	rectangle: autoDraw = True
107.0464 	EXP 	text1: autoDraw = True
107.7997 	DATA 	Keypress: 1
109.0462 	EXP 	rectangle: autoDraw = False
109.0462 	EXP 	text1: autoDraw = False
109.0629 	EXP 	ISI2: autoDraw = True
111.0633 	EXP 	ISI2: autoDraw = False
111.0633 	EXP 	rectangle: autoDraw = False
111.0633 	EXP 	text1: autoDraw = False
111.0633 	EXP 	ISI2: autoDraw = False
111.0633 	EXP 	feedback2_2: text = 6
111.0633 	EXP 	arrow2_2: color = '[ 1. -1. -1.] (rgb)'
111.0633 	EXP 	arrow2_2: text = '-$0.25'
111.0633 	EXP 	rectangle2_2: autoDraw = True
111.0633 	EXP 	feedback2_2: autoDraw = True
112.0471 	EXP 	feedback2_2: autoDraw = False
112.0638 	EXP 	arrow2_2: autoDraw = True
113.0471 	EXP 	rectangle2_2: autoDraw = False
113.0471 	EXP 	arrow2_2: autoDraw = False
113.0638 	EXP 	ITI2_2: autoDraw = True
115.0362 	EXP 	New trial (rep=0, index=10): OrderedDict([('selectBlock', 1)])
115.0379 	EXP 	Created sequence: sequential, trialTypes=1, nReps=1, seed=None
115.0386 	EXP 	New trial (rep=0, index=0): None
115.0490 	EXP 	ITI2_2: autoDraw = False
115.0490 	EXP 	rectangle2_2: autoDraw = False
115.0490 	EXP 	feedback2_2: autoDraw = False
115.0490 	EXP 	arrow2_2: autoDraw = False
115.0490 	EXP 	ITI2_2: autoDraw = False
115.0490 	EXP 	polygon: autoDraw = True
115.0490 	EXP 	text: autoDraw = True
116.0519 	DATA 	Keypress: 1
117.0486 	EXP 	polygon: autoDraw = False
117.0486 	EXP 	text: autoDraw = False
117.0653 	EXP 	ISI: autoDraw = True
119.0658 	EXP 	ISI: autoDraw = False
119.0658 	EXP 	polygon: autoDraw = False
119.0658 	EXP 	text: autoDraw = False
119.0658 	EXP 	ISI: autoDraw = False
119.0658 	EXP 	arrow1_2: color = '[-1.  1. -1.] (rgb)'
119.0658 	EXP 	arrow1_2: text = '+$0.50'
119.0658 	EXP 	polygon2_2: autoDraw = True
119.0658 	EXP 	feedback1_2: autoDraw = True
120.0495 	EXP 	feedback1_2: autoDraw = False
120.0662 	EXP 	arrow1_2: autoDraw = True
121.0497 	EXP 	polygon2_2: autoDraw = False
121.0497 	EXP 	arrow1_2: autoDraw = False
121.0665 	EXP 	ITI_2: autoDraw = True
123.0376 	EXP 	Created sequence: random, trialTypes=1, nReps=0, seed=None
123.0383 	EXP 	New trial (rep=0, index=11): OrderedDict([('selectBlock', 1)])
123.0399 	EXP 	Created sequence: sequential, trialTypes=1, nReps=1, seed=None
123.0404 	EXP 	New trial (rep=0, index=0): None
123.0502 	EXP 	ITI_2: autoDraw = False
123.0502 	EXP 	polygon2_2: autoDraw = False
123.0502 	EXP 	feedback1_2: autoDraw = False
123.0502 	EXP 	arrow1_2: autoDraw = False
123.0502 	EXP 	ITI_2: autoDraw = False
123.0502 	EXP 	polygon: autoDraw = True
123.0502 	EXP 	text: autoDraw = True
123.8872 	DATA 	Keypress: 2
125.0510 	EXP 	polygon: autoDraw = False
125.0510 	EXP 	text: autoDraw = False
125.0677 	EXP 	ISI: autoDraw = True
127.0511 	EXP 	ISI: autoDraw = False
127.0511 	EXP 	polygon: autoDraw = False
127.0511 	EXP 	text: autoDraw = False
127.0511 	EXP 	ISI: autoDraw = False
127.0511 	EXP 	arrow1_2: color = '[-1.  1. -1.] (rgb)'
127.0511 	EXP 	arrow1_2: text = '+$0.50'
127.0511 	EXP 	polygon2_2: autoDraw = True
127.0511 	EXP 	feedback1_2: autoDraw = True
128.0519 	EXP 	feedback1_2: autoDraw = False
128.0684 	EXP 	arrow1_2: autoDraw = True
129.0522 	EXP 	polygon2_2: autoDraw = False
129.0522 	EXP 	arrow1_2: autoDraw = False
129.0689 	EXP 	ITI_2: autoDraw = True
131.0410 	EXP 	Created sequence: random, trialTypes=1, nReps=0, seed=None
131.0417 	EXP 	New trial (rep=0, index=12): OrderedDict([('selectBlock', 2)])
131.0437 	EXP 	Created sequence: sequential, trialTypes=1, nReps=0, seed=None
131.0445 	EXP 	Created sequence: random, trialTypes=1, nReps=1, seed=None
131.0452 	EXP 	New trial (rep=0, index=0): None
131.0695 	EXP 	ITI_2: autoDraw = False
131.0695 	EXP 	polygon2_2: autoDraw = False
131.0695 	EXP 	feedback1_2: autoDraw = False
131.0695 	EXP 	arrow1_2: autoDraw = False
131.0695 	EXP 	ITI_2: autoDraw = False
131.0695 	EXP 	rectangle: autoDraw = True
131.0695 	EXP 	text1: autoDraw = True
132.1236 	DATA 	Keypress: 1
133.0534 	EXP 	rectangle: autoDraw = False
133.0534 	EXP 	text1: autoDraw = False
133.0701 	EXP 	ISI2: autoDraw = True
135.0706 	EXP 	ISI2: autoDraw = False
135.0706 	EXP 	rectangle: autoDraw = False
135.0706 	EXP 	text1: autoDraw = False
135.0706 	EXP 	ISI2: autoDraw = False
135.0706 	EXP 	feedback2_2: text = 7
135.0706 	EXP 	arrow2_2: color = '[ 1. -1. -1.] (rgb)'
135.0706 	EXP 	arrow2_2: text = '-$0.25'
135.0706 	EXP 	rectangle2_2: autoDraw = True
135.0706 	EXP 	feedback2_2: autoDraw = True
136.0542 	EXP 	feedback2_2: autoDraw = False
136.0710 	EXP 	arrow2_2: autoDraw = True
137.0546 	EXP 	rectangle2_2: autoDraw = False
137.0546 	EXP 	arrow2_2: autoDraw = False
137.0713 	EXP 	ITI2_2: autoDraw = True
139.0418 	EXP 	New trial (rep=0, index=13): OrderedDict([('selectBlock', 1)])
139.0433 	EXP 	Created sequence: sequential, trialTypes=1, nReps=1, seed=None
139.0435 	EXP 	New trial (rep=0, index=0): None
139.0548 	EXP 	ITI2_2: autoDraw = False
139.0548 	EXP 	rectangle2_2: autoDraw = False
139.0548 	EXP 	feedback2_2: autoDraw = False
139.0548 	EXP 	arrow2_2: autoDraw = False
139.0548 	EXP 	ITI2_2: autoDraw = False
139.0548 	EXP 	polygon: autoDraw = True
139.0548 	EXP 	text: autoDraw = True
139.7589 	DATA 	Keypress: 2
141.0558 	EXP 	polygon: autoDraw = False
141.0558 	EXP 	text: autoDraw = False
141.0725 	EXP 	ISI: autoDraw = True
143.0729 	EXP 	ISI: autoDraw = False
143.0729 	EXP 	polygon: autoDraw = False
143.0729 	EXP 	text: autoDraw = False
143.0729 	EXP 	ISI: autoDraw = False
143.0729 	EXP 	arrow1_2: color = '[-1.  1. -1.] (rgb)'
143.0729 	EXP 	arrow1_2: text = '+$0.50'
143.0729 	EXP 	polygon2_2: autoDraw = True
143.0729 	EXP 	feedback1_2: autoDraw = True
144.0567 	EXP 	feedback1_2: autoDraw = False
144.0734 	EXP 	arrow1_2: autoDraw = True
145.0568 	EXP 	polygon2_2: autoDraw = False
145.0568 	EXP 	arrow1_2: autoDraw = False
145.0736 	EXP 	ITI_2: autoDraw = True
147.0456 	EXP 	Created sequence: random, trialTypes=1, nReps=0, seed=None
147.0464 	EXP 	New trial (rep=0, index=14): OrderedDict([('selectBlock', 1)])
147.0484 	EXP 	Created sequence: sequential, trialTypes=1, nReps=1, seed=None
147.0490 	EXP 	New trial (rep=0, index=0): None
147.0594 	EXP 	ITI_2: autoDraw = False
147.0594 	EXP 	polygon2_2: autoDraw = False
147.0594 	EXP 	feedback1_2: autoDraw = False
147.0594 	EXP 	arrow1_2: autoDraw = False
147.0594 	EXP 	ITI_2: autoDraw = False
147.0594 	EXP 	polygon: autoDraw = True
147.0594 	EXP 	text: autoDraw = True
147.9616 	DATA 	Keypress: 1
149.0581 	EXP 	polygon: autoDraw = False
149.0581 	EXP 	text: autoDraw = False
149.0748 	EXP 	ISI: autoDraw = True
151.0589 	EXP 	ISI: autoDraw = False
151.0589 	EXP 	polygon: autoDraw = False
151.0589 	EXP 	text: autoDraw = False
151.0589 	EXP 	ISI: autoDraw = False
151.0589 	EXP 	arrow1_2: color = '[-1.  1. -1.] (rgb)'
151.0589 	EXP 	arrow1_2: text = '+$0.50'
151.0589 	EXP 	polygon2_2: autoDraw = True
151.0589 	EXP 	feedback1_2: autoDraw = True
152.0587 	EXP 	feedback1_2: autoDraw = False
152.0756 	EXP 	arrow1_2: autoDraw = True
153.0592 	EXP 	polygon2_2: autoDraw = False
153.0592 	EXP 	arrow1_2: autoDraw = False
153.0759 	EXP 	ITI_2: autoDraw = True
155.0463 	EXP 	Created sequence: random, trialTypes=1, nReps=0, seed=None
155.0468 	EXP 	New trial (rep=0, index=15): OrderedDict([('selectBlock', 1)])
155.0481 	EXP 	Created sequence: sequential, trialTypes=1, nReps=1, seed=None
155.0485 	EXP 	New trial (rep=0, index=0): None
155.0598 	EXP 	ITI_2: autoDraw = False
155.0598 	EXP 	polygon2_2: autoDraw = False
155.0598 	EXP 	feedback1_2: autoDraw = False
155.0598 	EXP 	arrow1_2: autoDraw = False
155.0598 	EXP 	ITI_2: autoDraw = False
155.0598 	EXP 	polygon: autoDraw = True
155.0598 	EXP 	text: autoDraw = True
155.7978 	DATA 	Keypress: 1
157.0606 	EXP 	polygon: autoDraw = False
157.0606 	EXP 	text: autoDraw = False
157.0773 	EXP 	ISI: autoDraw = True
159.0609 	EXP 	ISI: autoDraw = False
159.0609 	EXP 	polygon: autoDraw = False
159.0609 	EXP 	text: autoDraw = False
159.0609 	EXP 	ISI: autoDraw = False
159.0609 	EXP 	arrow1_2: color = '[-1.  1. -1.] (rgb)'
159.0609 	EXP 	arrow1_2: text = '+$0.50'
159.0609 	EXP 	polygon2_2: autoDraw = True
159.0609 	EXP 	feedback1_2: autoDraw = True
160.0614 	EXP 	feedback1_2: autoDraw = False
160.0782 	EXP 	arrow1_2: autoDraw = True
161.0618 	EXP 	polygon2_2: autoDraw = False
161.0618 	EXP 	arrow1_2: autoDraw = False
161.0785 	EXP 	ITI_2: autoDraw = True
163.0487 	EXP 	Created sequence: random, trialTypes=1, nReps=0, seed=None
163.0491 	EXP 	New trial (rep=0, index=16): OrderedDict([('selectBlock', 2)])
163.0505 	EXP 	Created sequence: sequential, trialTypes=1, nReps=0, seed=None
163.0510 	EXP 	Created sequence: random, trialTypes=1, nReps=1, seed=None
163.0514 	EXP 	New trial (rep=0, index=0): None
163.0624 	EXP 	ITI_2: autoDraw = False
163.0624 	EXP 	polygon2_2: autoDraw = False
163.0624 	EXP 	feedback1_2: autoDraw = False
163.0624 	EXP 	arrow1_2: autoDraw = False
163.0624 	EXP 	ITI_2: autoDraw = False
163.0624 	EXP 	rectangle: autoDraw = True
163.0624 	EXP 	text1: autoDraw = True
163.6498 	DATA 	Keypress: 2
165.0631 	EXP 	rectangle: autoDraw = False
165.0631 	EXP 	text1: autoDraw = False
165.0796 	EXP 	ISI2: autoDraw = True
167.0637 	EXP 	ISI2: autoDraw = False
167.0637 	EXP 	rectangle: autoDraw = False
167.0637 	EXP 	text1: autoDraw = False
167.0637 	EXP 	ISI2: autoDraw = False
167.0637 	EXP 	feedback2_2: text = 2
167.0637 	EXP 	arrow2_2: color = '[ 1. -1. -1.] (rgb)'
167.0637 	EXP 	arrow2_2: text = '-$0.25'
167.0637 	EXP 	rectangle2_2: autoDraw = True
167.0637 	EXP 	feedback2_2: autoDraw = True
168.0635 	EXP 	feedback2_2: autoDraw = False
168.0802 	EXP 	arrow2_2: autoDraw = True
169.0638 	EXP 	rectangle2_2: autoDraw = False
169.0638 	EXP 	arrow2_2: autoDraw = False
169.0805 	EXP 	ITI2_2: autoDraw = True
171.0504 	EXP 	New trial (rep=0, index=17): OrderedDict([('selectBlock', 1)])
171.0520 	EXP 	Created sequence: sequential, trialTypes=1, nReps=1, seed=None
171.0523 	EXP 	New trial (rep=0, index=0): None
171.0648 	EXP 	ITI2_2: autoDraw = False
171.0648 	EXP 	rectangle2_2: autoDraw = False
171.0648 	EXP 	feedback2_2: autoDraw = False
171.0648 	EXP 	arrow2_2: autoDraw = False
171.0648 	EXP 	ITI2_2: autoDraw = False
171.0648 	EXP 	polygon: autoDraw = True
171.0648 	EXP 	text: autoDraw = True
171.9856 	DATA 	Keypress: 2
173.0654 	EXP 	polygon: autoDraw = False
173.0654 	EXP 	text: autoDraw = False
173.0821 	EXP 	ISI: autoDraw = True
175.0662 	EXP 	ISI: autoDraw = False
175.0662 	EXP 	polygon: autoDraw = False
175.0662 	EXP 	text: autoDraw = False
175.0662 	EXP 	ISI: autoDraw = False
175.0662 	EXP 	arrow1_2: color = '[-1.  1. -1.] (rgb)'
175.0662 	EXP 	arrow1_2: text = '+$0.50'
175.0662 	EXP 	polygon2_2: autoDraw = True
175.0662 	EXP 	feedback1_2: autoDraw = True
176.0663 	EXP 	feedback1_2: autoDraw = False
176.0830 	EXP 	arrow1_2: autoDraw = True
177.0665 	EXP 	polygon2_2: autoDraw = False
177.0665 	EXP 	arrow1_2: autoDraw = False
177.0832 	EXP 	ITI_2: autoDraw = True
179.0553 	EXP 	Created sequence: random, trialTypes=1, nReps=0, seed=None
179.0559 	EXP 	New trial (rep=0, index=18): OrderedDict([('selectBlock', 2)])
179.0576 	EXP 	Created sequence: sequential, trialTypes=1, nReps=0, seed=None
179.0583 	EXP 	Created sequence: random, trialTypes=1, nReps=1, seed=None
179.0589 	EXP 	New trial (rep=0, index=0): None
179.0683 	EXP 	ITI_2: autoDraw = False
179.0683 	EXP 	polygon2_2: autoDraw = False
179.0683 	EXP 	feedback1_2: autoDraw = False
179.0683 	EXP 	arrow1_2: autoDraw = False
179.0683 	EXP 	ITI_2: autoDraw = False
179.0683 	EXP 	rectangle: autoDraw = True
179.0683 	EXP 	text1: autoDraw = True
179.6870 	DATA 	Keypress: 1
181.0677 	EXP 	rectangle: autoDraw = False
181.0677 	EXP 	text1: autoDraw = False
181.0842 	EXP 	ISI2: autoDraw = True
183.0850 	EXP 	ISI2: autoDraw = False
183.0850 	EXP 	rectangle: autoDraw = False
183.0850 	EXP 	text1: autoDraw = False
183.0850 	EXP 	ISI2: autoDraw = False
183.0850 	EXP 	feedback2_2: text = 7
183.0850 	EXP 	arrow2_2: color = '[ 1. -1. -1.] (rgb)'
183.0850 	EXP 	arrow2_2: text = '-$0.25'
183.0850 	EXP 	rectangle2_2: autoDraw = True
183.0850 	EXP 	feedback2_2: autoDraw = True
184.0688 	EXP 	feedback2_2: autoDraw = False
184.0854 	EXP 	arrow2_2: autoDraw = True
185.0690 	EXP 	rectangle2_2: autoDraw = False
185.0690 	EXP 	arrow2_2: autoDraw = False
185.0857 	EXP 	ITI2_2: autoDraw = True
187.0559 	EXP 	New trial (rep=0, index=19): OrderedDict([('selectBlock', 1)])
187.0565 	EXP 	Created sequence: sequential, trialTypes=1, nReps=1, seed=None
187.0569 	EXP 	New trial (rep=0, index=0): None
187.0694 	EXP 	ITI2_2: autoDraw = False
187.0694 	EXP 	rectangle2_2: autoDraw = False
187.0694 	EXP 	feedback2_2: autoDraw = False
187.0694 	EXP 	arrow2_2: autoDraw = False
187.0694 	EXP 	ITI2_2: autoDraw = False
187.0694 	EXP 	polygon: autoDraw = True
187.0694 	EXP 	text: autoDraw = True
187.8072 	DATA 	Keypress: 1
189.0702 	EXP 	polygon: autoDraw = False
189.0702 	EXP 	text: autoDraw = False
189.0869 	EXP 	ISI: autoDraw = True
191.0705 	EXP 	ISI: autoDraw = False
191.0705 	EXP 	polygon: autoDraw = False
191.0705 	EXP 	text: autoDraw = False
191.0705 	EXP 	ISI: autoDraw = False
191.0705 	EXP 	arrow1_2: color = '[-1.  1. -1.] (rgb)'
191.0705 	EXP 	arrow1_2: text = '+$0.50'
191.0705 	EXP 	polygon2_2: autoDraw = True
191.0705 	EXP 	feedback1_2: autoDraw = True
192.0710 	EXP 	feedback1_2: autoDraw = False
192.0878 	EXP 	arrow1_2: autoDraw = True
193.0714 	EXP 	polygon2_2: autoDraw = False
193.0714 	EXP 	arrow1_2: autoDraw = False
193.0879 	EXP 	ITI_2: autoDraw = True
195.0609 	EXP 	Created sequence: random, trialTypes=1, nReps=0, seed=None
195.0616 	EXP 	New trial (rep=0, index=20): OrderedDict([('selectBlock', 1)])
195.0635 	EXP 	Created sequence: sequential, trialTypes=1, nReps=1, seed=None
195.0641 	EXP 	New trial (rep=0, index=0): None
195.0887 	EXP 	ITI_2: autoDraw = False
195.0887 	EXP 	polygon2_2: autoDraw = False
195.0887 	EXP 	feedback1_2: autoDraw = False
195.0887 	EXP 	arrow1_2: autoDraw = False
195.0887 	EXP 	ITI_2: autoDraw = False
195.0887 	EXP 	polygon: autoDraw = True
195.0887 	EXP 	text: autoDraw = True
195.6426 	DATA 	Keypress: 2
197.0725 	EXP 	polygon: autoDraw = False
197.0725 	EXP 	text: autoDraw = False
197.0892 	EXP 	ISI: autoDraw = True
199.0896 	EXP 	ISI: autoDraw = False
199.0896 	EXP 	polygon: autoDraw = False
199.0896 	EXP 	text: autoDraw = False
199.0896 	EXP 	ISI: autoDraw = False
199.0896 	EXP 	arrow1_2: color = '[-1.  1. -1.] (rgb)'
199.0896 	EXP 	arrow1_2: text = '+$0.50'
199.0896 	EXP 	polygon2_2: autoDraw = True
199.0896 	EXP 	feedback1_2: autoDraw = True
200.0736 	EXP 	feedback1_2: autoDraw = False
200.0901 	EXP 	arrow1_2: autoDraw = True
201.0738 	EXP 	polygon2_2: autoDraw = False
201.0738 	EXP 	arrow1_2: autoDraw = False
201.0902 	EXP 	ITI_2: autoDraw = True
203.0631 	EXP 	Created sequence: random, trialTypes=1, nReps=0, seed=None
203.0637 	EXP 	New trial (rep=0, index=21): OrderedDict([('selectBlock', 1)])
203.0656 	EXP 	Created sequence: sequential, trialTypes=1, nReps=1, seed=None
203.0662 	EXP 	New trial (rep=0, index=0): None
203.0752 	EXP 	ITI_2: autoDraw = False
203.0752 	EXP 	polygon2_2: autoDraw = False
203.0752 	EXP 	feedback1_2: autoDraw = False
203.0752 	EXP 	arrow1_2: autoDraw = False
203.0752 	EXP 	ITI_2: autoDraw = False
203.0752 	EXP 	polygon: autoDraw = True
203.0752 	EXP 	text: autoDraw = True
203.7281 	DATA 	Keypress: 2
205.0749 	EXP 	polygon: autoDraw = False
205.0749 	EXP 	text: autoDraw = False
205.0915 	EXP 	ISI: autoDraw = True
207.0923 	EXP 	ISI: autoDraw = False
207.0923 	EXP 	polygon: autoDraw = False
207.0923 	EXP 	text: autoDraw = False
207.0923 	EXP 	ISI: autoDraw = False
207.0923 	EXP 	arrow1_2: color = '[-1.  1. -1.] (rgb)'
207.0923 	EXP 	arrow1_2: text = '+$0.50'
207.0923 	EXP 	polygon2_2: autoDraw = True
207.0923 	EXP 	feedback1_2: autoDraw = True
208.0757 	EXP 	feedback1_2: autoDraw = False
208.0925 	EXP 	arrow1_2: autoDraw = True
209.0760 	EXP 	polygon2_2: autoDraw = False
209.0760 	EXP 	arrow1_2: autoDraw = False
209.0928 	EXP 	ITI_2: autoDraw = True
211.0637 	EXP 	Created sequence: random, trialTypes=1, nReps=0, seed=None
211.0641 	EXP 	New trial (rep=0, index=22): OrderedDict([('selectBlock', 1)])
211.0673 	EXP 	Created sequence: sequential, trialTypes=1, nReps=1, seed=None
211.0676 	EXP 	New trial (rep=0, index=0): None
211.0765 	EXP 	ITI_2: autoDraw = False
211.0765 	EXP 	polygon2_2: autoDraw = False
211.0765 	EXP 	feedback1_2: autoDraw = False
211.0765 	EXP 	arrow1_2: autoDraw = False
211.0765 	EXP 	ITI_2: autoDraw = False
211.0765 	EXP 	polygon: autoDraw = True
211.0765 	EXP 	text: autoDraw = True
211.8643 	DATA 	Keypress: 1
213.0774 	EXP 	polygon: autoDraw = False
213.0774 	EXP 	text: autoDraw = False
213.0940 	EXP 	ISI: autoDraw = True
215.0947 	EXP 	ISI: autoDraw = False
215.0947 	EXP 	polygon: autoDraw = False
215.0947 	EXP 	text: autoDraw = False
215.0947 	EXP 	ISI: autoDraw = False
215.0947 	EXP 	arrow1_2: color = '[-1.  1. -1.] (rgb)'
215.0947 	EXP 	arrow1_2: text = '+$0.50'
215.0947 	EXP 	polygon2_2: autoDraw = True
215.0947 	EXP 	feedback1_2: autoDraw = True
216.0782 	EXP 	feedback1_2: autoDraw = False
216.0950 	EXP 	arrow1_2: autoDraw = True
217.0786 	EXP 	polygon2_2: autoDraw = False
217.0786 	EXP 	arrow1_2: autoDraw = False
217.0953 	EXP 	ITI_2: autoDraw = True
219.0637 	EXP 	Created sequence: random, trialTypes=1, nReps=0, seed=None
219.0639 	EXP 	New trial (rep=0, index=23): OrderedDict([('selectBlock', 2)])
219.0647 	EXP 	Created sequence: sequential, trialTypes=1, nReps=0, seed=None
219.0649 	EXP 	Created sequence: random, trialTypes=1, nReps=1, seed=None
219.0651 	EXP 	New trial (rep=0, index=0): None
219.0791 	EXP 	ITI_2: autoDraw = False
219.0791 	EXP 	polygon2_2: autoDraw = False
219.0791 	EXP 	feedback1_2: autoDraw = False
219.0791 	EXP 	arrow1_2: autoDraw = False
219.0791 	EXP 	ITI_2: autoDraw = False
219.0791 	EXP 	rectangle: autoDraw = True
219.0791 	EXP 	text1: autoDraw = True
219.8335 	DATA 	Keypress: 2
221.0799 	EXP 	rectangle: autoDraw = False
221.0799 	EXP 	text1: autoDraw = False
221.0965 	EXP 	ISI2: autoDraw = True
223.0969 	EXP 	ISI2: autoDraw = False
223.0969 	EXP 	rectangle: autoDraw = False
223.0969 	EXP 	text1: autoDraw = False
223.0969 	EXP 	ISI2: autoDraw = False
223.0969 	EXP 	feedback2_2: text = 3
223.0969 	EXP 	arrow2_2: color = '[ 1. -1. -1.] (rgb)'
223.0969 	EXP 	arrow2_2: text = '-$0.25'
223.0969 	EXP 	rectangle2_2: autoDraw = True
223.0969 	EXP 	feedback2_2: autoDraw = True
224.0807 	EXP 	feedback2_2: autoDraw = False
224.0974 	EXP 	arrow2_2: autoDraw = True
225.0811 	EXP 	rectangle2_2: autoDraw = False
225.0811 	EXP 	arrow2_2: autoDraw = False
225.0977 	EXP 	ITI2_2: autoDraw = True
227.0692 	EXP 	New trial (rep=0, index=24): OrderedDict([('selectBlock', 1)])
227.0709 	EXP 	Created sequence: sequential, trialTypes=1, nReps=1, seed=None
227.0715 	EXP 	New trial (rep=0, index=0): None
227.0817 	EXP 	rectangle2_2: autoDraw = False
227.0817 	EXP 	feedback2_2: autoDraw = False
227.0817 	EXP 	arrow2_2: autoDraw = False
227.0817 	EXP 	ITI2_2: autoDraw = False
227.0817 	EXP 	polygon: autoDraw = True
227.0817 	EXP 	text: autoDraw = True
227.5860 	DATA 	Keypress: 2
229.0822 	EXP 	polygon: autoDraw = False
229.0822 	EXP 	text: autoDraw = False
229.0989 	EXP 	ISI: autoDraw = True
231.0991 	EXP 	ISI: autoDraw = False
231.0991 	EXP 	polygon: autoDraw = False
231.0991 	EXP 	text: autoDraw = False
231.0991 	EXP 	ISI: autoDraw = False
231.0991 	EXP 	arrow1_2: color = '[-1.  1. -1.] (rgb)'
231.0991 	EXP 	arrow1_2: text = '+$0.50'
231.0991 	EXP 	polygon2_2: autoDraw = True
231.0991 	EXP 	feedback1_2: autoDraw = True
232.0830 	EXP 	feedback1_2: autoDraw = False
232.0998 	EXP 	arrow1_2: autoDraw = True
233.0835 	EXP 	polygon2_2: autoDraw = False
233.0835 	EXP 	arrow1_2: autoDraw = False
233.1001 	EXP 	ITI_2: autoDraw = True
235.0713 	EXP 	Created sequence: random, trialTypes=1, nReps=0, seed=None
235.0840 	EXP 	ITI_2: autoDraw = False
235.0840 	EXP 	polygon2_2: autoDraw = False
235.0840 	EXP 	feedback1_2: autoDraw = False
235.0840 	EXP 	arrow1_2: autoDraw = False
235.0840 	EXP 	ITI_2: autoDraw = False
235.0840 	EXP 	Finished: autoDraw = True
241.0040 	DATA 	Keypress: space
241.0189 	EXP 	Finished: autoDraw = False
241.1366 	EXP 	window1: mouseVisible = True
