17.9290 	WARNING 	User requested fullscreen with size [1024  768], but screen is actually [1920, 1080]. Using actual size
19.3806 	EXP 	Created window1 = Window(allowGUI=False, allowStencil=False, args=UNKNOWN, autoLog=True, bitsMode=UNKNOWN, blendMode='avg', color=array([0., 0., 0.]), colorSpace='rgb', fullscr=<method-wrapper '__getattribute__' of attributeSetter object at 0x000000001AADE048>, gamma=None, kwargs=UNKNOWN, lms=UNKNOWN, monitor=<psychopy.monitors.calibTools.Monitor object at 0x000000001AB23E10>, multiSample=False, name='window1', numSamples=2, pos=[0.0, 0.0], screen=0, size=array([1920, 1080]), stereo=False, units='norm', useFBO=True, useRetina=False, viewOri=0.0, viewPos=None, viewScale=None, waitBlanking=True, winType='pyglet')
19.3807 	EXP 	window1: recordFrameIntervals = False
19.5464 	EXP 	window1: recordFrameIntervals = True
19.7299 	EXP 	window1: recordFrameIntervals = False
20.1074 	EXP 	Created Welcome = TextStim(__class__=<class 'psychopy.visual.text.TextStim'>, alignHoriz='center', alignVert='center', antialias=True, autoLog=True, bold=False, color='white', colorSpace='named', contrast=1.0, depth=0.0, flipHoriz=False, flipVert=False, font='Arial', fontFiles=[], height=0.1, italic=False, languageStyle='LTR', name='Welcome', opacity=1.0, ori=0, pos=array([0., 0.]), rgb=array([255., 255., 255.]), text=str(...), units='norm', win=Window(...), wrapWidth=1)
20.1102 	EXP 	Created firstTrialITI = TextStim(__class__=<class 'psychopy.visual.text.TextStim'>, alignHoriz='center', alignVert='center', antialias=True, autoLog=True, bold=False, color='white', colorSpace='named', contrast=1.0, depth=0.0, flipHoriz=False, flipVert=False, font='Arial', fontFiles=[], height=0.1, italic=False, languageStyle='LTR', name='firstTrialITI', opacity=1.0, ori=0, pos=array([0., 0.]), rgb=array([255., 255., 255.]), text='+', units='norm', win=Window(...), wrapWidth=1)
20.1119 	EXP 	Created polygon = Rect(__class__=<class 'psychopy.visual.rect.Rect'>, autoDraw=False, autoLog=True, closeShape=True, color=method-wrapper(...), colorSpace=None, contrast=1.0, depth=0.0, fillColor=array([0., 0., 0.]), fillColorSpace='rgb', fillRGB=array([0., 0., 0.]), interpolate=True, lineColor=array([1., 1., 1.]), lineColorSpace='rgb', lineRGB=array([1., 1., 1.]), lineWidth=5, name='polygon', opacity=1.0, ori=array(0.), pos=array([0., 0.]), size=array([1., 1.]), units='norm', vertices=ndarray(...), win=Window(...))
20.1147 	EXP 	Created text = TextStim(__class__=<class 'psychopy.visual.text.TextStim'>, alignHoriz='center', alignVert='center', antialias=True, autoLog=True, bold=False, color='white', colorSpace='named', contrast=1.0, depth=-1.0, flipHoriz=False, flipVert=False, font='Arial', fontFiles=[], height=0.1, italic=False, languageStyle='LTR', name='text', opacity=1.0, ori=0, pos=array([0., 0.]), rgb=array([255., 255., 255.]), text='?', units='norm', win=Window(...), wrapWidth=1)
20.1165 	EXP 	Created ISI = TextStim(__class__=<class 'psychopy.visual.text.TextStim'>, alignHoriz='center', alignVert='center', antialias=True, autoLog=True, bold=False, color='white', colorSpace='named', contrast=1.0, depth=-4.0, flipHoriz=False, flipVert=False, font='Arial', fontFiles=[], height=0.1, italic=False, languageStyle='LTR', name='ISI', opacity=1.0, ori=0, pos=array([0., 0.]), rgb=array([255., 255., 255.]), text='+', units='norm', win=Window(...), wrapWidth=1)
20.1175 	EXP 	Created polygon2_2 = Rect(__class__=<class 'psychopy.visual.rect.Rect'>, autoDraw=False, autoLog=True, closeShape=True, color=method-wrapper(...), colorSpace=None, contrast=1.0, depth=0.0, fillColor=array([0., 0., 0.]), fillColorSpace='rgb', fillRGB=array([0., 0., 0.]), interpolate=True, lineColor=array([1., 1., 1.]), lineColorSpace='rgb', lineRGB=array([1., 1., 1.]), lineWidth=5, name='polygon2_2', opacity=1.0, ori=array(0.), pos=array([0., 0.]), size=array([1., 1.]), units='norm', vertices=ndarray(...), win=Window(...))
20.1226 	EXP 	Created feedback1_2 = TextStim(__class__=<class 'psychopy.visual.text.TextStim'>, alignHoriz='center', alignVert='center', antialias=True, autoLog=True, bold=False, color='white', colorSpace='named', contrast=1.0, depth=-1.0, flipHoriz=False, flipVert=False, font='Arial', fontFiles=[], height=0.1, italic=False, languageStyle='LTR', name='feedback1_2', opacity=1.0, ori=0, pos=array([0., 0.]), rgb=array([255., 255., 255.]), text='default text', units='norm', win=Window(...), wrapWidth=1)
20.1265 	EXP 	Created arrow1_2 = TextStim(__class__=<class 'psychopy.visual.text.TextStim'>, alignHoriz='center', alignVert='center', antialias=True, autoLog=True, bold=False, color='white', colorSpace='named', contrast=1.0, depth=-2.0, flipHoriz=False, flipVert=False, font='Arial', fontFiles=[], height=0.1, italic=False, languageStyle='LTR', name='arrow1_2', opacity=1.0, ori=0, pos=array([0., 0.]), rgb=array([255., 255., 255.]), text='default text', units='norm', win=Window(...), wrapWidth=1)
20.1283 	EXP 	Created ITI_2 = TextStim(__class__=<class 'psychopy.visual.text.TextStim'>, alignHoriz='center', alignVert='center', antialias=True, autoLog=True, bold=False, color='white', colorSpace='named', contrast=1.0, depth=-3.0, flipHoriz=False, flipVert=False, font='Arial', fontFiles=[], height=0.1, italic=False, languageStyle='LTR', name='ITI_2', opacity=1.0, ori=0, pos=array([0., 0.]), rgb=array([255., 255., 255.]), text='+', units='norm', win=Window(...), wrapWidth=1)
20.1293 	EXP 	Created rectangle = Rect(__class__=<class 'psychopy.visual.rect.Rect'>, autoDraw=False, autoLog=True, closeShape=True, color=method-wrapper(...), colorSpace=None, contrast=1.0, depth=0.0, fillColor=array([0., 0., 0.]), fillColorSpace='rgb', fillRGB=array([0., 0., 0.]), interpolate=True, lineColor=array([1., 1., 1.]), lineColorSpace='rgb', lineRGB=array([1., 1., 1.]), lineWidth=5, name='rectangle', opacity=1.0, ori=array(0.), pos=array([0., 0.]), size=array([1., 1.]), units='norm', vertices=ndarray(...), win=Window(...))
20.1310 	EXP 	Created text1 = TextStim(__class__=<class 'psychopy.visual.text.TextStim'>, alignHoriz='center', alignVert='center', antialias=True, autoLog=True, bold=False, color='white', colorSpace='named', contrast=1.0, depth=-1.0, flipHoriz=False, flipVert=False, font='Arial', fontFiles=[], height=0.1, italic=False, languageStyle='LTR', name='text1', opacity=1.0, ori=0, pos=array([0., 0.]), rgb=array([255., 255., 255.]), text='?', units='norm', win=Window(...), wrapWidth=1)
20.1327 	EXP 	Created ISI2 = TextStim(__class__=<class 'psychopy.visual.text.TextStim'>, alignHoriz='center', alignVert='center', antialias=True, autoLog=True, bold=False, color='white', colorSpace='named', contrast=1.0, depth=-4.0, flipHoriz=False, flipVert=False, font='Arial', fontFiles=[], height=0.1, italic=False, languageStyle='LTR', name='ISI2', opacity=1.0, ori=0, pos=array([0., 0.]), rgb=array([255., 255., 255.]), text='+', units='norm', win=Window(...), wrapWidth=1)
20.1337 	EXP 	Created rectangle2_2 = Rect(__class__=<class 'psychopy.visual.rect.Rect'>, autoDraw=False, autoLog=True, closeShape=True, color=method-wrapper(...), colorSpace=None, contrast=1.0, depth=0.0, fillColor=array([0., 0., 0.]), fillColorSpace='rgb', fillRGB=array([0., 0., 0.]), interpolate=True, lineColor=array([1., 1., 1.]), lineColorSpace='rgb', lineRGB=array([1., 1., 1.]), lineWidth=5, name='rectangle2_2', opacity=1.0, ori=array(0.), pos=array([0., 0.]), size=array([1., 1.]), units='norm', vertices=ndarray(...), win=Window(...))
20.1377 	EXP 	Created feedback2_2 = TextStim(__class__=<class 'psychopy.visual.text.TextStim'>, alignHoriz='center', alignVert='center', antialias=True, autoLog=True, bold=False, color=array([1., 1., 1.]), colorSpace='rgb', contrast=1.0, depth=-1.0, flipHoriz=False, flipVert=False, font='Arial', fontFiles=[], height=0.1, italic=False, languageStyle='LTR', name='feedback2_2', opacity=1.0, ori=0, pos=array([0., 0.]), rgb=array([1., 1., 1.]), text='default text', units='norm', win=Window(...), wrapWidth=1)
20.1420 	EXP 	Created arrow2_2 = TextStim(__class__=<class 'psychopy.visual.text.TextStim'>, alignHoriz='center', alignVert='center', antialias=True, autoLog=True, bold=False, color='white', colorSpace='named', contrast=1.0, depth=-2.0, flipHoriz=False, flipVert=False, font='Arial', fontFiles=[], height=0.1, italic=False, languageStyle='LTR', name='arrow2_2', opacity=1.0, ori=0, pos=array([0., 0.]), rgb=array([255., 255., 255.]), text='default text', units='norm', win=Window(...), wrapWidth=0.2)
20.1438 	EXP 	Created ITI2_2 = TextStim(__class__=<class 'psychopy.visual.text.TextStim'>, alignHoriz='center', alignVert='center', antialias=True, autoLog=True, bold=False, color='white', colorSpace='named', contrast=1.0, depth=-3.0, flipHoriz=False, flipVert=False, font='Arial', fontFiles=[], height=0.1, italic=False, languageStyle='LTR', name='ITI2_2', opacity=1.0, ori=0, pos=array([0., 0.]), rgb=array([255., 255., 255.]), text='+', units='norm', win=Window(...), wrapWidth=1)
20.1653 	EXP 	Created Finished = TextStim(__class__=<class 'psychopy.visual.text.TextStim'>, alignHoriz='center', alignVert='center', antialias=True, autoLog=True, bold=False, color='white', colorSpace='named', contrast=1.0, depth=0.0, flipHoriz=False, flipVert=False, font='Arial', fontFiles=[], height=0.1, italic=False, languageStyle='LTR', name='Finished', opacity=1.0, ori=0, pos=array([0., 0.]), rgb=array([255., 255., 255.]), text=str(...), units='norm', win=Window(...), wrapWidth=1)
20.1974 	EXP 	Welcome: autoDraw = True
38.6891 	DATA 	Keypress: space
38.7185 	EXP 	Welcome: autoDraw = False
38.7185 	EXP 	firstTrialITI: autoDraw = True
44.8092 	EXP 	Imported spreadsheet5.xlsx as conditions, 25 conditions, 1 params
44.8095 	EXP 	Created sequence: fullRandom, trialTypes=25, nReps=1, seed=None
44.8097 	EXP 	New trial (rep=0, index=0): OrderedDict([('selectBlock', 2)])
44.8104 	EXP 	Created sequence: sequential, trialTypes=1, nReps=0, seed=None
44.8106 	EXP 	Created sequence: random, trialTypes=1, nReps=1, seed=None
44.8108 	EXP 	New trial (rep=0, index=0): None
44.8208 	EXP 	firstTrialITI: autoDraw = False
44.8208 	EXP 	firstTrialITI: autoDraw = False
44.8208 	EXP 	rectangle: autoDraw = True
44.8208 	EXP 	text1: autoDraw = True
46.8209 	EXP 	rectangle: autoDraw = False
46.8209 	EXP 	text1: autoDraw = False
46.8376 	EXP 	ISI2: autoDraw = True
47.5571 	DATA 	Keypress: 1
48.8549 	EXP 	ISI2: autoDraw = False
48.8549 	EXP 	rectangle: autoDraw = False
48.8549 	EXP 	text1: autoDraw = False
48.8549 	EXP 	ISI2: autoDraw = False
48.8549 	EXP 	feedback2_2: text = 'No Response'
48.8549 	EXP 	arrow2_2: color = '[1. 1. 1.] (rgb)'
48.8549 	EXP 	arrow2_2: text = '#'
48.8549 	EXP 	rectangle2_2: autoDraw = True
48.8549 	EXP 	feedback2_2: autoDraw = True
49.8217 	EXP 	feedback2_2: autoDraw = False
49.8385 	EXP 	arrow2_2: autoDraw = True
50.8221 	EXP 	rectangle2_2: autoDraw = False
50.8221 	EXP 	arrow2_2: autoDraw = False
50.8388 	EXP 	ITI2_2: autoDraw = True
50.9083 	DATA 	Keypress: 2
52.8106 	EXP 	New trial (rep=0, index=1): OrderedDict([('selectBlock', 1)])
52.8125 	EXP 	Created sequence: sequential, trialTypes=1, nReps=1, seed=None
52.8132 	EXP 	New trial (rep=0, index=0): None
52.8239 	EXP 	ITI2_2: autoDraw = False
52.8239 	EXP 	rectangle2_2: autoDraw = False
52.8239 	EXP 	feedback2_2: autoDraw = False
52.8239 	EXP 	arrow2_2: autoDraw = False
52.8239 	EXP 	ITI2_2: autoDraw = False
52.8239 	EXP 	polygon: autoDraw = True
52.8239 	EXP 	text: autoDraw = True
53.2936 	DATA 	Keypress: 1
54.8232 	EXP 	polygon: autoDraw = False
54.8232 	EXP 	text: autoDraw = False
54.8399 	EXP 	ISI: autoDraw = True
56.8571 	EXP 	ISI: autoDraw = False
56.8571 	EXP 	polygon: autoDraw = False
56.8571 	EXP 	text: autoDraw = False
56.8571 	EXP 	ISI: autoDraw = False
56.8571 	EXP 	arrow1_2: color = '[-1.  1. -1.] (rgb)'
56.8571 	EXP 	arrow1_2: text = '+$0.50'
56.8571 	EXP 	polygon2_2: autoDraw = True
56.8571 	EXP 	feedback1_2: autoDraw = True
57.8240 	EXP 	feedback1_2: autoDraw = False
57.8408 	EXP 	arrow1_2: autoDraw = True
58.8243 	EXP 	polygon2_2: autoDraw = False
58.8243 	EXP 	arrow1_2: autoDraw = False
58.8410 	EXP 	ITI_2: autoDraw = True
60.8129 	EXP 	Created sequence: random, trialTypes=1, nReps=0, seed=None
60.8137 	EXP 	New trial (rep=0, index=2): OrderedDict([('selectBlock', 1)])
60.8158 	EXP 	Created sequence: sequential, trialTypes=1, nReps=1, seed=None
60.8165 	EXP 	New trial (rep=0, index=0): None
60.8266 	EXP 	ITI_2: autoDraw = False
60.8266 	EXP 	polygon2_2: autoDraw = False
60.8266 	EXP 	feedback1_2: autoDraw = False
60.8266 	EXP 	arrow1_2: autoDraw = False
60.8266 	EXP 	ITI_2: autoDraw = False
60.8266 	EXP 	polygon: autoDraw = True
60.8266 	EXP 	text: autoDraw = True
61.5959 	DATA 	Keypress: 1
62.8255 	EXP 	polygon: autoDraw = False
62.8255 	EXP 	text: autoDraw = False
62.8422 	EXP 	ISI: autoDraw = True
64.8429 	EXP 	ISI: autoDraw = False
64.8429 	EXP 	polygon: autoDraw = False
64.8429 	EXP 	text: autoDraw = False
64.8429 	EXP 	ISI: autoDraw = False
64.8429 	EXP 	arrow1_2: color = '[-1.  1. -1.] (rgb)'
64.8429 	EXP 	arrow1_2: text = '+$0.50'
64.8429 	EXP 	polygon2_2: autoDraw = True
64.8429 	EXP 	feedback1_2: autoDraw = True
65.8261 	EXP 	feedback1_2: autoDraw = False
65.8428 	EXP 	arrow1_2: autoDraw = True
66.8267 	EXP 	polygon2_2: autoDraw = False
66.8267 	EXP 	arrow1_2: autoDraw = False
66.8434 	EXP 	ITI_2: autoDraw = True
68.8152 	EXP 	Created sequence: random, trialTypes=1, nReps=0, seed=None
68.8159 	EXP 	New trial (rep=0, index=3): OrderedDict([('selectBlock', 2)])
68.8181 	EXP 	Created sequence: sequential, trialTypes=1, nReps=0, seed=None
68.8189 	EXP 	Created sequence: random, trialTypes=1, nReps=1, seed=None
68.8195 	EXP 	New trial (rep=0, index=0): None
68.8289 	EXP 	ITI_2: autoDraw = False
68.8289 	EXP 	polygon2_2: autoDraw = False
68.8289 	EXP 	feedback1_2: autoDraw = False
68.8289 	EXP 	arrow1_2: autoDraw = False
68.8289 	EXP 	ITI_2: autoDraw = False
68.8289 	EXP 	rectangle: autoDraw = True
68.8289 	EXP 	text1: autoDraw = True
69.1481 	DATA 	Keypress: 2
70.8279 	EXP 	rectangle: autoDraw = False
70.8279 	EXP 	text1: autoDraw = False
70.8445 	EXP 	ISI2: autoDraw = True
72.8453 	EXP 	ISI2: autoDraw = False
72.8453 	EXP 	rectangle: autoDraw = False
72.8453 	EXP 	text1: autoDraw = False
72.8453 	EXP 	ISI2: autoDraw = False
72.8453 	EXP 	feedback2_2: text = 1
72.8453 	EXP 	arrow2_2: color = '[ 1. -1. -1.] (rgb)'
72.8453 	EXP 	arrow2_2: text = '-$0.25'
72.8453 	EXP 	rectangle2_2: autoDraw = True
72.8453 	EXP 	feedback2_2: autoDraw = True
73.8288 	EXP 	feedback2_2: autoDraw = False
73.8454 	EXP 	arrow2_2: autoDraw = True
74.8291 	EXP 	rectangle2_2: autoDraw = False
74.8291 	EXP 	arrow2_2: autoDraw = False
74.8457 	EXP 	ITI2_2: autoDraw = True
76.8174 	EXP 	New trial (rep=0, index=4): OrderedDict([('selectBlock', 1)])
76.8194 	EXP 	Created sequence: sequential, trialTypes=1, nReps=1, seed=None
76.8201 	EXP 	New trial (rep=0, index=0): None
76.8302 	EXP 	ITI2_2: autoDraw = False
76.8302 	EXP 	rectangle2_2: autoDraw = False
76.8302 	EXP 	feedback2_2: autoDraw = False
76.8302 	EXP 	arrow2_2: autoDraw = False
76.8302 	EXP 	ITI2_2: autoDraw = False
76.8302 	EXP 	polygon: autoDraw = True
76.8302 	EXP 	text: autoDraw = True
77.4504 	DATA 	Keypress: 2
78.8302 	EXP 	polygon: autoDraw = False
78.8302 	EXP 	text: autoDraw = False
78.8468 	EXP 	ISI: autoDraw = True
80.8475 	EXP 	ISI: autoDraw = False
80.8475 	EXP 	polygon: autoDraw = False
80.8475 	EXP 	text: autoDraw = False
80.8475 	EXP 	ISI: autoDraw = False
80.8475 	EXP 	arrow1_2: color = '[-1.  1. -1.] (rgb)'
80.8475 	EXP 	arrow1_2: text = '+$0.50'
80.8475 	EXP 	polygon2_2: autoDraw = True
80.8475 	EXP 	feedback1_2: autoDraw = True
81.8310 	EXP 	feedback1_2: autoDraw = False
81.8478 	EXP 	arrow1_2: autoDraw = True
82.8314 	EXP 	polygon2_2: autoDraw = False
82.8314 	EXP 	arrow1_2: autoDraw = False
82.8481 	EXP 	ITI_2: autoDraw = True
84.8197 	EXP 	Created sequence: random, trialTypes=1, nReps=0, seed=None
84.8204 	EXP 	New trial (rep=0, index=5): OrderedDict([('selectBlock', 1)])
84.8226 	EXP 	Created sequence: sequential, trialTypes=1, nReps=1, seed=None
84.8233 	EXP 	New trial (rep=0, index=0): None
84.8335 	EXP 	ITI_2: autoDraw = False
84.8335 	EXP 	polygon2_2: autoDraw = False
84.8335 	EXP 	feedback1_2: autoDraw = False
84.8335 	EXP 	arrow1_2: autoDraw = False
84.8335 	EXP 	ITI_2: autoDraw = False
84.8335 	EXP 	polygon: autoDraw = True
84.8335 	EXP 	text: autoDraw = True
85.3697 	DATA 	Keypress: 1
86.8325 	EXP 	polygon: autoDraw = False
86.8325 	EXP 	text: autoDraw = False
86.8492 	EXP 	ISI: autoDraw = True
88.8498 	EXP 	ISI: autoDraw = False
88.8498 	EXP 	polygon: autoDraw = False
88.8498 	EXP 	text: autoDraw = False
88.8498 	EXP 	ISI: autoDraw = False
88.8498 	EXP 	arrow1_2: color = '[-1.  1. -1.] (rgb)'
88.8498 	EXP 	arrow1_2: text = '+$0.50'
88.8498 	EXP 	polygon2_2: autoDraw = True
88.8498 	EXP 	feedback1_2: autoDraw = True
89.8333 	EXP 	feedback1_2: autoDraw = False
89.8501 	EXP 	arrow1_2: autoDraw = True
90.8337 	EXP 	polygon2_2: autoDraw = False
90.8337 	EXP 	arrow1_2: autoDraw = False
90.8504 	EXP 	ITI_2: autoDraw = True
92.8231 	EXP 	Created sequence: random, trialTypes=1, nReps=0, seed=None
92.8238 	EXP 	New trial (rep=0, index=6): OrderedDict([('selectBlock', 2)])
92.8259 	EXP 	Created sequence: sequential, trialTypes=1, nReps=0, seed=None
92.8268 	EXP 	Created sequence: random, trialTypes=1, nReps=1, seed=None
92.8274 	EXP 	New trial (rep=0, index=0): None
92.8509 	EXP 	ITI_2: autoDraw = False
92.8509 	EXP 	polygon2_2: autoDraw = False
92.8509 	EXP 	feedback1_2: autoDraw = False
92.8509 	EXP 	arrow1_2: autoDraw = False
92.8509 	EXP 	ITI_2: autoDraw = False
92.8509 	EXP 	rectangle: autoDraw = True
92.8509 	EXP 	text1: autoDraw = True
93.4380 	DATA 	Keypress: 1
94.8349 	EXP 	rectangle: autoDraw = False
94.8349 	EXP 	text1: autoDraw = False
94.8515 	EXP 	ISI2: autoDraw = True
96.8521 	EXP 	ISI2: autoDraw = False
96.8521 	EXP 	rectangle: autoDraw = False
96.8521 	EXP 	text1: autoDraw = False
96.8521 	EXP 	ISI2: autoDraw = False
96.8521 	EXP 	feedback2_2: text = 8
96.8521 	EXP 	arrow2_2: color = '[ 1. -1. -1.] (rgb)'
96.8521 	EXP 	arrow2_2: text = '-$0.25'
96.8521 	EXP 	rectangle2_2: autoDraw = True
96.8521 	EXP 	feedback2_2: autoDraw = True
97.8357 	EXP 	feedback2_2: autoDraw = False
97.8524 	EXP 	arrow2_2: autoDraw = True
98.8360 	EXP 	rectangle2_2: autoDraw = False
98.8360 	EXP 	arrow2_2: autoDraw = False
98.8527 	EXP 	ITI2_2: autoDraw = True
100.8254 	EXP 	New trial (rep=0, index=7): OrderedDict([('selectBlock', 2)])
100.8272 	EXP 	Created sequence: sequential, trialTypes=1, nReps=0, seed=None
100.8280 	EXP 	Created sequence: random, trialTypes=1, nReps=1, seed=None
100.8287 	EXP 	New trial (rep=0, index=0): None
100.8380 	EXP 	ITI2_2: autoDraw = False
100.8380 	EXP 	rectangle2_2: autoDraw = False
100.8380 	EXP 	feedback2_2: autoDraw = False
100.8380 	EXP 	arrow2_2: autoDraw = False
100.8380 	EXP 	ITI2_2: autoDraw = False
100.8380 	EXP 	rectangle: autoDraw = True
100.8380 	EXP 	text1: autoDraw = True
101.2903 	DATA 	Keypress: 1
102.8372 	EXP 	rectangle: autoDraw = False
102.8372 	EXP 	text1: autoDraw = False
102.8539 	EXP 	ISI2: autoDraw = True
104.8544 	EXP 	ISI2: autoDraw = False
104.8544 	EXP 	rectangle: autoDraw = False
104.8544 	EXP 	text1: autoDraw = False
104.8544 	EXP 	ISI2: autoDraw = False
104.8544 	EXP 	feedback2_2: text = 8
104.8544 	EXP 	arrow2_2: color = '[ 1. -1. -1.] (rgb)'
104.8544 	EXP 	arrow2_2: text = '-$0.25'
104.8544 	EXP 	rectangle2_2: autoDraw = True
104.8544 	EXP 	feedback2_2: autoDraw = True
105.8381 	EXP 	feedback2_2: autoDraw = False
105.8547 	EXP 	arrow2_2: autoDraw = True
106.8384 	EXP 	rectangle2_2: autoDraw = False
106.8384 	EXP 	arrow2_2: autoDraw = False
106.8550 	EXP 	ITI2_2: autoDraw = True
108.8276 	EXP 	New trial (rep=0, index=8): OrderedDict([('selectBlock', 2)])
108.8294 	EXP 	Created sequence: sequential, trialTypes=1, nReps=0, seed=None
108.8303 	EXP 	Created sequence: random, trialTypes=1, nReps=1, seed=None
108.8309 	EXP 	New trial (rep=0, index=0): None
108.8403 	EXP 	ITI2_2: autoDraw = False
108.8403 	EXP 	rectangle2_2: autoDraw = False
108.8403 	EXP 	feedback2_2: autoDraw = False
108.8403 	EXP 	arrow2_2: autoDraw = False
108.8403 	EXP 	ITI2_2: autoDraw = False
108.8403 	EXP 	rectangle: autoDraw = True
108.8403 	EXP 	text1: autoDraw = True
109.1265 	DATA 	Keypress: 1
110.8395 	EXP 	rectangle: autoDraw = False
110.8395 	EXP 	text1: autoDraw = False
110.8562 	EXP 	ISI2: autoDraw = True
112.8568 	EXP 	ISI2: autoDraw = False
112.8568 	EXP 	rectangle: autoDraw = False
112.8568 	EXP 	text1: autoDraw = False
112.8568 	EXP 	ISI2: autoDraw = False
112.8568 	EXP 	feedback2_2: text = 8
112.8568 	EXP 	arrow2_2: color = '[ 1. -1. -1.] (rgb)'
112.8568 	EXP 	arrow2_2: text = '-$0.25'
112.8568 	EXP 	rectangle2_2: autoDraw = True
112.8568 	EXP 	feedback2_2: autoDraw = True
113.8404 	EXP 	feedback2_2: autoDraw = False
113.8571 	EXP 	arrow2_2: autoDraw = True
114.8407 	EXP 	rectangle2_2: autoDraw = False
114.8407 	EXP 	arrow2_2: autoDraw = False
114.8574 	EXP 	ITI2_2: autoDraw = True
116.8299 	EXP 	New trial (rep=0, index=9): OrderedDict([('selectBlock', 2)])
116.8317 	EXP 	Created sequence: sequential, trialTypes=1, nReps=0, seed=None
116.8326 	EXP 	Created sequence: random, trialTypes=1, nReps=1, seed=None
116.8332 	EXP 	New trial (rep=0, index=0): None
116.8426 	EXP 	ITI2_2: autoDraw = False
116.8426 	EXP 	rectangle2_2: autoDraw = False
116.8426 	EXP 	feedback2_2: autoDraw = False
116.8426 	EXP 	arrow2_2: autoDraw = False
116.8426 	EXP 	ITI2_2: autoDraw = False
116.8426 	EXP 	rectangle: autoDraw = True
116.8426 	EXP 	text1: autoDraw = True
117.1948 	DATA 	Keypress: 1
118.8419 	EXP 	rectangle: autoDraw = False
118.8419 	EXP 	text1: autoDraw = False
118.8585 	EXP 	ISI2: autoDraw = True
120.8591 	EXP 	ISI2: autoDraw = False
120.8591 	EXP 	rectangle: autoDraw = False
120.8591 	EXP 	text1: autoDraw = False
120.8591 	EXP 	ISI2: autoDraw = False
120.8591 	EXP 	feedback2_2: text = 8
120.8591 	EXP 	arrow2_2: color = '[ 1. -1. -1.] (rgb)'
120.8591 	EXP 	arrow2_2: text = '-$0.25'
120.8591 	EXP 	rectangle2_2: autoDraw = True
120.8591 	EXP 	feedback2_2: autoDraw = True
121.8427 	EXP 	feedback2_2: autoDraw = False
121.8594 	EXP 	arrow2_2: autoDraw = True
122.8430 	EXP 	rectangle2_2: autoDraw = False
122.8430 	EXP 	arrow2_2: autoDraw = False
122.8597 	EXP 	ITI2_2: autoDraw = True
124.8322 	EXP 	New trial (rep=0, index=10): OrderedDict([('selectBlock', 1)])
124.8340 	EXP 	Created sequence: sequential, trialTypes=1, nReps=1, seed=None
124.8347 	EXP 	New trial (rep=0, index=0): None
124.8449 	EXP 	ITI2_2: autoDraw = False
124.8449 	EXP 	rectangle2_2: autoDraw = False
124.8449 	EXP 	feedback2_2: autoDraw = False
124.8449 	EXP 	arrow2_2: autoDraw = False
124.8449 	EXP 	ITI2_2: autoDraw = False
124.8449 	EXP 	polygon: autoDraw = True
124.8449 	EXP 	text: autoDraw = True
125.2311 	DATA 	Keypress: 1
126.8442 	EXP 	polygon: autoDraw = False
126.8442 	EXP 	text: autoDraw = False
126.8609 	EXP 	ISI: autoDraw = True
128.8614 	EXP 	ISI: autoDraw = False
128.8614 	EXP 	polygon: autoDraw = False
128.8614 	EXP 	text: autoDraw = False
128.8614 	EXP 	ISI: autoDraw = False
128.8614 	EXP 	arrow1_2: color = '[-1.  1. -1.] (rgb)'
128.8614 	EXP 	arrow1_2: text = '+$0.50'
128.8614 	EXP 	polygon2_2: autoDraw = True
128.8614 	EXP 	feedback1_2: autoDraw = True
129.8449 	EXP 	feedback1_2: autoDraw = False
129.8616 	EXP 	arrow1_2: autoDraw = True
130.8454 	EXP 	polygon2_2: autoDraw = False
130.8454 	EXP 	arrow1_2: autoDraw = False
130.8620 	EXP 	ITI_2: autoDraw = True
132.8346 	EXP 	Created sequence: random, trialTypes=1, nReps=0, seed=None
132.8354 	EXP 	New trial (rep=0, index=11): OrderedDict([('selectBlock', 1)])
132.8373 	EXP 	Created sequence: sequential, trialTypes=1, nReps=1, seed=None
132.8379 	EXP 	New trial (rep=0, index=0): None
132.8481 	EXP 	ITI_2: autoDraw = False
132.8481 	EXP 	polygon2_2: autoDraw = False
132.8481 	EXP 	feedback1_2: autoDraw = False
132.8481 	EXP 	arrow1_2: autoDraw = False
132.8481 	EXP 	ITI_2: autoDraw = False
132.8481 	EXP 	polygon: autoDraw = True
132.8481 	EXP 	text: autoDraw = True
133.3163 	DATA 	Keypress: 1
134.8465 	EXP 	polygon: autoDraw = False
134.8465 	EXP 	text: autoDraw = False
134.8632 	EXP 	ISI: autoDraw = True
136.8637 	EXP 	ISI: autoDraw = False
136.8637 	EXP 	polygon: autoDraw = False
136.8637 	EXP 	text: autoDraw = False
136.8637 	EXP 	ISI: autoDraw = False
136.8637 	EXP 	arrow1_2: color = '[-1.  1. -1.] (rgb)'
136.8637 	EXP 	arrow1_2: text = '+$0.50'
136.8637 	EXP 	polygon2_2: autoDraw = True
136.8637 	EXP 	feedback1_2: autoDraw = True
137.8473 	EXP 	feedback1_2: autoDraw = False
137.8640 	EXP 	arrow1_2: autoDraw = True
138.8477 	EXP 	polygon2_2: autoDraw = False
138.8477 	EXP 	arrow1_2: autoDraw = False
138.8643 	EXP 	ITI_2: autoDraw = True
140.8368 	EXP 	Created sequence: random, trialTypes=1, nReps=0, seed=None
140.8375 	EXP 	New trial (rep=0, index=12): OrderedDict([('selectBlock', 1)])
140.8395 	EXP 	Created sequence: sequential, trialTypes=1, nReps=1, seed=None
140.8402 	EXP 	New trial (rep=0, index=0): None
140.8504 	EXP 	ITI_2: autoDraw = False
140.8504 	EXP 	polygon2_2: autoDraw = False
140.8504 	EXP 	feedback1_2: autoDraw = False
140.8504 	EXP 	arrow1_2: autoDraw = False
140.8504 	EXP 	ITI_2: autoDraw = False
140.8504 	EXP 	polygon: autoDraw = True
140.8504 	EXP 	text: autoDraw = True
141.1188 	DATA 	Keypress: 1
142.8488 	EXP 	polygon: autoDraw = False
142.8488 	EXP 	text: autoDraw = False
142.8655 	EXP 	ISI: autoDraw = True
144.8660 	EXP 	ISI: autoDraw = False
144.8660 	EXP 	polygon: autoDraw = False
144.8660 	EXP 	text: autoDraw = False
144.8660 	EXP 	ISI: autoDraw = False
144.8660 	EXP 	arrow1_2: color = '[-1.  1. -1.] (rgb)'
144.8660 	EXP 	arrow1_2: text = '+$0.50'
144.8660 	EXP 	polygon2_2: autoDraw = True
144.8660 	EXP 	feedback1_2: autoDraw = True
145.8497 	EXP 	feedback1_2: autoDraw = False
145.8664 	EXP 	arrow1_2: autoDraw = True
146.8500 	EXP 	polygon2_2: autoDraw = False
146.8500 	EXP 	arrow1_2: autoDraw = False
146.8667 	EXP 	ITI_2: autoDraw = True
148.8391 	EXP 	Created sequence: random, trialTypes=1, nReps=0, seed=None
148.8399 	EXP 	New trial (rep=0, index=13): OrderedDict([('selectBlock', 2)])
148.8418 	EXP 	Created sequence: sequential, trialTypes=1, nReps=0, seed=None
148.8427 	EXP 	Created sequence: random, trialTypes=1, nReps=1, seed=None
148.8433 	EXP 	New trial (rep=0, index=0): None
148.8527 	EXP 	ITI_2: autoDraw = False
148.8527 	EXP 	polygon2_2: autoDraw = False
148.8527 	EXP 	feedback1_2: autoDraw = False
148.8527 	EXP 	arrow1_2: autoDraw = False
148.8527 	EXP 	ITI_2: autoDraw = False
148.8527 	EXP 	rectangle: autoDraw = True
148.8527 	EXP 	text1: autoDraw = True
149.1710 	DATA 	Keypress: 2
150.8512 	EXP 	rectangle: autoDraw = False
150.8512 	EXP 	text1: autoDraw = False
150.8678 	EXP 	ISI2: autoDraw = True
152.8684 	EXP 	ISI2: autoDraw = False
152.8684 	EXP 	rectangle: autoDraw = False
152.8684 	EXP 	text1: autoDraw = False
152.8684 	EXP 	ISI2: autoDraw = False
152.8684 	EXP 	feedback2_2: text = 1
152.8684 	EXP 	arrow2_2: color = '[ 1. -1. -1.] (rgb)'
152.8684 	EXP 	arrow2_2: text = '-$0.25'
152.8684 	EXP 	rectangle2_2: autoDraw = True
152.8684 	EXP 	feedback2_2: autoDraw = True
153.8520 	EXP 	feedback2_2: autoDraw = False
153.8687 	EXP 	arrow2_2: autoDraw = True
154.8523 	EXP 	rectangle2_2: autoDraw = False
154.8523 	EXP 	arrow2_2: autoDraw = False
154.8690 	EXP 	ITI2_2: autoDraw = True
156.8413 	EXP 	New trial (rep=0, index=14): OrderedDict([('selectBlock', 1)])
156.8431 	EXP 	Created sequence: sequential, trialTypes=1, nReps=1, seed=None
156.8438 	EXP 	New trial (rep=0, index=0): None
156.8540 	EXP 	ITI2_2: autoDraw = False
156.8540 	EXP 	rectangle2_2: autoDraw = False
156.8540 	EXP 	feedback2_2: autoDraw = False
156.8540 	EXP 	arrow2_2: autoDraw = False
156.8540 	EXP 	ITI2_2: autoDraw = False
156.8540 	EXP 	polygon: autoDraw = True
156.8540 	EXP 	text: autoDraw = True
157.1232 	DATA 	Keypress: 2
158.8534 	EXP 	polygon: autoDraw = False
158.8534 	EXP 	text: autoDraw = False
158.8702 	EXP 	ISI: autoDraw = True
160.8708 	EXP 	ISI: autoDraw = False
160.8708 	EXP 	polygon: autoDraw = False
160.8708 	EXP 	text: autoDraw = False
160.8708 	EXP 	ISI: autoDraw = False
160.8708 	EXP 	arrow1_2: color = '[-1.  1. -1.] (rgb)'
160.8708 	EXP 	arrow1_2: text = '+$0.50'
160.8708 	EXP 	polygon2_2: autoDraw = True
160.8708 	EXP 	feedback1_2: autoDraw = True
161.8542 	EXP 	feedback1_2: autoDraw = False
161.8709 	EXP 	arrow1_2: autoDraw = True
162.8547 	EXP 	polygon2_2: autoDraw = False
162.8547 	EXP 	arrow1_2: autoDraw = False
162.8713 	EXP 	ITI_2: autoDraw = True
164.8437 	EXP 	Created sequence: random, trialTypes=1, nReps=0, seed=None
164.8445 	EXP 	New trial (rep=0, index=15): OrderedDict([('selectBlock', 1)])
164.8464 	EXP 	Created sequence: sequential, trialTypes=1, nReps=1, seed=None
164.8471 	EXP 	New trial (rep=0, index=0): None
164.8573 	EXP 	ITI_2: autoDraw = False
164.8573 	EXP 	polygon2_2: autoDraw = False
164.8573 	EXP 	feedback1_2: autoDraw = False
164.8573 	EXP 	arrow1_2: autoDraw = False
164.8573 	EXP 	ITI_2: autoDraw = False
164.8573 	EXP 	polygon: autoDraw = True
164.8573 	EXP 	text: autoDraw = True
165.1425 	DATA 	Keypress: 2
166.8558 	EXP 	polygon: autoDraw = False
166.8558 	EXP 	text: autoDraw = False
166.8725 	EXP 	ISI: autoDraw = True
168.8730 	EXP 	ISI: autoDraw = False
168.8730 	EXP 	polygon: autoDraw = False
168.8730 	EXP 	text: autoDraw = False
168.8730 	EXP 	ISI: autoDraw = False
168.8730 	EXP 	arrow1_2: color = '[-1.  1. -1.] (rgb)'
168.8730 	EXP 	arrow1_2: text = '+$0.50'
168.8730 	EXP 	polygon2_2: autoDraw = True
168.8730 	EXP 	feedback1_2: autoDraw = True
169.8566 	EXP 	feedback1_2: autoDraw = False
169.8733 	EXP 	arrow1_2: autoDraw = True
170.8570 	EXP 	polygon2_2: autoDraw = False
170.8570 	EXP 	arrow1_2: autoDraw = False
170.8737 	EXP 	ITI_2: autoDraw = True
172.8459 	EXP 	Created sequence: random, trialTypes=1, nReps=0, seed=None
172.8467 	EXP 	New trial (rep=0, index=16): OrderedDict([('selectBlock', 2)])
172.8487 	EXP 	Created sequence: sequential, trialTypes=1, nReps=0, seed=None
172.8496 	EXP 	Created sequence: random, trialTypes=1, nReps=1, seed=None
172.8502 	EXP 	New trial (rep=0, index=0): None
172.8595 	EXP 	ITI_2: autoDraw = False
172.8595 	EXP 	polygon2_2: autoDraw = False
172.8595 	EXP 	feedback1_2: autoDraw = False
172.8595 	EXP 	arrow1_2: autoDraw = False
172.8595 	EXP 	ITI_2: autoDraw = False
172.8595 	EXP 	rectangle: autoDraw = True
172.8595 	EXP 	text1: autoDraw = True
173.4118 	DATA 	Keypress: 2
174.8581 	EXP 	rectangle: autoDraw = False
174.8581 	EXP 	text1: autoDraw = False
174.8748 	EXP 	ISI2: autoDraw = True
176.8754 	EXP 	ISI2: autoDraw = False
176.8754 	EXP 	rectangle: autoDraw = False
176.8754 	EXP 	text1: autoDraw = False
176.8754 	EXP 	ISI2: autoDraw = False
176.8754 	EXP 	feedback2_2: text = 2
176.8754 	EXP 	arrow2_2: color = '[ 1. -1. -1.] (rgb)'
176.8754 	EXP 	arrow2_2: text = '-$0.25'
176.8754 	EXP 	rectangle2_2: autoDraw = True
176.8754 	EXP 	feedback2_2: autoDraw = True
177.8590 	EXP 	feedback2_2: autoDraw = False
177.8757 	EXP 	arrow2_2: autoDraw = True
178.8593 	EXP 	rectangle2_2: autoDraw = False
178.8593 	EXP 	arrow2_2: autoDraw = False
178.8760 	EXP 	ITI2_2: autoDraw = True
180.8481 	EXP 	New trial (rep=0, index=17): OrderedDict([('selectBlock', 1)])
180.8500 	EXP 	Created sequence: sequential, trialTypes=1, nReps=1, seed=None
180.8506 	EXP 	New trial (rep=0, index=0): None
180.8608 	EXP 	ITI2_2: autoDraw = False
180.8608 	EXP 	rectangle2_2: autoDraw = False
180.8608 	EXP 	feedback2_2: autoDraw = False
180.8608 	EXP 	arrow2_2: autoDraw = False
180.8608 	EXP 	ITI2_2: autoDraw = False
180.8608 	EXP 	polygon: autoDraw = True
180.8608 	EXP 	text: autoDraw = True
181.2140 	DATA 	Keypress: 1
182.8605 	EXP 	polygon: autoDraw = False
182.8605 	EXP 	text: autoDraw = False
182.8771 	EXP 	ISI: autoDraw = True
184.8777 	EXP 	ISI: autoDraw = False
184.8777 	EXP 	polygon: autoDraw = False
184.8777 	EXP 	text: autoDraw = False
184.8777 	EXP 	ISI: autoDraw = False
184.8777 	EXP 	arrow1_2: color = '[-1.  1. -1.] (rgb)'
184.8777 	EXP 	arrow1_2: text = '+$0.50'
184.8777 	EXP 	polygon2_2: autoDraw = True
184.8777 	EXP 	feedback1_2: autoDraw = True
185.8612 	EXP 	feedback1_2: autoDraw = False
185.8780 	EXP 	arrow1_2: autoDraw = True
186.8616 	EXP 	polygon2_2: autoDraw = False
186.8616 	EXP 	arrow1_2: autoDraw = False
186.8783 	EXP 	ITI_2: autoDraw = True
188.8505 	EXP 	Created sequence: random, trialTypes=1, nReps=0, seed=None
188.8512 	EXP 	New trial (rep=0, index=18): OrderedDict([('selectBlock', 2)])
188.8532 	EXP 	Created sequence: sequential, trialTypes=1, nReps=0, seed=None
188.8541 	EXP 	Created sequence: random, trialTypes=1, nReps=1, seed=None
188.8548 	EXP 	New trial (rep=0, index=0): None
188.8641 	EXP 	ITI_2: autoDraw = False
188.8641 	EXP 	polygon2_2: autoDraw = False
188.8641 	EXP 	feedback1_2: autoDraw = False
188.8641 	EXP 	arrow1_2: autoDraw = False
188.8641 	EXP 	ITI_2: autoDraw = False
188.8641 	EXP 	rectangle: autoDraw = True
188.8641 	EXP 	text1: autoDraw = True
189.1993 	DATA 	Keypress: 1
190.8628 	EXP 	rectangle: autoDraw = False
190.8628 	EXP 	text1: autoDraw = False
190.8795 	EXP 	ISI2: autoDraw = True
192.8800 	EXP 	ISI2: autoDraw = False
192.8800 	EXP 	rectangle: autoDraw = False
192.8800 	EXP 	text1: autoDraw = False
192.8800 	EXP 	ISI2: autoDraw = False
192.8800 	EXP 	feedback2_2: text = 8
192.8800 	EXP 	arrow2_2: color = '[ 1. -1. -1.] (rgb)'
192.8800 	EXP 	arrow2_2: text = '-$0.25'
192.8800 	EXP 	rectangle2_2: autoDraw = True
192.8800 	EXP 	feedback2_2: autoDraw = True
193.8637 	EXP 	feedback2_2: autoDraw = False
193.8803 	EXP 	arrow2_2: autoDraw = True
194.8640 	EXP 	rectangle2_2: autoDraw = False
194.8640 	EXP 	arrow2_2: autoDraw = False
194.8806 	EXP 	ITI2_2: autoDraw = True
196.8528 	EXP 	New trial (rep=0, index=19): OrderedDict([('selectBlock', 2)])
196.8545 	EXP 	Created sequence: sequential, trialTypes=1, nReps=0, seed=None
196.8554 	EXP 	Created sequence: random, trialTypes=1, nReps=1, seed=None
196.8560 	EXP 	New trial (rep=0, index=0): None
196.8654 	EXP 	ITI2_2: autoDraw = False
196.8654 	EXP 	rectangle2_2: autoDraw = False
196.8654 	EXP 	feedback2_2: autoDraw = False
196.8654 	EXP 	arrow2_2: autoDraw = False
196.8654 	EXP 	ITI2_2: autoDraw = False
196.8654 	EXP 	rectangle: autoDraw = True
196.8654 	EXP 	text1: autoDraw = True
197.3016 	DATA 	Keypress: 1
198.8651 	EXP 	rectangle: autoDraw = False
198.8651 	EXP 	text1: autoDraw = False
198.8818 	EXP 	ISI2: autoDraw = True
200.8824 	EXP 	ISI2: autoDraw = False
200.8824 	EXP 	rectangle: autoDraw = False
200.8824 	EXP 	text1: autoDraw = False
200.8824 	EXP 	ISI2: autoDraw = False
200.8824 	EXP 	feedback2_2: text = 6
200.8824 	EXP 	arrow2_2: color = '[ 1. -1. -1.] (rgb)'
200.8824 	EXP 	arrow2_2: text = '-$0.25'
200.8824 	EXP 	rectangle2_2: autoDraw = True
200.8824 	EXP 	feedback2_2: autoDraw = True
201.8660 	EXP 	feedback2_2: autoDraw = False
201.8827 	EXP 	arrow2_2: autoDraw = True
202.8663 	EXP 	rectangle2_2: autoDraw = False
202.8663 	EXP 	arrow2_2: autoDraw = False
202.8830 	EXP 	ITI2_2: autoDraw = True
204.8550 	EXP 	New trial (rep=0, index=20): OrderedDict([('selectBlock', 2)])
204.8568 	EXP 	Created sequence: sequential, trialTypes=1, nReps=0, seed=None
204.8578 	EXP 	Created sequence: random, trialTypes=1, nReps=1, seed=None
204.8584 	EXP 	New trial (rep=0, index=0): None
204.8687 	EXP 	ITI2_2: autoDraw = False
204.8687 	EXP 	rectangle2_2: autoDraw = False
204.8687 	EXP 	feedback2_2: autoDraw = False
204.8687 	EXP 	arrow2_2: autoDraw = False
204.8687 	EXP 	ITI2_2: autoDraw = False
204.8687 	EXP 	rectangle: autoDraw = True
204.8687 	EXP 	text1: autoDraw = True
205.6379 	DATA 	Keypress: 1
206.8674 	EXP 	rectangle: autoDraw = False
206.8674 	EXP 	text1: autoDraw = False
206.8841 	EXP 	ISI2: autoDraw = True
208.8847 	EXP 	ISI2: autoDraw = False
208.8847 	EXP 	rectangle: autoDraw = False
208.8847 	EXP 	text1: autoDraw = False
208.8847 	EXP 	ISI2: autoDraw = False
208.8847 	EXP 	feedback2_2: text = 8
208.8847 	EXP 	arrow2_2: color = '[ 1. -1. -1.] (rgb)'
208.8847 	EXP 	arrow2_2: text = '-$0.25'
208.8847 	EXP 	rectangle2_2: autoDraw = True
208.8847 	EXP 	feedback2_2: autoDraw = True
209.8683 	EXP 	feedback2_2: autoDraw = False
209.8850 	EXP 	arrow2_2: autoDraw = True
210.8686 	EXP 	rectangle2_2: autoDraw = False
210.8686 	EXP 	arrow2_2: autoDraw = False
210.8853 	EXP 	ITI2_2: autoDraw = True
212.8572 	EXP 	New trial (rep=0, index=21): OrderedDict([('selectBlock', 1)])
212.8591 	EXP 	Created sequence: sequential, trialTypes=1, nReps=1, seed=None
212.8598 	EXP 	New trial (rep=0, index=0): None
212.8699 	EXP 	ITI2_2: autoDraw = False
212.8699 	EXP 	rectangle2_2: autoDraw = False
212.8699 	EXP 	feedback2_2: autoDraw = False
212.8699 	EXP 	arrow2_2: autoDraw = False
212.8699 	EXP 	ITI2_2: autoDraw = False
212.8699 	EXP 	polygon: autoDraw = True
212.8699 	EXP 	text: autoDraw = True
213.1732 	DATA 	Keypress: 1
214.8698 	EXP 	polygon: autoDraw = False
214.8698 	EXP 	text: autoDraw = False
214.8865 	EXP 	ISI: autoDraw = True
216.8870 	EXP 	ISI: autoDraw = False
216.8870 	EXP 	polygon: autoDraw = False
216.8870 	EXP 	text: autoDraw = False
216.8870 	EXP 	ISI: autoDraw = False
216.8870 	EXP 	arrow1_2: color = '[-1.  1. -1.] (rgb)'
216.8870 	EXP 	arrow1_2: text = '+$0.50'
216.8870 	EXP 	polygon2_2: autoDraw = True
216.8870 	EXP 	feedback1_2: autoDraw = True
217.8706 	EXP 	feedback1_2: autoDraw = False
217.8873 	EXP 	arrow1_2: autoDraw = True
218.8709 	EXP 	polygon2_2: autoDraw = False
218.8709 	EXP 	arrow1_2: autoDraw = False
218.8876 	EXP 	ITI_2: autoDraw = True
220.8595 	EXP 	Created sequence: random, trialTypes=1, nReps=0, seed=None
220.8602 	EXP 	New trial (rep=0, index=22): OrderedDict([('selectBlock', 1)])
220.8624 	EXP 	Created sequence: sequential, trialTypes=1, nReps=1, seed=None
220.8630 	EXP 	New trial (rep=0, index=0): None
220.8732 	EXP 	ITI_2: autoDraw = False
220.8732 	EXP 	polygon2_2: autoDraw = False
220.8732 	EXP 	feedback1_2: autoDraw = False
220.8732 	EXP 	arrow1_2: autoDraw = False
220.8732 	EXP 	ITI_2: autoDraw = False
220.8732 	EXP 	polygon: autoDraw = True
220.8732 	EXP 	text: autoDraw = True
221.2254 	DATA 	Keypress: 1
222.8721 	EXP 	polygon: autoDraw = False
222.8721 	EXP 	text: autoDraw = False
222.8888 	EXP 	ISI: autoDraw = True
224.8893 	EXP 	ISI: autoDraw = False
224.8893 	EXP 	polygon: autoDraw = False
224.8893 	EXP 	text: autoDraw = False
224.8893 	EXP 	ISI: autoDraw = False
224.8893 	EXP 	arrow1_2: color = '[-1.  1. -1.] (rgb)'
224.8893 	EXP 	arrow1_2: text = '+$0.50'
224.8893 	EXP 	polygon2_2: autoDraw = True
224.8893 	EXP 	feedback1_2: autoDraw = True
225.8728 	EXP 	feedback1_2: autoDraw = False
225.8895 	EXP 	arrow1_2: autoDraw = True
226.8733 	EXP 	polygon2_2: autoDraw = False
226.8733 	EXP 	arrow1_2: autoDraw = False
226.8899 	EXP 	ITI_2: autoDraw = True
228.8617 	EXP 	Created sequence: random, trialTypes=1, nReps=0, seed=None
228.8625 	EXP 	New trial (rep=0, index=23): OrderedDict([('selectBlock', 1)])
228.8647 	EXP 	Created sequence: sequential, trialTypes=1, nReps=1, seed=None
228.8653 	EXP 	New trial (rep=0, index=0): None
228.8755 	EXP 	ITI_2: autoDraw = False
228.8755 	EXP 	polygon2_2: autoDraw = False
228.8755 	EXP 	feedback1_2: autoDraw = False
228.8755 	EXP 	arrow1_2: autoDraw = False
228.8755 	EXP 	ITI_2: autoDraw = False
228.8755 	EXP 	polygon: autoDraw = True
228.8755 	EXP 	text: autoDraw = True
229.1947 	DATA 	Keypress: 1
230.8744 	EXP 	polygon: autoDraw = False
230.8744 	EXP 	text: autoDraw = False
230.8911 	EXP 	ISI: autoDraw = True
232.8917 	EXP 	ISI: autoDraw = False
232.8917 	EXP 	polygon: autoDraw = False
232.8917 	EXP 	text: autoDraw = False
232.8917 	EXP 	ISI: autoDraw = False
232.8917 	EXP 	arrow1_2: color = '[-1.  1. -1.] (rgb)'
232.8917 	EXP 	arrow1_2: text = '+$0.50'
232.8917 	EXP 	polygon2_2: autoDraw = True
232.8917 	EXP 	feedback1_2: autoDraw = True
233.8752 	EXP 	feedback1_2: autoDraw = False
233.8919 	EXP 	arrow1_2: autoDraw = True
234.8756 	EXP 	polygon2_2: autoDraw = False
234.8756 	EXP 	arrow1_2: autoDraw = False
234.8923 	EXP 	ITI_2: autoDraw = True
236.8640 	EXP 	Created sequence: random, trialTypes=1, nReps=0, seed=None
236.8647 	EXP 	New trial (rep=0, index=24): OrderedDict([('selectBlock', 1)])
236.8669 	EXP 	Created sequence: sequential, trialTypes=1, nReps=1, seed=None
236.8676 	EXP 	New trial (rep=0, index=0): None
236.8778 	EXP 	ITI_2: autoDraw = False
236.8778 	EXP 	polygon2_2: autoDraw = False
236.8778 	EXP 	feedback1_2: autoDraw = False
236.8778 	EXP 	arrow1_2: autoDraw = False
236.8778 	EXP 	ITI_2: autoDraw = False
236.8778 	EXP 	polygon: autoDraw = True
236.8778 	EXP 	text: autoDraw = True
237.4800 	DATA 	Keypress: 1
238.8767 	EXP 	polygon: autoDraw = False
238.8767 	EXP 	text: autoDraw = False
238.8934 	EXP 	ISI: autoDraw = True
240.8940 	EXP 	ISI: autoDraw = False
240.8940 	EXP 	polygon: autoDraw = False
240.8940 	EXP 	text: autoDraw = False
240.8940 	EXP 	ISI: autoDraw = False
240.8940 	EXP 	arrow1_2: color = '[-1.  1. -1.] (rgb)'
240.8940 	EXP 	arrow1_2: text = '+$0.50'
240.8940 	EXP 	polygon2_2: autoDraw = True
240.8940 	EXP 	feedback1_2: autoDraw = True
241.8775 	EXP 	feedback1_2: autoDraw = False
241.8943 	EXP 	arrow1_2: autoDraw = True
242.8779 	EXP 	polygon2_2: autoDraw = False
242.8779 	EXP 	arrow1_2: autoDraw = False
242.8946 	EXP 	ITI_2: autoDraw = True
244.8662 	EXP 	Created sequence: random, trialTypes=1, nReps=0, seed=None
244.8785 	EXP 	ITI_2: autoDraw = False
244.8785 	EXP 	polygon2_2: autoDraw = False
244.8785 	EXP 	feedback1_2: autoDraw = False
244.8785 	EXP 	arrow1_2: autoDraw = False
244.8785 	EXP 	ITI_2: autoDraw = False
244.8785 	EXP 	Finished: autoDraw = True
267.2882 	DATA 	Keypress: space
267.3017 	EXP 	Finished: autoDraw = False
267.4041 	EXP 	window1: mouseVisible = True
