14.5162 	WARNING 	User requested fullscreen with size [1024  768], but screen is actually [1920, 1080]. Using actual size
15.6763 	EXP 	Created window1 = Window(allowGUI=False, allowStencil=False, args=UNKNOWN, autoLog=True, bitsMode=UNKNOWN, blendMode='avg', color=array([0., 0., 0.]), colorSpace='rgb', fullscr=<method-wrapper '__getattribute__' of attributeSetter object at 0x000000001AB8E048>, gamma=None, kwargs=UNKNOWN, lms=UNKNOWN, monitor=<psychopy.monitors.calibTools.Monitor object at 0x000000001ABD4E10>, multiSample=False, name='window1', numSamples=2, pos=[0.0, 0.0], screen=0, size=array([1920, 1080]), stereo=False, units='norm', useFBO=True, useRetina=False, viewOri=0.0, viewPos=None, viewScale=None, waitBlanking=True, winType='pyglet')
15.6763 	EXP 	window1: recordFrameIntervals = False
15.8426 	EXP 	window1: recordFrameIntervals = True
16.0262 	EXP 	window1: recordFrameIntervals = False
16.3556 	EXP 	Created Welcome = TextStim(__class__=<class 'psychopy.visual.text.TextStim'>, alignHoriz='center', alignVert='center', antialias=True, autoLog=True, bold=False, color='white', colorSpace='named', contrast=1.0, depth=0.0, flipHoriz=False, flipVert=False, font='Arial', fontFiles=[], height=0.1, italic=False, languageStyle='LTR', name='Welcome', opacity=1.0, ori=0, pos=array([0., 0.]), rgb=array([255., 255., 255.]), text=str(...), units='norm', win=Window(...), wrapWidth=1)
16.3584 	EXP 	Created firstTrialITI = TextStim(__class__=<class 'psychopy.visual.text.TextStim'>, alignHoriz='center', alignVert='center', antialias=True, autoLog=True, bold=False, color='white', colorSpace='named', contrast=1.0, depth=0.0, flipHoriz=False, flipVert=False, font='Arial', fontFiles=[], height=0.1, italic=False, languageStyle='LTR', name='firstTrialITI', opacity=1.0, ori=0, pos=array([0., 0.]), rgb=array([255., 255., 255.]), text='+', units='norm', win=Window(...), wrapWidth=1)
16.3600 	EXP 	Created polygon = Rect(__class__=<class 'psychopy.visual.rect.Rect'>, autoDraw=False, autoLog=True, closeShape=True, color=method-wrapper(...), colorSpace=None, contrast=1.0, depth=0.0, fillColor=array([0., 0., 0.]), fillColorSpace='rgb', fillRGB=array([0., 0., 0.]), interpolate=True, lineColor=array([1., 1., 1.]), lineColorSpace='rgb', lineRGB=array([1., 1., 1.]), lineWidth=5, name='polygon', opacity=1.0, ori=array(0.), pos=array([0., 0.]), size=array([1., 1.]), units='norm', vertices=ndarray(...), win=Window(...))
16.3629 	EXP 	Created text = TextStim(__class__=<class 'psychopy.visual.text.TextStim'>, alignHoriz='center', alignVert='center', antialias=True, autoLog=True, bold=False, color='white', colorSpace='named', contrast=1.0, depth=-1.0, flipHoriz=False, flipVert=False, font='Arial', fontFiles=[], height=0.1, italic=False, languageStyle='LTR', name='text', opacity=1.0, ori=0, pos=array([0., 0.]), rgb=array([255., 255., 255.]), text='?', units='norm', win=Window(...), wrapWidth=1)
16.3647 	EXP 	Created ISI = TextStim(__class__=<class 'psychopy.visual.text.TextStim'>, alignHoriz='center', alignVert='center', antialias=True, autoLog=True, bold=False, color='white', colorSpace='named', contrast=1.0, depth=-4.0, flipHoriz=False, flipVert=False, font='Arial', fontFiles=[], height=0.1, italic=False, languageStyle='LTR', name='ISI', opacity=1.0, ori=0, pos=array([0., 0.]), rgb=array([255., 255., 255.]), text='+', units='norm', win=Window(...), wrapWidth=1)
16.3657 	EXP 	Created polygon2_2 = Rect(__class__=<class 'psychopy.visual.rect.Rect'>, autoDraw=False, autoLog=True, closeShape=True, color=method-wrapper(...), colorSpace=None, contrast=1.0, depth=0.0, fillColor=array([0., 0., 0.]), fillColorSpace='rgb', fillRGB=array([0., 0., 0.]), interpolate=True, lineColor=array([1., 1., 1.]), lineColorSpace='rgb', lineRGB=array([1., 1., 1.]), lineWidth=5, name='polygon2_2', opacity=1.0, ori=array(0.), pos=array([0., 0.]), size=array([1., 1.]), units='norm', vertices=ndarray(...), win=Window(...))
16.3711 	EXP 	Created feedback1_2 = TextStim(__class__=<class 'psychopy.visual.text.TextStim'>, alignHoriz='center', alignVert='center', antialias=True, autoLog=True, bold=False, color='white', colorSpace='named', contrast=1.0, depth=-1.0, flipHoriz=False, flipVert=False, font='Arial', fontFiles=[], height=0.1, italic=False, languageStyle='LTR', name='feedback1_2', opacity=1.0, ori=0, pos=array([0., 0.]), rgb=array([255., 255., 255.]), text='default text', units='norm', win=Window(...), wrapWidth=1)
16.3753 	EXP 	Created arrow1_2 = TextStim(__class__=<class 'psychopy.visual.text.TextStim'>, alignHoriz='center', alignVert='center', antialias=True, autoLog=True, bold=False, color='white', colorSpace='named', contrast=1.0, depth=-2.0, flipHoriz=False, flipVert=False, font='Arial', fontFiles=[], height=0.1, italic=False, languageStyle='LTR', name='arrow1_2', opacity=1.0, ori=0, pos=array([0., 0.]), rgb=array([255., 255., 255.]), text='default text', units='norm', win=Window(...), wrapWidth=1)
16.3772 	EXP 	Created ITI_2 = TextStim(__class__=<class 'psychopy.visual.text.TextStim'>, alignHoriz='center', alignVert='center', antialias=True, autoLog=True, bold=False, color='white', colorSpace='named', contrast=1.0, depth=-3.0, flipHoriz=False, flipVert=False, font='Arial', fontFiles=[], height=0.1, italic=False, languageStyle='LTR', name='ITI_2', opacity=1.0, ori=0, pos=array([0., 0.]), rgb=array([255., 255., 255.]), text='+', units='norm', win=Window(...), wrapWidth=1)
16.3782 	EXP 	Created rectangle = Rect(__class__=<class 'psychopy.visual.rect.Rect'>, autoDraw=False, autoLog=True, closeShape=True, color=method-wrapper(...), colorSpace=None, contrast=1.0, depth=0.0, fillColor=array([0., 0., 0.]), fillColorSpace='rgb', fillRGB=array([0., 0., 0.]), interpolate=True, lineColor=array([1., 1., 1.]), lineColorSpace='rgb', lineRGB=array([1., 1., 1.]), lineWidth=5, name='rectangle', opacity=1.0, ori=array(0.), pos=array([0., 0.]), size=array([1., 1.]), units='norm', vertices=ndarray(...), win=Window(...))
16.3800 	EXP 	Created text1 = TextStim(__class__=<class 'psychopy.visual.text.TextStim'>, alignHoriz='center', alignVert='center', antialias=True, autoLog=True, bold=False, color='white', colorSpace='named', contrast=1.0, depth=-1.0, flipHoriz=False, flipVert=False, font='Arial', fontFiles=[], height=0.1, italic=False, languageStyle='LTR', name='text1', opacity=1.0, ori=0, pos=array([0., 0.]), rgb=array([255., 255., 255.]), text='?', units='norm', win=Window(...), wrapWidth=1)
16.3818 	EXP 	Created ISI2 = TextStim(__class__=<class 'psychopy.visual.text.TextStim'>, alignHoriz='center', alignVert='center', antialias=True, autoLog=True, bold=False, color='white', colorSpace='named', contrast=1.0, depth=-4.0, flipHoriz=False, flipVert=False, font='Arial', fontFiles=[], height=0.1, italic=False, languageStyle='LTR', name='ISI2', opacity=1.0, ori=0, pos=array([0., 0.]), rgb=array([255., 255., 255.]), text='+', units='norm', win=Window(...), wrapWidth=1)
16.3827 	EXP 	Created rectangle2_2 = Rect(__class__=<class 'psychopy.visual.rect.Rect'>, autoDraw=False, autoLog=True, closeShape=True, color=method-wrapper(...), colorSpace=None, contrast=1.0, depth=0.0, fillColor=array([0., 0., 0.]), fillColorSpace='rgb', fillRGB=array([0., 0., 0.]), interpolate=True, lineColor=array([1., 1., 1.]), lineColorSpace='rgb', lineRGB=array([1., 1., 1.]), lineWidth=5, name='rectangle2_2', opacity=1.0, ori=array(0.), pos=array([0., 0.]), size=array([1., 1.]), units='norm', vertices=ndarray(...), win=Window(...))
16.3870 	EXP 	Created feedback2_2 = TextStim(__class__=<class 'psychopy.visual.text.TextStim'>, alignHoriz='center', alignVert='center', antialias=True, autoLog=True, bold=False, color=array([1., 1., 1.]), colorSpace='rgb', contrast=1.0, depth=-1.0, flipHoriz=False, flipVert=False, font='Arial', fontFiles=[], height=0.1, italic=False, languageStyle='LTR', name='feedback2_2', opacity=1.0, ori=0, pos=array([0., 0.]), rgb=array([1., 1., 1.]), text='default text', units='norm', win=Window(...), wrapWidth=1)
16.3912 	EXP 	Created arrow2_2 = TextStim(__class__=<class 'psychopy.visual.text.TextStim'>, alignHoriz='center', alignVert='center', antialias=True, autoLog=True, bold=False, color='white', colorSpace='named', contrast=1.0, depth=-2.0, flipHoriz=False, flipVert=False, font='Arial', fontFiles=[], height=0.1, italic=False, languageStyle='LTR', name='arrow2_2', opacity=1.0, ori=0, pos=array([0., 0.]), rgb=array([255., 255., 255.]), text='default text', units='norm', win=Window(...), wrapWidth=0.2)
16.3930 	EXP 	Created ITI2_2 = TextStim(__class__=<class 'psychopy.visual.text.TextStim'>, alignHoriz='center', alignVert='center', antialias=True, autoLog=True, bold=False, color='white', colorSpace='named', contrast=1.0, depth=-3.0, flipHoriz=False, flipVert=False, font='Arial', fontFiles=[], height=0.1, italic=False, languageStyle='LTR', name='ITI2_2', opacity=1.0, ori=0, pos=array([0., 0.]), rgb=array([255., 255., 255.]), text='+', units='norm', win=Window(...), wrapWidth=1)
16.4145 	EXP 	Created Finished = TextStim(__class__=<class 'psychopy.visual.text.TextStim'>, alignHoriz='center', alignVert='center', antialias=True, autoLog=True, bold=False, color='white', colorSpace='named', contrast=1.0, depth=0.0, flipHoriz=False, flipVert=False, font='Arial', fontFiles=[], height=0.1, italic=False, languageStyle='LTR', name='Finished', opacity=1.0, ori=0, pos=array([0., 0.]), rgb=array([255., 255., 255.]), text=str(...), units='norm', win=Window(...), wrapWidth=1)
16.4447 	EXP 	Welcome: autoDraw = True
40.7031 	DATA 	Keypress: space
40.7166 	EXP 	Welcome: autoDraw = False
40.7166 	EXP 	firstTrialITI: autoDraw = True
46.8208 	EXP 	Imported spreadsheet5.xlsx as conditions, 25 conditions, 1 params
46.8211 	EXP 	Created sequence: fullRandom, trialTypes=25, nReps=1, seed=None
46.8214 	EXP 	New trial (rep=0, index=0): OrderedDict([('selectBlock', 1)])
46.8219 	EXP 	Created sequence: sequential, trialTypes=1, nReps=1, seed=None
46.8220 	EXP 	New trial (rep=0, index=0): None
46.8351 	EXP 	firstTrialITI: autoDraw = False
46.8351 	EXP 	polygon: autoDraw = True
46.8351 	EXP 	text: autoDraw = True
48.8357 	EXP 	polygon: autoDraw = False
48.8357 	EXP 	text: autoDraw = False
48.8523 	EXP 	ISI: autoDraw = True
50.8530 	EXP 	ISI: autoDraw = False
50.8530 	EXP 	polygon: autoDraw = False
50.8530 	EXP 	text: autoDraw = False
50.8530 	EXP 	ISI: autoDraw = False
50.8530 	EXP 	arrow1_2: color = '[1. 1. 1.] (rgb)'
50.8530 	EXP 	arrow1_2: text = '#'
50.8530 	EXP 	polygon2_2: autoDraw = True
50.8530 	EXP 	feedback1_2: autoDraw = True
51.8366 	EXP 	feedback1_2: autoDraw = False
51.8533 	EXP 	arrow1_2: autoDraw = True
52.8369 	EXP 	polygon2_2: autoDraw = False
52.8369 	EXP 	arrow1_2: autoDraw = False
52.8535 	EXP 	ITI_2: autoDraw = True
54.8230 	EXP 	Created sequence: random, trialTypes=1, nReps=0, seed=None
54.8232 	EXP 	New trial (rep=0, index=1): OrderedDict([('selectBlock', 2)])
54.8242 	EXP 	Created sequence: sequential, trialTypes=1, nReps=0, seed=None
54.8244 	EXP 	Created sequence: random, trialTypes=1, nReps=1, seed=None
54.8245 	EXP 	New trial (rep=0, index=0): None
54.8376 	EXP 	ITI_2: autoDraw = False
54.8376 	EXP 	polygon2_2: autoDraw = False
54.8376 	EXP 	feedback1_2: autoDraw = False
54.8376 	EXP 	arrow1_2: autoDraw = False
54.8376 	EXP 	ITI_2: autoDraw = False
54.8376 	EXP 	rectangle: autoDraw = True
54.8376 	EXP 	text1: autoDraw = True
55.4567 	DATA 	Keypress: 1
56.8381 	EXP 	rectangle: autoDraw = False
56.8381 	EXP 	text1: autoDraw = False
56.8547 	EXP 	ISI2: autoDraw = True
58.8403 	EXP 	ISI2: autoDraw = False
58.8403 	EXP 	rectangle: autoDraw = False
58.8403 	EXP 	text1: autoDraw = False
58.8403 	EXP 	ISI2: autoDraw = False
58.8403 	EXP 	feedback2_2: text = 6
58.8403 	EXP 	arrow2_2: color = '[ 1. -1. -1.] (rgb)'
58.8403 	EXP 	arrow2_2: text = '-$0.25'
58.8403 	EXP 	rectangle2_2: autoDraw = True
58.8403 	EXP 	feedback2_2: autoDraw = True
59.8389 	EXP 	feedback2_2: autoDraw = False
59.8556 	EXP 	arrow2_2: autoDraw = True
60.8391 	EXP 	rectangle2_2: autoDraw = False
60.8391 	EXP 	arrow2_2: autoDraw = False
60.8561 	EXP 	ITI2_2: autoDraw = True
62.8243 	EXP 	New trial (rep=0, index=2): OrderedDict([('selectBlock', 1)])
62.8255 	EXP 	Created sequence: sequential, trialTypes=1, nReps=1, seed=None
62.8257 	EXP 	New trial (rep=0, index=0): None
62.8399 	EXP 	ITI2_2: autoDraw = False
62.8399 	EXP 	rectangle2_2: autoDraw = False
62.8399 	EXP 	feedback2_2: autoDraw = False
62.8399 	EXP 	arrow2_2: autoDraw = False
62.8399 	EXP 	ITI2_2: autoDraw = False
62.8399 	EXP 	polygon: autoDraw = True
62.8399 	EXP 	text: autoDraw = True
63.5260 	DATA 	Keypress: 2
64.8404 	EXP 	polygon: autoDraw = False
64.8404 	EXP 	text: autoDraw = False
64.8571 	EXP 	ISI: autoDraw = True
66.8411 	EXP 	ISI: autoDraw = False
66.8411 	EXP 	polygon: autoDraw = False
66.8411 	EXP 	text: autoDraw = False
66.8411 	EXP 	ISI: autoDraw = False
66.8411 	EXP 	arrow1_2: color = '[-1.  1. -1.] (rgb)'
66.8411 	EXP 	arrow1_2: text = '+$0.50'
66.8411 	EXP 	polygon2_2: autoDraw = True
66.8411 	EXP 	feedback1_2: autoDraw = True
67.8414 	EXP 	feedback1_2: autoDraw = False
67.8581 	EXP 	arrow1_2: autoDraw = True
68.8417 	EXP 	polygon2_2: autoDraw = False
68.8417 	EXP 	arrow1_2: autoDraw = False
68.8583 	EXP 	ITI_2: autoDraw = True
70.8276 	EXP 	Created sequence: random, trialTypes=1, nReps=0, seed=None
70.8279 	EXP 	New trial (rep=0, index=3): OrderedDict([('selectBlock', 2)])
70.8291 	EXP 	Created sequence: sequential, trialTypes=1, nReps=0, seed=None
70.8294 	EXP 	Created sequence: random, trialTypes=1, nReps=1, seed=None
70.8297 	EXP 	New trial (rep=0, index=0): None
70.8422 	EXP 	polygon2_2: autoDraw = False
70.8422 	EXP 	feedback1_2: autoDraw = False
70.8422 	EXP 	arrow1_2: autoDraw = False
70.8422 	EXP 	ITI_2: autoDraw = False
70.8422 	EXP 	rectangle: autoDraw = True
70.8422 	EXP 	text1: autoDraw = True
71.1287 	DATA 	Keypress: 1
72.8429 	EXP 	rectangle: autoDraw = False
72.8429 	EXP 	text1: autoDraw = False
72.8595 	EXP 	ISI2: autoDraw = True
74.8436 	EXP 	ISI2: autoDraw = False
74.8436 	EXP 	rectangle: autoDraw = False
74.8436 	EXP 	text1: autoDraw = False
74.8436 	EXP 	ISI2: autoDraw = False
74.8436 	EXP 	feedback2_2: text = 8
74.8436 	EXP 	arrow2_2: color = '[ 1. -1. -1.] (rgb)'
74.8436 	EXP 	arrow2_2: text = '-$0.25'
74.8436 	EXP 	rectangle2_2: autoDraw = True
74.8436 	EXP 	feedback2_2: autoDraw = True
75.8437 	EXP 	feedback2_2: autoDraw = False
75.8604 	EXP 	arrow2_2: autoDraw = True
76.8441 	EXP 	rectangle2_2: autoDraw = False
76.8441 	EXP 	arrow2_2: autoDraw = False
76.8608 	EXP 	ITI2_2: autoDraw = True
78.8302 	EXP 	New trial (rep=0, index=4): OrderedDict([('selectBlock', 1)])
78.8312 	EXP 	Created sequence: sequential, trialTypes=1, nReps=1, seed=None
78.8314 	EXP 	New trial (rep=0, index=0): None
78.8446 	EXP 	ITI2_2: autoDraw = False
78.8446 	EXP 	rectangle2_2: autoDraw = False
78.8446 	EXP 	feedback2_2: autoDraw = False
78.8446 	EXP 	arrow2_2: autoDraw = False
78.8446 	EXP 	ITI2_2: autoDraw = False
78.8446 	EXP 	polygon: autoDraw = True
78.8446 	EXP 	text: autoDraw = True
79.8478 	DATA 	Keypress: 1
80.8453 	EXP 	polygon: autoDraw = False
80.8453 	EXP 	text: autoDraw = False
80.8620 	EXP 	ISI: autoDraw = True
82.8459 	EXP 	ISI: autoDraw = False
82.8459 	EXP 	polygon: autoDraw = False
82.8459 	EXP 	text: autoDraw = False
82.8459 	EXP 	ISI: autoDraw = False
82.8459 	EXP 	arrow1_2: color = '[-1.  1. -1.] (rgb)'
82.8459 	EXP 	arrow1_2: text = '+$0.50'
82.8459 	EXP 	polygon2_2: autoDraw = True
82.8459 	EXP 	feedback1_2: autoDraw = True
83.8461 	EXP 	feedback1_2: autoDraw = False
83.8629 	EXP 	arrow1_2: autoDraw = True
84.8464 	EXP 	polygon2_2: autoDraw = False
84.8464 	EXP 	arrow1_2: autoDraw = False
84.8632 	EXP 	ITI_2: autoDraw = True
86.8324 	EXP 	Created sequence: random, trialTypes=1, nReps=0, seed=None
86.8326 	EXP 	New trial (rep=0, index=5): OrderedDict([('selectBlock', 2)])
86.8335 	EXP 	Created sequence: sequential, trialTypes=1, nReps=0, seed=None
86.8337 	EXP 	Created sequence: random, trialTypes=1, nReps=1, seed=None
86.8339 	EXP 	New trial (rep=0, index=0): None
86.8470 	EXP 	ITI_2: autoDraw = False
86.8470 	EXP 	polygon2_2: autoDraw = False
86.8470 	EXP 	feedback1_2: autoDraw = False
86.8470 	EXP 	arrow1_2: autoDraw = False
86.8470 	EXP 	ITI_2: autoDraw = False
86.8470 	EXP 	rectangle: autoDraw = True
86.8470 	EXP 	text1: autoDraw = True
87.1164 	DATA 	Keypress: 2
88.8475 	EXP 	rectangle: autoDraw = False
88.8475 	EXP 	text1: autoDraw = False
88.8643 	EXP 	ISI2: autoDraw = True
90.8482 	EXP 	ISI2: autoDraw = False
90.8482 	EXP 	rectangle: autoDraw = False
90.8482 	EXP 	text1: autoDraw = False
90.8482 	EXP 	ISI2: autoDraw = False
90.8482 	EXP 	feedback2_2: text = 2
90.8482 	EXP 	arrow2_2: color = '[ 1. -1. -1.] (rgb)'
90.8482 	EXP 	arrow2_2: text = '-$0.25'
90.8482 	EXP 	rectangle2_2: autoDraw = True
90.8482 	EXP 	feedback2_2: autoDraw = True
91.8485 	EXP 	feedback2_2: autoDraw = False
91.8653 	EXP 	arrow2_2: autoDraw = True
92.8487 	EXP 	rectangle2_2: autoDraw = False
92.8487 	EXP 	arrow2_2: autoDraw = False
92.8656 	EXP 	ITI2_2: autoDraw = True
94.8348 	EXP 	New trial (rep=0, index=6): OrderedDict([('selectBlock', 2)])
94.8359 	EXP 	Created sequence: sequential, trialTypes=1, nReps=0, seed=None
94.8361 	EXP 	Created sequence: random, trialTypes=1, nReps=1, seed=None
94.8363 	EXP 	New trial (rep=0, index=0): None
94.8494 	EXP 	ITI2_2: autoDraw = False
94.8494 	EXP 	rectangle2_2: autoDraw = False
94.8494 	EXP 	feedback2_2: autoDraw = False
94.8494 	EXP 	arrow2_2: autoDraw = False
94.8494 	EXP 	ITI2_2: autoDraw = False
94.8494 	EXP 	rectangle: autoDraw = True
94.8494 	EXP 	text1: autoDraw = True
95.1014 	DATA 	Keypress: 2
96.8501 	EXP 	rectangle: autoDraw = False
96.8501 	EXP 	text1: autoDraw = False
96.8667 	EXP 	ISI2: autoDraw = True
98.8506 	EXP 	ISI2: autoDraw = False
98.8506 	EXP 	rectangle: autoDraw = False
98.8506 	EXP 	text1: autoDraw = False
98.8506 	EXP 	ISI2: autoDraw = False
98.8506 	EXP 	feedback2_2: text = 1
98.8506 	EXP 	arrow2_2: color = '[ 1. -1. -1.] (rgb)'
98.8506 	EXP 	arrow2_2: text = '-$0.25'
98.8506 	EXP 	rectangle2_2: autoDraw = True
98.8506 	EXP 	feedback2_2: autoDraw = True
99.8511 	EXP 	feedback2_2: autoDraw = False
99.8677 	EXP 	arrow2_2: autoDraw = True
100.8512 	EXP 	rectangle2_2: autoDraw = False
100.8512 	EXP 	arrow2_2: autoDraw = False
100.8679 	EXP 	ITI2_2: autoDraw = True
102.8372 	EXP 	New trial (rep=0, index=7): OrderedDict([('selectBlock', 2)])
102.8382 	EXP 	Created sequence: sequential, trialTypes=1, nReps=0, seed=None
102.8384 	EXP 	Created sequence: random, trialTypes=1, nReps=1, seed=None
102.8385 	EXP 	New trial (rep=0, index=0): None
102.8519 	EXP 	ITI2_2: autoDraw = False
102.8519 	EXP 	rectangle2_2: autoDraw = False
102.8519 	EXP 	feedback2_2: autoDraw = False
102.8519 	EXP 	arrow2_2: autoDraw = False
102.8519 	EXP 	ITI2_2: autoDraw = False
102.8519 	EXP 	rectangle: autoDraw = True
102.8519 	EXP 	text1: autoDraw = True
103.1207 	DATA 	Keypress: 1
104.8524 	EXP 	rectangle: autoDraw = False
104.8524 	EXP 	text1: autoDraw = False
104.8690 	EXP 	ISI2: autoDraw = True
106.8530 	EXP 	ISI2: autoDraw = False
106.8530 	EXP 	rectangle: autoDraw = False
106.8530 	EXP 	text1: autoDraw = False
106.8530 	EXP 	ISI2: autoDraw = False
106.8530 	EXP 	feedback2_2: text = 6
106.8530 	EXP 	arrow2_2: color = '[ 1. -1. -1.] (rgb)'
106.8530 	EXP 	arrow2_2: text = '-$0.25'
106.8530 	EXP 	rectangle2_2: autoDraw = True
106.8530 	EXP 	feedback2_2: autoDraw = True
107.8532 	EXP 	feedback2_2: autoDraw = False
107.8700 	EXP 	arrow2_2: autoDraw = True
108.8537 	EXP 	rectangle2_2: autoDraw = False
108.8537 	EXP 	arrow2_2: autoDraw = False
108.8704 	EXP 	ITI2_2: autoDraw = True
110.0389 	DATA 	Keypress: 1
110.8394 	EXP 	New trial (rep=0, index=8): OrderedDict([('selectBlock', 2)])
110.8405 	EXP 	Created sequence: sequential, trialTypes=1, nReps=0, seed=None
110.8407 	EXP 	Created sequence: random, trialTypes=1, nReps=1, seed=None
110.8408 	EXP 	New trial (rep=0, index=0): None
110.8542 	EXP 	ITI2_2: autoDraw = False
110.8542 	EXP 	rectangle2_2: autoDraw = False
110.8542 	EXP 	feedback2_2: autoDraw = False
110.8542 	EXP 	arrow2_2: autoDraw = False
110.8542 	EXP 	ITI2_2: autoDraw = False
110.8542 	EXP 	rectangle: autoDraw = True
110.8542 	EXP 	text1: autoDraw = True
111.4570 	DATA 	Keypress: 1
112.8549 	EXP 	rectangle: autoDraw = False
112.8549 	EXP 	text1: autoDraw = False
112.8715 	EXP 	ISI2: autoDraw = True
114.8553 	EXP 	ISI2: autoDraw = False
114.8553 	EXP 	rectangle: autoDraw = False
114.8553 	EXP 	text1: autoDraw = False
114.8553 	EXP 	ISI2: autoDraw = False
114.8553 	EXP 	feedback2_2: text = 8
114.8553 	EXP 	arrow2_2: color = '[ 1. -1. -1.] (rgb)'
114.8553 	EXP 	arrow2_2: text = '-$0.25'
114.8553 	EXP 	rectangle2_2: autoDraw = True
114.8553 	EXP 	feedback2_2: autoDraw = True
115.8558 	EXP 	feedback2_2: autoDraw = False
115.8723 	EXP 	arrow2_2: autoDraw = True
116.8560 	EXP 	rectangle2_2: autoDraw = False
116.8560 	EXP 	arrow2_2: autoDraw = False
116.8727 	EXP 	ITI2_2: autoDraw = True
118.8418 	EXP 	New trial (rep=0, index=9): OrderedDict([('selectBlock', 1)])
118.8429 	EXP 	Created sequence: sequential, trialTypes=1, nReps=1, seed=None
118.8430 	EXP 	New trial (rep=0, index=0): None
118.8567 	EXP 	ITI2_2: autoDraw = False
118.8567 	EXP 	rectangle2_2: autoDraw = False
118.8567 	EXP 	feedback2_2: autoDraw = False
118.8567 	EXP 	arrow2_2: autoDraw = False
118.8567 	EXP 	ITI2_2: autoDraw = False
118.8567 	EXP 	polygon: autoDraw = True
118.8567 	EXP 	text: autoDraw = True
119.1592 	DATA 	Keypress: 2
120.8571 	EXP 	polygon: autoDraw = False
120.8571 	EXP 	text: autoDraw = False
120.8737 	EXP 	ISI: autoDraw = True
122.8577 	EXP 	ISI: autoDraw = False
122.8577 	EXP 	polygon: autoDraw = False
122.8577 	EXP 	text: autoDraw = False
122.8577 	EXP 	ISI: autoDraw = False
122.8577 	EXP 	arrow1_2: color = '[-1.  1. -1.] (rgb)'
122.8577 	EXP 	arrow1_2: text = '+$0.50'
122.8577 	EXP 	polygon2_2: autoDraw = True
122.8577 	EXP 	feedback1_2: autoDraw = True
123.8580 	EXP 	feedback1_2: autoDraw = False
123.8747 	EXP 	arrow1_2: autoDraw = True
124.8582 	EXP 	polygon2_2: autoDraw = False
124.8582 	EXP 	arrow1_2: autoDraw = False
124.8748 	EXP 	ITI_2: autoDraw = True
126.8441 	EXP 	Created sequence: random, trialTypes=1, nReps=0, seed=None
126.8445 	EXP 	New trial (rep=0, index=10): OrderedDict([('selectBlock', 1)])
126.8452 	EXP 	Created sequence: sequential, trialTypes=1, nReps=1, seed=None
126.8453 	EXP 	New trial (rep=0, index=0): None
126.8590 	EXP 	ITI_2: autoDraw = False
126.8590 	EXP 	polygon2_2: autoDraw = False
126.8590 	EXP 	feedback1_2: autoDraw = False
126.8590 	EXP 	arrow1_2: autoDraw = False
126.8590 	EXP 	ITI_2: autoDraw = False
126.8590 	EXP 	polygon: autoDraw = True
126.8590 	EXP 	text: autoDraw = True
127.1447 	DATA 	Keypress: 2
128.8595 	EXP 	polygon: autoDraw = False
128.8595 	EXP 	text: autoDraw = False
128.8761 	EXP 	ISI: autoDraw = True
130.8602 	EXP 	ISI: autoDraw = False
130.8602 	EXP 	polygon: autoDraw = False
130.8602 	EXP 	text: autoDraw = False
130.8602 	EXP 	ISI: autoDraw = False
130.8602 	EXP 	arrow1_2: color = '[-1.  1. -1.] (rgb)'
130.8602 	EXP 	arrow1_2: text = '+$0.50'
130.8602 	EXP 	polygon2_2: autoDraw = True
130.8602 	EXP 	feedback1_2: autoDraw = True
131.8604 	EXP 	feedback1_2: autoDraw = False
131.8771 	EXP 	arrow1_2: autoDraw = True
132.8609 	EXP 	polygon2_2: autoDraw = False
132.8609 	EXP 	arrow1_2: autoDraw = False
132.8775 	EXP 	ITI_2: autoDraw = True
134.8465 	EXP 	Created sequence: random, trialTypes=1, nReps=0, seed=None
134.8466 	EXP 	New trial (rep=0, index=11): OrderedDict([('selectBlock', 1)])
134.8475 	EXP 	Created sequence: sequential, trialTypes=1, nReps=1, seed=None
134.8476 	EXP 	New trial (rep=0, index=0): None
134.8613 	EXP 	ITI_2: autoDraw = False
134.8613 	EXP 	polygon2_2: autoDraw = False
134.8613 	EXP 	feedback1_2: autoDraw = False
134.8613 	EXP 	arrow1_2: autoDraw = False
134.8613 	EXP 	ITI_2: autoDraw = False
134.8613 	EXP 	polygon: autoDraw = True
134.8613 	EXP 	text: autoDraw = True
135.8309 	DATA 	Keypress: 1
136.8620 	EXP 	polygon: autoDraw = False
136.8620 	EXP 	text: autoDraw = False
136.8785 	EXP 	ISI: autoDraw = True
138.8625 	EXP 	ISI: autoDraw = False
138.8625 	EXP 	polygon: autoDraw = False
138.8625 	EXP 	text: autoDraw = False
138.8625 	EXP 	ISI: autoDraw = False
138.8625 	EXP 	arrow1_2: color = '[-1.  1. -1.] (rgb)'
138.8625 	EXP 	arrow1_2: text = '+$0.50'
138.8625 	EXP 	polygon2_2: autoDraw = True
138.8625 	EXP 	feedback1_2: autoDraw = True
139.8629 	EXP 	feedback1_2: autoDraw = False
139.8797 	EXP 	arrow1_2: autoDraw = True
140.8631 	EXP 	polygon2_2: autoDraw = False
140.8631 	EXP 	arrow1_2: autoDraw = False
140.8799 	EXP 	ITI_2: autoDraw = True
142.8488 	EXP 	Created sequence: random, trialTypes=1, nReps=0, seed=None
142.8490 	EXP 	New trial (rep=0, index=12): OrderedDict([('selectBlock', 2)])
142.8498 	EXP 	Created sequence: sequential, trialTypes=1, nReps=0, seed=None
142.8500 	EXP 	Created sequence: random, trialTypes=1, nReps=1, seed=None
142.8502 	EXP 	New trial (rep=0, index=0): None
142.8637 	EXP 	ITI_2: autoDraw = False
142.8637 	EXP 	polygon2_2: autoDraw = False
142.8637 	EXP 	feedback1_2: autoDraw = False
142.8637 	EXP 	arrow1_2: autoDraw = False
142.8637 	EXP 	ITI_2: autoDraw = False
142.8637 	EXP 	rectangle: autoDraw = True
142.8637 	EXP 	text1: autoDraw = True
144.1163 	DATA 	Keypress: 2
144.8641 	EXP 	rectangle: autoDraw = False
144.8641 	EXP 	text1: autoDraw = False
144.8809 	EXP 	ISI2: autoDraw = True
146.8648 	EXP 	ISI2: autoDraw = False
146.8648 	EXP 	rectangle: autoDraw = False
146.8648 	EXP 	text1: autoDraw = False
146.8648 	EXP 	ISI2: autoDraw = False
146.8648 	EXP 	feedback2_2: text = 2
146.8648 	EXP 	arrow2_2: color = '[ 1. -1. -1.] (rgb)'
146.8648 	EXP 	arrow2_2: text = '-$0.25'
146.8648 	EXP 	rectangle2_2: autoDraw = True
146.8648 	EXP 	feedback2_2: autoDraw = True
147.8651 	EXP 	feedback2_2: autoDraw = False
147.8818 	EXP 	arrow2_2: autoDraw = True
148.8657 	EXP 	rectangle2_2: autoDraw = False
148.8657 	EXP 	arrow2_2: autoDraw = False
148.8824 	EXP 	ITI2_2: autoDraw = True
150.8512 	EXP 	New trial (rep=0, index=13): OrderedDict([('selectBlock', 1)])
150.8522 	EXP 	Created sequence: sequential, trialTypes=1, nReps=1, seed=None
150.8524 	EXP 	New trial (rep=0, index=0): None
150.8661 	EXP 	ITI2_2: autoDraw = False
150.8661 	EXP 	rectangle2_2: autoDraw = False
150.8661 	EXP 	feedback2_2: autoDraw = False
150.8661 	EXP 	arrow2_2: autoDraw = False
150.8661 	EXP 	ITI2_2: autoDraw = False
150.8661 	EXP 	polygon: autoDraw = True
150.8661 	EXP 	text: autoDraw = True
151.2518 	DATA 	Keypress: 2
152.8667 	EXP 	polygon: autoDraw = False
152.8667 	EXP 	text: autoDraw = False
152.8832 	EXP 	ISI: autoDraw = True
154.8672 	EXP 	ISI: autoDraw = False
154.8672 	EXP 	polygon: autoDraw = False
154.8672 	EXP 	text: autoDraw = False
154.8672 	EXP 	ISI: autoDraw = False
154.8672 	EXP 	arrow1_2: color = '[-1.  1. -1.] (rgb)'
154.8672 	EXP 	arrow1_2: text = '+$0.50'
154.8672 	EXP 	polygon2_2: autoDraw = True
154.8672 	EXP 	feedback1_2: autoDraw = True
155.8676 	EXP 	feedback1_2: autoDraw = False
155.8841 	EXP 	arrow1_2: autoDraw = True
156.8680 	EXP 	polygon2_2: autoDraw = False
156.8680 	EXP 	arrow1_2: autoDraw = False
156.8844 	EXP 	ITI_2: autoDraw = True
158.8535 	EXP 	Created sequence: random, trialTypes=1, nReps=0, seed=None
158.8536 	EXP 	New trial (rep=0, index=14): OrderedDict([('selectBlock', 2)])
158.8545 	EXP 	Created sequence: sequential, trialTypes=1, nReps=0, seed=None
158.8547 	EXP 	Created sequence: random, trialTypes=1, nReps=1, seed=None
158.8549 	EXP 	New trial (rep=0, index=0): None
158.8685 	EXP 	ITI_2: autoDraw = False
158.8685 	EXP 	polygon2_2: autoDraw = False
158.8685 	EXP 	feedback1_2: autoDraw = False
158.8685 	EXP 	arrow1_2: autoDraw = False
158.8685 	EXP 	ITI_2: autoDraw = False
158.8685 	EXP 	rectangle: autoDraw = True
158.8685 	EXP 	text1: autoDraw = True
159.1870 	DATA 	Keypress: 2
160.8692 	EXP 	rectangle: autoDraw = False
160.8692 	EXP 	text1: autoDraw = False
160.8857 	EXP 	ISI2: autoDraw = True
162.8696 	EXP 	ISI2: autoDraw = False
162.8696 	EXP 	rectangle: autoDraw = False
162.8696 	EXP 	text1: autoDraw = False
162.8696 	EXP 	ISI2: autoDraw = False
162.8696 	EXP 	feedback2_2: text = 1
162.8696 	EXP 	arrow2_2: color = '[ 1. -1. -1.] (rgb)'
162.8696 	EXP 	arrow2_2: text = '-$0.25'
162.8696 	EXP 	rectangle2_2: autoDraw = True
162.8696 	EXP 	feedback2_2: autoDraw = True
163.8699 	EXP 	feedback2_2: autoDraw = False
163.8865 	EXP 	arrow2_2: autoDraw = True
164.8705 	EXP 	rectangle2_2: autoDraw = False
164.8705 	EXP 	arrow2_2: autoDraw = False
164.8868 	EXP 	ITI2_2: autoDraw = True
166.8584 	EXP 	New trial (rep=0, index=15): OrderedDict([('selectBlock', 1)])
166.8601 	EXP 	Created sequence: sequential, trialTypes=1, nReps=1, seed=None
166.8604 	EXP 	New trial (rep=0, index=0): None
166.8708 	EXP 	rectangle2_2: autoDraw = False
166.8708 	EXP 	feedback2_2: autoDraw = False
166.8708 	EXP 	arrow2_2: autoDraw = False
166.8708 	EXP 	ITI2_2: autoDraw = False
166.8708 	EXP 	polygon: autoDraw = True
166.8708 	EXP 	text: autoDraw = True
167.8903 	DATA 	Keypress: 2
168.8714 	EXP 	polygon: autoDraw = False
168.8714 	EXP 	text: autoDraw = False
168.8880 	EXP 	ISI: autoDraw = True
170.8725 	EXP 	ISI: autoDraw = False
170.8725 	EXP 	polygon: autoDraw = False
170.8725 	EXP 	text: autoDraw = False
170.8725 	EXP 	ISI: autoDraw = False
170.8725 	EXP 	arrow1_2: color = '[-1.  1. -1.] (rgb)'
170.8725 	EXP 	arrow1_2: text = '+$0.50'
170.8725 	EXP 	polygon2_2: autoDraw = True
170.8725 	EXP 	feedback1_2: autoDraw = True
171.8722 	EXP 	feedback1_2: autoDraw = False
171.8891 	EXP 	arrow1_2: autoDraw = True
172.8727 	EXP 	polygon2_2: autoDraw = False
172.8727 	EXP 	arrow1_2: autoDraw = False
172.8895 	EXP 	ITI_2: autoDraw = True
174.8581 	EXP 	Created sequence: random, trialTypes=1, nReps=0, seed=None
174.8582 	EXP 	New trial (rep=0, index=16): OrderedDict([('selectBlock', 1)])
174.8591 	EXP 	Created sequence: sequential, trialTypes=1, nReps=1, seed=None
174.8593 	EXP 	New trial (rep=0, index=0): None
174.8733 	EXP 	ITI_2: autoDraw = False
174.8733 	EXP 	polygon2_2: autoDraw = False
174.8733 	EXP 	feedback1_2: autoDraw = False
174.8733 	EXP 	arrow1_2: autoDraw = False
174.8733 	EXP 	ITI_2: autoDraw = False
174.8733 	EXP 	polygon: autoDraw = True
174.8733 	EXP 	text: autoDraw = True
175.1586 	DATA 	Keypress: 1
176.8737 	EXP 	polygon: autoDraw = False
176.8737 	EXP 	text: autoDraw = False
176.8905 	EXP 	ISI: autoDraw = True
178.8744 	EXP 	ISI: autoDraw = False
178.8744 	EXP 	polygon: autoDraw = False
178.8744 	EXP 	text: autoDraw = False
178.8744 	EXP 	ISI: autoDraw = False
178.8744 	EXP 	arrow1_2: color = '[-1.  1. -1.] (rgb)'
178.8744 	EXP 	arrow1_2: text = '+$0.50'
178.8744 	EXP 	polygon2_2: autoDraw = True
178.8744 	EXP 	feedback1_2: autoDraw = True
179.8747 	EXP 	feedback1_2: autoDraw = False
179.8913 	EXP 	arrow1_2: autoDraw = True
180.8750 	EXP 	polygon2_2: autoDraw = False
180.8750 	EXP 	arrow1_2: autoDraw = False
180.8917 	EXP 	ITI_2: autoDraw = True
182.8610 	EXP 	Created sequence: random, trialTypes=1, nReps=0, seed=None
182.8613 	EXP 	New trial (rep=0, index=17): OrderedDict([('selectBlock', 1)])
182.8626 	EXP 	Created sequence: sequential, trialTypes=1, nReps=1, seed=None
182.8628 	EXP 	New trial (rep=0, index=0): None
182.8755 	EXP 	ITI_2: autoDraw = False
182.8755 	EXP 	polygon2_2: autoDraw = False
182.8755 	EXP 	feedback1_2: autoDraw = False
182.8755 	EXP 	arrow1_2: autoDraw = False
182.8755 	EXP 	ITI_2: autoDraw = False
182.8755 	EXP 	polygon: autoDraw = True
182.8755 	EXP 	text: autoDraw = True
183.1612 	DATA 	Keypress: 1
184.8761 	EXP 	polygon: autoDraw = False
184.8761 	EXP 	text: autoDraw = False
184.8929 	EXP 	ISI: autoDraw = True
186.8768 	EXP 	ISI: autoDraw = False
186.8768 	EXP 	polygon: autoDraw = False
186.8768 	EXP 	text: autoDraw = False
186.8768 	EXP 	ISI: autoDraw = False
186.8768 	EXP 	arrow1_2: color = '[-1.  1. -1.] (rgb)'
186.8768 	EXP 	arrow1_2: text = '+$0.50'
186.8768 	EXP 	polygon2_2: autoDraw = True
186.8768 	EXP 	feedback1_2: autoDraw = True
187.8770 	EXP 	feedback1_2: autoDraw = False
187.8937 	EXP 	arrow1_2: autoDraw = True
188.8772 	EXP 	polygon2_2: autoDraw = False
188.8772 	EXP 	arrow1_2: autoDraw = False
188.8940 	EXP 	ITI_2: autoDraw = True
190.8627 	EXP 	Created sequence: random, trialTypes=1, nReps=0, seed=None
190.8629 	EXP 	New trial (rep=0, index=18): OrderedDict([('selectBlock', 2)])
190.8638 	EXP 	Created sequence: sequential, trialTypes=1, nReps=0, seed=None
190.8640 	EXP 	Created sequence: random, trialTypes=1, nReps=1, seed=None
190.8641 	EXP 	New trial (rep=0, index=0): None
190.8780 	EXP 	ITI_2: autoDraw = False
190.8780 	EXP 	polygon2_2: autoDraw = False
190.8780 	EXP 	feedback1_2: autoDraw = False
190.8780 	EXP 	arrow1_2: autoDraw = False
190.8780 	EXP 	ITI_2: autoDraw = False
190.8780 	EXP 	rectangle: autoDraw = True
190.8780 	EXP 	text1: autoDraw = True
191.2133 	DATA 	Keypress: 2
192.8785 	EXP 	rectangle: autoDraw = False
192.8785 	EXP 	text1: autoDraw = False
192.8953 	EXP 	ISI2: autoDraw = True
194.8791 	EXP 	ISI2: autoDraw = False
194.8791 	EXP 	rectangle: autoDraw = False
194.8791 	EXP 	text1: autoDraw = False
194.8791 	EXP 	ISI2: autoDraw = False
194.8791 	EXP 	feedback2_2: text = 2
194.8791 	EXP 	arrow2_2: color = '[ 1. -1. -1.] (rgb)'
194.8791 	EXP 	arrow2_2: text = '-$0.25'
194.8791 	EXP 	rectangle2_2: autoDraw = True
194.8791 	EXP 	feedback2_2: autoDraw = True
195.8794 	EXP 	feedback2_2: autoDraw = False
195.8960 	EXP 	arrow2_2: autoDraw = True
196.8797 	EXP 	rectangle2_2: autoDraw = False
196.8797 	EXP 	arrow2_2: autoDraw = False
196.8964 	EXP 	ITI2_2: autoDraw = True
198.8651 	EXP 	New trial (rep=0, index=19): OrderedDict([('selectBlock', 1)])
198.8662 	EXP 	Created sequence: sequential, trialTypes=1, nReps=1, seed=None
198.8663 	EXP 	New trial (rep=0, index=0): None
198.8803 	EXP 	rectangle2_2: autoDraw = False
198.8803 	EXP 	feedback2_2: autoDraw = False
198.8803 	EXP 	arrow2_2: autoDraw = False
198.8803 	EXP 	ITI2_2: autoDraw = False
198.8803 	EXP 	polygon: autoDraw = True
198.8803 	EXP 	text: autoDraw = True
199.8667 	DATA 	Keypress: 2
200.8809 	EXP 	polygon: autoDraw = False
200.8809 	EXP 	text: autoDraw = False
200.8975 	EXP 	ISI: autoDraw = True
202.8816 	EXP 	ISI: autoDraw = False
202.8816 	EXP 	polygon: autoDraw = False
202.8816 	EXP 	text: autoDraw = False
202.8816 	EXP 	ISI: autoDraw = False
202.8816 	EXP 	arrow1_2: color = '[-1.  1. -1.] (rgb)'
202.8816 	EXP 	arrow1_2: text = '+$0.50'
202.8816 	EXP 	polygon2_2: autoDraw = True
202.8816 	EXP 	feedback1_2: autoDraw = True
203.8818 	EXP 	feedback1_2: autoDraw = False
203.8985 	EXP 	arrow1_2: autoDraw = True
204.8821 	EXP 	polygon2_2: autoDraw = False
204.8821 	EXP 	arrow1_2: autoDraw = False
204.8987 	EXP 	ITI_2: autoDraw = True
206.8673 	EXP 	Created sequence: random, trialTypes=1, nReps=0, seed=None
206.8674 	EXP 	New trial (rep=0, index=20): OrderedDict([('selectBlock', 2)])
206.8687 	EXP 	Created sequence: sequential, trialTypes=1, nReps=0, seed=None
206.8689 	EXP 	Created sequence: random, trialTypes=1, nReps=1, seed=None
206.8691 	EXP 	New trial (rep=0, index=0): None
206.8828 	EXP 	polygon2_2: autoDraw = False
206.8828 	EXP 	feedback1_2: autoDraw = False
206.8828 	EXP 	arrow1_2: autoDraw = False
206.8828 	EXP 	ITI_2: autoDraw = False
206.8828 	EXP 	rectangle: autoDraw = True
206.8828 	EXP 	text1: autoDraw = True
207.2019 	DATA 	Keypress: 1
208.8833 	EXP 	rectangle: autoDraw = False
208.8833 	EXP 	text1: autoDraw = False
208.9000 	EXP 	ISI2: autoDraw = True
210.8839 	EXP 	ISI2: autoDraw = False
210.8839 	EXP 	rectangle: autoDraw = False
210.8839 	EXP 	text1: autoDraw = False
210.8839 	EXP 	ISI2: autoDraw = False
210.8839 	EXP 	feedback2_2: text = 8
210.8839 	EXP 	arrow2_2: color = '[ 1. -1. -1.] (rgb)'
210.8839 	EXP 	arrow2_2: text = '-$0.25'
210.8839 	EXP 	rectangle2_2: autoDraw = True
210.8839 	EXP 	feedback2_2: autoDraw = True
211.8841 	EXP 	feedback2_2: autoDraw = False
211.9008 	EXP 	arrow2_2: autoDraw = True
212.8845 	EXP 	rectangle2_2: autoDraw = False
212.8845 	EXP 	arrow2_2: autoDraw = False
212.9013 	EXP 	ITI2_2: autoDraw = True
214.8696 	EXP 	New trial (rep=0, index=21): OrderedDict([('selectBlock', 1)])
214.8708 	EXP 	Created sequence: sequential, trialTypes=1, nReps=1, seed=None
214.8710 	EXP 	New trial (rep=0, index=0): None
214.8851 	EXP 	rectangle2_2: autoDraw = False
214.8851 	EXP 	feedback2_2: autoDraw = False
214.8851 	EXP 	arrow2_2: autoDraw = False
214.8851 	EXP 	ITI2_2: autoDraw = False
214.8851 	EXP 	polygon: autoDraw = True
214.8851 	EXP 	text: autoDraw = True
215.7543 	DATA 	Keypress: 2
216.8856 	EXP 	polygon: autoDraw = False
216.8856 	EXP 	text: autoDraw = False
216.9024 	EXP 	ISI: autoDraw = True
218.8863 	EXP 	ISI: autoDraw = False
218.8863 	EXP 	polygon: autoDraw = False
218.8863 	EXP 	text: autoDraw = False
218.8863 	EXP 	ISI: autoDraw = False
218.8863 	EXP 	arrow1_2: color = '[-1.  1. -1.] (rgb)'
218.8863 	EXP 	arrow1_2: text = '+$0.50'
218.8863 	EXP 	polygon2_2: autoDraw = True
218.8863 	EXP 	feedback1_2: autoDraw = True
219.8866 	EXP 	feedback1_2: autoDraw = False
219.9033 	EXP 	arrow1_2: autoDraw = True
220.8868 	EXP 	polygon2_2: autoDraw = False
220.8868 	EXP 	arrow1_2: autoDraw = False
220.9035 	EXP 	ITI_2: autoDraw = True
222.8719 	EXP 	Created sequence: random, trialTypes=1, nReps=0, seed=None
222.8721 	EXP 	New trial (rep=0, index=22): OrderedDict([('selectBlock', 1)])
222.8731 	EXP 	Created sequence: sequential, trialTypes=1, nReps=1, seed=None
222.8733 	EXP 	New trial (rep=0, index=0): None
222.8876 	EXP 	polygon2_2: autoDraw = False
222.8876 	EXP 	feedback1_2: autoDraw = False
222.8876 	EXP 	arrow1_2: autoDraw = False
222.8876 	EXP 	ITI_2: autoDraw = False
222.8876 	EXP 	polygon: autoDraw = True
222.8876 	EXP 	text: autoDraw = True
223.5896 	DATA 	Keypress: 2
224.8880 	EXP 	polygon: autoDraw = False
224.8880 	EXP 	text: autoDraw = False
224.9047 	EXP 	ISI: autoDraw = True
226.8886 	EXP 	ISI: autoDraw = False
226.8886 	EXP 	polygon: autoDraw = False
226.8886 	EXP 	text: autoDraw = False
226.8886 	EXP 	ISI: autoDraw = False
226.8886 	EXP 	arrow1_2: color = '[-1.  1. -1.] (rgb)'
226.8886 	EXP 	arrow1_2: text = '+$0.50'
226.8886 	EXP 	polygon2_2: autoDraw = True
226.8886 	EXP 	feedback1_2: autoDraw = True
227.8889 	EXP 	feedback1_2: autoDraw = False
227.9055 	EXP 	arrow1_2: autoDraw = True
228.8892 	EXP 	polygon2_2: autoDraw = False
228.8892 	EXP 	arrow1_2: autoDraw = False
228.9059 	EXP 	ITI_2: autoDraw = True
229.9239 	DATA 	Keypress: 1
230.8744 	EXP 	Created sequence: random, trialTypes=1, nReps=0, seed=None
230.8746 	EXP 	New trial (rep=0, index=23): OrderedDict([('selectBlock', 2)])
230.8755 	EXP 	Created sequence: sequential, trialTypes=1, nReps=0, seed=None
230.8757 	EXP 	Created sequence: random, trialTypes=1, nReps=1, seed=None
230.8758 	EXP 	New trial (rep=0, index=0): None
230.8899 	EXP 	polygon2_2: autoDraw = False
230.8899 	EXP 	feedback1_2: autoDraw = False
230.8899 	EXP 	arrow1_2: autoDraw = False
230.8899 	EXP 	ITI_2: autoDraw = False
230.8899 	EXP 	rectangle: autoDraw = True
230.8899 	EXP 	text1: autoDraw = True
231.1589 	DATA 	Keypress: 1
232.8905 	EXP 	rectangle: autoDraw = False
232.8905 	EXP 	text1: autoDraw = False
232.9071 	EXP 	ISI2: autoDraw = True
234.8911 	EXP 	ISI2: autoDraw = False
234.8911 	EXP 	rectangle: autoDraw = False
234.8911 	EXP 	text1: autoDraw = False
234.8911 	EXP 	ISI2: autoDraw = False
234.8911 	EXP 	feedback2_2: text = 6
234.8911 	EXP 	arrow2_2: color = '[ 1. -1. -1.] (rgb)'
234.8911 	EXP 	arrow2_2: text = '-$0.25'
234.8911 	EXP 	rectangle2_2: autoDraw = True
234.8911 	EXP 	feedback2_2: autoDraw = True
235.8913 	EXP 	feedback2_2: autoDraw = False
235.9081 	EXP 	arrow2_2: autoDraw = True
236.8917 	EXP 	rectangle2_2: autoDraw = False
236.8917 	EXP 	arrow2_2: autoDraw = False
236.9085 	EXP 	ITI2_2: autoDraw = True
238.8766 	EXP 	New trial (rep=0, index=24): OrderedDict([('selectBlock', 1)])
238.8778 	EXP 	Created sequence: sequential, trialTypes=1, nReps=1, seed=None
238.8780 	EXP 	New trial (rep=0, index=0): None
238.8922 	EXP 	rectangle2_2: autoDraw = False
238.8922 	EXP 	feedback2_2: autoDraw = False
238.8922 	EXP 	arrow2_2: autoDraw = False
238.8922 	EXP 	ITI2_2: autoDraw = False
238.8922 	EXP 	polygon: autoDraw = True
238.8922 	EXP 	text: autoDraw = True
239.5442 	DATA 	Keypress: 2
240.8928 	EXP 	polygon: autoDraw = False
240.8928 	EXP 	text: autoDraw = False
240.9095 	EXP 	ISI: autoDraw = True
242.9101 	EXP 	ISI: autoDraw = False
242.9101 	EXP 	polygon: autoDraw = False
242.9101 	EXP 	text: autoDraw = False
242.9101 	EXP 	ISI: autoDraw = False
242.9101 	EXP 	arrow1_2: color = '[-1.  1. -1.] (rgb)'
242.9101 	EXP 	arrow1_2: text = '+$0.50'
242.9101 	EXP 	polygon2_2: autoDraw = True
242.9101 	EXP 	feedback1_2: autoDraw = True
243.8937 	EXP 	feedback1_2: autoDraw = False
243.9105 	EXP 	arrow1_2: autoDraw = True
244.8939 	EXP 	polygon2_2: autoDraw = False
244.8939 	EXP 	arrow1_2: autoDraw = False
244.9106 	EXP 	ITI_2: autoDraw = True
246.8825 	EXP 	Created sequence: random, trialTypes=1, nReps=0, seed=None
246.8948 	EXP 	polygon2_2: autoDraw = False
246.8948 	EXP 	feedback1_2: autoDraw = False
246.8948 	EXP 	arrow1_2: autoDraw = False
246.8948 	EXP 	ITI_2: autoDraw = False
246.8948 	EXP 	Finished: autoDraw = True
247.2805 	DATA 	Keypress: 1
258.0167 	DATA 	Keypress: space
258.0312 	EXP 	Finished: autoDraw = False
258.1279 	EXP 	window1: mouseVisible = True
