7.4098 	WARNING 	User requested fullscreen with size [1024  768], but screen is actually [1440, 900]. Using actual size
8.0696 	EXP 	Created window1 = Window(allowGUI=True, allowStencil=False, args=UNKNOWN, autoLog=True, bitsMode=UNKNOWN, blendMode='avg', color=array([0., 0., 0.]), colorSpace='rgb', fullscr=<method-wrapper '__getattribute__' of attributeSetter object at 0x1366599e8>, gamma=None, kwargs=UNKNOWN, lms=UNKNOWN, monitor=<psychopy.monitors.calibTools.Monitor object at 0x136e3d860>, multiSample=False, name='window1', numSamples=2, pos=[0.0, 0.0], screen=0, size=array([2880, 1800]), stereo=False, units='height', useFBO=True, useRetina=True, viewOri=0.0, viewPos=None, viewScale=None, waitBlanking=True, winType='pyglet')
8.0696 	EXP 	window1: recordFrameIntervals = False
8.2347 	EXP 	window1: recordFrameIntervals = True
8.4187 	EXP 	window1: recordFrameIntervals = False
8.7580 	EXP 	Created Instructions = TextStim(__class__=<class 'psychopy.visual.text.TextStim'>, alignHoriz='center', alignVert='center', antialias=True, autoLog=True, bold=False, color='white', colorSpace='named', contrast=1.0, depth=0.0, flipHoriz=False, flipVert=False, font='Arial', fontFiles=[], height=0.07, italic=False, languageStyle='LTR', name='Instructions', opacity=1.0, ori=0, pos=array([0., 0.]), rgb=array([255., 255., 255.]), text=str(...), units='height', win=Window(...), wrapWidth=1)
8.8228 	EXP 	Created text = TextStim(__class__=<class 'psychopy.visual.text.TextStim'>, alignHoriz='center', alignVert='center', antialias=True, autoLog=True, bold=False, color='white', colorSpace='named', contrast=1.0, depth=0.0, flipHoriz=False, flipVert=False, font='Arial', fontFiles=[], height=1.0, italic=False, languageStyle='LTR', name='text', opacity=1.0, ori=0, pos=array([0., 0.]), rgb=array([255., 255., 255.]), text='default text', units='height', win=Window(...), wrapWidth=1)
8.8761 	EXP 	Created rating = RatingScale(__class__=type(...), acceptKeys=['return'], acceptPreText=UNKNOWN, acceptSize=UNKNOWN, acceptText='accept?', autoLog=True, choices=['$0', '$.01', '$.02', '$.03', '$.04', '$.05'], depth=0, disappear=False, flipVert=False, high=5, kwargs=UNKNOWN, labels=list(...), leftKeys=['left'], lineColor='White', low=0, marker=ShapeStim(...), markerColor='DarkBlue', markerExpansion=UNKNOWN, markerStart=None, maxTime=0.0, minTime=0.4, mouseOnly=False, name='rating', noMouse=False, pos=[0.0, -0.3], precision=1, respKeys=['0', '1', '2', '3', '4', '5'], rightKeys=['right'], scale='<default>', self=UNKNOWN, showAccept=True, showValue=True, singleClick=False, size=1.02, skipKeys=['tab'], stretch=1.0, textColor='LightGray', textFont='Helvetica Bold', textSize=0.20400000000000001, tickHeight=-1, tickMarks=5.0, win=Window(...))
8.9053 	EXP 	Created text_2 = TextStim(__class__=<class 'psychopy.visual.text.TextStim'>, alignHoriz='center', alignVert='center', antialias=True, autoLog=True, bold=False, color='white', colorSpace='named', contrast=1.0, depth=0.0, flipHoriz=False, flipVert=False, font='Arial', fontFiles=[], height=0.1, italic=False, languageStyle='LTR', name='text_2', opacity=1.0, ori=0, pos=array([0., 0.]), rgb=array([255., 255., 255.]), text=str(...), units='height', win=Window(...), wrapWidth=1)
8.9355 	EXP 	rating: flipVert = False
8.9355 	EXP 	rating: autoLog = True
8.9355 	EXP 	Instructions: autoDraw = True
10.0213 	EXP 	Imported ChoiceText_final.xlsx as conditions, 110 conditions, 1 params
10.0228 	EXP 	Created sequence: random, trialTypes=110, nReps=1, seed=None
10.0231 	EXP 	New trial (rep=0, index=0): OrderedDict([('choices', 'Running a marathon')])
10.0463 	EXP 	RatingScale rating: reset()
10.0803 	DATA 	Keypress: space
10.1008 	EXP 	Instructions: autoDraw = False
10.1008 	EXP 	text: color = '[1. 1. 1.] (rgb)'
10.1008 	EXP 	text: pos = array([0.  , 0.07])
10.1008 	EXP 	text: text = 'Running a marathon'
10.1008 	EXP 	text: font = 'Arial'
10.1008 	EXP 	text: height = 0.08
10.1008 	EXP 	text: autoDraw = True
10.1008 	EXP 	rating: autoDraw = True
10.1008 	EXP 	text: text = 'Running a marathon'
12.0725 	DATA 	Mouse: Left button down, pos=(351,312)
14.2886 	DATA 	Mouse:  Left button up, pos=(1089,249)
16.6261 	DATA 	Keypress: escape
17.0454 	EXP 	window1: mouseVisible = True
