7.8877 	WARNING 	User requested fullscreen with size [1024  768], but screen is actually [1440, 900]. Using actual size
8.6499 	EXP 	Created window1 = Window(allowGUI=True, allowStencil=False, args=UNKNOWN, autoLog=True, bitsMode=UNKNOWN, blendMode='avg', color=array([0., 0., 0.]), colorSpace='rgb', fullscr=<method-wrapper '__getattribute__' of attributeSetter object at 0x135932860>, gamma=None, kwargs=UNKNOWN, lms=UNKNOWN, monitor=<psychopy.monitors.calibTools.Monitor object at 0x136566390>, multiSample=False, name='window1', numSamples=2, pos=[0.0, 0.0], screen=0, size=array([2880, 1800]), stereo=False, units='height', useFBO=True, useRetina=True, viewOri=0.0, viewPos=None, viewScale=None, waitBlanking=True, winType='pyglet')
8.6499 	EXP 	window1: recordFrameIntervals = False
8.8154 	EXP 	window1: recordFrameIntervals = True
8.9984 	EXP 	window1: recordFrameIntervals = False
9.3385 	EXP 	Created Instructions = TextStim(__class__=<class 'psychopy.visual.text.TextStim'>, alignHoriz='center', alignVert='center', antialias=True, autoLog=True, bold=False, color='white', colorSpace='named', contrast=1.0, depth=0.0, flipHoriz=False, flipVert=False, font='Arial', fontFiles=[], height=0.07, italic=False, languageStyle='LTR', name='Instructions', opacity=1.0, ori=0, pos=array([0., 0.]), rgb=array([255., 255., 255.]), text=str(...), units='height', win=Window(...), wrapWidth=1)
9.4093 	EXP 	Created text = TextStim(__class__=<class 'psychopy.visual.text.TextStim'>, alignHoriz='center', alignVert='center', antialias=True, autoLog=True, bold=False, color='white', colorSpace='named', contrast=1.0, depth=0.0, flipHoriz=False, flipVert=False, font='Arial', fontFiles=[], height=1.0, italic=False, languageStyle='LTR', name='text', opacity=1.0, ori=0, pos=array([0., 0.]), rgb=array([255., 255., 255.]), text='default text', units='height', win=Window(...), wrapWidth=1)
9.4821 	EXP 	Created rating = RatingScale(__class__=type(...), acceptKeys=['return'], acceptPreText=UNKNOWN, acceptSize=UNKNOWN, acceptText='accept?', autoLog=True, choices=['$0.01', '$0.02', '$0.03', '$0.04', '$0.05'], depth=0, disappear=False, flipVert=False, high=4, kwargs=UNKNOWN, labels=list(...), leftKeys=['left'], lineColor='White', low=0, marker=ShapeStim(...), markerColor='DarkBlue', markerExpansion=UNKNOWN, markerStart=None, maxTime=0.0, minTime=0.4, mouseOnly=False, name='rating', noMouse=False, pos=[0.0, -0.3], precision=1, respKeys=['0', '1', '2', '3', '4'], rightKeys=['right'], scale='<default>', self=UNKNOWN, showAccept=True, showValue=True, singleClick=False, size=1.02, skipKeys=['tab'], stretch=1.0, textColor='LightGray', textFont='Helvetica Bold', textSize=0.20400000000000001, tickHeight=-1, tickMarks=4.0, win=Window(...))
9.5116 	EXP 	Created text_2 = TextStim(__class__=<class 'psychopy.visual.text.TextStim'>, alignHoriz='center', alignVert='center', antialias=True, autoLog=True, bold=False, color='white', colorSpace='named', contrast=1.0, depth=0.0, flipHoriz=False, flipVert=False, font='Arial', fontFiles=[], height=0.1, italic=False, languageStyle='LTR', name='text_2', opacity=1.0, ori=0, pos=array([0., 0.]), rgb=array([255., 255., 255.]), text=str(...), units='height', win=Window(...), wrapWidth=1)
9.5544 	EXP 	rating: flipVert = False
9.5544 	EXP 	rating: autoLog = True
9.5544 	EXP 	Instructions: autoDraw = True
10.7626 	EXP 	Imported ChoiceText_final.xlsx as conditions, 60 conditions, 1 params
10.7642 	EXP 	Created sequence: random, trialTypes=60, nReps=1, seed=None
10.7644 	EXP 	New trial (rep=0, index=0): OrderedDict([('choices', 'Going on a first date \nto the movies')])
10.7965 	EXP 	RatingScale rating: reset()
10.8386 	DATA 	Keypress: space
10.8507 	EXP 	Instructions: autoDraw = False
10.8507 	EXP 	text: color = '[1. 1. 1.] (rgb)'
10.8507 	EXP 	text: pos = array([0.  , 0.07])
10.8507 	EXP 	text: text = 'Going on a first date \nto the movies'
10.8507 	EXP 	text: font = 'Arial'
10.8507 	EXP 	text: height = 0.08
10.8507 	EXP 	text: autoDraw = True
10.8507 	EXP 	rating: autoDraw = True
10.8507 	EXP 	text: text = 'Going on a first date \nto the movies'
11.6228 	DATA 	Keypress: right
12.7168 	DATA 	Mouse: Left button down, pos=(697,317)
12.8012 	DATA 	Mouse:  Left button up, pos=(697,317)
15.1693 	DATA 	Keypress: return
15.1695 	DATA 	RatingScale rating: (key response) rating=$0.03
15.1697 	DATA 	RatingScale rating: rating RT=4.346
15.1697 	DATA 	RatingScale rating: history=[(None, 0.0), ('$0.03', 1.894), ('$0.03', 4.346)]
15.1846 	EXP 	New trial (rep=0, index=1): OrderedDict([('choices', 'Going dancing with\na significant other')])
15.1996 	EXP 	RatingScale rating: reset()
15.2320 	EXP 	text: autoDraw = False
15.2320 	EXP 	rating: autoDraw = False
15.2320 	EXP 	text: color = '[1. 1. 1.] (rgb)'
15.2320 	EXP 	text: pos = array([0.  , 0.07])
15.2320 	EXP 	text: text = 'Going dancing with\na significant other'
15.2320 	EXP 	text: font = 'Arial'
15.2320 	EXP 	text: height = 0.08
15.2320 	EXP 	text: autoDraw = True
15.2320 	EXP 	rating: autoDraw = True
15.2320 	EXP 	text: text = 'Going dancing with\na significant other'
15.5177 	DATA 	Mouse: Left button down, pos=(705,288)
15.6352 	DATA 	Mouse:  Left button up, pos=(705,288)
15.8873 	DATA 	Keypress: return
15.8875 	DATA 	RatingScale rating: (key response) rating=$0.03
15.8878 	DATA 	RatingScale rating: rating RT=0.669
15.8878 	DATA 	RatingScale rating: history=[(None, 0.0), ('$0.03', 0.299), ('$0.03', 0.668)]
15.9003 	EXP 	New trial (rep=0, index=2): OrderedDict([('choices', 'Playing ping-pong\nwith friends')])
15.9130 	EXP 	RatingScale rating: reset()
15.9480 	EXP 	text: autoDraw = False
15.9480 	EXP 	rating: autoDraw = False
15.9480 	EXP 	text: color = '[1. 1. 1.] (rgb)'
15.9480 	EXP 	text: pos = array([0.  , 0.07])
15.9480 	EXP 	text: text = 'Playing ping-pong\nwith friends'
15.9480 	EXP 	text: font = 'Arial'
15.9480 	EXP 	text: height = 0.08
15.9480 	EXP 	text: autoDraw = True
15.9480 	EXP 	rating: autoDraw = True
15.9480 	EXP 	text: text = 'Playing ping-pong\nwith friends'
16.4683 	DATA 	Mouse: Left button down, pos=(705,288)
16.5684 	DATA 	Mouse:  Left button up, pos=(705,288)
16.8200 	DATA 	Keypress: return
16.8202 	DATA 	RatingScale rating: (key response) rating=$0.03
16.8203 	DATA 	RatingScale rating: rating RT=0.887
16.8203 	DATA 	RatingScale rating: history=[(None, 0.0), ('$0.03', 0.536), ('$0.03', 0.887)]
16.8337 	EXP 	New trial (rep=0, index=3): OrderedDict([('choices', 'Posting Instagram stories')])
16.8446 	EXP 	RatingScale rating: reset()
16.8814 	EXP 	text: autoDraw = False
16.8814 	EXP 	rating: autoDraw = False
16.8814 	EXP 	text: color = '[1. 1. 1.] (rgb)'
16.8814 	EXP 	text: pos = array([0.  , 0.07])
16.8814 	EXP 	text: text = 'Posting Instagram stories'
16.8814 	EXP 	text: font = 'Arial'
16.8814 	EXP 	text: height = 0.08
16.8814 	EXP 	text: autoDraw = True
16.8814 	EXP 	rating: autoDraw = True
16.8814 	EXP 	text: text = 'Posting Instagram stories'
17.2024 	DATA 	Mouse: Left button down, pos=(705,288)
17.2909 	DATA 	Mouse:  Left button up, pos=(705,288)
17.5030 	DATA 	Keypress: return
17.5032 	DATA 	RatingScale rating: (key response) rating=$0.03
17.5034 	DATA 	RatingScale rating: rating RT=0.639
17.5034 	DATA 	RatingScale rating: history=[(None, 0.0), ('$0.03', 0.338), ('$0.03', 0.638)]
17.5170 	EXP 	New trial (rep=0, index=4): OrderedDict([('choices', 'Becoming "InstaFamous"')])
17.5308 	EXP 	RatingScale rating: reset()
17.5642 	EXP 	text: autoDraw = False
17.5642 	EXP 	rating: autoDraw = False
17.5642 	EXP 	text: color = '[1. 1. 1.] (rgb)'
17.5642 	EXP 	text: pos = array([0.  , 0.07])
17.5642 	EXP 	text: text = 'Becoming "InstaFamous"'
17.5642 	EXP 	text: font = 'Arial'
17.5642 	EXP 	text: height = 0.08
17.5642 	EXP 	text: autoDraw = True
17.5642 	EXP 	rating: autoDraw = True
17.5642 	EXP 	text: text = 'Becoming "InstaFamous"'
17.9178 	DATA 	Mouse: Left button down, pos=(705,288)
18.0030 	DATA 	Mouse:  Left button up, pos=(705,288)
18.2868 	DATA 	Keypress: return
18.2870 	DATA 	RatingScale rating: (key response) rating=$0.03
18.2871 	DATA 	RatingScale rating: rating RT=0.738
18.2872 	DATA 	RatingScale rating: history=[(None, 0.0), ('$0.03', 0.369), ('$0.03', 0.738)]
18.3006 	EXP 	New trial (rep=0, index=5): OrderedDict([('choices', 'Snapchat your friends to keep your "Snapstreaks"')])
18.3147 	EXP 	RatingScale rating: reset()
18.3492 	EXP 	text: autoDraw = False
18.3492 	EXP 	rating: autoDraw = False
18.3492 	EXP 	text: color = '[1. 1. 1.] (rgb)'
18.3492 	EXP 	text: pos = array([0.  , 0.07])
18.3492 	EXP 	text: text = 'Snapchat your friends to keep your "Snapstreaks"'
18.3492 	EXP 	text: font = 'Arial'
18.3492 	EXP 	text: height = 0.08
18.3492 	EXP 	text: autoDraw = True
18.3492 	EXP 	rating: autoDraw = True
18.3492 	EXP 	text: text = 'Snapchat your friends to keep your "Snapstreaks"'
18.7188 	DATA 	Mouse: Left button down, pos=(705,288)
18.8355 	DATA 	Mouse:  Left button up, pos=(705,288)
19.0361 	DATA 	Keypress: return
19.0363 	DATA 	RatingScale rating: (key response) rating=$0.03
19.0365 	DATA 	RatingScale rating: rating RT=0.700
19.0365 	DATA 	RatingScale rating: history=[(None, 0.0), ('$0.03', 0.383), ('$0.03', 0.7)]
19.0508 	EXP 	New trial (rep=0, index=6): OrderedDict([('choices', 'Taking your friend \non a cruise')])
19.0636 	EXP 	RatingScale rating: reset()
19.0986 	EXP 	text: autoDraw = False
19.0986 	EXP 	rating: autoDraw = False
19.0986 	EXP 	text: color = '[1. 1. 1.] (rgb)'
19.0986 	EXP 	text: pos = array([0.  , 0.07])
19.0986 	EXP 	text: text = 'Taking your friend \non a cruise'
19.0986 	EXP 	text: font = 'Arial'
19.0986 	EXP 	text: height = 0.08
19.0986 	EXP 	text: autoDraw = True
19.0986 	EXP 	rating: autoDraw = True
19.0986 	EXP 	text: text = 'Taking your friend \non a cruise'
19.4198 	DATA 	Mouse: Left button down, pos=(705,288)
19.5526 	DATA 	Mouse:  Left button up, pos=(705,288)
19.7206 	DATA 	Keypress: return
19.7208 	DATA 	RatingScale rating: (key response) rating=$0.03
19.7209 	DATA 	RatingScale rating: rating RT=0.636
19.7210 	DATA 	RatingScale rating: history=[(None, 0.0), ('$0.03', 0.351), ('$0.03', 0.636)]
19.7344 	EXP 	New trial (rep=0, index=7): OrderedDict([('choices', 'Walking around Central \nPark with family')])
19.7487 	EXP 	RatingScale rating: reset()
19.7847 	EXP 	text: autoDraw = False
19.7847 	EXP 	rating: autoDraw = False
19.7847 	EXP 	text: color = '[1. 1. 1.] (rgb)'
19.7847 	EXP 	text: pos = array([0.  , 0.07])
19.7847 	EXP 	text: text = 'Walking around Central \nPark with family'
19.7847 	EXP 	text: font = 'Arial'
19.7847 	EXP 	text: height = 0.08
19.7847 	EXP 	text: autoDraw = True
19.7847 	EXP 	rating: autoDraw = True
19.7847 	EXP 	text: text = 'Walking around Central \nPark with family'
20.1211 	DATA 	Mouse: Left button down, pos=(705,288)
20.2195 	DATA 	Mouse:  Left button up, pos=(705,288)
20.3534 	DATA 	Keypress: return
20.3536 	DATA 	RatingScale rating: (key response) rating=$0.03
20.3538 	DATA 	RatingScale rating: rating RT=0.582
20.3538 	DATA 	RatingScale rating: history=[(None, 0.0), ('$0.03', 0.35), ('$0.03', 0.582)]
20.3680 	EXP 	New trial (rep=0, index=8): OrderedDict([('choices', 'Having hundreds of friends on Facebook')])
20.3858 	EXP 	RatingScale rating: reset()
20.4324 	EXP 	text: autoDraw = False
20.4324 	EXP 	rating: autoDraw = False
20.4324 	EXP 	text: color = '[1. 1. 1.] (rgb)'
20.4324 	EXP 	text: pos = array([0.  , 0.07])
20.4324 	EXP 	text: text = 'Having hundreds of friends on Facebook'
20.4324 	EXP 	text: font = 'Arial'
20.4324 	EXP 	text: height = 0.08
20.4324 	EXP 	text: autoDraw = True
20.4324 	EXP 	rating: autoDraw = True
20.4324 	EXP 	text: text = 'Having hundreds of friends on Facebook'
21.1521 	DATA 	Mouse: Left button down, pos=(705,288)
21.2867 	DATA 	Mouse:  Left button up, pos=(705,288)
21.3373 	DATA 	Keypress: return
21.3375 	DATA 	RatingScale rating: (key response) rating=$0.03
21.3377 	DATA 	RatingScale rating: rating RT=0.929
21.3377 	DATA 	RatingScale rating: history=[(None, 0.0), ('$0.03', 0.744), ('$0.03', 0.929)]
21.3516 	EXP 	New trial (rep=0, index=9): OrderedDict([('choices', 'Taking a family member\n on a shopping trip')])
21.3682 	EXP 	RatingScale rating: reset()
21.4178 	EXP 	text: autoDraw = False
21.4178 	EXP 	rating: autoDraw = False
21.4178 	EXP 	text: color = '[1. 1. 1.] (rgb)'
21.4178 	EXP 	text: pos = array([0.  , 0.07])
21.4178 	EXP 	text: text = 'Taking a family member\n on a shopping trip'
21.4178 	EXP 	text: font = 'Arial'
21.4178 	EXP 	text: height = 0.08
21.4178 	EXP 	text: autoDraw = True
21.4178 	EXP 	rating: autoDraw = True
21.4178 	EXP 	text: text = 'Taking a family member\n on a shopping trip'
21.5076 	DATA 	Mouse: Left button down, pos=(705,288)
21.6079 	DATA 	Mouse:  Left button up, pos=(705,288)
21.6704 	DATA 	Keypress: return
21.7891 	DATA 	Mouse: Left button down, pos=(705,288)
21.8877 	DATA 	Mouse:  Left button up, pos=(705,288)
21.9244 	DATA 	Keypress: return
21.9247 	DATA 	RatingScale rating: (key response) rating=$0.03
21.9249 	DATA 	RatingScale rating: rating RT=0.534
21.9249 	DATA 	RatingScale rating: history=[(None, 0.0), ('$0.03', 0.118), ('$0.03', 0.534)]
21.9554 	EXP 	New trial (rep=0, index=10): OrderedDict([('choices', 'Getting 1 million subscribers on Youtube')])
21.9732 	EXP 	RatingScale rating: reset()
22.0167 	EXP 	text: autoDraw = False
22.0167 	EXP 	rating: autoDraw = False
22.0167 	EXP 	text: color = '[1. 1. 1.] (rgb)'
22.0167 	EXP 	text: pos = array([0.  , 0.07])
22.0167 	EXP 	text: text = 'Getting 1 million subscribers on Youtube'
22.0167 	EXP 	text: font = 'Arial'
22.0167 	EXP 	text: height = 0.08
22.0167 	EXP 	text: autoDraw = True
22.0167 	EXP 	rating: autoDraw = True
22.0167 	EXP 	text: text = 'Getting 1 million subscribers on Youtube'
22.0875 	DATA 	Mouse: Left button down, pos=(705,288)
22.1910 	DATA 	Mouse:  Left button up, pos=(705,288)
22.2226 	DATA 	Keypress: return
22.3236 	DATA 	Mouse: Left button down, pos=(705,288)
22.4727 	DATA 	Mouse:  Left button up, pos=(705,288)
22.5060 	DATA 	Keypress: return
22.5063 	DATA 	RatingScale rating: (key response) rating=$0.03
22.5065 	DATA 	RatingScale rating: rating RT=0.510
22.5065 	DATA 	RatingScale rating: history=[(None, 0.0), ('$0.03', 0.092), ('$0.03', 0.51)]
22.5182 	EXP 	New trial (rep=0, index=11): OrderedDict([('choices', 'Celebrating holidays \nwith family')])
22.5309 	EXP 	RatingScale rating: reset()
22.5658 	EXP 	text: autoDraw = False
22.5658 	EXP 	rating: autoDraw = False
22.5658 	EXP 	text: color = '[1. 1. 1.] (rgb)'
22.5658 	EXP 	text: pos = array([0.  , 0.07])
22.5658 	EXP 	text: text = 'Celebrating holidays \nwith family'
22.5658 	EXP 	text: font = 'Arial'
22.5658 	EXP 	text: height = 0.08
22.5658 	EXP 	text: autoDraw = True
22.5658 	EXP 	rating: autoDraw = True
22.5658 	EXP 	text: text = 'Celebrating holidays \nwith family'
22.7059 	DATA 	Mouse: Left button down, pos=(705,288)
22.8737 	DATA 	Mouse:  Left button up, pos=(705,288)
22.8895 	DATA 	Keypress: return
23.0717 	DATA 	Mouse: Left button down, pos=(705,288)
23.2225 	DATA 	Mouse:  Left button up, pos=(705,288)
23.3399 	DATA 	Keypress: return
23.3402 	DATA 	RatingScale rating: (key response) rating=$0.03
23.3404 	DATA 	RatingScale rating: rating RT=0.787
23.3404 	DATA 	RatingScale rating: history=[(None, 0.0), ('$0.03', 0.171), ('$0.03', 0.787)]
23.3534 	EXP 	New trial (rep=0, index=12): OrderedDict([('choices', 'Going to a bar \nwith friends')])
23.3676 	EXP 	RatingScale rating: reset()
23.4006 	EXP 	text: autoDraw = False
23.4006 	EXP 	rating: autoDraw = False
23.4006 	EXP 	text: color = '[1. 1. 1.] (rgb)'
23.4006 	EXP 	text: pos = array([0.  , 0.07])
23.4006 	EXP 	text: text = 'Going to a bar \nwith friends'
23.4006 	EXP 	text: font = 'Arial'
23.4006 	EXP 	text: height = 0.08
23.4006 	EXP 	text: autoDraw = True
23.4006 	EXP 	rating: autoDraw = True
23.4006 	EXP 	text: text = 'Going to a bar \nwith friends'
23.8890 	DATA 	Keypress: escape
24.3396 	EXP 	window1: mouseVisible = True
