4.4616 	WARNING 	User requested fullscreen with size [1024  768], but screen is actually [1920, 1080]. Using actual size
5.3024 	EXP 	Created window1 = Window(allowGUI=True, allowStencil=False, args=UNKNOWN, autoLog=True, bitsMode=UNKNOWN, blendMode='avg', color=array([0., 0., 0.]), colorSpace='rgb', fullscr=<method-wrapper '__getattribute__' of attributeSetter object at 0x000000001AB91CF8>, gamma=None, kwargs=UNKNOWN, lms=UNKNOWN, monitor=<psychopy.monitors.calibTools.Monitor object at 0x000000001ABDEB70>, multiSample=False, name='window1', numSamples=2, pos=[0.0, 0.0], screen=0, size=array([1920, 1080]), stereo=False, units='height', useFBO=True, useRetina=False, viewOri=0.0, viewPos=None, viewScale=None, waitBlanking=True, winType='pyglet')
5.3025 	EXP 	window1: recordFrameIntervals = False
5.4676 	EXP 	window1: recordFrameIntervals = True
5.6514 	EXP 	window1: recordFrameIntervals = False
5.9979 	EXP 	Created Instructions = TextStim(__class__=<class 'psychopy.visual.text.TextStim'>, alignHoriz='center', alignVert='center', antialias=True, autoLog=True, bold=False, color='white', colorSpace='named', contrast=1.0, depth=0.0, flipHoriz=False, flipVert=False, font='Arial', fontFiles=[], height=0.07, italic=False, languageStyle='LTR', name='Instructions', opacity=1.0, ori=0, pos=array([0., 0.]), rgb=array([255., 255., 255.]), text=str(...), units='height', win=Window(...), wrapWidth=1)
7.1718 	EXP 	Created text = TextStim(__class__=<class 'psychopy.visual.text.TextStim'>, alignHoriz='center', alignVert='center', antialias=True, autoLog=True, bold=False, color='white', colorSpace='named', contrast=1.0, depth=0.0, flipHoriz=False, flipVert=False, font='Arial', fontFiles=[], height=1.0, italic=False, languageStyle='LTR', name='text', opacity=1.0, ori=0, pos=array([0., 0.]), rgb=array([255., 255., 255.]), text='default text', units='height', win=Window(...), wrapWidth=1)
7.2187 	EXP 	Created rating = RatingScale(__class__=type(...), acceptKeys=['return'], acceptPreText=UNKNOWN, acceptSize=UNKNOWN, acceptText='accept?', autoLog=True, choices=['$0.01', '$0.02', '$0.03', '$0.04', '$0.05'], depth=0, disappear=False, flipVert=False, high=4, kwargs=UNKNOWN, labels=list(...), leftKeys=['left'], lineColor='White', low=0, marker=ShapeStim(...), markerColor='DarkBlue', markerExpansion=UNKNOWN, markerStart=None, maxTime=0.0, minTime=0.4, mouseOnly=False, name='rating', noMouse=False, pos=[0.0, -0.3], precision=1, respKeys=['0', '1', '2', '3', '4'], rightKeys=['right'], scale='<default>', self=UNKNOWN, showAccept=True, showValue=True, singleClick=False, size=1.02, skipKeys=['tab'], stretch=1.0, textColor='LightGray', textFont='Helvetica Bold', textSize=0.20400000000000001, tickHeight=-1, tickMarks=4.0, win=Window(...))
7.2638 	EXP 	Created text_2 = TextStim(__class__=<class 'psychopy.visual.text.TextStim'>, alignHoriz='center', alignVert='center', antialias=True, autoLog=True, bold=False, color='white', colorSpace='named', contrast=1.0, depth=0.0, flipHoriz=False, flipVert=False, font='Arial', fontFiles=[], height=0.1, italic=False, languageStyle='LTR', name='text_2', opacity=1.0, ori=0, pos=array([0., 0.]), rgb=array([255., 255., 255.]), text=str(...), units='height', win=Window(...), wrapWidth=1)
7.3370 	EXP 	Imported ChoiceText_final.xlsx as conditions, 60 conditions, 1 params
7.3373 	EXP 	Created sequence: random, trialTypes=60, nReps=1, seed=None
7.3375 	EXP 	New trial (rep=0, index=0): OrderedDict([('choices', 'Getting verified on \nInstagram')])
8.3212 	EXP 	RatingScale rating: reset()
8.3516 	DATA 	Keypress: space
8.3518 	DATA 	Keypress: space
8.3698 	EXP 	rating: flipVert = False
8.3698 	EXP 	rating: autoLog = True
8.3698 	EXP 	Instructions: autoDraw = True
8.3698 	EXP 	Instructions: autoDraw = False
8.3698 	EXP 	text: color = '[1. 1. 1.] (rgb)'
8.3698 	EXP 	text: pos = array([0.  , 0.07])
8.3698 	EXP 	text: text = 'Getting verified on \nInstagram'
8.3698 	EXP 	text: font = 'Arial'
8.3698 	EXP 	text: height = 0.08
8.3698 	EXP 	text: autoDraw = True
8.3698 	EXP 	rating: autoDraw = True
8.3698 	EXP 	text: text = 'Getting verified on \nInstagram'
8.5737 	DATA 	Keypress: space
11.0094 	DATA 	Keypress: space
11.3924 	DATA 	Keypress: space
11.9265 	DATA 	Mouse: Right button down, pos=(1322,475)
12.0434 	DATA 	Mouse:  Right button up, pos=(1322,475)
13.7104 	DATA 	Keypress: escape
13.8251 	EXP 	window1: mouseVisible = True
