7.3191 	WARNING 	User requested fullscreen with size [1024  768], but screen is actually [1440, 900]. Using actual size
8.1183 	EXP 	Created window1 = Window(allowGUI=False, allowStencil=False, args=UNKNOWN, autoLog=True, bitsMode=UNKNOWN, blendMode='avg', color=array([0., 0., 0.]), colorSpace='rgb', fullscr=<method-wrapper '__getattribute__' of attributeSetter object at 0x136343860>, gamma=None, kwargs=UNKNOWN, lms=UNKNOWN, monitor=<psychopy.monitors.calibTools.Monitor object at 0x136c3d630>, multiSample=False, name='window1', numSamples=2, pos=[0.0, 0.0], screen=0, size=array([2880, 1800]), stereo=False, units='norm', useFBO=True, useRetina=True, viewOri=0.0, viewPos=None, viewScale=None, waitBlanking=True, winType='pyglet')
8.1183 	EXP 	window1: recordFrameIntervals = False
8.2841 	EXP 	window1: recordFrameIntervals = True
8.4206 	WARNING 	t of last frame was 20.17ms (=1/49)
8.6510 	EXP 	window1: recordFrameIntervals = False
9.1100 	EXP 	Created Welcome = TextStim(__class__=<class 'psychopy.visual.text.TextStim'>, alignHoriz='center', alignVert='center', antialias=True, autoLog=True, bold=False, color='white', colorSpace='named', contrast=1.0, depth=0.0, flipHoriz=False, flipVert=False, font='Arial', fontFiles=[], height=0.1, italic=False, languageStyle='LTR', name='Welcome', opacity=1.0, ori=0, pos=array([0., 0.]), rgb=array([255., 255., 255.]), text=str(...), units='norm', win=Window(...), wrapWidth=1)
9.1132 	EXP 	Created firstTrialITI = TextStim(__class__=<class 'psychopy.visual.text.TextStim'>, alignHoriz='center', alignVert='center', antialias=True, autoLog=True, bold=False, color='white', colorSpace='named', contrast=1.0, depth=0.0, flipHoriz=False, flipVert=False, font='Arial', fontFiles=[], height=0.1, italic=False, languageStyle='LTR', name='firstTrialITI', opacity=1.0, ori=0, pos=array([0., 0.]), rgb=array([255., 255., 255.]), text='+', units='norm', win=Window(...), wrapWidth=1)
9.1160 	EXP 	Created polygon = Rect(__class__=<class 'psychopy.visual.rect.Rect'>, autoDraw=False, autoLog=True, closeShape=True, color=method-wrapper(...), colorSpace=None, contrast=1.0, depth=0.0, fillColor=array([0., 0., 0.]), fillColorSpace='rgb', fillRGB=array([0., 0., 0.]), interpolate=True, lineColor=array([1., 1., 1.]), lineColorSpace='rgb', lineRGB=array([1., 1., 1.]), lineWidth=5, name='polygon', opacity=1.0, ori=array(0.), pos=array([0., 0.]), size=array([1., 1.]), units='norm', vertices=ndarray(...), win=Window(...))
9.1190 	EXP 	Created text = TextStim(__class__=<class 'psychopy.visual.text.TextStim'>, alignHoriz='center', alignVert='center', antialias=True, autoLog=True, bold=False, color='white', colorSpace='named', contrast=1.0, depth=-1.0, flipHoriz=False, flipVert=False, font='Arial', fontFiles=[], height=0.1, italic=False, languageStyle='LTR', name='text', opacity=1.0, ori=0, pos=array([0., 0.]), rgb=array([255., 255., 255.]), text='?', units='norm', win=Window(...), wrapWidth=1)
9.1211 	EXP 	Created ISI = TextStim(__class__=<class 'psychopy.visual.text.TextStim'>, alignHoriz='center', alignVert='center', antialias=True, autoLog=True, bold=False, color='white', colorSpace='named', contrast=1.0, depth=-4.0, flipHoriz=False, flipVert=False, font='Arial', fontFiles=[], height=0.1, italic=False, languageStyle='LTR', name='ISI', opacity=1.0, ori=0, pos=array([0., 0.]), rgb=array([255., 255., 255.]), text='+', units='norm', win=Window(...), wrapWidth=1)
9.1222 	EXP 	Created polygon2_2 = Rect(__class__=<class 'psychopy.visual.rect.Rect'>, autoDraw=False, autoLog=True, closeShape=True, color=method-wrapper(...), colorSpace=None, contrast=1.0, depth=0.0, fillColor=array([0., 0., 0.]), fillColorSpace='rgb', fillRGB=array([0., 0., 0.]), interpolate=True, lineColor=array([1., 1., 1.]), lineColorSpace='rgb', lineRGB=array([1., 1., 1.]), lineWidth=5, name='polygon2_2', opacity=1.0, ori=array(0.), pos=array([0., 0.]), size=array([1., 1.]), units='norm', vertices=ndarray(...), win=Window(...))
9.1270 	EXP 	Created feedback1_2 = TextStim(__class__=<class 'psychopy.visual.text.TextStim'>, alignHoriz='center', alignVert='center', antialias=True, autoLog=True, bold=False, color='white', colorSpace='named', contrast=1.0, depth=-1.0, flipHoriz=False, flipVert=False, font='Arial', fontFiles=[], height=0.1, italic=False, languageStyle='LTR', name='feedback1_2', opacity=1.0, ori=0, pos=array([0., 0.]), rgb=array([255., 255., 255.]), text='default text', units='norm', win=Window(...), wrapWidth=1)
9.1305 	EXP 	Created arrow1_2 = TextStim(__class__=<class 'psychopy.visual.text.TextStim'>, alignHoriz='center', alignVert='center', antialias=True, autoLog=True, bold=False, color='white', colorSpace='named', contrast=1.0, depth=-2.0, flipHoriz=False, flipVert=False, font='Arial', fontFiles=[], height=0.1, italic=False, languageStyle='LTR', name='arrow1_2', opacity=1.0, ori=0, pos=array([0., 0.]), rgb=array([255., 255., 255.]), text='default text', units='norm', win=Window(...), wrapWidth=1)
9.1326 	EXP 	Created ITI_2 = TextStim(__class__=<class 'psychopy.visual.text.TextStim'>, alignHoriz='center', alignVert='center', antialias=True, autoLog=True, bold=False, color='white', colorSpace='named', contrast=1.0, depth=-3.0, flipHoriz=False, flipVert=False, font='Arial', fontFiles=[], height=0.1, italic=False, languageStyle='LTR', name='ITI_2', opacity=1.0, ori=0, pos=array([0., 0.]), rgb=array([255., 255., 255.]), text='+', units='norm', win=Window(...), wrapWidth=1)
9.1337 	EXP 	Created rectangle = Rect(__class__=<class 'psychopy.visual.rect.Rect'>, autoDraw=False, autoLog=True, closeShape=True, color=method-wrapper(...), colorSpace=None, contrast=1.0, depth=0.0, fillColor=array([0., 0., 0.]), fillColorSpace='rgb', fillRGB=array([0., 0., 0.]), interpolate=True, lineColor=array([1., 1., 1.]), lineColorSpace='rgb', lineRGB=array([1., 1., 1.]), lineWidth=5, name='rectangle', opacity=1.0, ori=array(0.), pos=array([0., 0.]), size=array([1., 1.]), units='norm', vertices=ndarray(...), win=Window(...))
9.1357 	EXP 	Created text1 = TextStim(__class__=<class 'psychopy.visual.text.TextStim'>, alignHoriz='center', alignVert='center', antialias=True, autoLog=True, bold=False, color='white', colorSpace='named', contrast=1.0, depth=-1.0, flipHoriz=False, flipVert=False, font='Arial', fontFiles=[], height=0.1, italic=False, languageStyle='LTR', name='text1', opacity=1.0, ori=0, pos=array([0., 0.]), rgb=array([255., 255., 255.]), text='?', units='norm', win=Window(...), wrapWidth=1)
9.1376 	EXP 	Created ISI2 = TextStim(__class__=<class 'psychopy.visual.text.TextStim'>, alignHoriz='center', alignVert='center', antialias=True, autoLog=True, bold=False, color='white', colorSpace='named', contrast=1.0, depth=-4.0, flipHoriz=False, flipVert=False, font='Arial', fontFiles=[], height=0.1, italic=False, languageStyle='LTR', name='ISI2', opacity=1.0, ori=0, pos=array([0., 0.]), rgb=array([255., 255., 255.]), text='+', units='norm', win=Window(...), wrapWidth=1)
9.1387 	EXP 	Created rectangle2_2 = Rect(__class__=<class 'psychopy.visual.rect.Rect'>, autoDraw=False, autoLog=True, closeShape=True, color=method-wrapper(...), colorSpace=None, contrast=1.0, depth=0.0, fillColor=array([0., 0., 0.]), fillColorSpace='rgb', fillRGB=array([0., 0., 0.]), interpolate=True, lineColor=array([1., 1., 1.]), lineColorSpace='rgb', lineRGB=array([1., 1., 1.]), lineWidth=5, name='rectangle2_2', opacity=1.0, ori=array(0.), pos=array([0., 0.]), size=array([1., 1.]), units='norm', vertices=ndarray(...), win=Window(...))
9.1426 	EXP 	Created feedback2_2 = TextStim(__class__=<class 'psychopy.visual.text.TextStim'>, alignHoriz='center', alignVert='center', antialias=True, autoLog=True, bold=False, color=array([1., 1., 1.]), colorSpace='rgb', contrast=1.0, depth=-1.0, flipHoriz=False, flipVert=False, font='Arial', fontFiles=[], height=0.1, italic=False, languageStyle='LTR', name='feedback2_2', opacity=1.0, ori=0, pos=array([0., 0.]), rgb=array([1., 1., 1.]), text='default text', units='norm', win=Window(...), wrapWidth=1)
9.1469 	EXP 	Created arrow2_2 = TextStim(__class__=<class 'psychopy.visual.text.TextStim'>, alignHoriz='center', alignVert='center', antialias=True, autoLog=True, bold=False, color='white', colorSpace='named', contrast=1.0, depth=-2.0, flipHoriz=False, flipVert=False, font='Arial', fontFiles=[], height=0.1, italic=False, languageStyle='LTR', name='arrow2_2', opacity=1.0, ori=0, pos=array([0., 0.]), rgb=array([255., 255., 255.]), text='default text', units='norm', win=Window(...), wrapWidth=0.2)
9.1493 	EXP 	Created ITI2_2 = TextStim(__class__=<class 'psychopy.visual.text.TextStim'>, alignHoriz='center', alignVert='center', antialias=True, autoLog=True, bold=False, color='white', colorSpace='named', contrast=1.0, depth=-3.0, flipHoriz=False, flipVert=False, font='Arial', fontFiles=[], height=0.1, italic=False, languageStyle='LTR', name='ITI2_2', opacity=1.0, ori=0, pos=array([0., 0.]), rgb=array([255., 255., 255.]), text='+', units='norm', win=Window(...), wrapWidth=1)
9.1688 	EXP 	Created Finished = TextStim(__class__=<class 'psychopy.visual.text.TextStim'>, alignHoriz='center', alignVert='center', antialias=True, autoLog=True, bold=False, color='white', colorSpace='named', contrast=1.0, depth=0.0, flipHoriz=False, flipVert=False, font='Arial', fontFiles=[], height=0.1, italic=False, languageStyle='LTR', name='Finished', opacity=1.0, ori=0, pos=array([0., 0.]), rgb=array([255., 255., 255.]), text=str(...), units='norm', win=Window(...), wrapWidth=1)
9.2167 	EXP 	Welcome: autoDraw = True
10.0893 	DATA 	Keypress: space
10.1008 	EXP 	Welcome: autoDraw = False
10.1008 	EXP 	firstTrialITI: autoDraw = True
16.0951 	EXP 	Imported spreadsheet5.xlsx as conditions, 25 conditions, 1 params
16.0955 	EXP 	Created sequence: fullRandom, trialTypes=25, nReps=1, seed=None
16.0958 	EXP 	New trial (rep=0, index=0): OrderedDict([('selectBlock', 1)])
16.0961 	EXP 	Created sequence: sequential, trialTypes=1, nReps=1, seed=None
16.0962 	EXP 	New trial (rep=0, index=0): None
16.1367 	EXP 	firstTrialITI: autoDraw = False
16.1367 	EXP 	polygon: autoDraw = True
16.1367 	EXP 	text: autoDraw = True
16.8730 	DATA 	Keypress: 1
18.1020 	EXP 	polygon: autoDraw = False
18.1020 	EXP 	text: autoDraw = False
18.1182 	EXP 	ISI: autoDraw = True
20.1056 	EXP 	ISI: autoDraw = False
20.1056 	EXP 	polygon: autoDraw = False
20.1056 	EXP 	text: autoDraw = False
20.1056 	EXP 	ISI: autoDraw = False
20.1056 	EXP 	arrow1_2: color = '[-1.  1. -1.] (rgb)'
20.1056 	EXP 	arrow1_2: text = '+$0.50'
20.1056 	EXP 	polygon2_2: autoDraw = True
20.1056 	EXP 	feedback1_2: autoDraw = True
21.1020 	EXP 	feedback1_2: autoDraw = False
21.1194 	EXP 	arrow1_2: autoDraw = True
22.1054 	EXP 	polygon2_2: autoDraw = False
22.1054 	EXP 	arrow1_2: autoDraw = False
22.1054 	EXP 	ITI_2: autoDraw = True
24.0887 	EXP 	Created sequence: random, trialTypes=1, nReps=0, seed=None
24.0892 	EXP 	New trial (rep=0, index=1): OrderedDict([('selectBlock', 1)])
24.0897 	EXP 	Created sequence: sequential, trialTypes=1, nReps=1, seed=None
24.0900 	EXP 	New trial (rep=0, index=0): None
24.1357 	EXP 	ITI_2: autoDraw = False
24.1357 	EXP 	polygon2_2: autoDraw = False
24.1357 	EXP 	feedback1_2: autoDraw = False
24.1357 	EXP 	arrow1_2: autoDraw = False
24.1357 	EXP 	ITI_2: autoDraw = False
24.1357 	EXP 	polygon: autoDraw = True
24.1357 	EXP 	text: autoDraw = True
26.1087 	EXP 	polygon: autoDraw = False
26.1087 	EXP 	text: autoDraw = False
26.1203 	EXP 	ISI: autoDraw = True
28.1217 	EXP 	ISI: autoDraw = False
28.1217 	EXP 	polygon: autoDraw = False
28.1217 	EXP 	text: autoDraw = False
28.1217 	EXP 	ISI: autoDraw = False
28.1217 	EXP 	arrow1_2: color = '[1. 1. 1.] (rgb)'
28.1217 	EXP 	arrow1_2: text = '#'
28.1217 	EXP 	polygon2_2: autoDraw = True
28.1217 	EXP 	feedback1_2: autoDraw = True
29.1046 	EXP 	feedback1_2: autoDraw = False
29.1205 	EXP 	arrow1_2: autoDraw = True
30.1048 	EXP 	polygon2_2: autoDraw = False
30.1048 	EXP 	arrow1_2: autoDraw = False
30.1210 	EXP 	ITI_2: autoDraw = True
32.0903 	EXP 	Created sequence: random, trialTypes=1, nReps=0, seed=None
32.0907 	EXP 	New trial (rep=0, index=2): OrderedDict([('selectBlock', 1)])
32.0913 	EXP 	Created sequence: sequential, trialTypes=1, nReps=1, seed=None
32.0915 	EXP 	New trial (rep=0, index=0): None
32.1357 	EXP 	ITI_2: autoDraw = False
32.1357 	EXP 	polygon2_2: autoDraw = False
32.1357 	EXP 	feedback1_2: autoDraw = False
32.1357 	EXP 	arrow1_2: autoDraw = False
32.1357 	EXP 	ITI_2: autoDraw = False
32.1357 	EXP 	polygon: autoDraw = True
32.1357 	EXP 	text: autoDraw = True
33.2615 	DATA 	Keypress: 1
34.1057 	EXP 	polygon: autoDraw = False
34.1057 	EXP 	text: autoDraw = False
34.1224 	EXP 	ISI: autoDraw = True
36.1225 	EXP 	ISI: autoDraw = False
36.1225 	EXP 	polygon: autoDraw = False
36.1225 	EXP 	text: autoDraw = False
36.1225 	EXP 	ISI: autoDraw = False
36.1225 	EXP 	arrow1_2: color = '[-1.  1. -1.] (rgb)'
36.1225 	EXP 	arrow1_2: text = '+$0.50'
36.1225 	EXP 	polygon2_2: autoDraw = True
36.1225 	EXP 	feedback1_2: autoDraw = True
36.9518 	DATA 	Keypress: escape
37.3006 	EXP 	window1: mouseVisible = True
