6.5265 	EXP 	Created window1 = Window(allowGUI=False, allowStencil=False, autoLog=True, bitsMode=UNKNOWN, blendMode='avg', color=array([ 0.,  0.,  0.]), colorSpace='rgb', fullscr=UNKNOWN, gamma=None, lms=UNKNOWN, monitor=<psychopy.monitors.calibTools.Monitor object at 0x07B078B0>, multiSample=False, name='window1', numSamples=2, pos=[0, 0], screen=0, size=array([1920, 1080]), stereo=False, units=u'norm', useFBO=True, useRetina=False, viewOri=0.0, viewPos=None, viewScale=None, waitBlanking=True, winType='pyglet')
6.5266 	EXP 	window1: recordFrameIntervals = False
6.6917 	EXP 	window1: recordFrameIntervals = True
6.8756 	EXP 	window1: recordFrameIntervals = False
7.0193 	EXP 	Created Welcome = TextStim(alignHoriz='center', alignVert='center', antialias=True, autoLog=True, bold=False, color='white', colorSpace='named', contrast=1.0, depth=0.0, flipHoriz=False, flipVert=False, font='Arial', fontFiles=[], height=0.1, italic=False, name='Welcome', opacity=1.0, ori=0, pos=array([ 0.,  0.]), rgb=array([ 255.,  255.,  255.]), text=unicode(...), units=u'norm', win=Window(...), wrapWidth=1)
7.0222 	EXP 	Created firstTrialITI = TextStim(alignHoriz='center', alignVert='center', antialias=True, autoLog=True, bold=False, color='white', colorSpace='named', contrast=1.0, depth=0.0, flipHoriz=False, flipVert=False, font='Arial', fontFiles=[], height=0.1, italic=False, name='firstTrialITI', opacity=1.0, ori=0, pos=array([ 0.,  0.]), rgb=array([ 255.,  255.,  255.]), text=u'+', units=u'norm', win=Window(...), wrapWidth=1)
7.0236 	EXP 	<method-wrapper '__getattribute__' of attributeSetter object at 0x082AA470>: vertices = array([[-0.25,  0.5 ],
       [ 0.25,  0.5 ],
       [ 0.25, -0.5 ],
       [-0.25, -0.5 ]])
7.0247 	EXP 	Created polygon = Rect(autoDraw=False, autoLog=True, closeShape=True, contrast=1.0, depth=0.0, fillColor=array([ 0.,  0.,  0.]), fillColorSpace='rgb', fillRGB=array([ 0.,  0.,  0.]), interpolate=True, lineColor=array([ 1.,  1.,  1.]), lineColorSpace='rgb', lineRGB=array([ 1.,  1.,  1.]), lineWidth=5, name='polygon', opacity=1.0, ori=array(0.0), pos=array([ 0.,  0.]), size=array([ 1.,  1.]), units=u'norm', vertices=ndarray(...), win=Window(...))
7.0275 	EXP 	Created text = TextStim(alignHoriz='center', alignVert='center', antialias=True, autoLog=True, bold=False, color='white', colorSpace='named', contrast=1.0, depth=-1.0, flipHoriz=False, flipVert=False, font='Arial', fontFiles=[], height=0.1, italic=False, name='text', opacity=1.0, ori=0, pos=array([ 0.,  0.]), rgb=array([ 255.,  255.,  255.]), text=u'?', units=u'norm', win=Window(...), wrapWidth=1)
7.0295 	EXP 	Created ISI = TextStim(alignHoriz='center', alignVert='center', antialias=True, autoLog=True, bold=False, color='white', colorSpace='named', contrast=1.0, depth=-4.0, flipHoriz=False, flipVert=False, font='Arial', fontFiles=[], height=0.1, italic=False, name='ISI', opacity=1.0, ori=0, pos=array([ 0.,  0.]), rgb=array([ 255.,  255.,  255.]), text=u'+', units=u'norm', win=Window(...), wrapWidth=1)
7.0298 	EXP 	<method-wrapper '__getattribute__' of attributeSetter object at 0x082AA470>: vertices = array([[-0.25,  0.5 ],
       [ 0.25,  0.5 ],
       [ 0.25, -0.5 ],
       [-0.25, -0.5 ]])
7.0308 	EXP 	Created polygon2_2 = Rect(autoDraw=False, autoLog=True, closeShape=True, contrast=1.0, depth=0.0, fillColor=array([ 0.,  0.,  0.]), fillColorSpace='rgb', fillRGB=array([ 0.,  0.,  0.]), interpolate=True, lineColor=array([ 1.,  1.,  1.]), lineColorSpace='rgb', lineRGB=array([ 1.,  1.,  1.]), lineWidth=5, name='polygon2_2', opacity=1.0, ori=array(0.0), pos=array([ 0.,  0.]), size=array([ 1.,  1.]), units=u'norm', vertices=ndarray(...), win=Window(...))
7.0373 	EXP 	Created feedback1_2 = TextStim(alignHoriz='center', alignVert='center', antialias=True, autoLog=True, bold=False, color='white', colorSpace='named', contrast=1.0, depth=-1.0, flipHoriz=False, flipVert=False, font='Arial', fontFiles=[], height=0.1, italic=False, name='feedback1_2', opacity=1.0, ori=0, pos=array([ 0.,  0.]), rgb=array([ 255.,  255.,  255.]), text=u'default text', units=u'norm', win=Window(...), wrapWidth=1)
7.0434 	EXP 	Created arrow1_2 = TextStim(alignHoriz='center', alignVert='center', antialias=True, autoLog=True, bold=False, color=array([-1.,  1., -1.]), colorSpace='rgb', contrast=1.0, depth=-2.0, flipHoriz=False, flipVert=False, font='Arial', fontFiles=[], height=0.1, italic=False, name='arrow1_2', opacity=1.0, ori=0, pos=array([ 0.,  0.]), rgb=array([-1.,  1., -1.]), text=u'+$0.50', units=u'norm', win=Window(...), wrapWidth=1)
7.0455 	EXP 	Created ITI_2 = TextStim(alignHoriz='center', alignVert='center', antialias=True, autoLog=True, bold=False, color='white', colorSpace='named', contrast=1.0, depth=-3.0, flipHoriz=False, flipVert=False, font='Arial', fontFiles=[], height=0.1, italic=False, name='ITI_2', opacity=1.0, ori=0, pos=array([ 0.,  0.]), rgb=array([ 255.,  255.,  255.]), text=u'+', units=u'norm', win=Window(...), wrapWidth=1)
7.0457 	EXP 	<method-wrapper '__getattribute__' of attributeSetter object at 0x082AA470>: vertices = array([[-0.25,  0.5 ],
       [ 0.25,  0.5 ],
       [ 0.25, -0.5 ],
       [-0.25, -0.5 ]])
7.0468 	EXP 	Created rectangle = Rect(autoDraw=False, autoLog=True, closeShape=True, contrast=1.0, depth=0.0, fillColor=array([ 0.,  0.,  0.]), fillColorSpace='rgb', fillRGB=array([ 0.,  0.,  0.]), interpolate=True, lineColor=array([ 1.,  1.,  1.]), lineColorSpace='rgb', lineRGB=array([ 1.,  1.,  1.]), lineWidth=5, name='rectangle', opacity=1.0, ori=array(0.0), pos=array([ 0.,  0.]), size=array([ 1.,  1.]), units=u'norm', vertices=ndarray(...), win=Window(...))
7.0488 	EXP 	Created text1 = TextStim(alignHoriz='center', alignVert='center', antialias=True, autoLog=True, bold=False, color='white', colorSpace='named', contrast=1.0, depth=-1.0, flipHoriz=False, flipVert=False, font='Arial', fontFiles=[], height=0.1, italic=False, name='text1', opacity=1.0, ori=0, pos=array([ 0.,  0.]), rgb=array([ 255.,  255.,  255.]), text=u'?', units=u'norm', win=Window(...), wrapWidth=1)
7.0508 	EXP 	Created ISI2 = TextStim(alignHoriz='center', alignVert='center', antialias=True, autoLog=True, bold=False, color='white', colorSpace='named', contrast=1.0, depth=-4.0, flipHoriz=False, flipVert=False, font='Arial', fontFiles=[], height=0.1, italic=False, name='ISI2', opacity=1.0, ori=0, pos=array([ 0.,  0.]), rgb=array([ 255.,  255.,  255.]), text=u'+', units=u'norm', win=Window(...), wrapWidth=1)
7.0511 	EXP 	<method-wrapper '__getattribute__' of attributeSetter object at 0x082AA470>: vertices = array([[-0.25,  0.5 ],
       [ 0.25,  0.5 ],
       [ 0.25, -0.5 ],
       [-0.25, -0.5 ]])
7.0522 	EXP 	Created rectangle2_2 = Rect(autoDraw=False, autoLog=True, closeShape=True, contrast=1.0, depth=0.0, fillColor=array([ 0.,  0.,  0.]), fillColorSpace='rgb', fillRGB=array([ 0.,  0.,  0.]), interpolate=True, lineColor=array([ 1.,  1.,  1.]), lineColorSpace='rgb', lineRGB=array([ 1.,  1.,  1.]), lineWidth=5, name='rectangle2_2', opacity=1.0, ori=array(0.0), pos=array([ 0.,  0.]), size=array([ 1.,  1.]), units=u'norm', vertices=ndarray(...), win=Window(...))
7.0567 	EXP 	Created feedback2_2 = TextStim(alignHoriz='center', alignVert='center', antialias=True, autoLog=True, bold=False, color='white', colorSpace='named', contrast=1.0, depth=-1.0, flipHoriz=False, flipVert=False, font='Arial', fontFiles=[], height=0.1, italic=False, name='feedback2_2', opacity=1.0, ori=0, pos=array([ 0.,  0.]), rgb=array([ 255.,  255.,  255.]), text=u'default text', units=u'norm', win=Window(...), wrapWidth=1)
7.0615 	EXP 	Created arrow2_2 = TextStim(alignHoriz='center', alignVert='center', antialias=True, autoLog=True, bold=False, color=array([ 1., -1., -1.]), colorSpace='rgb', contrast=1.0, depth=-2.0, flipHoriz=False, flipVert=False, font='Arial', fontFiles=[], height=0.1, italic=False, name='arrow2_2', opacity=1.0, ori=0, pos=array([ 0.,  0.]), rgb=array([ 1., -1., -1.]), text=u'default text', units='norm', win=Window(...), wrapWidth=0.2)
7.0636 	EXP 	Created ITI2_2 = TextStim(alignHoriz='center', alignVert='center', antialias=True, autoLog=True, bold=False, color='white', colorSpace='named', contrast=1.0, depth=-3.0, flipHoriz=False, flipVert=False, font='Arial', fontFiles=[], height=0.1, italic=False, name='ITI2_2', opacity=1.0, ori=0, pos=array([ 0.,  0.]), rgb=array([ 255.,  255.,  255.]), text=u'+', units=u'norm', win=Window(...), wrapWidth=1)
7.0842 	EXP 	Created Finished = TextStim(alignHoriz='center', alignVert='center', antialias=True, autoLog=True, bold=False, color='white', colorSpace='named', contrast=1.0, depth=0.0, flipHoriz=False, flipVert=False, font='Arial', fontFiles=[], height=0.1, italic=False, name='Finished', opacity=1.0, ori=0, pos=array([ 0.,  0.]), rgb=array([ 255.,  255.,  255.]), text=unicode(...), units=u'norm', win=Window(...), wrapWidth=1)
7.0854 	EXP 	window1: blendMode = 'avg'
7.0926 	EXP 	Welcome: autoDraw = True
7.0930 	EXP 	window1: blendMode = 'avg'
7.1087 	EXP 	window1: blendMode = 'avg'
7.1253 	EXP 	window1: blendMode = 'avg'
7.1427 	EXP 	window1: blendMode = 'avg'
7.1594 	EXP 	window1: blendMode = 'avg'
7.1761 	EXP 	window1: blendMode = 'avg'
7.1930 	EXP 	window1: blendMode = 'avg'
7.2097 	EXP 	window1: blendMode = 'avg'
7.2264 	EXP 	window1: blendMode = 'avg'
7.2430 	EXP 	window1: blendMode = 'avg'
7.2597 	EXP 	window1: blendMode = 'avg'
7.2763 	EXP 	window1: blendMode = 'avg'
7.2930 	EXP 	window1: blendMode = 'avg'
7.3097 	EXP 	window1: blendMode = 'avg'
7.3265 	EXP 	window1: blendMode = 'avg'
7.3430 	EXP 	window1: blendMode = 'avg'
7.3597 	EXP 	window1: blendMode = 'avg'
7.3764 	EXP 	window1: blendMode = 'avg'
7.3930 	EXP 	window1: blendMode = 'avg'
7.4097 	EXP 	window1: blendMode = 'avg'
7.4264 	EXP 	window1: blendMode = 'avg'
7.4430 	EXP 	window1: blendMode = 'avg'
7.4598 	EXP 	window1: blendMode = 'avg'
7.4764 	EXP 	window1: blendMode = 'avg'
7.4931 	EXP 	window1: blendMode = 'avg'
7.5098 	EXP 	window1: blendMode = 'avg'
7.5264 	EXP 	window1: blendMode = 'avg'
7.5432 	EXP 	window1: blendMode = 'avg'
7.5598 	EXP 	window1: blendMode = 'avg'
7.5765 	EXP 	window1: blendMode = 'avg'
7.5932 	EXP 	window1: blendMode = 'avg'
7.6098 	EXP 	window1: blendMode = 'avg'
7.6265 	EXP 	window1: blendMode = 'avg'
7.6432 	EXP 	window1: blendMode = 'avg'
7.6599 	EXP 	window1: blendMode = 'avg'
7.6764 	EXP 	window1: blendMode = 'avg'
7.6932 	EXP 	window1: blendMode = 'avg'
7.7099 	EXP 	window1: blendMode = 'avg'
7.7265 	EXP 	window1: blendMode = 'avg'
7.7431 	EXP 	window1: blendMode = 'avg'
7.7598 	EXP 	window1: blendMode = 'avg'
7.7765 	EXP 	window1: blendMode = 'avg'
7.7931 	EXP 	window1: blendMode = 'avg'
7.8098 	EXP 	window1: blendMode = 'avg'
7.8265 	EXP 	window1: blendMode = 'avg'
7.8425 	DATA 	Keypress: space
7.8443 	EXP 	window1: blendMode = 'avg'
7.8587 	EXP 	Welcome: autoDraw = False
7.8587 	EXP 	firstTrialITI: autoDraw = True
7.8599 	EXP 	window1: blendMode = 'avg'
7.8765 	EXP 	window1: blendMode = 'avg'
7.8932 	EXP 	window1: blendMode = 'avg'
7.9098 	EXP 	window1: blendMode = 'avg'
7.9265 	EXP 	window1: blendMode = 'avg'
7.9434 	EXP 	window1: blendMode = 'avg'
7.9598 	EXP 	window1: blendMode = 'avg'
7.9765 	EXP 	window1: blendMode = 'avg'
7.9932 	EXP 	window1: blendMode = 'avg'
8.0098 	EXP 	window1: blendMode = 'avg'
8.0265 	EXP 	window1: blendMode = 'avg'
8.0432 	EXP 	window1: blendMode = 'avg'
8.0599 	EXP 	window1: blendMode = 'avg'
8.0766 	EXP 	window1: blendMode = 'avg'
8.0933 	EXP 	window1: blendMode = 'avg'
8.1098 	EXP 	window1: blendMode = 'avg'
8.1266 	EXP 	window1: blendMode = 'avg'
8.1432 	EXP 	window1: blendMode = 'avg'
8.1599 	EXP 	window1: blendMode = 'avg'
8.1765 	EXP 	window1: blendMode = 'avg'
8.1932 	EXP 	window1: blendMode = 'avg'
8.2099 	EXP 	window1: blendMode = 'avg'
8.2266 	EXP 	window1: blendMode = 'avg'
8.2433 	EXP 	window1: blendMode = 'avg'
8.2599 	EXP 	window1: blendMode = 'avg'
8.2766 	EXP 	window1: blendMode = 'avg'
8.2933 	EXP 	window1: blendMode = 'avg'
8.3100 	EXP 	window1: blendMode = 'avg'
8.3266 	EXP 	window1: blendMode = 'avg'
8.3433 	EXP 	window1: blendMode = 'avg'
8.3599 	EXP 	window1: blendMode = 'avg'
8.3767 	EXP 	window1: blendMode = 'avg'
8.3933 	EXP 	window1: blendMode = 'avg'
8.4100 	EXP 	window1: blendMode = 'avg'
8.4267 	EXP 	window1: blendMode = 'avg'
8.4433 	EXP 	window1: blendMode = 'avg'
8.4600 	EXP 	window1: blendMode = 'avg'
8.4766 	EXP 	window1: blendMode = 'avg'
8.4934 	EXP 	window1: blendMode = 'avg'
8.5100 	EXP 	window1: blendMode = 'avg'
8.5267 	EXP 	window1: blendMode = 'avg'
8.5433 	EXP 	window1: blendMode = 'avg'
8.5600 	EXP 	window1: blendMode = 'avg'
8.5767 	EXP 	window1: blendMode = 'avg'
8.5934 	EXP 	window1: blendMode = 'avg'
8.6100 	EXP 	window1: blendMode = 'avg'
8.6267 	EXP 	window1: blendMode = 'avg'
8.6434 	EXP 	window1: blendMode = 'avg'
8.6600 	EXP 	window1: blendMode = 'avg'
8.6767 	EXP 	window1: blendMode = 'avg'
8.6934 	EXP 	window1: blendMode = 'avg'
8.7101 	EXP 	window1: blendMode = 'avg'
8.7267 	EXP 	window1: blendMode = 'avg'
8.7434 	EXP 	window1: blendMode = 'avg'
8.7601 	EXP 	window1: blendMode = 'avg'
8.7768 	EXP 	window1: blendMode = 'avg'
8.7934 	EXP 	window1: blendMode = 'avg'
8.8101 	EXP 	window1: blendMode = 'avg'
8.8268 	EXP 	window1: blendMode = 'avg'
8.8435 	EXP 	window1: blendMode = 'avg'
8.8601 	EXP 	window1: blendMode = 'avg'
8.8768 	EXP 	window1: blendMode = 'avg'
8.8935 	EXP 	window1: blendMode = 'avg'
8.9101 	EXP 	window1: blendMode = 'avg'
8.9268 	EXP 	window1: blendMode = 'avg'
8.9434 	EXP 	window1: blendMode = 'avg'
8.9601 	EXP 	window1: blendMode = 'avg'
8.9768 	EXP 	window1: blendMode = 'avg'
8.9934 	EXP 	window1: blendMode = 'avg'
9.0102 	EXP 	window1: blendMode = 'avg'
9.0268 	EXP 	window1: blendMode = 'avg'
9.0435 	EXP 	window1: blendMode = 'avg'
9.0601 	EXP 	window1: blendMode = 'avg'
9.0768 	EXP 	window1: blendMode = 'avg'
9.0935 	EXP 	window1: blendMode = 'avg'
9.1101 	EXP 	window1: blendMode = 'avg'
9.1268 	EXP 	window1: blendMode = 'avg'
9.1435 	EXP 	window1: blendMode = 'avg'
9.1601 	EXP 	window1: blendMode = 'avg'
9.1769 	EXP 	window1: blendMode = 'avg'
9.1935 	EXP 	window1: blendMode = 'avg'
9.2102 	EXP 	window1: blendMode = 'avg'
9.2268 	EXP 	window1: blendMode = 'avg'
9.2435 	EXP 	window1: blendMode = 'avg'
9.2602 	EXP 	window1: blendMode = 'avg'
9.2769 	EXP 	window1: blendMode = 'avg'
9.2936 	EXP 	window1: blendMode = 'avg'
9.3103 	EXP 	window1: blendMode = 'avg'
9.3269 	EXP 	window1: blendMode = 'avg'
9.3436 	EXP 	window1: blendMode = 'avg'
9.3602 	EXP 	window1: blendMode = 'avg'
9.3769 	EXP 	window1: blendMode = 'avg'
9.3936 	EXP 	window1: blendMode = 'avg'
9.4102 	EXP 	window1: blendMode = 'avg'
9.4270 	EXP 	window1: blendMode = 'avg'
9.4436 	EXP 	window1: blendMode = 'avg'
9.4603 	EXP 	window1: blendMode = 'avg'
9.4770 	EXP 	window1: blendMode = 'avg'
9.4936 	EXP 	window1: blendMode = 'avg'
9.5103 	EXP 	window1: blendMode = 'avg'
9.5269 	EXP 	window1: blendMode = 'avg'
9.5436 	EXP 	window1: blendMode = 'avg'
9.5603 	EXP 	window1: blendMode = 'avg'
9.5770 	EXP 	window1: blendMode = 'avg'
9.5937 	EXP 	window1: blendMode = 'avg'
9.6103 	EXP 	window1: blendMode = 'avg'
9.6270 	EXP 	window1: blendMode = 'avg'
9.6437 	EXP 	window1: blendMode = 'avg'
9.6604 	EXP 	window1: blendMode = 'avg'
9.6770 	EXP 	window1: blendMode = 'avg'
9.6936 	EXP 	window1: blendMode = 'avg'
9.7103 	EXP 	window1: blendMode = 'avg'
9.7270 	EXP 	window1: blendMode = 'avg'
9.7437 	EXP 	window1: blendMode = 'avg'
9.7604 	EXP 	window1: blendMode = 'avg'
9.7770 	EXP 	window1: blendMode = 'avg'
9.7937 	EXP 	window1: blendMode = 'avg'
9.8104 	EXP 	window1: blendMode = 'avg'
9.8270 	EXP 	window1: blendMode = 'avg'
9.8437 	EXP 	window1: blendMode = 'avg'
9.8604 	EXP 	window1: blendMode = 'avg'
9.8771 	EXP 	window1: blendMode = 'avg'
9.8937 	EXP 	window1: blendMode = 'avg'
9.9104 	EXP 	window1: blendMode = 'avg'
9.9271 	EXP 	window1: blendMode = 'avg'
9.9437 	EXP 	window1: blendMode = 'avg'
9.9604 	EXP 	window1: blendMode = 'avg'
9.9771 	EXP 	window1: blendMode = 'avg'
9.9937 	EXP 	window1: blendMode = 'avg'
10.0104 	EXP 	window1: blendMode = 'avg'
10.0271 	EXP 	window1: blendMode = 'avg'
10.0438 	EXP 	window1: blendMode = 'avg'
10.0605 	EXP 	window1: blendMode = 'avg'
10.0771 	EXP 	window1: blendMode = 'avg'
10.0938 	EXP 	window1: blendMode = 'avg'
10.1104 	EXP 	window1: blendMode = 'avg'
10.1272 	EXP 	window1: blendMode = 'avg'
10.1438 	EXP 	window1: blendMode = 'avg'
10.1605 	EXP 	window1: blendMode = 'avg'
10.1772 	EXP 	window1: blendMode = 'avg'
10.1938 	EXP 	window1: blendMode = 'avg'
10.2105 	EXP 	window1: blendMode = 'avg'
10.2271 	EXP 	window1: blendMode = 'avg'
10.2439 	EXP 	window1: blendMode = 'avg'
10.2605 	EXP 	window1: blendMode = 'avg'
10.2772 	EXP 	window1: blendMode = 'avg'
10.2939 	EXP 	window1: blendMode = 'avg'
10.3106 	EXP 	window1: blendMode = 'avg'
10.3271 	EXP 	window1: blendMode = 'avg'
10.3439 	EXP 	window1: blendMode = 'avg'
10.3605 	EXP 	window1: blendMode = 'avg'
10.3772 	EXP 	window1: blendMode = 'avg'
10.3939 	EXP 	window1: blendMode = 'avg'
10.4105 	EXP 	window1: blendMode = 'avg'
10.4272 	EXP 	window1: blendMode = 'avg'
10.4439 	EXP 	window1: blendMode = 'avg'
10.4606 	EXP 	window1: blendMode = 'avg'
10.4772 	EXP 	window1: blendMode = 'avg'
10.4940 	EXP 	window1: blendMode = 'avg'
10.5105 	EXP 	window1: blendMode = 'avg'
10.5273 	EXP 	window1: blendMode = 'avg'
10.5439 	EXP 	window1: blendMode = 'avg'
10.5606 	EXP 	window1: blendMode = 'avg'
10.5772 	EXP 	window1: blendMode = 'avg'
10.5939 	EXP 	window1: blendMode = 'avg'
10.6106 	EXP 	window1: blendMode = 'avg'
10.6272 	EXP 	window1: blendMode = 'avg'
10.6440 	EXP 	window1: blendMode = 'avg'
10.6606 	EXP 	window1: blendMode = 'avg'
10.6773 	EXP 	window1: blendMode = 'avg'
10.6939 	EXP 	window1: blendMode = 'avg'
10.7107 	EXP 	window1: blendMode = 'avg'
10.7273 	EXP 	window1: blendMode = 'avg'
10.7440 	EXP 	window1: blendMode = 'avg'
10.7607 	EXP 	window1: blendMode = 'avg'
10.7773 	EXP 	window1: blendMode = 'avg'
10.7940 	EXP 	window1: blendMode = 'avg'
10.8107 	EXP 	window1: blendMode = 'avg'
10.8273 	EXP 	window1: blendMode = 'avg'
10.8440 	EXP 	window1: blendMode = 'avg'
10.8607 	EXP 	window1: blendMode = 'avg'
10.8773 	EXP 	window1: blendMode = 'avg'
10.8941 	EXP 	window1: blendMode = 'avg'
10.9107 	EXP 	window1: blendMode = 'avg'
10.9274 	EXP 	window1: blendMode = 'avg'
10.9440 	EXP 	window1: blendMode = 'avg'
10.9608 	EXP 	window1: blendMode = 'avg'
10.9774 	EXP 	window1: blendMode = 'avg'
10.9940 	EXP 	window1: blendMode = 'avg'
11.0107 	EXP 	window1: blendMode = 'avg'
11.0274 	EXP 	window1: blendMode = 'avg'
11.0441 	EXP 	window1: blendMode = 'avg'
11.0608 	EXP 	window1: blendMode = 'avg'
11.0774 	EXP 	window1: blendMode = 'avg'
11.0941 	EXP 	window1: blendMode = 'avg'
11.1108 	EXP 	window1: blendMode = 'avg'
11.1274 	EXP 	window1: blendMode = 'avg'
11.1441 	EXP 	window1: blendMode = 'avg'
11.1608 	EXP 	window1: blendMode = 'avg'
11.1775 	EXP 	window1: blendMode = 'avg'
11.1941 	EXP 	window1: blendMode = 'avg'
11.2108 	EXP 	window1: blendMode = 'avg'
11.2275 	EXP 	window1: blendMode = 'avg'
11.2441 	EXP 	window1: blendMode = 'avg'
11.2608 	EXP 	window1: blendMode = 'avg'
11.2774 	EXP 	window1: blendMode = 'avg'
11.2941 	EXP 	window1: blendMode = 'avg'
11.3108 	EXP 	window1: blendMode = 'avg'
11.3275 	EXP 	window1: blendMode = 'avg'
11.3442 	EXP 	window1: blendMode = 'avg'
11.3608 	EXP 	window1: blendMode = 'avg'
11.3775 	EXP 	window1: blendMode = 'avg'
11.3942 	EXP 	window1: blendMode = 'avg'
11.4108 	EXP 	window1: blendMode = 'avg'
11.4276 	EXP 	window1: blendMode = 'avg'
11.4440 	EXP 	window1: blendMode = 'avg'
11.4609 	EXP 	window1: blendMode = 'avg'
11.4776 	EXP 	window1: blendMode = 'avg'
11.4942 	EXP 	window1: blendMode = 'avg'
11.5109 	EXP 	window1: blendMode = 'avg'
11.5275 	EXP 	window1: blendMode = 'avg'
11.5443 	EXP 	window1: blendMode = 'avg'
11.5609 	EXP 	window1: blendMode = 'avg'
11.5776 	EXP 	window1: blendMode = 'avg'
11.5942 	EXP 	window1: blendMode = 'avg'
11.6109 	EXP 	window1: blendMode = 'avg'
11.6276 	EXP 	window1: blendMode = 'avg'
11.6442 	EXP 	window1: blendMode = 'avg'
11.6610 	EXP 	window1: blendMode = 'avg'
11.6776 	EXP 	window1: blendMode = 'avg'
11.6943 	EXP 	window1: blendMode = 'avg'
11.7110 	EXP 	window1: blendMode = 'avg'
11.7276 	EXP 	window1: blendMode = 'avg'
11.7442 	EXP 	window1: blendMode = 'avg'
11.7610 	EXP 	window1: blendMode = 'avg'
11.7776 	EXP 	window1: blendMode = 'avg'
11.7943 	EXP 	window1: blendMode = 'avg'
11.8109 	EXP 	window1: blendMode = 'avg'
11.8277 	EXP 	window1: blendMode = 'avg'
11.8443 	EXP 	window1: blendMode = 'avg'
11.8610 	EXP 	window1: blendMode = 'avg'
11.8777 	EXP 	window1: blendMode = 'avg'
11.8943 	EXP 	window1: blendMode = 'avg'
11.9111 	EXP 	window1: blendMode = 'avg'
11.9277 	EXP 	window1: blendMode = 'avg'
11.9443 	EXP 	window1: blendMode = 'avg'
11.9610 	EXP 	window1: blendMode = 'avg'
11.9777 	EXP 	window1: blendMode = 'avg'
11.9943 	EXP 	window1: blendMode = 'avg'
12.0110 	EXP 	window1: blendMode = 'avg'
12.0277 	EXP 	window1: blendMode = 'avg'
12.0443 	EXP 	window1: blendMode = 'avg'
12.0610 	EXP 	window1: blendMode = 'avg'
12.0777 	EXP 	window1: blendMode = 'avg'
12.0944 	EXP 	window1: blendMode = 'avg'
12.1111 	EXP 	window1: blendMode = 'avg'
12.1277 	EXP 	window1: blendMode = 'avg'
12.1444 	EXP 	window1: blendMode = 'avg'
12.1611 	EXP 	window1: blendMode = 'avg'
12.1777 	EXP 	window1: blendMode = 'avg'
12.1944 	EXP 	window1: blendMode = 'avg'
12.2111 	EXP 	window1: blendMode = 'avg'
12.2277 	EXP 	window1: blendMode = 'avg'
12.2444 	EXP 	window1: blendMode = 'avg'
12.2611 	EXP 	window1: blendMode = 'avg'
12.2778 	EXP 	window1: blendMode = 'avg'
12.2945 	EXP 	window1: blendMode = 'avg'
12.3111 	EXP 	window1: blendMode = 'avg'
12.3278 	EXP 	window1: blendMode = 'avg'
12.3445 	EXP 	window1: blendMode = 'avg'
12.3611 	EXP 	window1: blendMode = 'avg'
12.3778 	EXP 	window1: blendMode = 'avg'
12.3945 	EXP 	window1: blendMode = 'avg'
12.4111 	EXP 	window1: blendMode = 'avg'
12.4278 	EXP 	window1: blendMode = 'avg'
12.4445 	EXP 	window1: blendMode = 'avg'
12.4612 	EXP 	window1: blendMode = 'avg'
12.4778 	EXP 	window1: blendMode = 'avg'
12.4945 	EXP 	window1: blendMode = 'avg'
12.5111 	EXP 	window1: blendMode = 'avg'
12.5278 	EXP 	window1: blendMode = 'avg'
12.5445 	EXP 	window1: blendMode = 'avg'
12.5612 	EXP 	window1: blendMode = 'avg'
12.5779 	EXP 	window1: blendMode = 'avg'
12.5946 	EXP 	window1: blendMode = 'avg'
12.6112 	EXP 	window1: blendMode = 'avg'
12.6279 	EXP 	window1: blendMode = 'avg'
12.6445 	EXP 	window1: blendMode = 'avg'
12.6613 	EXP 	window1: blendMode = 'avg'
12.6779 	EXP 	window1: blendMode = 'avg'
12.6945 	EXP 	window1: blendMode = 'avg'
12.7113 	EXP 	window1: blendMode = 'avg'
12.7280 	EXP 	window1: blendMode = 'avg'
12.7446 	EXP 	window1: blendMode = 'avg'
12.7613 	EXP 	window1: blendMode = 'avg'
12.7780 	EXP 	window1: blendMode = 'avg'
12.7946 	EXP 	window1: blendMode = 'avg'
12.8113 	EXP 	window1: blendMode = 'avg'
12.8280 	EXP 	window1: blendMode = 'avg'
12.8446 	EXP 	window1: blendMode = 'avg'
12.8613 	EXP 	window1: blendMode = 'avg'
12.8779 	EXP 	window1: blendMode = 'avg'
12.8947 	EXP 	window1: blendMode = 'avg'
12.9112 	EXP 	window1: blendMode = 'avg'
12.9280 	EXP 	window1: blendMode = 'avg'
12.9446 	EXP 	window1: blendMode = 'avg'
12.9613 	EXP 	window1: blendMode = 'avg'
12.9780 	EXP 	window1: blendMode = 'avg'
12.9947 	EXP 	window1: blendMode = 'avg'
13.0113 	EXP 	window1: blendMode = 'avg'
13.0280 	EXP 	window1: blendMode = 'avg'
13.0447 	EXP 	window1: blendMode = 'avg'
13.0613 	EXP 	window1: blendMode = 'avg'
13.0780 	EXP 	window1: blendMode = 'avg'
13.0947 	EXP 	window1: blendMode = 'avg'
13.1113 	EXP 	window1: blendMode = 'avg'
13.1280 	EXP 	window1: blendMode = 'avg'
13.1447 	EXP 	window1: blendMode = 'avg'
13.1613 	EXP 	window1: blendMode = 'avg'
13.1780 	EXP 	window1: blendMode = 'avg'
13.1947 	EXP 	window1: blendMode = 'avg'
13.2113 	EXP 	window1: blendMode = 'avg'
13.2280 	EXP 	window1: blendMode = 'avg'
13.2447 	EXP 	window1: blendMode = 'avg'
13.2614 	EXP 	window1: blendMode = 'avg'
13.2781 	EXP 	window1: blendMode = 'avg'
13.2947 	EXP 	window1: blendMode = 'avg'
13.3113 	EXP 	window1: blendMode = 'avg'
13.3281 	EXP 	window1: blendMode = 'avg'
13.3448 	EXP 	window1: blendMode = 'avg'
13.3614 	EXP 	window1: blendMode = 'avg'
13.3781 	EXP 	window1: blendMode = 'avg'
13.3948 	EXP 	window1: blendMode = 'avg'
13.4114 	EXP 	window1: blendMode = 'avg'
13.4281 	EXP 	window1: blendMode = 'avg'
13.4448 	EXP 	window1: blendMode = 'avg'
13.4614 	EXP 	window1: blendMode = 'avg'
13.4781 	EXP 	window1: blendMode = 'avg'
13.4948 	EXP 	window1: blendMode = 'avg'
13.5114 	EXP 	window1: blendMode = 'avg'
13.5281 	EXP 	window1: blendMode = 'avg'
13.5448 	EXP 	window1: blendMode = 'avg'
13.5615 	EXP 	window1: blendMode = 'avg'
13.5782 	EXP 	window1: blendMode = 'avg'
13.5948 	EXP 	window1: blendMode = 'avg'
13.6115 	EXP 	window1: blendMode = 'avg'
13.6282 	EXP 	window1: blendMode = 'avg'
13.6449 	EXP 	window1: blendMode = 'avg'
13.6615 	EXP 	window1: blendMode = 'avg'
13.6782 	EXP 	window1: blendMode = 'avg'
13.6948 	EXP 	window1: blendMode = 'avg'
13.7115 	EXP 	window1: blendMode = 'avg'
13.7282 	EXP 	window1: blendMode = 'avg'
13.7448 	EXP 	window1: blendMode = 'avg'
13.7616 	EXP 	window1: blendMode = 'avg'
13.7782 	EXP 	window1: blendMode = 'avg'
13.7949 	EXP 	window1: blendMode = 'avg'
13.8116 	EXP 	window1: blendMode = 'avg'
13.8282 	EXP 	window1: blendMode = 'avg'
13.8806 	EXP 	Imported spreadsheet4.xlsx as conditions, 20 conditions, 1 params
13.8810 	EXP 	Created sequence: sequential, trialTypes=20, nReps=1, seed=None
13.8814 	EXP 	New trial (rep=0, index=0): {'selectBlock': 1}
13.8818 	EXP 	Created sequence: sequential, trialTypes=1, nReps=1, seed=None
13.8821 	EXP 	New trial (rep=0, index=0): None
13.8844 	EXP 	window1: blendMode = 'avg'
13.8935 	EXP 	firstTrialITI: autoDraw = False
13.8935 	EXP 	polygon: autoDraw = True
13.8935 	EXP 	text: autoDraw = True
13.8943 	EXP 	window1: blendMode = 'avg'
13.9111 	EXP 	window1: blendMode = 'avg'
13.9278 	EXP 	window1: blendMode = 'avg'
13.9453 	EXP 	window1: blendMode = 'avg'
13.9621 	EXP 	window1: blendMode = 'avg'
13.9787 	EXP 	window1: blendMode = 'avg'
13.9954 	EXP 	window1: blendMode = 'avg'
14.0120 	EXP 	window1: blendMode = 'avg'
14.0287 	EXP 	window1: blendMode = 'avg'
14.0453 	EXP 	window1: blendMode = 'avg'
14.0620 	EXP 	window1: blendMode = 'avg'
14.0787 	EXP 	window1: blendMode = 'avg'
14.0954 	EXP 	window1: blendMode = 'avg'
14.1121 	EXP 	window1: blendMode = 'avg'
14.1287 	EXP 	window1: blendMode = 'avg'
14.1454 	EXP 	window1: blendMode = 'avg'
14.1621 	EXP 	window1: blendMode = 'avg'
14.1787 	EXP 	window1: blendMode = 'avg'
14.1954 	EXP 	window1: blendMode = 'avg'
14.2121 	EXP 	window1: blendMode = 'avg'
14.2287 	EXP 	window1: blendMode = 'avg'
14.2454 	EXP 	window1: blendMode = 'avg'
14.2621 	EXP 	window1: blendMode = 'avg'
14.2788 	EXP 	window1: blendMode = 'avg'
14.2954 	EXP 	window1: blendMode = 'avg'
14.3121 	EXP 	window1: blendMode = 'avg'
14.3288 	EXP 	window1: blendMode = 'avg'
14.3454 	EXP 	window1: blendMode = 'avg'
14.3621 	EXP 	window1: blendMode = 'avg'
14.3788 	EXP 	window1: blendMode = 'avg'
14.3955 	EXP 	window1: blendMode = 'avg'
14.4121 	EXP 	window1: blendMode = 'avg'
14.4288 	EXP 	window1: blendMode = 'avg'
14.4455 	EXP 	window1: blendMode = 'avg'
14.4622 	EXP 	window1: blendMode = 'avg'
14.4788 	EXP 	window1: blendMode = 'avg'
14.4955 	EXP 	window1: blendMode = 'avg'
14.5121 	EXP 	window1: blendMode = 'avg'
14.5288 	EXP 	window1: blendMode = 'avg'
14.5454 	EXP 	window1: blendMode = 'avg'
14.5622 	EXP 	window1: blendMode = 'avg'
14.5789 	EXP 	window1: blendMode = 'avg'
14.5955 	EXP 	window1: blendMode = 'avg'
14.6122 	EXP 	window1: blendMode = 'avg'
14.6289 	EXP 	window1: blendMode = 'avg'
14.6455 	EXP 	window1: blendMode = 'avg'
14.6622 	EXP 	window1: blendMode = 'avg'
14.6789 	EXP 	window1: blendMode = 'avg'
14.6956 	EXP 	window1: blendMode = 'avg'
14.7122 	EXP 	window1: blendMode = 'avg'
14.7288 	EXP 	window1: blendMode = 'avg'
14.7456 	EXP 	window1: blendMode = 'avg'
14.7623 	EXP 	window1: blendMode = 'avg'
14.7789 	EXP 	window1: blendMode = 'avg'
14.7956 	EXP 	window1: blendMode = 'avg'
14.8122 	EXP 	window1: blendMode = 'avg'
14.8289 	EXP 	window1: blendMode = 'avg'
14.8456 	EXP 	window1: blendMode = 'avg'
14.8623 	EXP 	window1: blendMode = 'avg'
14.8790 	EXP 	window1: blendMode = 'avg'
14.8956 	EXP 	window1: blendMode = 'avg'
14.9123 	EXP 	window1: blendMode = 'avg'
14.9290 	EXP 	window1: blendMode = 'avg'
14.9456 	EXP 	window1: blendMode = 'avg'
14.9623 	EXP 	window1: blendMode = 'avg'
14.9790 	EXP 	window1: blendMode = 'avg'
14.9956 	EXP 	window1: blendMode = 'avg'
15.0123 	EXP 	window1: blendMode = 'avg'
15.0290 	EXP 	window1: blendMode = 'avg'
15.0457 	EXP 	window1: blendMode = 'avg'
15.0623 	EXP 	window1: blendMode = 'avg'
15.0791 	EXP 	window1: blendMode = 'avg'
15.0957 	EXP 	window1: blendMode = 'avg'
15.1123 	EXP 	window1: blendMode = 'avg'
15.1290 	EXP 	window1: blendMode = 'avg'
15.1457 	EXP 	window1: blendMode = 'avg'
15.1624 	EXP 	window1: blendMode = 'avg'
15.1790 	EXP 	window1: blendMode = 'avg'
15.1957 	EXP 	window1: blendMode = 'avg'
15.2123 	EXP 	window1: blendMode = 'avg'
15.2290 	EXP 	window1: blendMode = 'avg'
15.2458 	EXP 	window1: blendMode = 'avg'
15.2624 	EXP 	window1: blendMode = 'avg'
15.2790 	EXP 	window1: blendMode = 'avg'
15.2957 	EXP 	window1: blendMode = 'avg'
15.3124 	EXP 	window1: blendMode = 'avg'
15.3291 	EXP 	window1: blendMode = 'avg'
15.3458 	EXP 	window1: blendMode = 'avg'
15.3624 	EXP 	window1: blendMode = 'avg'
15.3791 	EXP 	window1: blendMode = 'avg'
15.3958 	EXP 	window1: blendMode = 'avg'
15.4125 	EXP 	window1: blendMode = 'avg'
15.4291 	EXP 	window1: blendMode = 'avg'
15.4458 	EXP 	window1: blendMode = 'avg'
15.4624 	EXP 	window1: blendMode = 'avg'
15.4791 	EXP 	window1: blendMode = 'avg'
15.4958 	EXP 	window1: blendMode = 'avg'
15.5125 	EXP 	window1: blendMode = 'avg'
15.5291 	EXP 	window1: blendMode = 'avg'
15.5458 	EXP 	window1: blendMode = 'avg'
15.5625 	EXP 	window1: blendMode = 'avg'
15.5792 	EXP 	window1: blendMode = 'avg'
15.5958 	EXP 	window1: blendMode = 'avg'
15.6125 	EXP 	window1: blendMode = 'avg'
15.6292 	EXP 	window1: blendMode = 'avg'
15.6458 	EXP 	window1: blendMode = 'avg'
15.6625 	EXP 	window1: blendMode = 'avg'
15.6792 	EXP 	window1: blendMode = 'avg'
15.6958 	EXP 	window1: blendMode = 'avg'
15.7125 	EXP 	window1: blendMode = 'avg'
15.7292 	EXP 	window1: blendMode = 'avg'
15.7458 	EXP 	window1: blendMode = 'avg'
15.7625 	EXP 	window1: blendMode = 'avg'
15.7792 	EXP 	window1: blendMode = 'avg'
15.7959 	EXP 	window1: blendMode = 'avg'
15.8125 	EXP 	window1: blendMode = 'avg'
15.8293 	EXP 	window1: blendMode = 'avg'
15.8458 	EXP 	window1: blendMode = 'avg'
15.8626 	EXP 	window1: blendMode = 'avg'
15.8943 	EXP 	polygon: autoDraw = False
15.8943 	EXP 	text: autoDraw = False
15.8960 	EXP 	window1: blendMode = 'avg'
15.9110 	EXP 	ISI: autoDraw = True
15.9122 	EXP 	window1: blendMode = 'avg'
15.9288 	EXP 	window1: blendMode = 'avg'
15.9455 	EXP 	window1: blendMode = 'avg'
15.9622 	EXP 	window1: blendMode = 'avg'
15.9789 	EXP 	window1: blendMode = 'avg'
15.9955 	EXP 	window1: blendMode = 'avg'
16.0122 	EXP 	window1: blendMode = 'avg'
16.0289 	EXP 	window1: blendMode = 'avg'
16.0456 	EXP 	window1: blendMode = 'avg'
16.0623 	EXP 	window1: blendMode = 'avg'
16.0789 	EXP 	window1: blendMode = 'avg'
16.0956 	EXP 	window1: blendMode = 'avg'
16.1122 	EXP 	window1: blendMode = 'avg'
16.1290 	EXP 	window1: blendMode = 'avg'
16.1456 	EXP 	window1: blendMode = 'avg'
16.1623 	EXP 	window1: blendMode = 'avg'
16.1789 	EXP 	window1: blendMode = 'avg'
16.1956 	EXP 	window1: blendMode = 'avg'
16.2123 	EXP 	window1: blendMode = 'avg'
16.2289 	EXP 	window1: blendMode = 'avg'
16.2456 	EXP 	window1: blendMode = 'avg'
16.2623 	EXP 	window1: blendMode = 'avg'
16.2790 	EXP 	window1: blendMode = 'avg'
16.2956 	EXP 	window1: blendMode = 'avg'
16.3123 	EXP 	window1: blendMode = 'avg'
16.3290 	EXP 	window1: blendMode = 'avg'
16.3456 	EXP 	window1: blendMode = 'avg'
16.3624 	EXP 	window1: blendMode = 'avg'
16.3790 	EXP 	window1: blendMode = 'avg'
16.3957 	EXP 	window1: blendMode = 'avg'
16.4123 	EXP 	window1: blendMode = 'avg'
16.4290 	EXP 	window1: blendMode = 'avg'
16.4457 	EXP 	window1: blendMode = 'avg'
16.4624 	EXP 	window1: blendMode = 'avg'
16.4790 	EXP 	window1: blendMode = 'avg'
16.4957 	EXP 	window1: blendMode = 'avg'
16.5124 	EXP 	window1: blendMode = 'avg'
16.5290 	EXP 	window1: blendMode = 'avg'
16.5457 	EXP 	window1: blendMode = 'avg'
16.5624 	EXP 	window1: blendMode = 'avg'
16.5791 	EXP 	window1: blendMode = 'avg'
16.5957 	EXP 	window1: blendMode = 'avg'
16.6124 	EXP 	window1: blendMode = 'avg'
16.6291 	EXP 	window1: blendMode = 'avg'
16.6458 	EXP 	window1: blendMode = 'avg'
16.6624 	EXP 	window1: blendMode = 'avg'
16.6791 	EXP 	window1: blendMode = 'avg'
16.6958 	EXP 	window1: blendMode = 'avg'
16.7124 	EXP 	window1: blendMode = 'avg'
16.7291 	EXP 	window1: blendMode = 'avg'
16.7457 	EXP 	window1: blendMode = 'avg'
16.7624 	EXP 	window1: blendMode = 'avg'
16.7791 	EXP 	window1: blendMode = 'avg'
16.7958 	EXP 	window1: blendMode = 'avg'
16.8125 	EXP 	window1: blendMode = 'avg'
16.8292 	EXP 	window1: blendMode = 'avg'
16.8458 	EXP 	window1: blendMode = 'avg'
16.8624 	EXP 	window1: blendMode = 'avg'
16.8792 	EXP 	window1: blendMode = 'avg'
16.8958 	EXP 	window1: blendMode = 'avg'
16.9124 	EXP 	window1: blendMode = 'avg'
16.9292 	EXP 	window1: blendMode = 'avg'
16.9458 	EXP 	window1: blendMode = 'avg'
16.9624 	EXP 	window1: blendMode = 'avg'
16.9792 	EXP 	window1: blendMode = 'avg'
16.9959 	EXP 	window1: blendMode = 'avg'
17.0125 	EXP 	window1: blendMode = 'avg'
17.0292 	EXP 	window1: blendMode = 'avg'
17.0459 	EXP 	window1: blendMode = 'avg'
17.0625 	EXP 	window1: blendMode = 'avg'
17.0792 	EXP 	window1: blendMode = 'avg'
17.0959 	EXP 	window1: blendMode = 'avg'
17.1125 	EXP 	window1: blendMode = 'avg'
17.1292 	EXP 	window1: blendMode = 'avg'
17.1459 	EXP 	window1: blendMode = 'avg'
17.1625 	EXP 	window1: blendMode = 'avg'
17.1793 	EXP 	window1: blendMode = 'avg'
17.1959 	EXP 	window1: blendMode = 'avg'
17.2126 	EXP 	window1: blendMode = 'avg'
17.2293 	EXP 	window1: blendMode = 'avg'
17.2459 	EXP 	window1: blendMode = 'avg'
17.2626 	EXP 	window1: blendMode = 'avg'
17.2793 	EXP 	window1: blendMode = 'avg'
17.2959 	EXP 	window1: blendMode = 'avg'
17.3126 	EXP 	window1: blendMode = 'avg'
17.3293 	EXP 	window1: blendMode = 'avg'
17.3459 	EXP 	window1: blendMode = 'avg'
17.3626 	EXP 	window1: blendMode = 'avg'
17.3792 	EXP 	window1: blendMode = 'avg'
17.3960 	EXP 	window1: blendMode = 'avg'
17.4126 	EXP 	window1: blendMode = 'avg'
17.4293 	EXP 	window1: blendMode = 'avg'
17.4460 	EXP 	window1: blendMode = 'avg'
17.4627 	EXP 	window1: blendMode = 'avg'
17.4793 	EXP 	window1: blendMode = 'avg'
17.4960 	EXP 	window1: blendMode = 'avg'
17.5126 	EXP 	window1: blendMode = 'avg'
17.5294 	EXP 	window1: blendMode = 'avg'
17.5460 	EXP 	window1: blendMode = 'avg'
17.5626 	EXP 	window1: blendMode = 'avg'
17.5793 	EXP 	window1: blendMode = 'avg'
17.5961 	EXP 	window1: blendMode = 'avg'
17.6127 	EXP 	window1: blendMode = 'avg'
17.6293 	EXP 	window1: blendMode = 'avg'
17.6460 	EXP 	window1: blendMode = 'avg'
17.6627 	EXP 	window1: blendMode = 'avg'
17.6794 	EXP 	window1: blendMode = 'avg'
17.6960 	EXP 	window1: blendMode = 'avg'
17.7127 	EXP 	window1: blendMode = 'avg'
17.7294 	EXP 	window1: blendMode = 'avg'
17.7461 	EXP 	window1: blendMode = 'avg'
17.7627 	EXP 	window1: blendMode = 'avg'
17.7795 	EXP 	window1: blendMode = 'avg'
17.7961 	EXP 	window1: blendMode = 'avg'
17.8127 	EXP 	window1: blendMode = 'avg'
17.8295 	EXP 	window1: blendMode = 'avg'
17.8461 	EXP 	window1: blendMode = 'avg'
17.8628 	EXP 	window1: blendMode = 'avg'
17.9073 	EXP 	window1: blendMode = 'avg'
17.9283 	EXP 	ISI: autoDraw = False
17.9283 	EXP 	polygon: autoDraw = False
17.9283 	EXP 	text: autoDraw = False
17.9283 	EXP 	ISI: autoDraw = False
17.9283 	EXP 	polygon2_2: autoDraw = True
17.9283 	EXP 	feedback1_2: autoDraw = True
17.9300 	EXP 	window1: blendMode = 'avg'
17.9466 	EXP 	window1: blendMode = 'avg'
17.9633 	EXP 	window1: blendMode = 'avg'
17.9800 	EXP 	window1: blendMode = 'avg'
17.9966 	EXP 	window1: blendMode = 'avg'
18.0133 	EXP 	window1: blendMode = 'avg'
18.0300 	EXP 	window1: blendMode = 'avg'
18.0467 	EXP 	window1: blendMode = 'avg'
18.0633 	EXP 	window1: blendMode = 'avg'
18.0799 	EXP 	window1: blendMode = 'avg'
18.0966 	EXP 	window1: blendMode = 'avg'
18.1133 	EXP 	window1: blendMode = 'avg'
18.1300 	EXP 	window1: blendMode = 'avg'
18.1467 	EXP 	window1: blendMode = 'avg'
18.1634 	EXP 	window1: blendMode = 'avg'
18.1800 	EXP 	window1: blendMode = 'avg'
18.1967 	EXP 	window1: blendMode = 'avg'
18.2134 	EXP 	window1: blendMode = 'avg'
18.2301 	EXP 	window1: blendMode = 'avg'
18.2467 	EXP 	window1: blendMode = 'avg'
18.2634 	EXP 	window1: blendMode = 'avg'
18.2801 	EXP 	window1: blendMode = 'avg'
18.2967 	EXP 	window1: blendMode = 'avg'
18.3134 	EXP 	window1: blendMode = 'avg'
18.3300 	EXP 	window1: blendMode = 'avg'
18.3467 	EXP 	window1: blendMode = 'avg'
18.3634 	EXP 	window1: blendMode = 'avg'
18.3801 	EXP 	window1: blendMode = 'avg'
18.3967 	EXP 	window1: blendMode = 'avg'
18.4134 	EXP 	window1: blendMode = 'avg'
18.4301 	EXP 	window1: blendMode = 'avg'
18.4468 	EXP 	window1: blendMode = 'avg'
18.4634 	EXP 	window1: blendMode = 'avg'
18.4801 	EXP 	window1: blendMode = 'avg'
18.4968 	EXP 	window1: blendMode = 'avg'
18.5134 	EXP 	window1: blendMode = 'avg'
18.5301 	EXP 	window1: blendMode = 'avg'
18.5468 	EXP 	window1: blendMode = 'avg'
18.5635 	EXP 	window1: blendMode = 'avg'
18.5801 	EXP 	window1: blendMode = 'avg'
18.5967 	EXP 	window1: blendMode = 'avg'
18.6135 	EXP 	window1: blendMode = 'avg'
18.6301 	EXP 	window1: blendMode = 'avg'
18.6469 	EXP 	window1: blendMode = 'avg'
18.6635 	EXP 	window1: blendMode = 'avg'
18.6801 	EXP 	window1: blendMode = 'avg'
18.6969 	EXP 	window1: blendMode = 'avg'
18.7135 	EXP 	window1: blendMode = 'avg'
18.7302 	EXP 	window1: blendMode = 'avg'
18.7469 	EXP 	window1: blendMode = 'avg'
18.7635 	EXP 	window1: blendMode = 'avg'
18.7802 	EXP 	window1: blendMode = 'avg'
18.7969 	EXP 	window1: blendMode = 'avg'
18.8135 	EXP 	window1: blendMode = 'avg'
18.8302 	EXP 	window1: blendMode = 'avg'
18.8469 	EXP 	window1: blendMode = 'avg'
18.8636 	EXP 	window1: blendMode = 'avg'
18.8952 	EXP 	feedback1_2: autoDraw = False
18.8975 	EXP 	window1: blendMode = 'avg'
18.9119 	EXP 	arrow1_2: autoDraw = True
18.9136 	EXP 	window1: blendMode = 'avg'
18.9302 	EXP 	window1: blendMode = 'avg'
18.9468 	EXP 	window1: blendMode = 'avg'
18.9635 	EXP 	window1: blendMode = 'avg'
18.9802 	EXP 	window1: blendMode = 'avg'
18.9969 	EXP 	window1: blendMode = 'avg'
19.0136 	EXP 	window1: blendMode = 'avg'
19.0302 	EXP 	window1: blendMode = 'avg'
19.0469 	EXP 	window1: blendMode = 'avg'
19.0635 	EXP 	window1: blendMode = 'avg'
19.0802 	EXP 	window1: blendMode = 'avg'
19.0969 	EXP 	window1: blendMode = 'avg'
19.1135 	EXP 	window1: blendMode = 'avg'
19.1302 	EXP 	window1: blendMode = 'avg'
19.1469 	EXP 	window1: blendMode = 'avg'
19.1636 	EXP 	window1: blendMode = 'avg'
19.1802 	EXP 	window1: blendMode = 'avg'
19.1970 	EXP 	window1: blendMode = 'avg'
19.2136 	EXP 	window1: blendMode = 'avg'
19.2303 	EXP 	window1: blendMode = 'avg'
19.2469 	EXP 	window1: blendMode = 'avg'
19.2636 	EXP 	window1: blendMode = 'avg'
19.2802 	EXP 	window1: blendMode = 'avg'
19.2970 	EXP 	window1: blendMode = 'avg'
19.3136 	EXP 	window1: blendMode = 'avg'
19.3303 	EXP 	window1: blendMode = 'avg'
19.3470 	EXP 	window1: blendMode = 'avg'
19.3637 	EXP 	window1: blendMode = 'avg'
19.3803 	EXP 	window1: blendMode = 'avg'
19.3969 	EXP 	window1: blendMode = 'avg'
19.4137 	EXP 	window1: blendMode = 'avg'
19.4303 	EXP 	window1: blendMode = 'avg'
19.4470 	EXP 	window1: blendMode = 'avg'
19.4637 	EXP 	window1: blendMode = 'avg'
19.4803 	EXP 	window1: blendMode = 'avg'
19.4970 	EXP 	window1: blendMode = 'avg'
19.5137 	EXP 	window1: blendMode = 'avg'
19.5303 	EXP 	window1: blendMode = 'avg'
19.5470 	EXP 	window1: blendMode = 'avg'
19.5638 	EXP 	window1: blendMode = 'avg'
19.5804 	EXP 	window1: blendMode = 'avg'
19.5970 	EXP 	window1: blendMode = 'avg'
19.6137 	EXP 	window1: blendMode = 'avg'
19.6304 	EXP 	window1: blendMode = 'avg'
19.6470 	EXP 	window1: blendMode = 'avg'
19.6637 	EXP 	window1: blendMode = 'avg'
19.6804 	EXP 	window1: blendMode = 'avg'
19.6971 	EXP 	window1: blendMode = 'avg'
19.7138 	EXP 	window1: blendMode = 'avg'
19.7304 	EXP 	window1: blendMode = 'avg'
19.7471 	EXP 	window1: blendMode = 'avg'
19.7638 	EXP 	window1: blendMode = 'avg'
19.7805 	EXP 	window1: blendMode = 'avg'
19.7971 	EXP 	window1: blendMode = 'avg'
19.8138 	EXP 	window1: blendMode = 'avg'
19.8305 	EXP 	window1: blendMode = 'avg'
19.8471 	EXP 	window1: blendMode = 'avg'
19.8638 	EXP 	window1: blendMode = 'avg'
19.8955 	EXP 	polygon2_2: autoDraw = False
19.8955 	EXP 	arrow1_2: autoDraw = False
19.8977 	EXP 	window1: blendMode = 'avg'
19.9122 	EXP 	ITI_2: autoDraw = True
19.9134 	EXP 	window1: blendMode = 'avg'
19.9301 	EXP 	window1: blendMode = 'avg'
19.9468 	EXP 	window1: blendMode = 'avg'
19.9634 	EXP 	window1: blendMode = 'avg'
19.9801 	EXP 	window1: blendMode = 'avg'
19.9967 	EXP 	window1: blendMode = 'avg'
20.0134 	EXP 	window1: blendMode = 'avg'
20.0300 	EXP 	window1: blendMode = 'avg'
20.0467 	EXP 	window1: blendMode = 'avg'
20.0634 	EXP 	window1: blendMode = 'avg'
20.0801 	EXP 	window1: blendMode = 'avg'
20.0968 	EXP 	window1: blendMode = 'avg'
20.1134 	EXP 	window1: blendMode = 'avg'
20.1301 	EXP 	window1: blendMode = 'avg'
20.1468 	EXP 	window1: blendMode = 'avg'
20.1635 	EXP 	window1: blendMode = 'avg'
20.1801 	EXP 	window1: blendMode = 'avg'
20.1968 	EXP 	window1: blendMode = 'avg'
20.2135 	EXP 	window1: blendMode = 'avg'
20.2301 	EXP 	window1: blendMode = 'avg'
20.2468 	EXP 	window1: blendMode = 'avg'
20.2635 	EXP 	window1: blendMode = 'avg'
20.2801 	EXP 	window1: blendMode = 'avg'
20.2968 	EXP 	window1: blendMode = 'avg'
20.3135 	EXP 	window1: blendMode = 'avg'
20.3302 	EXP 	window1: blendMode = 'avg'
20.3468 	EXP 	window1: blendMode = 'avg'
20.3635 	EXP 	window1: blendMode = 'avg'
20.3802 	EXP 	window1: blendMode = 'avg'
20.3968 	EXP 	window1: blendMode = 'avg'
20.4135 	EXP 	window1: blendMode = 'avg'
20.4302 	EXP 	window1: blendMode = 'avg'
20.4469 	EXP 	window1: blendMode = 'avg'
20.4635 	EXP 	window1: blendMode = 'avg'
20.4802 	EXP 	window1: blendMode = 'avg'
20.4969 	EXP 	window1: blendMode = 'avg'
20.5135 	EXP 	window1: blendMode = 'avg'
20.5302 	EXP 	window1: blendMode = 'avg'
20.5469 	EXP 	window1: blendMode = 'avg'
20.5636 	EXP 	window1: blendMode = 'avg'
20.5802 	EXP 	window1: blendMode = 'avg'
20.5969 	EXP 	window1: blendMode = 'avg'
20.6136 	EXP 	window1: blendMode = 'avg'
20.6302 	EXP 	window1: blendMode = 'avg'
20.6469 	EXP 	window1: blendMode = 'avg'
20.6636 	EXP 	window1: blendMode = 'avg'
20.6803 	EXP 	window1: blendMode = 'avg'
20.6969 	EXP 	window1: blendMode = 'avg'
20.7136 	EXP 	window1: blendMode = 'avg'
20.7303 	EXP 	window1: blendMode = 'avg'
20.7470 	EXP 	window1: blendMode = 'avg'
20.7635 	EXP 	window1: blendMode = 'avg'
20.7803 	EXP 	window1: blendMode = 'avg'
20.7970 	EXP 	window1: blendMode = 'avg'
20.8136 	EXP 	window1: blendMode = 'avg'
20.8303 	EXP 	window1: blendMode = 'avg'
20.8471 	EXP 	window1: blendMode = 'avg'
20.8636 	EXP 	window1: blendMode = 'avg'
20.8803 	EXP 	window1: blendMode = 'avg'
20.8970 	EXP 	window1: blendMode = 'avg'
20.9136 	EXP 	window1: blendMode = 'avg'
20.9303 	EXP 	window1: blendMode = 'avg'
20.9470 	EXP 	window1: blendMode = 'avg'
20.9637 	EXP 	window1: blendMode = 'avg'
20.9803 	EXP 	window1: blendMode = 'avg'
20.9970 	EXP 	window1: blendMode = 'avg'
21.0137 	EXP 	window1: blendMode = 'avg'
21.0303 	EXP 	window1: blendMode = 'avg'
21.0470 	EXP 	window1: blendMode = 'avg'
21.0637 	EXP 	window1: blendMode = 'avg'
21.0804 	EXP 	window1: blendMode = 'avg'
21.0970 	EXP 	window1: blendMode = 'avg'
21.1137 	EXP 	window1: blendMode = 'avg'
21.1304 	EXP 	window1: blendMode = 'avg'
21.1471 	EXP 	window1: blendMode = 'avg'
21.1637 	EXP 	window1: blendMode = 'avg'
21.1804 	EXP 	window1: blendMode = 'avg'
21.1971 	EXP 	window1: blendMode = 'avg'
21.2137 	EXP 	window1: blendMode = 'avg'
21.2304 	EXP 	window1: blendMode = 'avg'
21.2471 	EXP 	window1: blendMode = 'avg'
21.2638 	EXP 	window1: blendMode = 'avg'
21.2805 	EXP 	window1: blendMode = 'avg'
21.2971 	EXP 	window1: blendMode = 'avg'
21.3138 	EXP 	window1: blendMode = 'avg'
21.3304 	EXP 	window1: blendMode = 'avg'
21.3471 	EXP 	window1: blendMode = 'avg'
21.3638 	EXP 	window1: blendMode = 'avg'
21.3804 	EXP 	window1: blendMode = 'avg'
21.3971 	EXP 	window1: blendMode = 'avg'
21.4138 	EXP 	window1: blendMode = 'avg'
21.4305 	EXP 	window1: blendMode = 'avg'
21.4471 	EXP 	window1: blendMode = 'avg'
21.4638 	EXP 	window1: blendMode = 'avg'
21.4805 	EXP 	window1: blendMode = 'avg'
21.4972 	EXP 	window1: blendMode = 'avg'
21.5138 	EXP 	window1: blendMode = 'avg'
21.5305 	EXP 	window1: blendMode = 'avg'
21.5472 	EXP 	window1: blendMode = 'avg'
21.5638 	EXP 	window1: blendMode = 'avg'
21.5805 	EXP 	window1: blendMode = 'avg'
21.5972 	EXP 	window1: blendMode = 'avg'
21.6138 	EXP 	window1: blendMode = 'avg'
21.6306 	EXP 	window1: blendMode = 'avg'
21.6472 	EXP 	window1: blendMode = 'avg'
21.6639 	EXP 	window1: blendMode = 'avg'
21.6806 	EXP 	window1: blendMode = 'avg'
21.6972 	EXP 	window1: blendMode = 'avg'
21.7139 	EXP 	window1: blendMode = 'avg'
21.7306 	EXP 	window1: blendMode = 'avg'
21.7472 	EXP 	window1: blendMode = 'avg'
21.7640 	EXP 	window1: blendMode = 'avg'
21.7806 	EXP 	window1: blendMode = 'avg'
21.7973 	EXP 	window1: blendMode = 'avg'
21.8139 	EXP 	window1: blendMode = 'avg'
21.8306 	EXP 	window1: blendMode = 'avg'
21.8473 	EXP 	window1: blendMode = 'avg'
21.8639 	EXP 	window1: blendMode = 'avg'
21.8809 	EXP 	Created sequence: sequential, trialTypes=1, nReps=0, seed=None
21.8819 	EXP 	New trial (rep=0, index=1): {'selectBlock': 2}
21.8829 	EXP 	Created sequence: sequential, trialTypes=1, nReps=0, seed=None
21.8835 	EXP 	Created sequence: sequential, trialTypes=1, nReps=1, seed=None
21.8843 	EXP 	New trial (rep=0, index=0): None
21.8864 	EXP 	window1: blendMode = 'avg'
21.8961 	EXP 	ITI_2: autoDraw = False
21.8961 	EXP 	polygon2_2: autoDraw = False
21.8961 	EXP 	feedback1_2: autoDraw = False
21.8961 	EXP 	arrow1_2: autoDraw = False
21.8961 	EXP 	ITI_2: autoDraw = False
21.8961 	EXP 	rectangle: autoDraw = True
21.8961 	EXP 	text1: autoDraw = True
21.8978 	EXP 	window1: blendMode = 'avg'
21.9144 	EXP 	window1: blendMode = 'avg'
21.9311 	EXP 	window1: blendMode = 'avg'
21.9477 	EXP 	window1: blendMode = 'avg'
21.9644 	EXP 	window1: blendMode = 'avg'
21.9810 	EXP 	window1: blendMode = 'avg'
21.9977 	EXP 	window1: blendMode = 'avg'
22.0144 	EXP 	window1: blendMode = 'avg'
22.0310 	EXP 	window1: blendMode = 'avg'
22.0477 	EXP 	window1: blendMode = 'avg'
22.0644 	EXP 	window1: blendMode = 'avg'
22.0810 	EXP 	window1: blendMode = 'avg'
22.0977 	EXP 	window1: blendMode = 'avg'
22.1144 	EXP 	window1: blendMode = 'avg'
22.1311 	EXP 	window1: blendMode = 'avg'
22.1478 	EXP 	window1: blendMode = 'avg'
22.1644 	EXP 	window1: blendMode = 'avg'
22.1810 	EXP 	window1: blendMode = 'avg'
22.1977 	EXP 	window1: blendMode = 'avg'
22.2144 	EXP 	window1: blendMode = 'avg'
22.2311 	EXP 	window1: blendMode = 'avg'
22.2478 	EXP 	window1: blendMode = 'avg'
22.2644 	EXP 	window1: blendMode = 'avg'
22.2811 	EXP 	window1: blendMode = 'avg'
22.2978 	EXP 	window1: blendMode = 'avg'
22.3145 	EXP 	window1: blendMode = 'avg'
22.3312 	EXP 	window1: blendMode = 'avg'
22.3478 	EXP 	window1: blendMode = 'avg'
22.3644 	EXP 	window1: blendMode = 'avg'
22.3811 	EXP 	window1: blendMode = 'avg'
22.3978 	EXP 	window1: blendMode = 'avg'
22.4145 	EXP 	window1: blendMode = 'avg'
22.4311 	EXP 	window1: blendMode = 'avg'
22.4479 	EXP 	window1: blendMode = 'avg'
22.4645 	EXP 	window1: blendMode = 'avg'
22.4812 	EXP 	window1: blendMode = 'avg'
22.4978 	EXP 	window1: blendMode = 'avg'
22.5145 	EXP 	window1: blendMode = 'avg'
22.5313 	EXP 	window1: blendMode = 'avg'
22.5479 	EXP 	window1: blendMode = 'avg'
22.5645 	EXP 	window1: blendMode = 'avg'
22.5811 	EXP 	window1: blendMode = 'avg'
22.5979 	EXP 	window1: blendMode = 'avg'
22.6146 	EXP 	window1: blendMode = 'avg'
22.6312 	EXP 	window1: blendMode = 'avg'
22.6479 	EXP 	window1: blendMode = 'avg'
22.6645 	EXP 	window1: blendMode = 'avg'
22.6812 	EXP 	window1: blendMode = 'avg'
22.6979 	EXP 	window1: blendMode = 'avg'
22.7146 	EXP 	window1: blendMode = 'avg'
22.7312 	EXP 	window1: blendMode = 'avg'
22.7479 	EXP 	window1: blendMode = 'avg'
22.7646 	EXP 	window1: blendMode = 'avg'
22.7813 	EXP 	window1: blendMode = 'avg'
22.7979 	EXP 	window1: blendMode = 'avg'
22.8146 	EXP 	window1: blendMode = 'avg'
22.8313 	EXP 	window1: blendMode = 'avg'
22.8480 	EXP 	window1: blendMode = 'avg'
22.8646 	EXP 	window1: blendMode = 'avg'
22.8813 	EXP 	window1: blendMode = 'avg'
22.8979 	EXP 	window1: blendMode = 'avg'
22.9146 	EXP 	window1: blendMode = 'avg'
22.9313 	EXP 	window1: blendMode = 'avg'
22.9480 	EXP 	window1: blendMode = 'avg'
22.9646 	EXP 	window1: blendMode = 'avg'
22.9813 	EXP 	window1: blendMode = 'avg'
22.9980 	EXP 	window1: blendMode = 'avg'
23.0147 	EXP 	window1: blendMode = 'avg'
23.0313 	EXP 	window1: blendMode = 'avg'
23.0480 	EXP 	window1: blendMode = 'avg'
23.0647 	EXP 	window1: blendMode = 'avg'
23.0813 	EXP 	window1: blendMode = 'avg'
23.0981 	EXP 	window1: blendMode = 'avg'
23.1147 	EXP 	window1: blendMode = 'avg'
23.1314 	EXP 	window1: blendMode = 'avg'
23.1480 	EXP 	window1: blendMode = 'avg'
23.1647 	EXP 	window1: blendMode = 'avg'
23.1814 	EXP 	window1: blendMode = 'avg'
23.1981 	EXP 	window1: blendMode = 'avg'
23.2147 	EXP 	window1: blendMode = 'avg'
23.2314 	EXP 	window1: blendMode = 'avg'
23.2481 	EXP 	window1: blendMode = 'avg'
23.2647 	EXP 	window1: blendMode = 'avg'
23.2814 	EXP 	window1: blendMode = 'avg'
23.2981 	EXP 	window1: blendMode = 'avg'
23.3147 	EXP 	window1: blendMode = 'avg'
23.3314 	EXP 	window1: blendMode = 'avg'
23.3481 	EXP 	window1: blendMode = 'avg'
23.3648 	EXP 	window1: blendMode = 'avg'
23.3814 	EXP 	window1: blendMode = 'avg'
23.3981 	EXP 	window1: blendMode = 'avg'
23.4148 	EXP 	window1: blendMode = 'avg'
23.4315 	EXP 	window1: blendMode = 'avg'
23.4481 	EXP 	window1: blendMode = 'avg'
23.4648 	EXP 	window1: blendMode = 'avg'
23.4815 	EXP 	window1: blendMode = 'avg'
23.4981 	EXP 	window1: blendMode = 'avg'
23.5148 	EXP 	window1: blendMode = 'avg'
23.5315 	EXP 	window1: blendMode = 'avg'
23.5482 	EXP 	window1: blendMode = 'avg'
23.5648 	EXP 	window1: blendMode = 'avg'
23.5815 	EXP 	window1: blendMode = 'avg'
23.5982 	EXP 	window1: blendMode = 'avg'
23.6148 	EXP 	window1: blendMode = 'avg'
23.6315 	EXP 	window1: blendMode = 'avg'
23.6481 	EXP 	window1: blendMode = 'avg'
23.6649 	EXP 	window1: blendMode = 'avg'
23.6815 	EXP 	window1: blendMode = 'avg'
23.6981 	EXP 	window1: blendMode = 'avg'
23.7149 	EXP 	window1: blendMode = 'avg'
23.7315 	EXP 	window1: blendMode = 'avg'
23.7483 	EXP 	window1: blendMode = 'avg'
23.7649 	EXP 	window1: blendMode = 'avg'
23.7816 	EXP 	window1: blendMode = 'avg'
23.7982 	EXP 	window1: blendMode = 'avg'
23.8149 	EXP 	window1: blendMode = 'avg'
23.8316 	EXP 	window1: blendMode = 'avg'
23.8483 	EXP 	window1: blendMode = 'avg'
23.8640 	DATA 	Keypress: escape
